#
# There is insufficient memory for the Java Runtime Environment to continue.
# Native memory allocation (malloc) failed to allocate 1896656 bytes for Chunk::new
# Possible reasons:
#   The system is out of physical RAM or swap space
#   The process is running with CompressedOops enabled, and the Java Heap may be blocking the growth of the native heap
# Possible solutions:
#   Reduce memory load on the system
#   Increase physical memory or swap space
#   Check if swap backing store is full
#   Decrease Java heap size (-Xmx/-Xms)
#   Decrease number of Java threads
#   Decrease Java thread stack sizes (-Xss)
#   Set larger code cache with -XX:ReservedCodeCacheSize=
#   JVM is running with Unscaled Compressed Oops mode in which the Java heap is
#     placed in the first 4GB address space. The Java Heap base address is the
#     maximum limit for the native heap growth. Please use -XX:HeapBaseMinAddress
#     to set the Java Heap base and to place the Java Heap above 4GB virtual address.
# This output file may be truncated or incomplete.
#
#  Out of Memory Error (./src/hotspot/share/memory/arena.cpp:197), pid=14200, tid=3504
#
# JRE version: OpenJDK Runtime Environment (11.0.10) (build 11.0.10+0-b96-7249189)
# Java VM: OpenJDK 64-Bit Server VM (11.0.10+0-b96-7249189, mixed mode, tiered, compressed oops, g1 gc, windows-amd64)
# No core dump will be written. Minidumps are not enabled by default on client versions of Windows
#

---------------  S U M M A R Y ------------

Command Line: --add-opens=java.base/java.util=ALL-UNNAMED --add-opens=java.base/java.lang=ALL-UNNAMED --add-opens=java.base/java.lang.invoke=ALL-UNNAMED --add-opens=java.base/java.util=ALL-UNNAMED --add-opens=java.prefs/java.util.prefs=ALL-UNNAMED --add-opens=java.prefs/java.util.prefs=ALL-UNNAMED --add-opens=java.base/java.nio.charset=ALL-UNNAMED --add-opens=java.base/java.net=ALL-UNNAMED --add-opens=java.base/java.util.concurrent.atomic=ALL-UNNAMED -Xmx2048m -Dfile.encoding=UTF-8 -Duser.country=CN -Duser.language=zh -Duser.variant org.gradle.launcher.daemon.bootstrap.GradleDaemon 7.0.2

Host: Intel(R) Core(TM) i7-8750H CPU @ 2.20GHz, 12 cores, 7G,  Windows 10 , 64 bit Build 22533 (10.0.22533.1001)
Time: Wed Jan 19 14:13:44 2022 中国标准时间 elapsed time: 1189.999035 seconds (0d 0h 19m 49s)

---------------  T H R E A D  ---------------

Current thread (0x0000020d8a430800):  JavaThread "C2 CompilerThread1" daemon [_thread_in_native, id=3504, stack(0x000000c3aaf00000,0x000000c3ab000000)]


Current CompileTask:
C2:1189999 21429  s    4       org.gradle.internal.component.external.model.AbstractLazyModuleComponentResolveMetadata::getVariantsForGraphTraversal (20 bytes)

Stack: [0x000000c3aaf00000,0x000000c3ab000000]
Native frames: (J=compiled Java code, j=interpreted, Vv=VM code, C=native code)
V  [jvm.dll+0x5ecfaa]
V  [jvm.dll+0x722bd5]
V  [jvm.dll+0x72412d]
V  [jvm.dll+0x7247e3]
V  [jvm.dll+0x242928]
V  [jvm.dll+0xbc4fc]
V  [jvm.dll+0xbca0c]
V  [jvm.dll+0x352d7d]
V  [jvm.dll+0x320ad3]
V  [jvm.dll+0x31ffca]
V  [jvm.dll+0x1fb602]
V  [jvm.dll+0x1fa7f4]
V  [jvm.dll+0x18354c]
V  [jvm.dll+0x208ee7]
V  [jvm.dll+0x207731]
V  [jvm.dll+0x6eb1cf]
V  [jvm.dll+0x6e3d45]
V  [jvm.dll+0x5ebe96]
C  [ucrtbase.dll+0x293cc]
C  [KERNEL32.DLL+0x11350]
C  [ntdll.dll+0x51e78]


---------------  P R O C E S S  ---------------

Threads class SMR info:
_java_thread_list=0x0000020d88110d90, length=49, elements={
0x0000020de63dc800, 0x0000020d82c9f000, 0x0000020d82ca3800, 0x0000020d83509000,
0x0000020d8350c000, 0x0000020d8350d000, 0x0000020d83510000, 0x0000020d83514800,
0x0000020d83517800, 0x0000020d83682800, 0x0000020d868dd000, 0x0000020d85d64800,
0x0000020d86cc0000, 0x0000020d84fa9000, 0x0000020d84fab800, 0x0000020d84fac800,
0x0000020d84fad000, 0x0000020d84fa7800, 0x0000020d86896000, 0x0000020d86897000,
0x0000020d86898000, 0x0000020d86898800, 0x0000020d8689c800, 0x0000020d88404800,
0x0000020d88404000, 0x0000020d88400800, 0x0000020d88407000, 0x0000020d88401800,
0x0000020d8840c000, 0x0000020d88408800, 0x0000020d8840b000, 0x0000020d8840d800,
0x0000020d8840a800, 0x0000020d8850f000, 0x0000020d8a439800, 0x0000020d8840e800,
0x0000020d8840f000, 0x0000020d84fa8800, 0x0000020d84faa000, 0x0000020d84fa6800,
0x0000020d84fab000, 0x0000020d8647f800, 0x0000020d8647c000, 0x0000020d8647d000,
0x0000020d8647b800, 0x0000020d86483000, 0x0000020d8689a800, 0x0000020d8a430800,
0x0000020d8a42b800
}

Java Threads: ( => current thread )
  0x0000020de63dc800 JavaThread "main" [_thread_blocked, id=9568, stack(0x000000c3a7e00000,0x000000c3a7f00000)]
  0x0000020d82c9f000 JavaThread "Reference Handler" daemon [_thread_blocked, id=15240, stack(0x000000c3a8500000,0x000000c3a8600000)]
  0x0000020d82ca3800 JavaThread "Finalizer" daemon [_thread_blocked, id=14952, stack(0x000000c3a8600000,0x000000c3a8700000)]
  0x0000020d83509000 JavaThread "Signal Dispatcher" daemon [_thread_blocked, id=1800, stack(0x000000c3a8700000,0x000000c3a8800000)]
  0x0000020d8350c000 JavaThread "Attach Listener" daemon [_thread_blocked, id=13728, stack(0x000000c3a8800000,0x000000c3a8900000)]
  0x0000020d8350d000 JavaThread "Service Thread" daemon [_thread_blocked, id=12000, stack(0x000000c3a8900000,0x000000c3a8a00000)]
  0x0000020d83510000 JavaThread "C2 CompilerThread0" daemon [_thread_blocked, id=12336, stack(0x000000c3a8a00000,0x000000c3a8b00000)]
  0x0000020d83514800 JavaThread "C1 CompilerThread0" daemon [_thread_blocked, id=9952, stack(0x000000c3a8b00000,0x000000c3a8c00000)]
  0x0000020d83517800 JavaThread "Sweeper thread" daemon [_thread_blocked, id=5972, stack(0x000000c3a8c00000,0x000000c3a8d00000)]
  0x0000020d83682800 JavaThread "Common-Cleaner" daemon [_thread_blocked, id=14624, stack(0x000000c3a8d00000,0x000000c3a8e00000)]
  0x0000020d868dd000 JavaThread "Daemon health stats" [_thread_blocked, id=7456, stack(0x000000c3a9300000,0x000000c3a9400000)]
  0x0000020d85d64800 JavaThread "Incoming local TCP Connector on port 1659" [_thread_in_native, id=7516, stack(0x000000c3a8f00000,0x000000c3a9000000)]
  0x0000020d86cc0000 JavaThread "Daemon periodic checks" [_thread_blocked, id=7420, stack(0x000000c3a9600000,0x000000c3a9700000)]
  0x0000020d84fa9000 JavaThread "Cache worker for file hash cache (C:\Users\涔\.gradle\caches\7.0.2\fileHashes)" [_thread_blocked, id=1264, stack(0x000000c3a9e00000,0x000000c3a9f00000)]
  0x0000020d84fab800 JavaThread "File lock request listener" [_thread_in_native, id=15200, stack(0x000000c3a9f00000,0x000000c3aa000000)]
  0x0000020d84fac800 JavaThread "Cache worker for journal cache (C:\Users\涔\.gradle\caches\journal-1)" [_thread_blocked, id=7600, stack(0x000000c3aa600000,0x000000c3aa700000)]
  0x0000020d84fad000 JavaThread "File watcher server" daemon [_thread_in_native, id=4524, stack(0x000000c3aa900000,0x000000c3aaa00000)]
  0x0000020d84fa7800 JavaThread "File watcher consumer" daemon [_thread_blocked, id=8460, stack(0x000000c3aaa00000,0x000000c3aab00000)]
  0x0000020d86896000 JavaThread "Cache worker for execution history cache (C:\Users\涔\.gradle\caches\7.0.2\executionHistory)" [_thread_blocked, id=4868, stack(0x000000c3aae00000,0x000000c3aaf00000)]
  0x0000020d86897000 JavaThread "jar transforms" [_thread_blocked, id=9960, stack(0x000000c3ab000000,0x000000c3ab100000)]
  0x0000020d86898000 JavaThread "jar transforms Thread 2" [_thread_blocked, id=4748, stack(0x000000c3ab100000,0x000000c3ab200000)]
  0x0000020d86898800 JavaThread "Cache worker for file content cache (C:\Users\涔\.gradle\caches\7.0.2\fileContent)" [_thread_blocked, id=4928, stack(0x000000c3ab200000,0x000000c3ab300000)]
  0x0000020d8689c800 JavaThread "jar transforms Thread 3" [_thread_blocked, id=2252, stack(0x000000c3ab400000,0x000000c3ab500000)]
  0x0000020d88404800 JavaThread "jar transforms Thread 4" [_thread_blocked, id=14488, stack(0x000000c3ac100000,0x000000c3ac200000)]
  0x0000020d88404000 JavaThread "jar transforms Thread 5" [_thread_blocked, id=5012, stack(0x000000c3ac200000,0x000000c3ac300000)]
  0x0000020d88400800 JavaThread "jar transforms Thread 6" [_thread_blocked, id=4516, stack(0x000000c3ac300000,0x000000c3ac400000)]
  0x0000020d88407000 JavaThread "jar transforms Thread 7" [_thread_blocked, id=1964, stack(0x000000c3ac400000,0x000000c3ac500000)]
  0x0000020d88401800 JavaThread "jar transforms Thread 8" [_thread_blocked, id=15084, stack(0x000000c3ac500000,0x000000c3ac600000)]
  0x0000020d8840c000 JavaThread "jar transforms Thread 9" [_thread_blocked, id=4976, stack(0x000000c3ac600000,0x000000c3ac700000)]
  0x0000020d88408800 JavaThread "jar transforms Thread 10" [_thread_blocked, id=14060, stack(0x000000c3ac700000,0x000000c3ac800000)]
  0x0000020d8840b000 JavaThread "jar transforms Thread 11" [_thread_blocked, id=14368, stack(0x000000c3ac800000,0x000000c3ac900000)]
  0x0000020d8840d800 JavaThread "jar transforms Thread 12" [_thread_blocked, id=2788, stack(0x000000c3ac900000,0x000000c3aca00000)]
  0x0000020d8840a800 JavaThread "Memory manager" [_thread_blocked, id=4988, stack(0x000000c3acb00000,0x000000c3acc00000)]
  0x0000020d8850f000 JavaThread "Cache worker for Java compile cache (C:\Users\涔\.gradle\caches\7.0.2\javaCompile)" [_thread_blocked, id=13540, stack(0x000000c3ad900000,0x000000c3ada00000)]
  0x0000020d8a439800 JavaThread "ForkJoinPool.commonPool-worker-21" daemon [_thread_blocked, id=4920, stack(0x000000c3af000000,0x000000c3af100000)]
  0x0000020d8840e800 JavaThread "ForkJoinPool.commonPool-worker-19" daemon [_thread_blocked, id=14188, stack(0x000000c3ae600000,0x000000c3ae700000)]
  0x0000020d8840f000 JavaThread "ForkJoinPool.commonPool-worker-23" daemon [_thread_blocked, id=14312, stack(0x000000c3ae700000,0x000000c3ae800000)]
  0x0000020d84fa8800 JavaThread "ForkJoinPool.commonPool-worker-5" daemon [_thread_blocked, id=11252, stack(0x000000c3ae900000,0x000000c3aea00000)]
  0x0000020d84faa000 JavaThread "ForkJoinPool.commonPool-worker-9" daemon [_thread_blocked, id=4804, stack(0x000000c3aea00000,0x000000c3aeb00000)]
  0x0000020d84fa6800 JavaThread "ForkJoinPool.commonPool-worker-27" daemon [_thread_blocked, id=4280, stack(0x000000c3aeb00000,0x000000c3aec00000)]
  0x0000020d84fab000 JavaThread "ForkJoinPool.commonPool-worker-13" daemon [_thread_blocked, id=6312, stack(0x000000c3aec00000,0x000000c3aed00000)]
  0x0000020d8647f800 JavaThread "ForkJoinPool.commonPool-worker-31" daemon [_thread_blocked, id=9932, stack(0x000000c3aed00000,0x000000c3aee00000)]
  0x0000020d8647c000 JavaThread "ForkJoinPool.commonPool-worker-3" daemon [_thread_blocked, id=13268, stack(0x000000c3aee00000,0x000000c3aef00000)]
  0x0000020d8647d000 JavaThread "ForkJoinPool.commonPool-worker-17" daemon [_thread_blocked, id=5316, stack(0x000000c3aef00000,0x000000c3af000000)]
  0x0000020d8647b800 JavaThread "Daemon Thread 6" [_thread_blocked, id=1632, stack(0x000000c3a7b00000,0x000000c3a7c00000)]
  0x0000020d86483000 JavaThread "Daemon worker Thread 6" [_thread_blocked, id=1308, stack(0x000000c3a9700000,0x000000c3a9800000)]
  0x0000020d8689a800 JavaThread "ForkJoinPool.commonPool-worker-25" daemon [_thread_blocked, id=2932, stack(0x000000c3af100000,0x000000c3af200000)]
=>0x0000020d8a430800 JavaThread "C2 CompilerThread1" daemon [_thread_in_native, id=3504, stack(0x000000c3aaf00000,0x000000c3ab000000)]
  0x0000020d8a42b800 JavaThread "C2 CompilerThread2" daemon [_thread_in_native, id=5740, stack(0x000000c3ab300000,0x000000c3ab400000)]

Other Threads:
  0x0000020d82c8a800 VMThread "VM Thread" [stack: 0x000000c3a8400000,0x000000c3a8500000] [id=12324]
  0x0000020d83695000 WatcherThread [stack: 0x000000c3a8e00000,0x000000c3a8f00000] [id=6244]
  0x0000020de63f8000 GCTaskThread "GC Thread#0" [stack: 0x000000c3a7f00000,0x000000c3a8000000] [id=15196]
  0x0000020d84413800 GCTaskThread "GC Thread#1" [stack: 0x000000c3a9100000,0x000000c3a9200000] [id=3492]
  0x0000020d84177800 GCTaskThread "GC Thread#2" [stack: 0x000000c3a9200000,0x000000c3a9300000] [id=9160]
  0x0000020d84d9c000 GCTaskThread "GC Thread#3" [stack: 0x000000c3a9000000,0x000000c3a9100000] [id=7748]
  0x0000020d85acb000 GCTaskThread "GC Thread#4" [stack: 0x000000c3a9400000,0x000000c3a9500000] [id=7776]
  0x0000020d84ff7000 GCTaskThread "GC Thread#5" [stack: 0x000000c3a9500000,0x000000c3a9600000] [id=7736]
  0x0000020d87093000 GCTaskThread "GC Thread#6" [stack: 0x000000c3aa000000,0x000000c3aa100000] [id=11992]
  0x0000020d8707d800 GCTaskThread "GC Thread#7" [stack: 0x000000c3aa100000,0x000000c3aa200000] [id=10124]
  0x0000020d83cfc800 GCTaskThread "GC Thread#8" [stack: 0x000000c3aa200000,0x000000c3aa300000] [id=4808]
  0x0000020d85d3d800 GCTaskThread "GC Thread#9" [stack: 0x000000c3aa300000,0x000000c3aa400000] [id=14656]
  0x0000020de6429000 ConcurrentGCThread "G1 Main Marker" [stack: 0x000000c3a8000000,0x000000c3a8100000] [id=13828]
  0x0000020de642a800 ConcurrentGCThread "G1 Conc#0" [stack: 0x000000c3a8100000,0x000000c3a8200000] [id=13220]
  0x0000020d8667a800 ConcurrentGCThread "G1 Conc#1" [stack: 0x000000c3aa400000,0x000000c3aa500000] [id=9576]
  0x0000020d84c28800 ConcurrentGCThread "G1 Conc#2" [stack: 0x000000c3aa500000,0x000000c3aa600000] [id=12460]
  0x0000020d82adc800 ConcurrentGCThread "G1 Refine#0" [stack: 0x000000c3a8200000,0x000000c3a8300000] [id=13932]
  0x0000020d82add000 ConcurrentGCThread "G1 Young RemSet Sampling" [stack: 0x000000c3a8300000,0x000000c3a8400000] [id=13196]

Threads with active compile tasks:
C2 CompilerThread11190164 21429  s    4       org.gradle.internal.component.external.model.AbstractLazyModuleComponentResolveMetadata::getVariantsForGraphTraversal (20 bytes)
C2 CompilerThread21190164 21524       4       org.gradle.api.internal.artifacts.ivyservice.resolveengine.artifact.DefaultArtifactSet::asTransformed (40 bytes)

VM state:not at safepoint (normal execution)

VM Mutex/Monitor currently owned by a thread: None

Heap address: 0x0000000080000000, size: 2048 MB, Compressed Oops mode: 32-bit
Narrow klass base: 0x0000000000000000, Narrow klass shift: 3
Compressed class space size: 1073741824 Address: 0x0000000100000000

Heap:
 garbage-first heap   total 157696K, used 97928K [0x0000000080000000, 0x0000000100000000)
  region size 1024K, 12 young (12288K), 1 survivors (1024K)
 Metaspace       used 113562K, capacity 117031K, committed 117068K, reserved 1150976K
  class space    used 14357K, capacity 15669K, committed 15692K, reserved 1048576K
Heap Regions: E=young(eden), S=young(survivor), O=old, HS=humongous(starts), HC=humongous(continues), CS=collection set, F=free, A=archive, TAMS=top-at-mark-start (previous, next)
|   0|0x0000000080000000, 0x0000000080100000, 0x0000000080100000|100%| O|  |TAMS 0x0000000080100000, 0x0000000080000000| Untracked 
|   1|0x0000000080100000, 0x0000000080200000, 0x0000000080200000|100%| O|  |TAMS 0x0000000080200000, 0x0000000080100000| Untracked 
|   2|0x0000000080200000, 0x0000000080300000, 0x0000000080300000|100%| O|  |TAMS 0x0000000080300000, 0x0000000080200000| Untracked 
|   3|0x0000000080300000, 0x0000000080400000, 0x0000000080400000|100%|HS|  |TAMS 0x0000000080400000, 0x0000000080300000| Complete 
|   4|0x0000000080400000, 0x0000000080500000, 0x0000000080500000|100%|HC|  |TAMS 0x0000000080500000, 0x0000000080400000| Complete 
|   5|0x0000000080500000, 0x0000000080600000, 0x0000000080600000|100%|HC|  |TAMS 0x0000000080600000, 0x0000000080500000| Complete 
|   6|0x0000000080600000, 0x0000000080700000, 0x0000000080700000|100%| O|  |TAMS 0x0000000080700000, 0x0000000080600000| Untracked 
|   7|0x0000000080700000, 0x0000000080800000, 0x0000000080800000|100%| O|  |TAMS 0x0000000080800000, 0x0000000080700000| Untracked 
|   8|0x0000000080800000, 0x0000000080900000, 0x0000000080900000|100%| O|  |TAMS 0x0000000080900000, 0x0000000080800000| Untracked 
|   9|0x0000000080900000, 0x0000000080a00000, 0x0000000080a00000|100%| O|  |TAMS 0x0000000080a00000, 0x0000000080900000| Untracked 
|  10|0x0000000080a00000, 0x0000000080b00000, 0x0000000080b00000|100%| O|  |TAMS 0x0000000080b00000, 0x0000000080a00000| Untracked 
|  11|0x0000000080b00000, 0x0000000080c00000, 0x0000000080c00000|100%| O|  |TAMS 0x0000000080c00000, 0x0000000080b00000| Untracked 
|  12|0x0000000080c00000, 0x0000000080d00000, 0x0000000080d00000|100%| O|  |TAMS 0x0000000080d00000, 0x0000000080c00000| Untracked 
|  13|0x0000000080d00000, 0x0000000080e00000, 0x0000000080e00000|100%| O|  |TAMS 0x0000000080e00000, 0x0000000080d00000| Untracked 
|  14|0x0000000080e00000, 0x0000000080f00000, 0x0000000080f00000|100%| O|  |TAMS 0x0000000080f00000, 0x0000000080e00000| Untracked 
|  15|0x0000000080f00000, 0x0000000081000000, 0x0000000081000000|100%| O|  |TAMS 0x0000000081000000, 0x0000000080f00000| Untracked 
|  16|0x0000000081000000, 0x0000000081100000, 0x0000000081100000|100%|HS|  |TAMS 0x0000000081100000, 0x0000000081000000| Complete 
|  17|0x0000000081100000, 0x0000000081200000, 0x0000000081200000|100%| O|  |TAMS 0x0000000081200000, 0x0000000081100000| Untracked 
|  18|0x0000000081200000, 0x0000000081300000, 0x0000000081300000|100%| O|  |TAMS 0x0000000081300000, 0x0000000081200000| Untracked 
|  19|0x0000000081300000, 0x0000000081400000, 0x0000000081400000|100%| O|  |TAMS 0x0000000081400000, 0x0000000081300000| Untracked 
|  20|0x0000000081400000, 0x0000000081500000, 0x0000000081500000|100%| O|  |TAMS 0x0000000081500000, 0x0000000081400000| Untracked 
|  21|0x0000000081500000, 0x0000000081600000, 0x0000000081600000|100%| O|  |TAMS 0x0000000081600000, 0x0000000081500000| Untracked 
|  22|0x0000000081600000, 0x0000000081700000, 0x0000000081700000|100%| O|  |TAMS 0x0000000081700000, 0x0000000081600000| Untracked 
|  23|0x0000000081700000, 0x0000000081800000, 0x0000000081800000|100%| O|  |TAMS 0x0000000081800000, 0x0000000081700000| Untracked 
|  24|0x0000000081800000, 0x0000000081900000, 0x0000000081900000|100%|HS|  |TAMS 0x0000000081900000, 0x0000000081800000| Complete 
|  25|0x0000000081900000, 0x0000000081a00000, 0x0000000081a00000|100%|HS|  |TAMS 0x0000000081a00000, 0x0000000081900000| Complete 
|  26|0x0000000081a00000, 0x0000000081b00000, 0x0000000081b00000|100%|HC|  |TAMS 0x0000000081b00000, 0x0000000081a00000| Complete 
|  27|0x0000000081b00000, 0x0000000081c00000, 0x0000000081c00000|100%| O|  |TAMS 0x0000000081c00000, 0x0000000081b00000| Untracked 
|  28|0x0000000081c00000, 0x0000000081d00000, 0x0000000081d00000|100%| O|  |TAMS 0x0000000081d00000, 0x0000000081c00000| Untracked 
|  29|0x0000000081d00000, 0x0000000081e00000, 0x0000000081e00000|100%| O|  |TAMS 0x0000000081e00000, 0x0000000081d00000| Untracked 
|  30|0x0000000081e00000, 0x0000000081f00000, 0x0000000081f00000|100%| O|  |TAMS 0x0000000081f00000, 0x0000000081e00000| Untracked 
|  31|0x0000000081f00000, 0x0000000082000000, 0x0000000082000000|100%| O|  |TAMS 0x0000000082000000, 0x0000000081f00000| Untracked 
|  32|0x0000000082000000, 0x0000000082100000, 0x0000000082100000|100%| O|  |TAMS 0x0000000082100000, 0x0000000082000000| Untracked 
|  33|0x0000000082100000, 0x0000000082200000, 0x0000000082200000|100%| O|  |TAMS 0x0000000082200000, 0x0000000082100000| Untracked 
|  34|0x0000000082200000, 0x0000000082300000, 0x0000000082300000|100%| O|  |TAMS 0x0000000082300000, 0x0000000082200000| Untracked 
|  35|0x0000000082300000, 0x0000000082400000, 0x0000000082400000|100%| O|  |TAMS 0x0000000082400000, 0x0000000082300000| Untracked 
|  36|0x0000000082400000, 0x0000000082500000, 0x0000000082500000|100%| O|  |TAMS 0x0000000082400000, 0x0000000082400000| Untracked 
|  37|0x0000000082500000, 0x0000000082600000, 0x0000000082600000|100%| O|  |TAMS 0x0000000082600000, 0x0000000082500000| Untracked 
|  38|0x0000000082600000, 0x0000000082700000, 0x0000000082700000|100%| O|  |TAMS 0x0000000082700000, 0x0000000082600000| Untracked 
|  39|0x0000000082700000, 0x0000000082800000, 0x0000000082800000|100%| O|  |TAMS 0x0000000082800000, 0x0000000082700000| Untracked 
|  40|0x0000000082800000, 0x0000000082900000, 0x0000000082900000|100%| O|  |TAMS 0x0000000082900000, 0x0000000082800000| Untracked 
|  41|0x0000000082900000, 0x0000000082a00000, 0x0000000082a00000|100%| O|  |TAMS 0x0000000082a00000, 0x0000000082900000| Untracked 
|  42|0x0000000082a00000, 0x0000000082b00000, 0x0000000082b00000|100%| O|  |TAMS 0x0000000082b00000, 0x0000000082a00000| Untracked 
|  43|0x0000000082b00000, 0x0000000082c00000, 0x0000000082c00000|100%| O|  |TAMS 0x0000000082c00000, 0x0000000082b00000| Untracked 
|  44|0x0000000082c00000, 0x0000000082d00000, 0x0000000082d00000|100%| O|  |TAMS 0x0000000082d00000, 0x0000000082c00000| Untracked 
|  45|0x0000000082d00000, 0x0000000082e00000, 0x0000000082e00000|100%| O|  |TAMS 0x0000000082e00000, 0x0000000082d00000| Untracked 
|  46|0x0000000082e00000, 0x0000000082f00000, 0x0000000082f00000|100%| O|  |TAMS 0x0000000082f00000, 0x0000000082e00000| Untracked 
|  47|0x0000000082f00000, 0x0000000083000000, 0x0000000083000000|100%| O|  |TAMS 0x0000000083000000, 0x0000000082f00000| Untracked 
|  48|0x0000000083000000, 0x0000000083100000, 0x0000000083100000|100%| O|  |TAMS 0x0000000083100000, 0x0000000083000000| Untracked 
|  49|0x0000000083100000, 0x0000000083200000, 0x0000000083200000|100%| O|  |TAMS 0x0000000083200000, 0x0000000083100000| Untracked 
|  50|0x0000000083200000, 0x0000000083300000, 0x0000000083300000|100%| O|  |TAMS 0x0000000083300000, 0x0000000083200000| Untracked 
|  51|0x0000000083300000, 0x0000000083400000, 0x0000000083400000|100%| O|  |TAMS 0x0000000083400000, 0x0000000083300000| Untracked 
|  52|0x0000000083400000, 0x0000000083500000, 0x0000000083500000|100%| O|  |TAMS 0x0000000083400000, 0x0000000083400000| Untracked 
|  53|0x0000000083500000, 0x0000000083600000, 0x0000000083600000|100%| O|  |TAMS 0x0000000083500000, 0x0000000083500000| Untracked 
|  54|0x0000000083600000, 0x0000000083700000, 0x0000000083700000|100%| O|  |TAMS 0x0000000083700000, 0x0000000083600000| Untracked 
|  55|0x0000000083700000, 0x0000000083800000, 0x0000000083800000|100%| O|  |TAMS 0x0000000083800000, 0x0000000083700000| Untracked 
|  56|0x0000000083800000, 0x0000000083800000, 0x0000000083900000|  0%| F|  |TAMS 0x0000000083800000, 0x0000000083800000| Untracked 
|  57|0x0000000083900000, 0x0000000083a00000, 0x0000000083a00000|100%| O|  |TAMS 0x0000000083900000, 0x0000000083900000| Untracked 
|  58|0x0000000083a00000, 0x0000000083b00000, 0x0000000083b00000|100%| O|  |TAMS 0x0000000083a00000, 0x0000000083a00000| Untracked 
|  59|0x0000000083b00000, 0x0000000083c00000, 0x0000000083c00000|100%| O|  |TAMS 0x0000000083c00000, 0x0000000083b00000| Untracked 
|  60|0x0000000083c00000, 0x0000000083d00000, 0x0000000083d00000|100%| O|  |TAMS 0x0000000083d00000, 0x0000000083c00000| Untracked 
|  61|0x0000000083d00000, 0x0000000083e00000, 0x0000000083e00000|100%| O|  |TAMS 0x0000000083e00000, 0x0000000083d00000| Untracked 
|  62|0x0000000083e00000, 0x0000000083f00000, 0x0000000083f00000|100%| O|  |TAMS 0x0000000083f00000, 0x0000000083e00000| Untracked 
|  63|0x0000000083f00000, 0x0000000084000000, 0x0000000084000000|100%| O|  |TAMS 0x0000000084000000, 0x0000000083f00000| Untracked 
|  64|0x0000000084000000, 0x0000000084100000, 0x0000000084100000|100%| O|  |TAMS 0x0000000084100000, 0x0000000084000000| Untracked 
|  65|0x0000000084100000, 0x0000000084200000, 0x0000000084200000|100%| O|  |TAMS 0x0000000084200000, 0x0000000084100000| Untracked 
|  66|0x0000000084200000, 0x0000000084300000, 0x0000000084300000|100%| O|  |TAMS 0x0000000084300000, 0x0000000084200000| Untracked 
|  67|0x0000000084300000, 0x0000000084400000, 0x0000000084400000|100%| O|  |TAMS 0x0000000084400000, 0x0000000084300000| Untracked 
|  68|0x0000000084400000, 0x0000000084500000, 0x0000000084500000|100%| O|  |TAMS 0x0000000084500000, 0x0000000084400000| Untracked 
|  69|0x0000000084500000, 0x0000000084600000, 0x0000000084600000|100%| O|  |TAMS 0x0000000084600000, 0x0000000084500000| Untracked 
|  70|0x0000000084600000, 0x0000000084700000, 0x0000000084700000|100%| O|  |TAMS 0x0000000084700000, 0x0000000084600000| Untracked 
|  71|0x0000000084700000, 0x0000000084800000, 0x0000000084800000|100%| O|  |TAMS 0x0000000084800000, 0x0000000084700000| Untracked 
|  72|0x0000000084800000, 0x0000000084900000, 0x0000000084900000|100%| O|  |TAMS 0x0000000084900000, 0x0000000084800000| Untracked 
|  73|0x0000000084900000, 0x0000000084a00000, 0x0000000084a00000|100%| O|  |TAMS 0x0000000084a00000, 0x0000000084900000| Untracked 
|  74|0x0000000084a00000, 0x0000000084b00000, 0x0000000084b00000|100%| O|  |TAMS 0x0000000084b00000, 0x0000000084a00000| Untracked 
|  75|0x0000000084b00000, 0x0000000084b00000, 0x0000000084c00000|  0%| F|  |TAMS 0x0000000084b00000, 0x0000000084b00000| Untracked 
|  76|0x0000000084c00000, 0x0000000084d00000, 0x0000000084d00000|100%| O|  |TAMS 0x0000000084d00000, 0x0000000084c00000| Untracked 
|  77|0x0000000084d00000, 0x0000000084e00000, 0x0000000084e00000|100%| O|  |TAMS 0x0000000084e00000, 0x0000000084d00000| Untracked 
|  78|0x0000000084e00000, 0x0000000084f00000, 0x0000000084f00000|100%| O|  |TAMS 0x0000000084f00000, 0x0000000084e00000| Untracked 
|  79|0x0000000084f00000, 0x0000000085000000, 0x0000000085000000|100%| O|  |TAMS 0x0000000085000000, 0x0000000084f00000| Untracked 
|  80|0x0000000085000000, 0x0000000085100000, 0x0000000085100000|100%| O|  |TAMS 0x0000000085100000, 0x0000000085000000| Untracked 
|  81|0x0000000085100000, 0x0000000085200000, 0x0000000085200000|100%| O|  |TAMS 0x0000000085200000, 0x0000000085100000| Untracked 
|  82|0x0000000085200000, 0x0000000085200000, 0x0000000085300000|  0%| F|  |TAMS 0x0000000085200000, 0x0000000085200000| Untracked 
|  83|0x0000000085300000, 0x0000000085300000, 0x0000000085400000|  0%| F|  |TAMS 0x0000000085300000, 0x0000000085300000| Untracked 
|  84|0x0000000085400000, 0x0000000085500000, 0x0000000085500000|100%| O|  |TAMS 0x0000000085500000, 0x0000000085400000| Untracked 
|  85|0x0000000085500000, 0x0000000085600000, 0x0000000085600000|100%| O|  |TAMS 0x0000000085600000, 0x0000000085500000| Untracked 
|  86|0x0000000085600000, 0x0000000085700000, 0x0000000085700000|100%| O|  |TAMS 0x0000000085700000, 0x0000000085600000| Untracked 
|  87|0x0000000085700000, 0x0000000085800000, 0x0000000085800000|100%| O|  |TAMS 0x0000000085700000, 0x0000000085700000| Untracked 
|  88|0x0000000085800000, 0x0000000085800000, 0x0000000085900000|  0%| F|  |TAMS 0x0000000085800000, 0x0000000085800000| Untracked 
|  89|0x0000000085900000, 0x0000000085900000, 0x0000000085a00000|  0%| F|  |TAMS 0x0000000085900000, 0x0000000085900000| Untracked 
|  90|0x0000000085a00000, 0x0000000085a00000, 0x0000000085b00000|  0%| F|  |TAMS 0x0000000085a00000, 0x0000000085a00000| Untracked 
|  91|0x0000000085b00000, 0x0000000085b00000, 0x0000000085c00000|  0%| F|  |TAMS 0x0000000085b00000, 0x0000000085b00000| Untracked 
|  92|0x0000000085c00000, 0x0000000085c00000, 0x0000000085d00000|  0%| F|  |TAMS 0x0000000085c00000, 0x0000000085c00000| Untracked 
|  93|0x0000000085d00000, 0x0000000085e00000, 0x0000000085e00000|100%| O|  |TAMS 0x0000000085d3e000, 0x0000000085d00000| Untracked 
|  94|0x0000000085e00000, 0x0000000085e0a000, 0x0000000085f00000|  3%| O|  |TAMS 0x0000000085e00000, 0x0000000085e00000| Untracked 
|  95|0x0000000085f00000, 0x0000000085f00000, 0x0000000086000000|  0%| F|  |TAMS 0x0000000085f00000, 0x0000000085f00000| Untracked 
|  96|0x0000000086000000, 0x0000000086000000, 0x0000000086100000|  0%| F|  |TAMS 0x0000000086000000, 0x0000000086000000| Untracked 
|  97|0x0000000086100000, 0x0000000086100000, 0x0000000086200000|  0%| F|  |TAMS 0x0000000086100000, 0x0000000086100000| Untracked 
|  98|0x0000000086200000, 0x0000000086200000, 0x0000000086300000|  0%| F|  |TAMS 0x0000000086200000, 0x0000000086200000| Untracked 
|  99|0x0000000086300000, 0x0000000086300000, 0x0000000086400000|  0%| F|  |TAMS 0x0000000086300000, 0x0000000086300000| Untracked 
| 100|0x0000000086400000, 0x0000000086400000, 0x0000000086500000|  0%| F|  |TAMS 0x0000000086400000, 0x0000000086400000| Untracked 
| 101|0x0000000086500000, 0x0000000086500000, 0x0000000086600000|  0%| F|  |TAMS 0x0000000086500000, 0x0000000086500000| Untracked 
| 102|0x0000000086600000, 0x0000000086600000, 0x0000000086700000|  0%| F|  |TAMS 0x0000000086600000, 0x0000000086600000| Untracked 
| 103|0x0000000086700000, 0x0000000086700000, 0x0000000086800000|  0%| F|  |TAMS 0x0000000086700000, 0x0000000086700000| Untracked 
| 104|0x0000000086800000, 0x0000000086800000, 0x0000000086900000|  0%| F|  |TAMS 0x0000000086800000, 0x0000000086800000| Untracked 
| 105|0x0000000086900000, 0x0000000086900000, 0x0000000086a00000|  0%| F|  |TAMS 0x0000000086900000, 0x0000000086900000| Untracked 
| 106|0x0000000086a00000, 0x0000000086a00000, 0x0000000086b00000|  0%| F|  |TAMS 0x0000000086a00000, 0x0000000086a00000| Untracked 
| 107|0x0000000086b00000, 0x0000000086b00000, 0x0000000086c00000|  0%| F|  |TAMS 0x0000000086b00000, 0x0000000086b00000| Untracked 
| 108|0x0000000086c00000, 0x0000000086c00000, 0x0000000086d00000|  0%| F|  |TAMS 0x0000000086c00000, 0x0000000086c00000| Untracked 
| 109|0x0000000086d00000, 0x0000000086d00000, 0x0000000086e00000|  0%| F|  |TAMS 0x0000000086d00000, 0x0000000086d00000| Untracked 
| 110|0x0000000086e00000, 0x0000000086e00000, 0x0000000086f00000|  0%| F|  |TAMS 0x0000000086e00000, 0x0000000086e00000| Untracked 
| 111|0x0000000086f00000, 0x0000000086f00000, 0x0000000087000000|  0%| F|  |TAMS 0x0000000086f00000, 0x0000000086f00000| Untracked 
| 112|0x0000000087000000, 0x0000000087000000, 0x0000000087100000|  0%| F|  |TAMS 0x0000000087000000, 0x0000000087000000| Untracked 
| 113|0x0000000087100000, 0x0000000087100000, 0x0000000087200000|  0%| F|  |TAMS 0x0000000087100000, 0x0000000087100000| Untracked 
| 114|0x0000000087200000, 0x0000000087200000, 0x0000000087300000|  0%| F|  |TAMS 0x0000000087200000, 0x0000000087200000| Untracked 
| 115|0x0000000087300000, 0x0000000087300000, 0x0000000087400000|  0%| F|  |TAMS 0x0000000087300000, 0x0000000087300000| Untracked 
| 116|0x0000000087400000, 0x0000000087400000, 0x0000000087500000|  0%| F|  |TAMS 0x0000000087400000, 0x0000000087400000| Untracked 
| 117|0x0000000087500000, 0x0000000087500000, 0x0000000087600000|  0%| F|  |TAMS 0x0000000087500000, 0x0000000087500000| Untracked 
| 118|0x0000000087600000, 0x0000000087600000, 0x0000000087700000|  0%| F|  |TAMS 0x0000000087600000, 0x0000000087600000| Untracked 
| 119|0x0000000087700000, 0x0000000087700000, 0x0000000087800000|  0%| F|  |TAMS 0x0000000087700000, 0x0000000087700000| Untracked 
| 120|0x0000000087800000, 0x0000000087800000, 0x0000000087900000|  0%| F|  |TAMS 0x0000000087800000, 0x0000000087800000| Untracked 
| 121|0x0000000087900000, 0x0000000087900000, 0x0000000087a00000|  0%| F|  |TAMS 0x0000000087900000, 0x0000000087900000| Untracked 
| 122|0x0000000087a00000, 0x0000000087a00000, 0x0000000087b00000|  0%| F|  |TAMS 0x0000000087a00000, 0x0000000087a00000| Untracked 
| 123|0x0000000087b00000, 0x0000000087b00000, 0x0000000087c00000|  0%| F|  |TAMS 0x0000000087b00000, 0x0000000087b00000| Untracked 
| 124|0x0000000087c00000, 0x0000000087c00000, 0x0000000087d00000|  0%| F|  |TAMS 0x0000000087c00000, 0x0000000087c00000| Untracked 
| 125|0x0000000087d00000, 0x0000000087d00000, 0x0000000087e00000|  0%| F|  |TAMS 0x0000000087d00000, 0x0000000087d00000| Untracked 
| 126|0x0000000087e00000, 0x0000000087e00000, 0x0000000087f00000|  0%| F|  |TAMS 0x0000000087e00000, 0x0000000087e00000| Untracked 
| 127|0x0000000087f00000, 0x0000000087f00000, 0x0000000088000000|  0%| F|  |TAMS 0x0000000087f00000, 0x0000000087f00000| Untracked 
| 128|0x0000000088000000, 0x0000000088000000, 0x0000000088100000|  0%| F|  |TAMS 0x0000000088000000, 0x0000000088000000| Untracked 
| 129|0x0000000088100000, 0x0000000088100000, 0x0000000088200000|  0%| F|  |TAMS 0x0000000088100000, 0x0000000088100000| Untracked 
| 130|0x0000000088200000, 0x0000000088200000, 0x0000000088300000|  0%| F|  |TAMS 0x0000000088200000, 0x0000000088200000| Untracked 
| 131|0x0000000088300000, 0x0000000088300000, 0x0000000088400000|  0%| F|  |TAMS 0x0000000088300000, 0x0000000088300000| Untracked 
| 132|0x0000000088400000, 0x0000000088400000, 0x0000000088500000|  0%| F|  |TAMS 0x0000000088400000, 0x0000000088400000| Untracked 
| 133|0x0000000088500000, 0x0000000088500000, 0x0000000088600000|  0%| F|  |TAMS 0x0000000088500000, 0x0000000088500000| Untracked 
| 134|0x0000000088600000, 0x0000000088600000, 0x0000000088700000|  0%| F|  |TAMS 0x0000000088600000, 0x0000000088600000| Untracked 
| 135|0x0000000088700000, 0x0000000088700000, 0x0000000088800000|  0%| F|  |TAMS 0x0000000088700000, 0x0000000088700000| Untracked 
| 136|0x0000000088800000, 0x0000000088800000, 0x0000000088900000|  0%| F|  |TAMS 0x0000000088800000, 0x0000000088800000| Untracked 
| 137|0x0000000088900000, 0x0000000088900000, 0x0000000088a00000|  0%| F|  |TAMS 0x0000000088900000, 0x0000000088900000| Untracked 
| 138|0x0000000088a00000, 0x0000000088a00000, 0x0000000088b00000|  0%| F|  |TAMS 0x0000000088a00000, 0x0000000088a00000| Untracked 
| 139|0x0000000088b00000, 0x0000000088b00000, 0x0000000088c00000|  0%| F|  |TAMS 0x0000000088b00000, 0x0000000088b00000| Untracked 
| 140|0x0000000088c00000, 0x0000000088c00000, 0x0000000088d00000|  0%| F|  |TAMS 0x0000000088c00000, 0x0000000088c00000| Untracked 
| 141|0x0000000088d00000, 0x0000000088d00000, 0x0000000088e00000|  0%| F|  |TAMS 0x0000000088d00000, 0x0000000088d00000| Untracked 
| 142|0x0000000088e00000, 0x0000000088e02720, 0x0000000088f00000|  0%| E|  |TAMS 0x0000000088e00000, 0x0000000088e00000| Complete 
| 143|0x0000000088f00000, 0x0000000089000000, 0x0000000089000000|100%| E|CS|TAMS 0x0000000088f00000, 0x0000000088f00000| Complete 
| 144|0x0000000089000000, 0x0000000089100000, 0x0000000089100000|100%| E|CS|TAMS 0x0000000089000000, 0x0000000089000000| Complete 
| 145|0x0000000089100000, 0x0000000089200000, 0x0000000089200000|100%| E|CS|TAMS 0x0000000089100000, 0x0000000089100000| Complete 
| 146|0x0000000089200000, 0x0000000089300000, 0x0000000089300000|100%| E|CS|TAMS 0x0000000089200000, 0x0000000089200000| Complete 
| 147|0x0000000089300000, 0x0000000089400000, 0x0000000089400000|100%| E|CS|TAMS 0x0000000089300000, 0x0000000089300000| Complete 
| 148|0x0000000089400000, 0x0000000089500000, 0x0000000089500000|100%| E|CS|TAMS 0x0000000089400000, 0x0000000089400000| Complete 
| 149|0x0000000089500000, 0x0000000089600000, 0x0000000089600000|100%| E|CS|TAMS 0x0000000089500000, 0x0000000089500000| Complete 
| 150|0x0000000089600000, 0x0000000089700000, 0x0000000089700000|100%| E|CS|TAMS 0x0000000089600000, 0x0000000089600000| Complete 
| 151|0x0000000089700000, 0x00000000897982b0, 0x0000000089800000| 59%| S|CS|TAMS 0x0000000089700000, 0x0000000089700000| Complete 
| 152|0x0000000089800000, 0x0000000089900000, 0x0000000089900000|100%| E|CS|TAMS 0x0000000089800000, 0x0000000089800000| Complete 
| 153|0x0000000089900000, 0x0000000089a00000, 0x0000000089a00000|100%| E|CS|TAMS 0x0000000089900000, 0x0000000089900000| Complete 

Card table byte_map: [0x0000020dfb730000,0x0000020dfbb30000] _byte_map_base: 0x0000020dfb330000

Marking Bits (Prev, Next): (CMBitMap*) 0x0000020de6420128, (CMBitMap*) 0x0000020de6420160
 Prev Bits: [0x0000020dfbf30000, 0x0000020dfdf30000)
 Next Bits: [0x0000020dfdf30000, 0x0000020dfff30000)

Polling page: 0x0000020de64b0000

Metaspace:

Usage:
  Non-class:     98.99 MB capacity,    96.88 MB ( 98%) used,     1.69 MB (  2%) free+waste,   422.50 KB ( <1%) overhead. 
      Class:     15.30 MB capacity,    14.02 MB ( 92%) used,     1.10 MB (  7%) free+waste,   187.06 KB (  1%) overhead. 
       Both:    114.29 MB capacity,   110.90 MB ( 97%) used,     2.79 MB (  2%) free+waste,   609.56 KB ( <1%) overhead. 

Virtual space:
  Non-class space:      100.00 MB reserved,      99.00 MB ( 99%) committed 
      Class space:        1.00 GB reserved,      15.32 MB (  1%) committed 
             Both:        1.10 GB reserved,     114.32 MB ( 10%) committed 

Chunk freelists:
   Non-Class:  14.00 KB
       Class:  0 bytes
        Both:  14.00 KB

MaxMetaspaceSize: 17179869184.00 GB
CompressedClassSpaceSize: 1.00 GB

CodeHeap 'non-profiled nmethods': size=120000Kb used=14569Kb max_used=14569Kb free=105430Kb
 bounds [0x0000020df3160000, 0x0000020df3fa0000, 0x0000020dfa690000]
CodeHeap 'profiled nmethods': size=120000Kb used=47738Kb max_used=47738Kb free=72262Kb
 bounds [0x0000020debc30000, 0x0000020deeae0000, 0x0000020df3160000]
CodeHeap 'non-nmethods': size=5760Kb used=2341Kb max_used=2406Kb free=3419Kb
 bounds [0x0000020deb690000, 0x0000020deb900000, 0x0000020debc30000]
 total_blobs=21483 nmethods=20532 adapters=859
 compilation: enabled
              stopped_count=0, restarted_count=0
 full_count=0

Compilation events (20 events):
Event: 1189.735 Thread 0x0000020d83514800 nmethod 21586 0x0000020deead4090 code [0x0000020deead4240, 0x0000020deead4338]
Event: 1189.736 Thread 0x0000020d83514800 21587       3       com.google.common.collect.Maps$FilteredEntryMap$EntrySet::iterator (21 bytes)
Event: 1189.737 Thread 0x0000020d83514800 nmethod 21587 0x0000020deead4410 code [0x0000020deead4620, 0x0000020deead4c98]
Event: 1189.737 Thread 0x0000020d83514800 21588       3       java.util.concurrent.SynchronousQueue$TransferStack::clean (115 bytes)
Event: 1189.741 Thread 0x0000020d83514800 nmethod 21588 0x0000020deead4f10 code [0x0000020deead5320, 0x0000020deead7028]
Event: 1189.741 Thread 0x0000020d83514800 21589       1       java.util.Collections$EmptyEnumeration::hasMoreElements (2 bytes)
Event: 1189.741 Thread 0x0000020d83514800 nmethod 21589 0x0000020df3f88c90 code [0x0000020df3f88e40, 0x0000020df3f88ef8]
Event: 1189.741 Thread 0x0000020d83514800 21590   !   3       jdk.internal.loader.URLClassPath::checkURL (16 bytes)
Event: 1189.741 Thread 0x0000020d83514800 nmethod 21590 0x0000020deead7990 code [0x0000020deead7b40, 0x0000020deead7ce8]
Event: 1189.742 Thread 0x0000020d83514800 21591       3       org.gradle.api.internal.artifacts.DependencyManagementBuildScopeServices$1$$Lambda$1335/0x0000000100c57040::test (8 bytes)
Event: 1189.742 Thread 0x0000020d83514800 nmethod 21591 0x0000020deead7d90 code [0x0000020deead7f60, 0x0000020deead8268]
Event: 1189.742 Thread 0x0000020d83514800 21592       3       org.gradle.internal.resolve.caching.ComponentMetadataRuleExecutor::isMetadataRuleExecutorCache (12 bytes)
Event: 1189.742 Thread 0x0000020d83514800 nmethod 21592 0x0000020deead8390 code [0x0000020deead8560, 0x0000020deead86e8]
Event: 1189.872 Thread 0x0000020d83510000 nmethod 21531 0x0000020df3f88f90 code [0x0000020df3f89560, 0x0000020df3f909c0]
Event: 1189.872 Thread 0x0000020d83510000 21563       4       org.gradle.api.internal.artifacts.dsl.ParsedModuleStringNotation::assignValuesFromModuleNotation (115 bytes)
Event: 1189.886 Thread 0x0000020d83510000 nmethod 21563 0x0000020df3f93d90 code [0x0000020df3f93f60, 0x0000020df3f94e98]
Event: 1189.886 Thread 0x0000020d83510000 21585       4       com.google.common.collect.CompactHashMap$EntrySetView::iterator (8 bytes)
Event: 1189.887 Thread 0x0000020d83510000 nmethod 21585 0x0000020df3f95190 code [0x0000020df3f95340, 0x0000020df3f95498]
Event: 1189.887 Thread 0x0000020d83510000 21568       4       org.gradle.api.internal.artifacts.transform.AttributeMatchingVariantSelector::doSelect (469 bytes)
Event: 1189.948 Thread 0x0000020d83510000 nmethod 21568 0x0000020df3f95610 code [0x0000020df3f959e0, 0x0000020df3f98940]

GC Heap History (20 events):
Event: 1083.630 GC heap before
{Heap before GC invocations=81 (full 0):
 garbage-first heap   total 157696K, used 127226K [0x0000000080000000, 0x0000000100000000)
  region size 1024K, 38 young (38912K), 2 survivors (2048K)
 Metaspace       used 113069K, capacity 116503K, committed 116556K, reserved 1150976K
  class space    used 14357K, capacity 15669K, committed 15692K, reserved 1048576K
}
Event: 1083.633 GC heap after
{Heap after GC invocations=82 (full 0):
 garbage-first heap   total 157696K, used 90503K [0x0000000080000000, 0x0000000100000000)
  region size 1024K, 3 young (3072K), 3 survivors (3072K)
 Metaspace       used 113069K, capacity 116503K, committed 116556K, reserved 1150976K
  class space    used 14357K, capacity 15669K, committed 15692K, reserved 1048576K
}
Event: 1083.652 GC heap before
{Heap before GC invocations=82 (full 0):
 garbage-first heap   total 157696K, used 94599K [0x0000000080000000, 0x0000000100000000)
  region size 1024K, 7 young (7168K), 3 survivors (3072K)
 Metaspace       used 113069K, capacity 116503K, committed 116556K, reserved 1150976K
  class space    used 14357K, capacity 15669K, committed 15692K, reserved 1048576K
}
Event: 1083.656 GC heap after
{Heap after GC invocations=83 (full 0):
 garbage-first heap   total 157696K, used 83634K [0x0000000080000000, 0x0000000100000000)
  region size 1024K, 1 young (1024K), 1 survivors (1024K)
 Metaspace       used 113069K, capacity 116503K, committed 116556K, reserved 1150976K
  class space    used 14357K, capacity 15669K, committed 15692K, reserved 1048576K
}
Event: 1083.862 GC heap before
{Heap before GC invocations=83 (full 0):
 garbage-first heap   total 157696K, used 102066K [0x0000000080000000, 0x0000000100000000)
  region size 1024K, 21 young (21504K), 1 survivors (1024K)
 Metaspace       used 113173K, capacity 116632K, committed 116812K, reserved 1150976K
  class space    used 14357K, capacity 15669K, committed 15692K, reserved 1048576K
}
Event: 1083.864 GC heap after
{Heap after GC invocations=84 (full 0):
 garbage-first heap   total 157696K, used 83748K [0x0000000080000000, 0x0000000100000000)
  region size 1024K, 1 young (1024K), 1 survivors (1024K)
 Metaspace       used 113173K, capacity 116632K, committed 116812K, reserved 1150976K
  class space    used 14357K, capacity 15669K, committed 15692K, reserved 1048576K
}
Event: 1146.021 GC heap before
{Heap before GC invocations=85 (full 0):
 garbage-first heap   total 157696K, used 131876K [0x0000000080000000, 0x0000000100000000)
  region size 1024K, 44 young (45056K), 1 survivors (1024K)
 Metaspace       used 113297K, capacity 116765K, committed 116812K, reserved 1150976K
  class space    used 14357K, capacity 15669K, committed 15692K, reserved 1048576K
}
Event: 1146.026 GC heap after
{Heap after GC invocations=86 (full 0):
 garbage-first heap   total 157696K, used 88997K [0x0000000080000000, 0x0000000100000000)
  region size 1024K, 6 young (6144K), 6 survivors (6144K)
 Metaspace       used 113297K, capacity 116765K, committed 116812K, reserved 1150976K
  class space    used 14357K, capacity 15669K, committed 15692K, reserved 1048576K
}
Event: 1146.032 GC heap before
{Heap before GC invocations=86 (full 0):
 garbage-first heap   total 157696K, used 88997K [0x0000000080000000, 0x0000000100000000)
  region size 1024K, 7 young (7168K), 6 survivors (6144K)
 Metaspace       used 113306K, capacity 116765K, committed 116812K, reserved 1150976K
  class space    used 14357K, capacity 15669K, committed 15692K, reserved 1048576K
}
Event: 1146.040 GC heap after
{Heap after GC invocations=87 (full 0):
 garbage-first heap   total 157696K, used 89412K [0x0000000080000000, 0x0000000100000000)
  region size 1024K, 1 young (1024K), 1 survivors (1024K)
 Metaspace       used 113306K, capacity 116765K, committed 116812K, reserved 1150976K
  class space    used 14357K, capacity 15669K, committed 15692K, reserved 1048576K
}
Event: 1146.309 GC heap before
{Heap before GC invocations=88 (full 0):
 garbage-first heap   total 157696K, used 120132K [0x0000000080000000, 0x0000000100000000)
  region size 1024K, 30 young (30720K), 1 survivors (1024K)
 Metaspace       used 113393K, capacity 116832K, committed 117068K, reserved 1150976K
  class space    used 14357K, capacity 15669K, committed 15692K, reserved 1048576K
}
Event: 1146.312 GC heap after
{Heap after GC invocations=89 (full 0):
 garbage-first heap   total 157696K, used 95046K [0x0000000080000000, 0x0000000100000000)
  region size 1024K, 4 young (4096K), 4 survivors (4096K)
 Metaspace       used 113393K, capacity 116832K, committed 117068K, reserved 1150976K
  class space    used 14357K, capacity 15669K, committed 15692K, reserved 1048576K
}
Event: 1146.338 GC heap before
{Heap before GC invocations=89 (full 0):
 garbage-first heap   total 157696K, used 98118K [0x0000000080000000, 0x0000000100000000)
  region size 1024K, 7 young (7168K), 4 survivors (4096K)
 Metaspace       used 113406K, capacity 116832K, committed 117068K, reserved 1150976K
  class space    used 14357K, capacity 15669K, committed 15692K, reserved 1048576K
}
Event: 1146.342 GC heap after
{Heap after GC invocations=90 (full 0):
 garbage-first heap   total 157696K, used 89825K [0x0000000080000000, 0x0000000100000000)
  region size 1024K, 1 young (1024K), 1 survivors (1024K)
 Metaspace       used 113406K, capacity 116832K, committed 117068K, reserved 1150976K
  class space    used 14357K, capacity 15669K, committed 15692K, reserved 1048576K
}
Event: 1146.554 GC heap before
{Heap before GC invocations=90 (full 0):
 garbage-first heap   total 157696K, used 117473K [0x0000000080000000, 0x0000000100000000)
  region size 1024K, 29 young (29696K), 1 survivors (1024K)
 Metaspace       used 113457K, capacity 116897K, committed 117068K, reserved 1150976K
  class space    used 14357K, capacity 15669K, committed 15692K, reserved 1048576K
}
Event: 1146.556 GC heap after
{Heap after GC invocations=91 (full 0):
 garbage-first heap   total 157696K, used 89877K [0x0000000080000000, 0x0000000100000000)
  region size 1024K, 1 young (1024K), 1 survivors (1024K)
 Metaspace       used 113457K, capacity 116897K, committed 117068K, reserved 1150976K
  class space    used 14357K, capacity 15669K, committed 15692K, reserved 1048576K
}
Event: 1189.646 GC heap before
{Heap before GC invocations=92 (full 0):
 garbage-first heap   total 157696K, used 127765K [0x0000000080000000, 0x0000000100000000)
  region size 1024K, 34 young (34816K), 1 survivors (1024K)
 Metaspace       used 113528K, capacity 117027K, committed 117068K, reserved 1150976K
  class space    used 14357K, capacity 15669K, committed 15692K, reserved 1048576K
}
Event: 1189.650 GC heap after
{Heap after GC invocations=93 (full 0):
 garbage-first heap   total 157696K, used 93554K [0x0000000080000000, 0x0000000100000000)
  region size 1024K, 5 young (5120K), 5 survivors (5120K)
 Metaspace       used 113528K, capacity 117027K, committed 117068K, reserved 1150976K
  class space    used 14357K, capacity 15669K, committed 15692K, reserved 1048576K
}
Event: 1189.669 GC heap before
{Heap before GC invocations=93 (full 0):
 garbage-first heap   total 157696K, used 95602K [0x0000000080000000, 0x0000000100000000)
  region size 1024K, 7 young (7168K), 5 survivors (5120K)
 Metaspace       used 113538K, capacity 117030K, committed 117068K, reserved 1150976K
  class space    used 14357K, capacity 15669K, committed 15692K, reserved 1048576K
}
Event: 1189.676 GC heap after
{Heap after GC invocations=94 (full 0):
 garbage-first heap   total 157696K, used 87688K [0x0000000080000000, 0x0000000100000000)
  region size 1024K, 1 young (1024K), 1 survivors (1024K)
 Metaspace       used 113538K, capacity 117030K, committed 117068K, reserved 1150976K
  class space    used 14357K, capacity 15669K, committed 15692K, reserved 1048576K
}

Deoptimization events (20 events):
Event: 1146.307 Thread 0x0000020d8a42b800 Uncommon trap: trap_request=0xffffffbe fr.pc=0x0000020df3eaed48 relative=0x0000000000003e08
Event: 1146.307 Thread 0x0000020d8a42b800 Uncommon trap: reason=profile_predicate action=maybe_recompile pc=0x0000020df3eaed48 method=com.android.tools.r8.internal.QG.j0()Z @ 16 c2
Event: 1146.307 Thread 0x0000020d8a42b800 DEOPT PACKING pc=0x0000020df3eaed48 sp=0x000000c3adbfc730
Event: 1146.307 Thread 0x0000020d8a42b800 DEOPT UNPACKING pc=0x0000020deb6b78af sp=0x000000c3adbfc710 mode 2
Event: 1146.307 Thread 0x0000020d8a42b800 Uncommon trap: trap_request=0xffffffbe fr.pc=0x0000020df3eaed48 relative=0x0000000000003e08
Event: 1146.307 Thread 0x0000020d8a42b800 Uncommon trap: reason=profile_predicate action=maybe_recompile pc=0x0000020df3eaed48 method=com.android.tools.r8.internal.QG.j0()Z @ 16 c2
Event: 1146.307 Thread 0x0000020d8a42b800 DEOPT PACKING pc=0x0000020df3eaed48 sp=0x000000c3adbfc730
Event: 1146.307 Thread 0x0000020d8a42b800 DEOPT UNPACKING pc=0x0000020deb6b78af sp=0x000000c3adbfc710 mode 2
Event: 1146.307 Thread 0x0000020d8a42b800 Uncommon trap: trap_request=0xffffffbe fr.pc=0x0000020df3eaed48 relative=0x0000000000003e08
Event: 1146.307 Thread 0x0000020d8a42b800 Uncommon trap: reason=profile_predicate action=maybe_recompile pc=0x0000020df3eaed48 method=com.android.tools.r8.internal.QG.j0()Z @ 16 c2
Event: 1146.307 Thread 0x0000020d8a42b800 DEOPT PACKING pc=0x0000020df3eaed48 sp=0x000000c3adbfc730
Event: 1146.307 Thread 0x0000020d8a42b800 DEOPT UNPACKING pc=0x0000020deb6b78af sp=0x000000c3adbfc710 mode 2
Event: 1146.307 Thread 0x0000020d8a42b800 Uncommon trap: trap_request=0xffffffbe fr.pc=0x0000020df3eaed48 relative=0x0000000000003e08
Event: 1146.307 Thread 0x0000020d8a42b800 Uncommon trap: reason=profile_predicate action=maybe_recompile pc=0x0000020df3eaed48 method=com.android.tools.r8.internal.QG.j0()Z @ 16 c2
Event: 1146.307 Thread 0x0000020d8a42b800 DEOPT PACKING pc=0x0000020df3eaed48 sp=0x000000c3adbfc730
Event: 1146.307 Thread 0x0000020d8a42b800 DEOPT UNPACKING pc=0x0000020deb6b78af sp=0x000000c3adbfc710 mode 2
Event: 1189.394 Thread 0x0000020d86893800 Uncommon trap: trap_request=0xfffffff4 fr.pc=0x0000020df3f5bf0c relative=0x000000000000782c
Event: 1189.394 Thread 0x0000020d86893800 Uncommon trap: reason=null_check action=make_not_entrant pc=0x0000020df3f5bf0c method=java.io.ObjectInputStream.readClassDesc(Z)Ljava/io/ObjectStreamClass; @ 56 c2
Event: 1189.394 Thread 0x0000020d86893800 DEOPT PACKING pc=0x0000020df3f5bf0c sp=0x000000c3a7cfe260
Event: 1189.394 Thread 0x0000020d86893800 DEOPT UNPACKING pc=0x0000020deb6b78af sp=0x000000c3a7cfe2b0 mode 2

Classes redefined (0 events):
No events

Internal exceptions (20 events):
Event: 1146.180 Thread 0x0000020d88510800 Exception <a 'sun/nio/fs/WindowsException'{0x0000000088adb9c0}> (0x0000000088adb9c0) thrown at [./src/hotspot/share/prims/jni.cpp, line 615]
Event: 1146.180 Thread 0x0000020d88510800 Exception <a 'sun/nio/fs/WindowsException'{0x0000000088adbb10}> (0x0000000088adbb10) thrown at [./src/hotspot/share/prims/jni.cpp, line 615]
Event: 1146.181 Thread 0x0000020d88510800 Exception <a 'sun/nio/fs/WindowsException'{0x0000000088922a40}> (0x0000000088922a40) thrown at [./src/hotspot/share/prims/jni.cpp, line 615]
Event: 1146.181 Thread 0x0000020d88510800 Exception <a 'sun/nio/fs/WindowsException'{0x0000000088922b88}> (0x0000000088922b88) thrown at [./src/hotspot/share/prims/jni.cpp, line 615]
Event: 1146.183 Thread 0x0000020d88510800 Exception <a 'sun/nio/fs/WindowsException'{0x0000000088970d28}> (0x0000000088970d28) thrown at [./src/hotspot/share/prims/jni.cpp, line 615]
Event: 1146.183 Thread 0x0000020d88510800 Exception <a 'sun/nio/fs/WindowsException'{0x0000000088970e50}> (0x0000000088970e50) thrown at [./src/hotspot/share/prims/jni.cpp, line 615]
Event: 1146.204 Thread 0x0000020d88510800 Exception <a 'sun/nio/fs/WindowsException'{0x00000000885032a0}> (0x00000000885032a0) thrown at [./src/hotspot/share/prims/jni.cpp, line 615]
Event: 1146.292 Thread 0x0000020d8a42b800 Exception <a 'sun/nio/fs/WindowsException'{0x0000000087f3f8b0}> (0x0000000087f3f8b0) thrown at [./src/hotspot/share/prims/jni.cpp, line 615]
Event: 1146.379 Thread 0x0000020d8a42b800 Exception <a 'sun/nio/fs/WindowsException'{0x0000000088f00d10}> (0x0000000088f00d10) thrown at [./src/hotspot/share/prims/jni.cpp, line 615]
Event: 1146.412 Thread 0x0000020d8a437000 Exception <a 'sun/nio/fs/WindowsException'{0x0000000088ec6b88}> (0x0000000088ec6b88) thrown at [./src/hotspot/share/prims/jni.cpp, line 615]
Event: 1146.418 Thread 0x0000020d8a437000 Exception <a 'sun/nio/fs/WindowsException'{0x0000000088dc4438}> (0x0000000088dc4438) thrown at [./src/hotspot/share/prims/jni.cpp, line 615]
Event: 1189.394 Thread 0x0000020d86893800 Implicit null exception at 0x0000020df3f55b3c to 0x0000020df3f5bf00
Event: 1189.526 Thread 0x0000020d86483000 Exception <a 'sun/nio/fs/WindowsException'{0x00000000886de290}> (0x00000000886de290) thrown at [./src/hotspot/share/prims/jni.cpp, line 615]
Event: 1189.526 Thread 0x0000020d86483000 Exception <a 'sun/nio/fs/WindowsException'{0x00000000886dfb40}> (0x00000000886dfb40) thrown at [./src/hotspot/share/prims/jni.cpp, line 615]
Event: 1189.545 Thread 0x0000020d86483000 Exception <a 'java/lang/NoClassDefFoundError'{0x000000008838cf68}: org/jetbrains/kotlin/gradle/plugin/KotlinBasePluginWrapper> (0x000000008838cf68) thrown at [./src/hotspot/share/oops/constantPool.cpp, line 775]
Event: 1189.571 Thread 0x0000020d86483000 Exception <a 'sun/nio/fs/WindowsException'{0x00000000881ae000}> (0x00000000881ae000) thrown at [./src/hotspot/share/prims/jni.cpp, line 615]
Event: 1189.575 Thread 0x0000020d86483000 Exception <a 'sun/nio/fs/WindowsException'{0x000000008804a760}> (0x000000008804a760) thrown at [./src/hotspot/share/prims/jni.cpp, line 615]
Event: 1189.575 Thread 0x0000020d86483000 Exception <a 'sun/nio/fs/WindowsException'{0x000000008804b7a0}> (0x000000008804b7a0) thrown at [./src/hotspot/share/prims/jni.cpp, line 615]
Event: 1189.575 Thread 0x0000020d86483000 Exception <a 'sun/nio/fs/WindowsException'{0x000000008804c830}> (0x000000008804c830) thrown at [./src/hotspot/share/prims/jni.cpp, line 615]
Event: 1189.575 Thread 0x0000020d86483000 Exception <a 'sun/nio/fs/WindowsException'{0x000000008804d8c0}> (0x000000008804d8c0) thrown at [./src/hotspot/share/prims/jni.cpp, line 615]

Events (20 events):
Event: 1189.737 Thread 0x0000020d88507000 Thread exited: 0x0000020d88507000
Event: 1189.737 Thread 0x0000020d8a437000 Thread exited: 0x0000020d8a437000
Event: 1189.737 Thread 0x0000020d8850b000 Thread exited: 0x0000020d8850b000
Event: 1189.737 Thread 0x0000020d88504800 Thread exited: 0x0000020d88504800
Event: 1189.737 Thread 0x0000020d8850a000 Thread exited: 0x0000020d8850a000
Event: 1189.737 Thread 0x0000020d88505000 Thread exited: 0x0000020d88505000
Event: 1189.737 Thread 0x0000020d8a436800 Thread exited: 0x0000020d8a436800
Event: 1189.737 Thread 0x0000020d88508800 Thread exited: 0x0000020d88508800
Event: 1189.737 Executing VM operation: RevokeBias
Event: 1189.737 Thread 0x0000020d8a438800 Thread exited: 0x0000020d8a438800
Event: 1189.738 Executing VM operation: RevokeBias done
Event: 1189.738 Executing VM operation: RevokeBias
Event: 1189.738 Executing VM operation: RevokeBias done
Event: 1189.738 Executing VM operation: BulkRevokeBias
Event: 1189.739 Executing VM operation: BulkRevokeBias done
Event: 1189.739 Thread 0x0000020d8a435800 Thread exited: 0x0000020d8a435800
Event: 1189.741 Executing VM operation: RevokeBias
Event: 1189.741 Executing VM operation: RevokeBias done
Event: 1189.741 Executing VM operation: RevokeBias
Event: 1189.741 Executing VM operation: RevokeBias done


Dynamic libraries:
0x00007ff7f5b90000 - 0x00007ff7f5b9a000 	E:\AndroidStudio\jre\bin\java.exe
0x00007ffba2880000 - 0x00007ffba2a8f000 	C:\WINDOWS\SYSTEM32\ntdll.dll
0x00007ffba1590000 - 0x00007ffba164d000 	C:\WINDOWS\System32\KERNEL32.DLL
0x00007ffba0020000 - 0x00007ffba03b0000 	C:\WINDOWS\System32\KERNELBASE.dll
0x00007ffb9fd30000 - 0x00007ffb9fe41000 	C:\WINDOWS\System32\ucrtbase.dll
0x00007ffb8c090000 - 0x00007ffb8c0a9000 	E:\AndroidStudio\jre\bin\jli.dll
0x00007ffb8c070000 - 0x00007ffb8c087000 	E:\AndroidStudio\jre\bin\VCRUNTIME140.dll
0x00007ffba07d0000 - 0x00007ffba097a000 	C:\WINDOWS\System32\USER32.dll
0x00007ffb9fed0000 - 0x00007ffb9fef6000 	C:\WINDOWS\System32\win32u.dll
0x00007ffba22a0000 - 0x00007ffba22c9000 	C:\WINDOWS\System32\GDI32.dll
0x00007ffb7ac60000 - 0x00007ffb7af01000 	C:\WINDOWS\WinSxS\amd64_microsoft.windows.common-controls_6595b64144ccf1df_6.0.22533.1001_none_26146f93a8efa247\COMCTL32.dll
0x00007ffb9ff00000 - 0x00007ffba0017000 	C:\WINDOWS\System32\gdi32full.dll
0x00007ffba1650000 - 0x00007ffba16f4000 	C:\WINDOWS\System32\msvcrt.dll
0x00007ffba03b0000 - 0x00007ffba044a000 	C:\WINDOWS\System32\msvcp_win.dll
0x00007ffba1300000 - 0x00007ffba1331000 	C:\WINDOWS\System32\IMM32.DLL
0x00007ffb8bfd0000 - 0x00007ffb8c06d000 	E:\AndroidStudio\jre\bin\msvcp140.dll
0x00007ffb5bd20000 - 0x00007ffb5c7ef000 	E:\AndroidStudio\jre\bin\server\jvm.dll
0x00007ffba24d0000 - 0x00007ffba257e000 	C:\WINDOWS\System32\ADVAPI32.dll
0x00007ffba13e0000 - 0x00007ffba1483000 	C:\WINDOWS\System32\sechost.dll
0x00007ffba11e0000 - 0x00007ffba12ff000 	C:\WINDOWS\System32\RPCRT4.dll
0x00007ffba13d0000 - 0x00007ffba13d8000 	C:\WINDOWS\System32\PSAPI.DLL
0x00007ffb98290000 - 0x00007ffb982c4000 	C:\WINDOWS\SYSTEM32\WINMM.dll
0x00007ffb7c2e0000 - 0x00007ffb7c2e9000 	C:\WINDOWS\SYSTEM32\WSOCK32.dll
0x00007ffb98600000 - 0x00007ffb9860a000 	C:\WINDOWS\SYSTEM32\VERSION.dll
0x00007ffba27c0000 - 0x00007ffba2831000 	C:\WINDOWS\System32\WS2_32.dll
0x00007ffb9edb0000 - 0x00007ffb9edc8000 	C:\WINDOWS\SYSTEM32\kernel.appcore.dll
0x00007ffb6d1e0000 - 0x00007ffb6d1f1000 	E:\AndroidStudio\jre\bin\verify.dll
0x00007ffb9d980000 - 0x00007ffb9dba4000 	C:\WINDOWS\SYSTEM32\DBGHELP.DLL
0x00007ffba0980000 - 0x00007ffba0cfc000 	C:\WINDOWS\System32\combase.dll
0x00007ffba25a0000 - 0x00007ffba2677000 	C:\WINDOWS\System32\OLEAUT32.dll
0x00007ffb8a830000 - 0x00007ffb8a861000 	C:\WINDOWS\SYSTEM32\dbgcore.DLL
0x00007ffb9fe50000 - 0x00007ffb9fecb000 	C:\WINDOWS\System32\bcryptPrimitives.dll
0x00007ffb6d0f0000 - 0x00007ffb6d119000 	E:\AndroidStudio\jre\bin\java.dll
0x00007ffb7c2d0000 - 0x00007ffb7c2db000 	E:\AndroidStudio\jre\bin\jimage.dll
0x00007ffb5bd00000 - 0x00007ffb5bd18000 	E:\AndroidStudio\jre\bin\zip.dll
0x00007ffba1910000 - 0x00007ffba20c9000 	C:\WINDOWS\System32\SHELL32.dll
0x00007ffb9dde0000 - 0x00007ffb9e635000 	C:\WINDOWS\SYSTEM32\windows.storage.dll
0x00007ffb9dca0000 - 0x00007ffb9dddc000 	C:\WINDOWS\SYSTEM32\wintypes.dll
0x00007ffba1490000 - 0x00007ffba1581000 	C:\WINDOWS\System32\SHCORE.dll
0x00007ffba2760000 - 0x00007ffba27bb000 	C:\WINDOWS\System32\shlwapi.dll
0x00007ffb9fc60000 - 0x00007ffb9fc81000 	C:\WINDOWS\SYSTEM32\profapi.dll
0x00007ffb655f0000 - 0x00007ffb6560a000 	E:\AndroidStudio\jre\bin\net.dll
0x00007ffb982d0000 - 0x00007ffb983e2000 	C:\WINDOWS\SYSTEM32\WINHTTP.dll
0x00007ffb9f230000 - 0x00007ffb9f299000 	C:\WINDOWS\system32\mswsock.dll
0x00007ffb5bce0000 - 0x00007ffb5bcf4000 	E:\AndroidStudio\jre\bin\nio.dll
0x00007ffb98540000 - 0x00007ffb98567000 	C:\Users\王久铭\.gradle\native\8bec1ad78214c89d9ad589b4d07fe93259594b29d510b10fafb7a158f7737e5d\windows-amd64\native-platform.dll
0x00007ffb5a980000 - 0x00007ffb5aabd000 	C:\Users\王久铭\.gradle\native\53dbd7edfb1c66fb8903c78663c9afc45aea4f116125fa6feffd364cf09443e8\windows-amd64\native-platform-file-events.dll
0x00007ffb7a5f0000 - 0x00007ffb7a5fa000 	E:\AndroidStudio\jre\bin\management.dll
0x00007ffb6d1d0000 - 0x00007ffb6d1dc000 	E:\AndroidStudio\jre\bin\management_ext.dll
0x00007ffb9f480000 - 0x00007ffb9f49b000 	C:\WINDOWS\SYSTEM32\CRYPTSP.dll
0x00007ffb9ed10000 - 0x00007ffb9ed45000 	C:\WINDOWS\system32\rsaenh.dll
0x00007ffb9f330000 - 0x00007ffb9f359000 	C:\WINDOWS\SYSTEM32\USERENV.dll
0x00007ffb9f6b0000 - 0x00007ffb9f6d8000 	C:\WINDOWS\SYSTEM32\bcrypt.dll
0x00007ffb9f4a0000 - 0x00007ffb9f4ac000 	C:\WINDOWS\SYSTEM32\CRYPTBASE.dll
0x00007ffb9e890000 - 0x00007ffb9e8bd000 	C:\WINDOWS\SYSTEM32\IPHLPAPI.DLL
0x00007ffba1900000 - 0x00007ffba1909000 	C:\WINDOWS\System32\NSI.dll
0x00007ffb981a0000 - 0x00007ffb981b9000 	C:\WINDOWS\SYSTEM32\dhcpcsvc6.DLL
0x00007ffb98180000 - 0x00007ffb9819e000 	C:\WINDOWS\SYSTEM32\dhcpcsvc.DLL
0x00007ffb9e8c0000 - 0x00007ffb9e9b8000 	C:\WINDOWS\SYSTEM32\DNSAPI.dll
0x00007ffb872a0000 - 0x00007ffb872c7000 	E:\AndroidStudio\jre\bin\sunec.dll

dbghelp: loaded successfully - version: 4.0.5 - missing functions: none
symbol engine: initialized successfully - sym options: 0x614 - pdb path: .;E:\AndroidStudio\jre\bin;C:\WINDOWS\SYSTEM32;C:\WINDOWS\WinSxS\amd64_microsoft.windows.common-controls_6595b64144ccf1df_6.0.22533.1001_none_26146f93a8efa247;E:\AndroidStudio\jre\bin\server;C:\Users\王久铭\.gradle\native\8bec1ad78214c89d9ad589b4d07fe93259594b29d510b10fafb7a158f7737e5d\windows-am;C:\Users\王久铭\.gradle\native\8bec1ad78214c89d9ad589b4d07fe93259594b29d510b10fafb7a158f7737e5d\windows-amd64;C:\Users\王久铭\.gradle\native\53dbd7edfb1c66fb8903c78663c9afc45aea4f116125fa6feffd364cf09443e8\wind;C:\Users\王久铭\.gradle\native\53dbd7edfb1c66fb8903c78663c9afc45aea4f116125fa6feffd364cf09443e8\w;C:\Users\王久铭\.gradle\native\53dbd7edfb1c66fb8903c78663c9afc45aea4f116125fa6feffd364cf09443e;C:\Users\王久铭\.gradle\native\53dbd7edfb1c66fb8903c78663c9afc45aea4f116125fa6feffd364cf094;C:\Users\王久铭\.gradle\native\53dbd7edfb1c66fb8903c78663c9afc45aea4f116125fa6feffd364cf

VM Arguments:
jvm_args: --add-opens=java.base/java.util=ALL-UNNAMED --add-opens=java.base/java.lang=ALL-UNNAMED --add-opens=java.base/java.lang.invoke=ALL-UNNAMED --add-opens=java.base/java.util=ALL-UNNAMED --add-opens=java.prefs/java.util.prefs=ALL-UNNAMED --add-opens=java.prefs/java.util.prefs=ALL-UNNAMED --add-opens=java.base/java.nio.charset=ALL-UNNAMED --add-opens=java.base/java.net=ALL-UNNAMED --add-opens=java.base/java.util.concurrent.atomic=ALL-UNNAMED -Xmx2048m -Dfile.encoding=UTF-8 -Duser.country=CN -Duser.language=zh -Duser.variant 
java_command: org.gradle.launcher.daemon.bootstrap.GradleDaemon 7.0.2
java_class_path (initial): C:\Users\王久铭\.gradle\wrapper\dists\gradle-7.0.2-bin\857tjihv64xamwrf0h14cai3r\gradle-7.0.2\lib\gradle-launcher-7.0.2.jar
Launcher Type: SUN_STANDARD

[Global flags]
     intx CICompilerCount                          = 4                                         {product} {ergonomic}
     uint ConcGCThreads                            = 3                                         {product} {ergonomic}
     uint G1ConcRefinementThreads                  = 10                                        {product} {ergonomic}
   size_t G1HeapRegionSize                         = 1048576                                   {product} {ergonomic}
    uintx GCDrainStackTargetSize                   = 64                                        {product} {ergonomic}
   size_t InitialHeapSize                          = 134217728                                 {product} {ergonomic}
   size_t MarkStackSize                            = 4194304                                   {product} {ergonomic}
   size_t MaxHeapSize                              = 2147483648                                {product} {command line}
   size_t MaxNewSize                               = 1287651328                                {product} {ergonomic}
   size_t MinHeapDeltaBytes                        = 1048576                                   {product} {ergonomic}
    uintx NonNMethodCodeHeapSize                   = 5836300                                {pd product} {ergonomic}
    uintx NonProfiledCodeHeapSize                  = 122910970                              {pd product} {ergonomic}
    uintx ProfiledCodeHeapSize                     = 122910970                              {pd product} {ergonomic}
    uintx ReservedCodeCacheSize                    = 251658240                              {pd product} {ergonomic}
     bool SegmentedCodeCache                       = true                                      {product} {ergonomic}
     bool UseCompressedClassPointers               = true                                 {lp64_product} {ergonomic}
     bool UseCompressedOops                        = true                                 {lp64_product} {ergonomic}
     bool UseG1GC                                  = true                                      {product} {ergonomic}
     bool UseLargePagesIndividualAllocation        = false                                  {pd product} {ergonomic}

Logging:
Log output configuration:
 #0: stdout all=warning uptime,level,tags
 #1: stderr all=off uptime,level,tags

Environment Variables:
JAVA_HOME=C:\Program Files (x86)\Java\jdk1.6.0_45
CLASSPATH=C:\Program Files (x86)\Java\jdk1.6.0_45\lib;C:\Program Files (x86)\Java\jdk1.6.0_45\lib\tools.jar
PATH=E:\新建文件夹\Scripts\;E:\新建文件夹\;C:\Program Files (x86)\Common Files\Oracle\Java\javapath;C:;Users\王久铭\AppData\Local\Programs\Python\Python36\;Python27\;C:\Python27\Scripts\;E:\Python\;E:\Python\Scripts\;C:\WINDOWS\system32\config\systemprofile\AppData\Local\Microsoft\WindowsApps;E:\Microsoft VS Code\bin;C:\Python27amd64\Scripts\pip.exe;C:\Users\王久铭\AppData\Roaming\Python\Python37\Scripts;E:;Git\cmd;C:\Program Files\nodejs\;C:\Program Files (x86)\Java\jdk1.6.0_45\bin;C:\Windows\system32;E:\Git\cmd;C:\Program Files (x86)\Java\jdk1.6.0_45\jre\bin;E:\MinGW\bin;C:\WINDOWS\system32;C:\WINDOWS;C:\WINDOWS\System32\Wbem;C:\WINDOWS\System32\WindowsPowerShell\v1.0\;C:\WINDOWS\System32\OpenSSH\;C:\Program Files (x86)\NetSarang\Xshell 7\;C:\Program Files\MySQL\MySQL Server 8.0\bin;C:\Program Files\MySQL\MySQL Shell 8.0\bin\;C:\Users\王久铭\AppData\Local\Microsoft\WindowsApps;E:\Microsoft VS Code\bin;E:\Python\Scripts\pip.exe;E:\Python\;E:\Python\Scripts\;C:\Users\王久铭\AppData\Roaming\npm;C:\Program Files\JetBrains\IntelliJ IDEA Community Edition 2020.2\bin;;C:\Windows\system32;C:\WINDOWS;C:\Program Files\JetBrains\PyCharm 2020.1\bin;;
USERNAME=王久铭
OS=Windows_NT
PROCESSOR_IDENTIFIER=Intel64 Family 6 Model 158 Stepping 10, GenuineIntel



---------------  S Y S T E M  ---------------

OS: Windows 10 , 64 bit Build 22533 (10.0.22533.1001)
OS uptime: 0 days 0:26 hours

CPU:total 12 (initial active 12) (6 cores per cpu, 2 threads per core) family 6 model 158 stepping 10 microcode 0xde, cmov, cx8, fxsr, mmx, sse, sse2, sse3, ssse3, sse4.1, sse4.2, popcnt, avx, avx2, aes, clmul, erms, 3dnowpref, lzcnt, ht, tsc, tscinvbit, bmi1, bmi2, adx, fma

Memory: 4k page, system-wide physical 8065M (1370M free)
TotalPageFile size 23168M (AvailPageFile size 9M)
current process WorkingSet (physical memory assigned to process): 423M, peak: 497M
current process commit charge ("private bytes"): 538M, peak: 544M

vm_info: OpenJDK 64-Bit Server VM (11.0.10+0-b96-7249189) for windows-amd64 JRE (11.0.10+0-b96-7249189), built on Mar 31 2021 21:44:00 by "builder" with MS VC++ 14.0 (VS2015)

END.
