#
# There is insufficient memory for the Java Runtime Environment to continue.
# Native memory allocation (malloc) failed to allocate 1031056 bytes for Chunk::new
# Possible reasons:
#   The system is out of physical RAM or swap space
#   The process is running with CompressedOops enabled, and the Java Heap may be blocking the growth of the native heap
# Possible solutions:
#   Reduce memory load on the system
#   Increase physical memory or swap space
#   Check if swap backing store is full
#   Decrease Java heap size (-Xmx/-Xms)
#   Decrease number of Java threads
#   Decrease Java thread stack sizes (-Xss)
#   Set larger code cache with -XX:ReservedCodeCacheSize=
#   JVM is running with Unscaled Compressed Oops mode in which the Java heap is
#     placed in the first 4GB address space. The Java Heap base address is the
#     maximum limit for the native heap growth. Please use -XX:HeapBaseMinAddress
#     to set the Java Heap base and to place the Java Heap above 4GB virtual address.
# This output file may be truncated or incomplete.
#
#  Out of Memory Error (./src/hotspot/share/memory/arena.cpp:197), pid=15484, tid=7204
#
# JRE version: OpenJDK Runtime Environment (11.0.10) (build 11.0.10+0-b96-7249189)
# Java VM: OpenJDK 64-Bit Server VM (11.0.10+0-b96-7249189, mixed mode, tiered, compressed oops, g1 gc, windows-amd64)
# No core dump will be written. Minidumps are not enabled by default on client versions of Windows
#

---------------  S U M M A R Y ------------

Command Line: --add-opens=java.base/java.util=ALL-UNNAMED --add-opens=java.base/java.lang=ALL-UNNAMED --add-opens=java.base/java.lang.invoke=ALL-UNNAMED --add-opens=java.base/java.util=ALL-UNNAMED --add-opens=java.prefs/java.util.prefs=ALL-UNNAMED --add-opens=java.prefs/java.util.prefs=ALL-UNNAMED --add-opens=java.base/java.nio.charset=ALL-UNNAMED --add-opens=java.base/java.net=ALL-UNNAMED --add-opens=java.base/java.util.concurrent.atomic=ALL-UNNAMED -Xmx2048m -Dfile.encoding=UTF-8 -Duser.country=CN -Duser.language=zh -Duser.variant org.gradle.launcher.daemon.bootstrap.GradleDaemon 7.0.2

Host: Intel(R) Core(TM) i7-8750H CPU @ 2.20GHz, 12 cores, 7G,  Windows 10 , 64 bit Build 22533 (10.0.22533.1001)
Time: Sun Jan 23 22:28:07 2022 中国标准时间 elapsed time: 1402.695130 seconds (0d 0h 23m 22s)

---------------  T H R E A D  ---------------

Current thread (0x0000016ce413e000):  JavaThread "C2 CompilerThread0" daemon [_thread_in_native, id=7204, stack(0x0000004825e00000,0x0000004825f00000)]


Current CompileTask:
C2:1402695 25150   !   4       org.gradle.api.internal.artifacts.ivyservice.ivyresolve.ErrorHandlingModuleComponentRepository$ErrorHandlingModuleComponentRepositoryAccess::tryResolveAndMaybeBlacklist (221 bytes)

Stack: [0x0000004825e00000,0x0000004825f00000]
Native frames: (J=compiled Java code, j=interpreted, Vv=VM code, C=native code)
V  [jvm.dll+0x5ecfaa]
V  [jvm.dll+0x722bd5]
V  [jvm.dll+0x72412d]
V  [jvm.dll+0x7247e3]
V  [jvm.dll+0x242928]
V  [jvm.dll+0xbc4fc]
V  [jvm.dll+0xbca0c]
V  [jvm.dll+0x2b4fd4]
V  [jvm.dll+0x506028]
V  [jvm.dll+0x203253]
V  [jvm.dll+0x1fd07c]
V  [jvm.dll+0x1fa77f]
V  [jvm.dll+0x18354c]
V  [jvm.dll+0x208ee7]
V  [jvm.dll+0x207731]
V  [jvm.dll+0x6eb1cf]
V  [jvm.dll+0x6e3d45]
V  [jvm.dll+0x5ebe96]
C  [ucrtbase.dll+0x293cc]
C  [KERNEL32.DLL+0x11350]
C  [ntdll.dll+0x51e78]


---------------  P R O C E S S  ---------------

Threads class SMR info:
_java_thread_list=0x0000016ce9bce010, length=79, elements={
0x0000016cc8ffc000, 0x0000016ce38cd800, 0x0000016ce38cf800, 0x0000016ce40ed000,
0x0000016ce40ee000, 0x0000016ce413b800, 0x0000016ce413e000, 0x0000016ce4165800,
0x0000016ce4169800, 0x0000016ce42ce000, 0x0000016ce6603800, 0x0000016ce4420000,
0x0000016ce73ad000, 0x0000016ce650a000, 0x0000016ce650b000, 0x0000016ce6505000,
0x0000016ce6507800, 0x0000016ce6508800, 0x0000016ce70e6000, 0x0000016ce70e2800,
0x0000016ce70e3800, 0x0000016ce70e4800, 0x0000016ce6b42800, 0x0000016ce6b4f000,
0x0000016ce6b50000, 0x0000016ce6b50800, 0x0000016ce6b51800, 0x0000016ceb8df000,
0x0000016ceb8de000, 0x0000016ceb8dc800, 0x0000016ceb8df800, 0x0000016ceb8dd000,
0x0000016ceb8e0800, 0x0000016cee520800, 0x0000016ce71d2000, 0x0000016ceb8e7000,
0x0000016ce6b4b800, 0x0000016ce6b4b000, 0x0000016ceb8e2000, 0x0000016ceb8e8800,
0x0000016ceb8e1800, 0x0000016ceb8db800, 0x0000016ceb8e4800, 0x0000016ceb8e3000,
0x0000016ceb8e3800, 0x0000016ceb8e6000, 0x0000016ceb8e8000, 0x0000016ce71ce800,
0x0000016ce71cb800, 0x0000016ce71cf800, 0x0000016ce71cc000, 0x0000016ce71d0800,
0x0000016ce71d1000, 0x0000016ce71d2800, 0x0000016ce71cd000, 0x0000016ce71d3800,
0x0000016ce71ce000, 0x0000016ce71d9800, 0x0000016ce71d7000, 0x0000016ce71d7800,
0x0000016ce71da000, 0x0000016ce71d6000, 0x0000016ce71d4800, 0x0000016ce71d5000,
0x0000016ce71d8800, 0x0000016cee518000, 0x0000016cee514800, 0x0000016cee518800,
0x0000016cee517000, 0x0000016cee513000, 0x0000016cee515800, 0x0000016cee519800,
0x0000016cee516000, 0x0000016cee513800, 0x0000016cee51f000, 0x0000016cee520000,
0x0000016cee51e800, 0x0000016cee51a000, 0x0000016cee51b000
}

Java Threads: ( => current thread )
  0x0000016cc8ffc000 JavaThread "main" [_thread_blocked, id=17008, stack(0x0000004825200000,0x0000004825300000)]
  0x0000016ce38cd800 JavaThread "Reference Handler" daemon [_thread_blocked, id=15980, stack(0x0000004825900000,0x0000004825a00000)]
  0x0000016ce38cf800 JavaThread "Finalizer" daemon [_thread_blocked, id=16080, stack(0x0000004825a00000,0x0000004825b00000)]
  0x0000016ce40ed000 JavaThread "Signal Dispatcher" daemon [_thread_blocked, id=16072, stack(0x0000004825b00000,0x0000004825c00000)]
  0x0000016ce40ee000 JavaThread "Attach Listener" daemon [_thread_blocked, id=16100, stack(0x0000004825c00000,0x0000004825d00000)]
  0x0000016ce413b800 JavaThread "Service Thread" daemon [_thread_blocked, id=16076, stack(0x0000004825d00000,0x0000004825e00000)]
=>0x0000016ce413e000 JavaThread "C2 CompilerThread0" daemon [_thread_in_native, id=7204, stack(0x0000004825e00000,0x0000004825f00000)]
  0x0000016ce4165800 JavaThread "C1 CompilerThread0" daemon [_thread_blocked, id=15496, stack(0x0000004825f00000,0x0000004826000000)]
  0x0000016ce4169800 JavaThread "Sweeper thread" daemon [_thread_blocked, id=16188, stack(0x0000004826000000,0x0000004826100000)]
  0x0000016ce42ce000 JavaThread "Common-Cleaner" daemon [_thread_blocked, id=16092, stack(0x0000004826100000,0x0000004826200000)]
  0x0000016ce6603800 JavaThread "Daemon health stats" [_thread_blocked, id=15764, stack(0x0000004826700000,0x0000004826800000)]
  0x0000016ce4420000 JavaThread "Incoming local TCP Connector on port 7638" [_thread_in_native, id=17360, stack(0x0000004826300000,0x0000004826400000)]
  0x0000016ce73ad000 JavaThread "Daemon periodic checks" [_thread_blocked, id=16124, stack(0x0000004826a00000,0x0000004826b00000)]
  0x0000016ce650a000 JavaThread "Cache worker for file hash cache (C:\Users\涔\.gradle\caches\7.0.2\fileHashes)" [_thread_blocked, id=16588, stack(0x0000004827200000,0x0000004827300000)]
  0x0000016ce650b000 JavaThread "File lock request listener" [_thread_in_native, id=15900, stack(0x0000004827300000,0x0000004827400000)]
  0x0000016ce6505000 JavaThread "Cache worker for journal cache (C:\Users\涔\.gradle\caches\journal-1)" [_thread_blocked, id=15500, stack(0x0000004827a00000,0x0000004827b00000)]
  0x0000016ce6507800 JavaThread "File watcher server" daemon [_thread_in_native, id=16432, stack(0x0000004827d00000,0x0000004827e00000)]
  0x0000016ce6508800 JavaThread "File watcher consumer" daemon [_thread_blocked, id=16320, stack(0x0000004827e00000,0x0000004827f00000)]
  0x0000016ce70e6000 JavaThread "Cache worker for execution history cache (C:\Users\涔\.gradle\caches\7.0.2\executionHistory)" [_thread_blocked, id=15892, stack(0x0000004828200000,0x0000004828300000)]
  0x0000016ce70e2800 JavaThread "jar transforms" [_thread_blocked, id=15864, stack(0x0000004828400000,0x0000004828500000)]
  0x0000016ce70e3800 JavaThread "jar transforms Thread 2" [_thread_blocked, id=6672, stack(0x0000004828500000,0x0000004828600000)]
  0x0000016ce70e4800 JavaThread "Cache worker for file content cache (C:\Users\涔\.gradle\caches\7.0.2\fileContent)" [_thread_blocked, id=17364, stack(0x0000004828600000,0x0000004828700000)]
  0x0000016ce6b42800 JavaThread "jar transforms Thread 3" [_thread_blocked, id=17368, stack(0x0000004828800000,0x0000004828900000)]
  0x0000016ce6b4f000 JavaThread "jar transforms Thread 4" [_thread_blocked, id=2800, stack(0x0000004829500000,0x0000004829600000)]
  0x0000016ce6b50000 JavaThread "jar transforms Thread 5" [_thread_blocked, id=16280, stack(0x0000004829600000,0x0000004829700000)]
  0x0000016ce6b50800 JavaThread "jar transforms Thread 6" [_thread_blocked, id=15616, stack(0x0000004829700000,0x0000004829800000)]
  0x0000016ce6b51800 JavaThread "jar transforms Thread 7" [_thread_blocked, id=15620, stack(0x0000004829800000,0x0000004829900000)]
  0x0000016ceb8df000 JavaThread "jar transforms Thread 8" [_thread_blocked, id=2928, stack(0x0000004829900000,0x0000004829a00000)]
  0x0000016ceb8de000 JavaThread "jar transforms Thread 9" [_thread_blocked, id=17356, stack(0x0000004829a00000,0x0000004829b00000)]
  0x0000016ceb8dc800 JavaThread "jar transforms Thread 10" [_thread_blocked, id=16424, stack(0x0000004829b00000,0x0000004829c00000)]
  0x0000016ceb8df800 JavaThread "jar transforms Thread 11" [_thread_blocked, id=17332, stack(0x0000004829400000,0x0000004829500000)]
  0x0000016ceb8dd000 JavaThread "jar transforms Thread 12" [_thread_blocked, id=15912, stack(0x0000004829c00000,0x0000004829d00000)]
  0x0000016ceb8e0800 JavaThread "Memory manager" [_thread_blocked, id=4192, stack(0x0000004829e00000,0x0000004829f00000)]
  0x0000016cee520800 JavaThread "Cache worker for Java compile cache (C:\Users\涔\.gradle\caches\7.0.2\javaCompile)" [_thread_blocked, id=17188, stack(0x0000004829d00000,0x0000004829e00000)]
  0x0000016ce71d2000 JavaThread "ForkJoinPool.commonPool-worker-31" daemon [_thread_blocked, id=2096, stack(0x000000482c700000,0x000000482c800000)]
  0x0000016ceb8e7000 JavaThread "ForkJoinPool.commonPool-worker-11" daemon [_thread_blocked, id=4876, stack(0x000000482b800000,0x000000482b900000)]
  0x0000016ce6b4b800 JavaThread "ForkJoinPool.commonPool-worker-15" daemon [_thread_blocked, id=16260, stack(0x000000482ba00000,0x000000482bb00000)]
  0x0000016ce6b4b000 JavaThread "ForkJoinPool.commonPool-worker-5" daemon [_thread_blocked, id=2452, stack(0x000000482b600000,0x000000482b700000)]
  0x0000016ceb8e2000 JavaThread "ForkJoinPool.commonPool-worker-27" daemon [_thread_blocked, id=9052, stack(0x000000482bb00000,0x000000482bc00000)]
  0x0000016ceb8e8800 JavaThread "ForkJoinPool.commonPool-worker-13" daemon [_thread_blocked, id=10152, stack(0x000000482bc00000,0x000000482bd00000)]
  0x0000016ceb8e1800 JavaThread "Daemon Thread 10" [_thread_blocked, id=5912, stack(0x0000004824f00000,0x0000004825000000)]
  0x0000016ceb8db800 JavaThread "Handler for socket connection from /127.0.0.1:7638 to /127.0.0.1:9793" [_thread_in_native, id=12584, stack(0x0000004825000000,0x0000004825100000)]
  0x0000016ceb8e4800 JavaThread "Cancel handler" [_thread_blocked, id=16620, stack(0x0000004825100000,0x0000004825200000)]
  0x0000016ceb8e3000 JavaThread "Daemon worker Thread 10" [_thread_blocked, id=14320, stack(0x0000004826b00000,0x0000004826c00000)]
  0x0000016ceb8e3800 JavaThread "Asynchronous log dispatcher for DefaultDaemonConnection: socket connection from /127.0.0.1:7638 to /127.0.0.1:9793" [_thread_blocked, id=7008, stack(0x0000004826c00000,0x0000004826d00000)]
  0x0000016ceb8e6000 JavaThread "Stdin handler" [_thread_blocked, id=16448, stack(0x0000004826d00000,0x0000004826e00000)]
  0x0000016ceb8e8000 JavaThread "Daemon client event forwarder" [_thread_blocked, id=7476, stack(0x0000004826e00000,0x0000004826f00000)]
  0x0000016ce71ce800 JavaThread "Cache worker for file hash cache (E:\AndroidPro\ModeSwitch\.gradle\7.0.2\fileHashes)" [_thread_blocked, id=16604, stack(0x0000004826f00000,0x0000004827000000)]
  0x0000016ce71cb800 JavaThread "Cache worker for checksums cache (E:\AndroidPro\ModeSwitch\.gradle\checksums)" [_thread_blocked, id=1604, stack(0x0000004827000000,0x0000004827100000)]
  0x0000016ce71cf800 JavaThread "Cache worker for cache directory md-supplier (C:\Users\涔\.gradle\caches\7.0.2\md-supplier)" [_thread_blocked, id=16628, stack(0x0000004827100000,0x0000004827200000)]
  0x0000016ce71cc000 JavaThread "Cache worker for cache directory md-rule (C:\Users\涔\.gradle\caches\7.0.2\md-rule)" [_thread_blocked, id=1980, stack(0x0000004827b00000,0x0000004827c00000)]
  0x0000016ce71d0800 JavaThread "Cache worker for dependencies-accessors (E:\AndroidPro\ModeSwitch\.gradle\7.0.2\dependencies-accessors)" [_thread_blocked, id=16304, stack(0x0000004827c00000,0x0000004827d00000)]
  0x0000016ce71d1000 JavaThread "Cache worker for Build Output Cleanup Cache (E:\AndroidPro\ModeSwitch\.gradle\buildOutputCleanup)" [_thread_blocked, id=10968, stack(0x0000004827f00000,0x0000004828000000)]
  0x0000016ce71d2800 JavaThread "Build operations" [_thread_blocked, id=17164, stack(0x0000004828000000,0x0000004828100000)]
  0x0000016ce71cd000 JavaThread "Build operations Thread 2" [_thread_blocked, id=4648, stack(0x0000004828100000,0x0000004828200000)]
  0x0000016ce71d3800 JavaThread "Build operations Thread 3" [_thread_blocked, id=13720, stack(0x0000004828300000,0x0000004828400000)]
  0x0000016ce71ce000 JavaThread "Build operations Thread 4" [_thread_blocked, id=16732, stack(0x0000004828700000,0x0000004828800000)]
  0x0000016ce71d9800 JavaThread "Build operations Thread 5" [_thread_blocked, id=2596, stack(0x0000004828900000,0x0000004828a00000)]
  0x0000016ce71d7000 JavaThread "Build operations Thread 6" [_thread_blocked, id=1628, stack(0x0000004828a00000,0x0000004828b00000)]
  0x0000016ce71d7800 JavaThread "Build operations Thread 7" [_thread_blocked, id=12892, stack(0x0000004828b00000,0x0000004828c00000)]
  0x0000016ce71da000 JavaThread "Build operations Thread 8" [_thread_blocked, id=10188, stack(0x0000004828c00000,0x0000004828d00000)]
  0x0000016ce71d6000 JavaThread "Build operations Thread 9" [_thread_blocked, id=2204, stack(0x0000004828d00000,0x0000004828e00000)]
  0x0000016ce71d4800 JavaThread "Build operations Thread 10" [_thread_blocked, id=5228, stack(0x0000004828e00000,0x0000004828f00000)]
  0x0000016ce71d5000 JavaThread "Build operations Thread 11" [_thread_blocked, id=9272, stack(0x0000004828f00000,0x0000004829000000)]
  0x0000016ce71d8800 JavaThread "Build operations Thread 12" [_thread_blocked, id=9732, stack(0x0000004829000000,0x0000004829100000)]
  0x0000016cee518000 JavaThread "build event listener" [_thread_blocked, id=13516, stack(0x0000004829100000,0x0000004829200000)]
  0x0000016cee514800 JavaThread "Execution worker for ':'" [_thread_blocked, id=15508, stack(0x0000004829200000,0x0000004829300000)]
  0x0000016cee518800 JavaThread "Execution worker for ':' Thread 2" [_thread_blocked, id=2068, stack(0x0000004829300000,0x0000004829400000)]
  0x0000016cee517000 JavaThread "Execution worker for ':' Thread 3" [_thread_blocked, id=15684, stack(0x0000004829f00000,0x000000482a000000)]
  0x0000016cee513000 JavaThread "Execution worker for ':' Thread 4" [_thread_blocked, id=11688, stack(0x000000482a000000,0x000000482a100000)]
  0x0000016cee515800 JavaThread "Execution worker for ':' Thread 5" [_thread_blocked, id=16540, stack(0x000000482a100000,0x000000482a200000)]
  0x0000016cee519800 JavaThread "Execution worker for ':' Thread 6" [_thread_blocked, id=10164, stack(0x000000482a200000,0x000000482a300000)]
  0x0000016cee516000 JavaThread "Execution worker for ':' Thread 7" [_thread_in_vm, id=8388, stack(0x000000482a300000,0x000000482a400000)]
  0x0000016cee513800 JavaThread "Execution worker for ':' Thread 8" [_thread_blocked, id=15692, stack(0x000000482a400000,0x000000482a500000)]
  0x0000016cee51f000 JavaThread "Execution worker for ':' Thread 9" [_thread_blocked, id=17136, stack(0x000000482a500000,0x000000482a600000)]
  0x0000016cee520000 JavaThread "Execution worker for ':' Thread 10" [_thread_blocked, id=1660, stack(0x000000482a600000,0x000000482a700000)]
  0x0000016cee51e800 JavaThread "Execution worker for ':' Thread 11" [_thread_blocked, id=6776, stack(0x000000482a700000,0x000000482a800000)]
  0x0000016cee51a000 JavaThread "Cache worker for execution history cache (E:\AndroidPro\ModeSwitch\.gradle\7.0.2\executionHistory)" [_thread_blocked, id=15292, stack(0x000000482a800000,0x000000482a900000)]
  0x0000016cee51b000 JavaThread "Cache worker for Java compile cache (E:\AndroidPro\ModeSwitch\.gradle\7.0.2\javaCompile)" [_thread_blocked, id=15888, stack(0x000000482a900000,0x000000482aa00000)]

Other Threads:
  0x0000016ce38b9000 VMThread "VM Thread" [stack: 0x0000004825800000,0x0000004825900000] [id=16088]
  0x0000016ce42da800 WatcherThread [stack: 0x0000004826200000,0x0000004826300000] [id=16256]
  0x0000016cc9017800 GCTaskThread "GC Thread#0" [stack: 0x0000004825300000,0x0000004825400000] [id=16032]
  0x0000016ce5454800 GCTaskThread "GC Thread#1" [stack: 0x0000004826500000,0x0000004826600000] [id=16008]
  0x0000016ce514c000 GCTaskThread "GC Thread#2" [stack: 0x0000004826600000,0x0000004826700000] [id=16040]
  0x0000016ce73af000 GCTaskThread "GC Thread#3" [stack: 0x0000004826400000,0x0000004826500000] [id=2512]
  0x0000016ce73af800 GCTaskThread "GC Thread#4" [stack: 0x0000004826800000,0x0000004826900000] [id=12972]
  0x0000016ce73b0800 GCTaskThread "GC Thread#5" [stack: 0x0000004826900000,0x0000004826a00000] [id=15772]
  0x0000016ce73b1000 GCTaskThread "GC Thread#6" [stack: 0x0000004827400000,0x0000004827500000] [id=7552]
  0x0000016ce73ae000 GCTaskThread "GC Thread#7" [stack: 0x0000004827500000,0x0000004827600000] [id=15612]
  0x0000016ce6471800 GCTaskThread "GC Thread#8" [stack: 0x0000004827600000,0x0000004827700000] [id=6840]
  0x0000016ce646b000 GCTaskThread "GC Thread#9" [stack: 0x0000004827700000,0x0000004827800000] [id=12528]
  0x0000016cc9048800 ConcurrentGCThread "G1 Main Marker" [stack: 0x0000004825400000,0x0000004825500000] [id=16184]
  0x0000016cc904a000 ConcurrentGCThread "G1 Conc#0" [stack: 0x0000004825500000,0x0000004825600000] [id=17176]
  0x0000016ce6472000 ConcurrentGCThread "G1 Conc#1" [stack: 0x0000004827800000,0x0000004827900000] [id=11816]
  0x0000016ce646d000 ConcurrentGCThread "G1 Conc#2" [stack: 0x0000004827900000,0x0000004827a00000] [id=16336]
  0x0000016ce370c800 ConcurrentGCThread "G1 Refine#0" [stack: 0x0000004825600000,0x0000004825700000] [id=15476]
  0x0000016ce370e800 ConcurrentGCThread "G1 Young RemSet Sampling" [stack: 0x0000004825700000,0x0000004825800000] [id=15520]

Threads with active compile tasks:
C2 CompilerThread01402807 25150   !   4       org.gradle.api.internal.artifacts.ivyservice.ivyresolve.ErrorHandlingModuleComponentRepository$ErrorHandlingModuleComponentRepositoryAccess::tryResolveAndMaybeBlacklist (221 bytes)

VM state:not at safepoint (normal execution)

VM Mutex/Monitor currently owned by a thread: None

Heap address: 0x0000000080000000, size: 2048 MB, Compressed Oops mode: 32-bit
Narrow klass base: 0x0000000000000000, Narrow klass shift: 3
Compressed class space size: 1073741824 Address: 0x0000000100000000

Heap:
 garbage-first heap   total 300032K, used 252035K [0x0000000080000000, 0x0000000100000000)
  region size 1024K, 134 young (137216K), 5 survivors (5120K)
 Metaspace       used 120777K, capacity 125572K, committed 125696K, reserved 1157120K
  class space    used 15301K, capacity 17135K, committed 17152K, reserved 1048576K
Heap Regions: E=young(eden), S=young(survivor), O=old, HS=humongous(starts), HC=humongous(continues), CS=collection set, F=free, A=archive, TAMS=top-at-mark-start (previous, next)
|   0|0x0000000080000000, 0x0000000080100000, 0x0000000080100000|100%| O|  |TAMS 0x0000000080100000, 0x0000000080000000| Untracked 
|   1|0x0000000080100000, 0x0000000080200000, 0x0000000080200000|100%| O|  |TAMS 0x0000000080200000, 0x0000000080100000| Untracked 
|   2|0x0000000080200000, 0x0000000080300000, 0x0000000080300000|100%| O|  |TAMS 0x0000000080300000, 0x0000000080200000| Untracked 
|   3|0x0000000080300000, 0x0000000080400000, 0x0000000080400000|100%|HS|  |TAMS 0x0000000080400000, 0x0000000080300000| Complete 
|   4|0x0000000080400000, 0x0000000080500000, 0x0000000080500000|100%|HC|  |TAMS 0x0000000080500000, 0x0000000080400000| Complete 
|   5|0x0000000080500000, 0x0000000080600000, 0x0000000080600000|100%|HC|  |TAMS 0x0000000080600000, 0x0000000080500000| Complete 
|   6|0x0000000080600000, 0x0000000080700000, 0x0000000080700000|100%| O|  |TAMS 0x0000000080700000, 0x0000000080600000| Untracked 
|   7|0x0000000080700000, 0x0000000080800000, 0x0000000080800000|100%| O|  |TAMS 0x0000000080800000, 0x0000000080700000| Untracked 
|   8|0x0000000080800000, 0x0000000080900000, 0x0000000080900000|100%| O|  |TAMS 0x0000000080900000, 0x0000000080800000| Untracked 
|   9|0x0000000080900000, 0x0000000080a00000, 0x0000000080a00000|100%| O|  |TAMS 0x0000000080a00000, 0x0000000080900000| Untracked 
|  10|0x0000000080a00000, 0x0000000080b00000, 0x0000000080b00000|100%| O|  |TAMS 0x0000000080b00000, 0x0000000080a00000| Untracked 
|  11|0x0000000080b00000, 0x0000000080c00000, 0x0000000080c00000|100%| O|  |TAMS 0x0000000080c00000, 0x0000000080b00000| Untracked 
|  12|0x0000000080c00000, 0x0000000080d00000, 0x0000000080d00000|100%| O|  |TAMS 0x0000000080d00000, 0x0000000080c00000| Untracked 
|  13|0x0000000080d00000, 0x0000000080e00000, 0x0000000080e00000|100%| O|  |TAMS 0x0000000080e00000, 0x0000000080d00000| Untracked 
|  14|0x0000000080e00000, 0x0000000080f00000, 0x0000000080f00000|100%| O|  |TAMS 0x0000000080f00000, 0x0000000080e00000| Untracked 
|  15|0x0000000080f00000, 0x0000000081000000, 0x0000000081000000|100%| O|  |TAMS 0x0000000081000000, 0x0000000080f00000| Untracked 
|  16|0x0000000081000000, 0x0000000081100000, 0x0000000081100000|100%|HS|  |TAMS 0x0000000081100000, 0x0000000081000000| Complete 
|  17|0x0000000081100000, 0x0000000081200000, 0x0000000081200000|100%| O|  |TAMS 0x0000000081200000, 0x0000000081100000| Untracked 
|  18|0x0000000081200000, 0x0000000081300000, 0x0000000081300000|100%| O|  |TAMS 0x0000000081300000, 0x0000000081200000| Untracked 
|  19|0x0000000081300000, 0x0000000081400000, 0x0000000081400000|100%| O|  |TAMS 0x0000000081400000, 0x0000000081300000| Untracked 
|  20|0x0000000081400000, 0x0000000081500000, 0x0000000081500000|100%| O|  |TAMS 0x0000000081500000, 0x0000000081400000| Untracked 
|  21|0x0000000081500000, 0x0000000081600000, 0x0000000081600000|100%| O|  |TAMS 0x0000000081600000, 0x0000000081500000| Untracked 
|  22|0x0000000081600000, 0x0000000081700000, 0x0000000081700000|100%| O|  |TAMS 0x0000000081700000, 0x0000000081600000| Untracked 
|  23|0x0000000081700000, 0x0000000081800000, 0x0000000081800000|100%| O|  |TAMS 0x0000000081800000, 0x0000000081700000| Untracked 
|  24|0x0000000081800000, 0x0000000081900000, 0x0000000081900000|100%| O|  |TAMS 0x0000000081900000, 0x0000000081800000| Untracked 
|  25|0x0000000081900000, 0x0000000081a00000, 0x0000000081a00000|100%| O|  |TAMS 0x0000000081a00000, 0x0000000081900000| Untracked 
|  26|0x0000000081a00000, 0x0000000081b00000, 0x0000000081b00000|100%| O|  |TAMS 0x0000000081b00000, 0x0000000081a00000| Untracked 
|  27|0x0000000081b00000, 0x0000000081c00000, 0x0000000081c00000|100%| O|  |TAMS 0x0000000081c00000, 0x0000000081b00000| Untracked 
|  28|0x0000000081c00000, 0x0000000081d00000, 0x0000000081d00000|100%|HS|  |TAMS 0x0000000081d00000, 0x0000000081c00000| Complete 
|  29|0x0000000081d00000, 0x0000000081e00000, 0x0000000081e00000|100%|HS|  |TAMS 0x0000000081e00000, 0x0000000081d00000| Complete 
|  30|0x0000000081e00000, 0x0000000081f00000, 0x0000000081f00000|100%|HC|  |TAMS 0x0000000081f00000, 0x0000000081e00000| Complete 
|  31|0x0000000081f00000, 0x0000000082000000, 0x0000000082000000|100%| O|  |TAMS 0x0000000082000000, 0x0000000081f00000| Untracked 
|  32|0x0000000082000000, 0x0000000082100000, 0x0000000082100000|100%| O|  |TAMS 0x0000000082100000, 0x0000000082000000| Untracked 
|  33|0x0000000082100000, 0x0000000082200000, 0x0000000082200000|100%| O|  |TAMS 0x0000000082200000, 0x0000000082100000| Untracked 
|  34|0x0000000082200000, 0x0000000082300000, 0x0000000082300000|100%| O|  |TAMS 0x0000000082300000, 0x0000000082200000| Untracked 
|  35|0x0000000082300000, 0x0000000082400000, 0x0000000082400000|100%| O|  |TAMS 0x0000000082400000, 0x0000000082300000| Untracked 
|  36|0x0000000082400000, 0x0000000082500000, 0x0000000082500000|100%| O|  |TAMS 0x0000000082500000, 0x0000000082400000| Untracked 
|  37|0x0000000082500000, 0x0000000082600000, 0x0000000082600000|100%| O|  |TAMS 0x0000000082600000, 0x0000000082500000| Untracked 
|  38|0x0000000082600000, 0x0000000082700000, 0x0000000082700000|100%| O|  |TAMS 0x0000000082700000, 0x0000000082600000| Untracked 
|  39|0x0000000082700000, 0x0000000082800000, 0x0000000082800000|100%| O|  |TAMS 0x0000000082800000, 0x0000000082700000| Untracked 
|  40|0x0000000082800000, 0x0000000082900000, 0x0000000082900000|100%| O|  |TAMS 0x0000000082900000, 0x0000000082800000| Untracked 
|  41|0x0000000082900000, 0x0000000082a00000, 0x0000000082a00000|100%| O|  |TAMS 0x0000000082a00000, 0x0000000082900000| Untracked 
|  42|0x0000000082a00000, 0x0000000082b00000, 0x0000000082b00000|100%| O|  |TAMS 0x0000000082b00000, 0x0000000082a00000| Untracked 
|  43|0x0000000082b00000, 0x0000000082c00000, 0x0000000082c00000|100%| O|  |TAMS 0x0000000082c00000, 0x0000000082b00000| Untracked 
|  44|0x0000000082c00000, 0x0000000082d00000, 0x0000000082d00000|100%| O|  |TAMS 0x0000000082d00000, 0x0000000082c00000| Untracked 
|  45|0x0000000082d00000, 0x0000000082e00000, 0x0000000082e00000|100%| O|  |TAMS 0x0000000082e00000, 0x0000000082d00000| Untracked 
|  46|0x0000000082e00000, 0x0000000082f00000, 0x0000000082f00000|100%| O|  |TAMS 0x0000000082f00000, 0x0000000082e00000| Untracked 
|  47|0x0000000082f00000, 0x0000000083000000, 0x0000000083000000|100%| O|  |TAMS 0x0000000083000000, 0x0000000082f00000| Untracked 
|  48|0x0000000083000000, 0x0000000083100000, 0x0000000083100000|100%| O|  |TAMS 0x0000000083100000, 0x0000000083000000| Untracked 
|  49|0x0000000083100000, 0x0000000083200000, 0x0000000083200000|100%| O|  |TAMS 0x0000000083200000, 0x0000000083100000| Untracked 
|  50|0x0000000083200000, 0x0000000083300000, 0x0000000083300000|100%| O|  |TAMS 0x0000000083300000, 0x0000000083200000| Untracked 
|  51|0x0000000083300000, 0x0000000083400000, 0x0000000083400000|100%| O|  |TAMS 0x0000000083400000, 0x0000000083300000| Untracked 
|  52|0x0000000083400000, 0x0000000083500000, 0x0000000083500000|100%| O|  |TAMS 0x0000000083500000, 0x0000000083400000| Untracked 
|  53|0x0000000083500000, 0x0000000083600000, 0x0000000083600000|100%| O|  |TAMS 0x0000000083600000, 0x0000000083500000| Untracked 
|  54|0x0000000083600000, 0x0000000083700000, 0x0000000083700000|100%| O|  |TAMS 0x0000000083700000, 0x0000000083600000| Untracked 
|  55|0x0000000083700000, 0x0000000083800000, 0x0000000083800000|100%| O|  |TAMS 0x0000000083800000, 0x0000000083700000| Untracked 
|  56|0x0000000083800000, 0x0000000083900000, 0x0000000083900000|100%| O|  |TAMS 0x0000000083900000, 0x0000000083800000| Untracked 
|  57|0x0000000083900000, 0x0000000083a00000, 0x0000000083a00000|100%| O|  |TAMS 0x0000000083a00000, 0x0000000083900000| Untracked 
|  58|0x0000000083a00000, 0x0000000083b00000, 0x0000000083b00000|100%| O|  |TAMS 0x0000000083b00000, 0x0000000083a00000| Untracked 
|  59|0x0000000083b00000, 0x0000000083c00000, 0x0000000083c00000|100%| O|  |TAMS 0x0000000083c00000, 0x0000000083b00000| Untracked 
|  60|0x0000000083c00000, 0x0000000083d00000, 0x0000000083d00000|100%| O|  |TAMS 0x0000000083d00000, 0x0000000083c00000| Untracked 
|  61|0x0000000083d00000, 0x0000000083e00000, 0x0000000083e00000|100%| O|  |TAMS 0x0000000083e00000, 0x0000000083d00000| Untracked 
|  62|0x0000000083e00000, 0x0000000083f00000, 0x0000000083f00000|100%| O|  |TAMS 0x0000000083f00000, 0x0000000083e00000| Untracked 
|  63|0x0000000083f00000, 0x0000000084000000, 0x0000000084000000|100%| O|  |TAMS 0x0000000084000000, 0x0000000083f00000| Untracked 
|  64|0x0000000084000000, 0x0000000084100000, 0x0000000084100000|100%| O|  |TAMS 0x0000000084100000, 0x0000000084000000| Untracked 
|  65|0x0000000084100000, 0x0000000084200000, 0x0000000084200000|100%| O|  |TAMS 0x0000000084200000, 0x0000000084100000| Untracked 
|  66|0x0000000084200000, 0x0000000084300000, 0x0000000084300000|100%| O|  |TAMS 0x0000000084300000, 0x0000000084200000| Untracked 
|  67|0x0000000084300000, 0x0000000084400000, 0x0000000084400000|100%| O|  |TAMS 0x0000000084300000, 0x0000000084300000| Untracked 
|  68|0x0000000084400000, 0x0000000084500000, 0x0000000084500000|100%| O|  |TAMS 0x0000000084400000, 0x0000000084400000| Untracked 
|  69|0x0000000084500000, 0x0000000084600000, 0x0000000084600000|100%| O|  |TAMS 0x0000000084500000, 0x0000000084500000| Untracked 
|  70|0x0000000084600000, 0x0000000084700000, 0x0000000084700000|100%| O|  |TAMS 0x0000000084600000, 0x0000000084600000| Untracked 
|  71|0x0000000084700000, 0x0000000084800000, 0x0000000084800000|100%|HS|  |TAMS 0x0000000084700000, 0x0000000084700000| Complete 
|  72|0x0000000084800000, 0x0000000084900000, 0x0000000084900000|100%| O|  |TAMS 0x0000000084900000, 0x0000000084800000| Untracked 
|  73|0x0000000084900000, 0x0000000084a00000, 0x0000000084a00000|100%| O|  |TAMS 0x0000000084a00000, 0x0000000084900000| Untracked 
|  74|0x0000000084a00000, 0x0000000084b00000, 0x0000000084b00000|100%| O|  |TAMS 0x0000000084b00000, 0x0000000084a00000| Untracked 
|  75|0x0000000084b00000, 0x0000000084c00000, 0x0000000084c00000|100%| O|  |TAMS 0x0000000084c00000, 0x0000000084b00000| Untracked 
|  76|0x0000000084c00000, 0x0000000084d00000, 0x0000000084d00000|100%| O|  |TAMS 0x0000000084c00000, 0x0000000084c00000| Untracked 
|  77|0x0000000084d00000, 0x0000000084e00000, 0x0000000084e00000|100%| O|  |TAMS 0x0000000084e00000, 0x0000000084d00000| Untracked 
|  78|0x0000000084e00000, 0x0000000084f00000, 0x0000000084f00000|100%| O|  |TAMS 0x0000000084f00000, 0x0000000084e00000| Untracked 
|  79|0x0000000084f00000, 0x0000000085000000, 0x0000000085000000|100%| O|  |TAMS 0x0000000085000000, 0x0000000084f00000| Untracked 
|  80|0x0000000085000000, 0x0000000085100000, 0x0000000085100000|100%| O|  |TAMS 0x0000000085000000, 0x0000000085000000| Untracked 
|  81|0x0000000085100000, 0x0000000085200000, 0x0000000085200000|100%| O|  |TAMS 0x0000000085200000, 0x0000000085100000| Untracked 
|  82|0x0000000085200000, 0x0000000085300000, 0x0000000085300000|100%| O|  |TAMS 0x0000000085200000, 0x0000000085200000| Untracked 
|  83|0x0000000085300000, 0x0000000085400000, 0x0000000085400000|100%| O|  |TAMS 0x0000000085300000, 0x0000000085300000| Untracked 
|  84|0x0000000085400000, 0x0000000085500000, 0x0000000085500000|100%| O|  |TAMS 0x0000000085400000, 0x0000000085400000| Untracked 
|  85|0x0000000085500000, 0x0000000085600000, 0x0000000085600000|100%| O|  |TAMS 0x0000000085500000, 0x0000000085500000| Untracked 
|  86|0x0000000085600000, 0x0000000085700000, 0x0000000085700000|100%| O|  |TAMS 0x0000000085600000, 0x0000000085600000| Untracked 
|  87|0x0000000085700000, 0x0000000085800000, 0x0000000085800000|100%| O|  |TAMS 0x0000000085700000, 0x0000000085700000| Untracked 
|  88|0x0000000085800000, 0x0000000085900000, 0x0000000085900000|100%| O|  |TAMS 0x0000000085800000, 0x0000000085800000| Untracked 
|  89|0x0000000085900000, 0x0000000085a00000, 0x0000000085a00000|100%| O|  |TAMS 0x0000000085900000, 0x0000000085900000| Untracked 
|  90|0x0000000085a00000, 0x0000000085b00000, 0x0000000085b00000|100%| O|  |TAMS 0x0000000085b00000, 0x0000000085a00000| Untracked 
|  91|0x0000000085b00000, 0x0000000085c00000, 0x0000000085c00000|100%| O|  |TAMS 0x0000000085c00000, 0x0000000085b00000| Untracked 
|  92|0x0000000085c00000, 0x0000000085d00000, 0x0000000085d00000|100%| O|  |TAMS 0x0000000085d00000, 0x0000000085c00000| Untracked 
|  93|0x0000000085d00000, 0x0000000085e00000, 0x0000000085e00000|100%| O|  |TAMS 0x0000000085e00000, 0x0000000085d00000| Untracked 
|  94|0x0000000085e00000, 0x0000000085f00000, 0x0000000085f00000|100%|HS|  |TAMS 0x0000000085e00000, 0x0000000085e00000| Complete 
|  95|0x0000000085f00000, 0x0000000086000000, 0x0000000086000000|100%|HC|  |TAMS 0x0000000085f00000, 0x0000000085f00000| Complete 
|  96|0x0000000086000000, 0x0000000086100000, 0x0000000086100000|100%|HS|  |TAMS 0x0000000086000000, 0x0000000086000000| Complete 
|  97|0x0000000086100000, 0x0000000086200000, 0x0000000086200000|100%|HC|  |TAMS 0x0000000086100000, 0x0000000086100000| Complete 
|  98|0x0000000086200000, 0x0000000086300000, 0x0000000086300000|100%|HS|  |TAMS 0x0000000086200000, 0x0000000086200000| Complete 
|  99|0x0000000086300000, 0x0000000086400000, 0x0000000086400000|100%|HC|  |TAMS 0x0000000086300000, 0x0000000086300000| Complete 
| 100|0x0000000086400000, 0x00000000864e8200, 0x0000000086500000| 90%| O|  |TAMS 0x0000000086400000, 0x0000000086400000| Untracked 
| 101|0x0000000086500000, 0x0000000086600000, 0x0000000086600000|100%| O|  |TAMS 0x0000000086500000, 0x0000000086500000| Untracked 
| 102|0x0000000086600000, 0x0000000086700000, 0x0000000086700000|100%| O|  |TAMS 0x0000000086600000, 0x0000000086600000| Untracked 
| 103|0x0000000086700000, 0x0000000086700000, 0x0000000086800000|  0%| F|  |TAMS 0x0000000086700000, 0x0000000086700000| Untracked 
| 104|0x0000000086800000, 0x0000000086900000, 0x0000000086900000|100%| O|  |TAMS 0x0000000086800000, 0x0000000086800000| Untracked 
| 105|0x0000000086900000, 0x0000000086900000, 0x0000000086a00000|  0%| F|  |TAMS 0x0000000086900000, 0x0000000086900000| Untracked 
| 106|0x0000000086a00000, 0x0000000086b00000, 0x0000000086b00000|100%| O|  |TAMS 0x0000000086a00000, 0x0000000086a00000| Untracked 
| 107|0x0000000086b00000, 0x0000000086c00000, 0x0000000086c00000|100%|HS|  |TAMS 0x0000000086b00000, 0x0000000086b00000| Complete 
| 108|0x0000000086c00000, 0x0000000086d00000, 0x0000000086d00000|100%|HC|  |TAMS 0x0000000086c00000, 0x0000000086c00000| Complete 
| 109|0x0000000086d00000, 0x0000000086d00000, 0x0000000086e00000|  0%| F|  |TAMS 0x0000000086d00000, 0x0000000086d00000| Untracked 
| 110|0x0000000086e00000, 0x0000000086e00000, 0x0000000086f00000|  0%| F|  |TAMS 0x0000000086e00000, 0x0000000086e00000| Untracked 
| 111|0x0000000086f00000, 0x0000000086f00000, 0x0000000087000000|  0%| F|  |TAMS 0x0000000086f00000, 0x0000000086f00000| Untracked 
| 112|0x0000000087000000, 0x0000000087000000, 0x0000000087100000|  0%| F|  |TAMS 0x0000000087000000, 0x0000000087000000| Untracked 
| 113|0x0000000087100000, 0x0000000087100000, 0x0000000087200000|  0%| F|  |TAMS 0x0000000087100000, 0x0000000087100000| Untracked 
| 114|0x0000000087200000, 0x0000000087300000, 0x0000000087300000|100%|HS|  |TAMS 0x0000000087200000, 0x0000000087200000| Complete 
| 115|0x0000000087300000, 0x0000000087400000, 0x0000000087400000|100%|HC|  |TAMS 0x0000000087300000, 0x0000000087300000| Complete 
| 116|0x0000000087400000, 0x0000000087500000, 0x0000000087500000|100%| O|  |TAMS 0x0000000087500000, 0x0000000087400000| Untracked 
| 117|0x0000000087500000, 0x0000000087600000, 0x0000000087600000|100%| O|  |TAMS 0x0000000087600000, 0x0000000087500000| Untracked 
| 118|0x0000000087600000, 0x0000000087600000, 0x0000000087700000|  0%| F|  |TAMS 0x0000000087600000, 0x0000000087600000| Untracked 
| 119|0x0000000087700000, 0x0000000087700000, 0x0000000087800000|  0%| F|  |TAMS 0x0000000087700000, 0x0000000087700000| Untracked 
| 120|0x0000000087800000, 0x0000000087800000, 0x0000000087900000|  0%| F|  |TAMS 0x0000000087800000, 0x0000000087800000| Untracked 
| 121|0x0000000087900000, 0x0000000087a00000, 0x0000000087a00000|100%| O|  |TAMS 0x0000000087a00000, 0x0000000087900000| Untracked 
| 122|0x0000000087a00000, 0x0000000087a00000, 0x0000000087b00000|  0%| F|  |TAMS 0x0000000087a00000, 0x0000000087a00000| Untracked 
| 123|0x0000000087b00000, 0x0000000087b00000, 0x0000000087c00000|  0%| F|  |TAMS 0x0000000087b00000, 0x0000000087b00000| Untracked 
| 124|0x0000000087c00000, 0x0000000087d00000, 0x0000000087d00000|100%| O|  |TAMS 0x0000000087d00000, 0x0000000087c00000| Untracked 
| 125|0x0000000087d00000, 0x0000000087d00000, 0x0000000087e00000|  0%| F|  |TAMS 0x0000000087d00000, 0x0000000087d00000| Untracked 
| 126|0x0000000087e00000, 0x0000000087f00000, 0x0000000087f00000|100%|HS|  |TAMS 0x0000000087e00000, 0x0000000087e00000| Complete 
| 127|0x0000000087f00000, 0x0000000088000000, 0x0000000088000000|100%|HC|  |TAMS 0x0000000087f00000, 0x0000000087f00000| Complete 
| 128|0x0000000088000000, 0x0000000088000000, 0x0000000088100000|  0%| F|  |TAMS 0x0000000088000000, 0x0000000088000000| Untracked 
| 129|0x0000000088100000, 0x0000000088100000, 0x0000000088200000|  0%| F|  |TAMS 0x0000000088100000, 0x0000000088100000| Untracked 
| 130|0x0000000088200000, 0x0000000088200000, 0x0000000088300000|  0%| F|  |TAMS 0x0000000088200000, 0x0000000088200000| Untracked 
| 131|0x0000000088300000, 0x0000000088300000, 0x0000000088400000|  0%| F|  |TAMS 0x0000000088300000, 0x0000000088300000| Untracked 
| 132|0x0000000088400000, 0x0000000088400000, 0x0000000088500000|  0%| F|  |TAMS 0x0000000088400000, 0x0000000088400000| Untracked 
| 133|0x0000000088500000, 0x0000000088500000, 0x0000000088600000|  0%| F|  |TAMS 0x0000000088500000, 0x0000000088500000| Untracked 
| 134|0x0000000088600000, 0x0000000088600000, 0x0000000088700000|  0%| F|  |TAMS 0x0000000088600000, 0x0000000088600000| Untracked 
| 135|0x0000000088700000, 0x0000000088700000, 0x0000000088800000|  0%| F|  |TAMS 0x0000000088700000, 0x0000000088700000| Untracked 
| 136|0x0000000088800000, 0x0000000088800000, 0x0000000088900000|  0%| F|  |TAMS 0x0000000088800000, 0x0000000088800000| Untracked 
| 137|0x0000000088900000, 0x0000000088900000, 0x0000000088a00000|  0%| F|  |TAMS 0x0000000088900000, 0x0000000088900000| Untracked 
| 138|0x0000000088a00000, 0x0000000088a00000, 0x0000000088b00000|  0%| F|  |TAMS 0x0000000088a00000, 0x0000000088a00000| Untracked 
| 139|0x0000000088b00000, 0x0000000088b00000, 0x0000000088c00000|  0%| F|  |TAMS 0x0000000088b00000, 0x0000000088b00000| Untracked 
| 140|0x0000000088c00000, 0x0000000088c00000, 0x0000000088d00000|  0%| F|  |TAMS 0x0000000088c00000, 0x0000000088c00000| Untracked 
| 141|0x0000000088d00000, 0x0000000088d00000, 0x0000000088e00000|  0%| F|  |TAMS 0x0000000088d00000, 0x0000000088d00000| Untracked 
| 142|0x0000000088e00000, 0x0000000088e00000, 0x0000000088f00000|  0%| F|  |TAMS 0x0000000088e00000, 0x0000000088e00000| Untracked 
| 143|0x0000000088f00000, 0x0000000088f00000, 0x0000000089000000|  0%| F|  |TAMS 0x0000000088f00000, 0x0000000088f00000| Untracked 
| 144|0x0000000089000000, 0x0000000089000000, 0x0000000089100000|  0%| F|  |TAMS 0x0000000089000000, 0x0000000089000000| Untracked 
| 145|0x0000000089100000, 0x0000000089100000, 0x0000000089200000|  0%| F|  |TAMS 0x0000000089100000, 0x0000000089100000| Untracked 
| 146|0x0000000089200000, 0x0000000089200000, 0x0000000089300000|  0%| F|  |TAMS 0x0000000089200000, 0x0000000089200000| Untracked 
| 147|0x0000000089300000, 0x0000000089300000, 0x0000000089400000|  0%| F|  |TAMS 0x0000000089300000, 0x0000000089300000| Untracked 
| 148|0x0000000089400000, 0x0000000089400000, 0x0000000089500000|  0%| F|  |TAMS 0x0000000089400000, 0x0000000089400000| Untracked 
| 149|0x0000000089500000, 0x0000000089500000, 0x0000000089600000|  0%| F|  |TAMS 0x0000000089500000, 0x0000000089500000| Untracked 
| 150|0x0000000089600000, 0x0000000089600000, 0x0000000089700000|  0%| F|  |TAMS 0x0000000089600000, 0x0000000089600000| Untracked 
| 151|0x0000000089700000, 0x0000000089700000, 0x0000000089800000|  0%| F|  |TAMS 0x0000000089700000, 0x0000000089700000| Untracked 
| 152|0x0000000089800000, 0x0000000089800000, 0x0000000089900000|  0%| F|  |TAMS 0x0000000089800000, 0x0000000089800000| Untracked 
| 153|0x0000000089900000, 0x0000000089900000, 0x0000000089a00000|  0%| F|  |TAMS 0x0000000089900000, 0x0000000089900000| Untracked 
| 154|0x0000000089a00000, 0x0000000089a38a90, 0x0000000089b00000| 22%| S|CS|TAMS 0x0000000089a00000, 0x0000000089a00000| Complete 
| 155|0x0000000089b00000, 0x0000000089b00000, 0x0000000089c00000|  0%| F|  |TAMS 0x0000000089b00000, 0x0000000089b00000| Untracked 
| 156|0x0000000089c00000, 0x0000000089c16d60, 0x0000000089d00000|  8%| E|  |TAMS 0x0000000089c00000, 0x0000000089c00000| Complete 
| 157|0x0000000089d00000, 0x0000000089e00000, 0x0000000089e00000|100%| E|CS|TAMS 0x0000000089d00000, 0x0000000089d00000| Complete 
| 158|0x0000000089e00000, 0x0000000089f00000, 0x0000000089f00000|100%| E|  |TAMS 0x0000000089e00000, 0x0000000089e00000| Complete 
| 159|0x0000000089f00000, 0x000000008a000000, 0x000000008a000000|100%| E|CS|TAMS 0x0000000089f00000, 0x0000000089f00000| Complete 
| 160|0x000000008a000000, 0x000000008a100000, 0x000000008a100000|100%| E|CS|TAMS 0x000000008a000000, 0x000000008a000000| Complete 
| 161|0x000000008a100000, 0x000000008a200000, 0x000000008a200000|100%| E|CS|TAMS 0x000000008a100000, 0x000000008a100000| Complete 
| 162|0x000000008a200000, 0x000000008a300000, 0x000000008a300000|100%| S|CS|TAMS 0x000000008a200000, 0x000000008a200000| Complete 
| 163|0x000000008a300000, 0x000000008a400000, 0x000000008a400000|100%| S|CS|TAMS 0x000000008a300000, 0x000000008a300000| Complete 
| 164|0x000000008a400000, 0x000000008a500000, 0x000000008a500000|100%| S|CS|TAMS 0x000000008a400000, 0x000000008a400000| Complete 
| 165|0x000000008a500000, 0x000000008a600000, 0x000000008a600000|100%| S|CS|TAMS 0x000000008a500000, 0x000000008a500000| Complete 
| 166|0x000000008a600000, 0x000000008a700000, 0x000000008a700000|100%| E|CS|TAMS 0x000000008a600000, 0x000000008a600000| Complete 
| 167|0x000000008a700000, 0x000000008a800000, 0x000000008a800000|100%| E|CS|TAMS 0x000000008a700000, 0x000000008a700000| Complete 
| 168|0x000000008a800000, 0x000000008a900000, 0x000000008a900000|100%| E|CS|TAMS 0x000000008a800000, 0x000000008a800000| Complete 
| 169|0x000000008a900000, 0x000000008aa00000, 0x000000008aa00000|100%| E|CS|TAMS 0x000000008a900000, 0x000000008a900000| Complete 
| 170|0x000000008aa00000, 0x000000008ab00000, 0x000000008ab00000|100%| E|CS|TAMS 0x000000008aa00000, 0x000000008aa00000| Complete 
| 171|0x000000008ab00000, 0x000000008ac00000, 0x000000008ac00000|100%| E|CS|TAMS 0x000000008ab00000, 0x000000008ab00000| Complete 
| 172|0x000000008ac00000, 0x000000008ad00000, 0x000000008ad00000|100%| E|CS|TAMS 0x000000008ac00000, 0x000000008ac00000| Complete 
| 173|0x000000008ad00000, 0x000000008ae00000, 0x000000008ae00000|100%| E|CS|TAMS 0x000000008ad00000, 0x000000008ad00000| Complete 
| 174|0x000000008ae00000, 0x000000008af00000, 0x000000008af00000|100%| E|CS|TAMS 0x000000008ae00000, 0x000000008ae00000| Complete 
| 175|0x000000008af00000, 0x000000008b000000, 0x000000008b000000|100%| E|CS|TAMS 0x000000008af00000, 0x000000008af00000| Complete 
| 176|0x000000008b000000, 0x000000008b100000, 0x000000008b100000|100%| E|CS|TAMS 0x000000008b000000, 0x000000008b000000| Complete 
| 177|0x000000008b100000, 0x000000008b200000, 0x000000008b200000|100%| E|CS|TAMS 0x000000008b100000, 0x000000008b100000| Complete 
| 178|0x000000008b200000, 0x000000008b300000, 0x000000008b300000|100%| E|CS|TAMS 0x000000008b200000, 0x000000008b200000| Complete 
| 179|0x000000008b300000, 0x000000008b400000, 0x000000008b400000|100%| E|CS|TAMS 0x000000008b300000, 0x000000008b300000| Complete 
| 180|0x000000008b400000, 0x000000008b500000, 0x000000008b500000|100%| E|CS|TAMS 0x000000008b400000, 0x000000008b400000| Complete 
| 181|0x000000008b500000, 0x000000008b600000, 0x000000008b600000|100%| E|CS|TAMS 0x000000008b500000, 0x000000008b500000| Complete 
| 182|0x000000008b600000, 0x000000008b700000, 0x000000008b700000|100%| E|CS|TAMS 0x000000008b600000, 0x000000008b600000| Complete 
| 183|0x000000008b700000, 0x000000008b800000, 0x000000008b800000|100%| E|CS|TAMS 0x000000008b700000, 0x000000008b700000| Complete 
| 184|0x000000008b800000, 0x000000008b900000, 0x000000008b900000|100%| E|CS|TAMS 0x000000008b800000, 0x000000008b800000| Complete 
| 185|0x000000008b900000, 0x000000008ba00000, 0x000000008ba00000|100%| E|CS|TAMS 0x000000008b900000, 0x000000008b900000| Complete 
| 186|0x000000008ba00000, 0x000000008bb00000, 0x000000008bb00000|100%| E|CS|TAMS 0x000000008ba00000, 0x000000008ba00000| Complete 
| 187|0x000000008bb00000, 0x000000008bc00000, 0x000000008bc00000|100%| E|CS|TAMS 0x000000008bb00000, 0x000000008bb00000| Complete 
| 188|0x000000008bc00000, 0x000000008bd00000, 0x000000008bd00000|100%| E|CS|TAMS 0x000000008bc00000, 0x000000008bc00000| Complete 
| 189|0x000000008bd00000, 0x000000008be00000, 0x000000008be00000|100%| E|CS|TAMS 0x000000008bd00000, 0x000000008bd00000| Complete 
| 190|0x000000008be00000, 0x000000008bf00000, 0x000000008bf00000|100%| E|CS|TAMS 0x000000008be00000, 0x000000008be00000| Complete 
| 191|0x000000008bf00000, 0x000000008c000000, 0x000000008c000000|100%| E|CS|TAMS 0x000000008bf00000, 0x000000008bf00000| Complete 
| 192|0x000000008c000000, 0x000000008c100000, 0x000000008c100000|100%| E|CS|TAMS 0x000000008c000000, 0x000000008c000000| Complete 
| 193|0x000000008c100000, 0x000000008c200000, 0x000000008c200000|100%| E|CS|TAMS 0x000000008c100000, 0x000000008c100000| Complete 
| 194|0x000000008c200000, 0x000000008c300000, 0x000000008c300000|100%| E|CS|TAMS 0x000000008c200000, 0x000000008c200000| Complete 
| 195|0x000000008c300000, 0x000000008c400000, 0x000000008c400000|100%| E|CS|TAMS 0x000000008c300000, 0x000000008c300000| Complete 
| 196|0x000000008c400000, 0x000000008c500000, 0x000000008c500000|100%| E|CS|TAMS 0x000000008c400000, 0x000000008c400000| Complete 
| 197|0x000000008c500000, 0x000000008c600000, 0x000000008c600000|100%| E|CS|TAMS 0x000000008c500000, 0x000000008c500000| Complete 
| 198|0x000000008c600000, 0x000000008c700000, 0x000000008c700000|100%| E|CS|TAMS 0x000000008c600000, 0x000000008c600000| Complete 
| 199|0x000000008c700000, 0x000000008c800000, 0x000000008c800000|100%| E|CS|TAMS 0x000000008c700000, 0x000000008c700000| Complete 
| 200|0x000000008c800000, 0x000000008c900000, 0x000000008c900000|100%| E|CS|TAMS 0x000000008c800000, 0x000000008c800000| Complete 
| 201|0x000000008c900000, 0x000000008ca00000, 0x000000008ca00000|100%| E|CS|TAMS 0x000000008c900000, 0x000000008c900000| Complete 
| 202|0x000000008ca00000, 0x000000008cb00000, 0x000000008cb00000|100%| E|CS|TAMS 0x000000008ca00000, 0x000000008ca00000| Complete 
| 203|0x000000008cb00000, 0x000000008cc00000, 0x000000008cc00000|100%| E|CS|TAMS 0x000000008cb00000, 0x000000008cb00000| Complete 
| 204|0x000000008cc00000, 0x000000008cd00000, 0x000000008cd00000|100%| E|CS|TAMS 0x000000008cc00000, 0x000000008cc00000| Complete 
| 205|0x000000008cd00000, 0x000000008ce00000, 0x000000008ce00000|100%| E|CS|TAMS 0x000000008cd00000, 0x000000008cd00000| Complete 
| 206|0x000000008ce00000, 0x000000008cf00000, 0x000000008cf00000|100%| E|CS|TAMS 0x000000008ce00000, 0x000000008ce00000| Complete 
| 207|0x000000008cf00000, 0x000000008d000000, 0x000000008d000000|100%| E|CS|TAMS 0x000000008cf00000, 0x000000008cf00000| Complete 
| 208|0x000000008d000000, 0x000000008d100000, 0x000000008d100000|100%| E|CS|TAMS 0x000000008d000000, 0x000000008d000000| Complete 
| 209|0x000000008d100000, 0x000000008d200000, 0x000000008d200000|100%| E|CS|TAMS 0x000000008d100000, 0x000000008d100000| Complete 
| 210|0x000000008d200000, 0x000000008d300000, 0x000000008d300000|100%| E|CS|TAMS 0x000000008d200000, 0x000000008d200000| Complete 
| 211|0x000000008d300000, 0x000000008d400000, 0x000000008d400000|100%| E|CS|TAMS 0x000000008d300000, 0x000000008d300000| Complete 
| 212|0x000000008d400000, 0x000000008d500000, 0x000000008d500000|100%| E|CS|TAMS 0x000000008d400000, 0x000000008d400000| Complete 
| 213|0x000000008d500000, 0x000000008d600000, 0x000000008d600000|100%| E|CS|TAMS 0x000000008d500000, 0x000000008d500000| Complete 
| 214|0x000000008d600000, 0x000000008d700000, 0x000000008d700000|100%| E|CS|TAMS 0x000000008d600000, 0x000000008d600000| Complete 
| 215|0x000000008d700000, 0x000000008d800000, 0x000000008d800000|100%| E|CS|TAMS 0x000000008d700000, 0x000000008d700000| Complete 
| 216|0x000000008d800000, 0x000000008d900000, 0x000000008d900000|100%| E|CS|TAMS 0x000000008d800000, 0x000000008d800000| Complete 
| 217|0x000000008d900000, 0x000000008da00000, 0x000000008da00000|100%| E|CS|TAMS 0x000000008d900000, 0x000000008d900000| Complete 
| 218|0x000000008da00000, 0x000000008db00000, 0x000000008db00000|100%| E|CS|TAMS 0x000000008da00000, 0x000000008da00000| Complete 
| 219|0x000000008db00000, 0x000000008dc00000, 0x000000008dc00000|100%| E|CS|TAMS 0x000000008db00000, 0x000000008db00000| Complete 
| 220|0x000000008dc00000, 0x000000008dd00000, 0x000000008dd00000|100%| E|CS|TAMS 0x000000008dc00000, 0x000000008dc00000| Complete 
| 221|0x000000008dd00000, 0x000000008de00000, 0x000000008de00000|100%| E|CS|TAMS 0x000000008dd00000, 0x000000008dd00000| Complete 
| 222|0x000000008de00000, 0x000000008df00000, 0x000000008df00000|100%| E|CS|TAMS 0x000000008de00000, 0x000000008de00000| Complete 
| 223|0x000000008df00000, 0x000000008e000000, 0x000000008e000000|100%| E|CS|TAMS 0x000000008df00000, 0x000000008df00000| Complete 
| 224|0x000000008e000000, 0x000000008e100000, 0x000000008e100000|100%| E|CS|TAMS 0x000000008e000000, 0x000000008e000000| Complete 
| 225|0x000000008e100000, 0x000000008e200000, 0x000000008e200000|100%| E|CS|TAMS 0x000000008e100000, 0x000000008e100000| Complete 
| 226|0x000000008e200000, 0x000000008e300000, 0x000000008e300000|100%| E|CS|TAMS 0x000000008e200000, 0x000000008e200000| Complete 
| 227|0x000000008e300000, 0x000000008e400000, 0x000000008e400000|100%| E|CS|TAMS 0x000000008e300000, 0x000000008e300000| Complete 
| 228|0x000000008e400000, 0x000000008e500000, 0x000000008e500000|100%| E|CS|TAMS 0x000000008e400000, 0x000000008e400000| Complete 
| 229|0x000000008e500000, 0x000000008e600000, 0x000000008e600000|100%| E|CS|TAMS 0x000000008e500000, 0x000000008e500000| Complete 
| 230|0x000000008e600000, 0x000000008e700000, 0x000000008e700000|100%| E|CS|TAMS 0x000000008e600000, 0x000000008e600000| Complete 
| 231|0x000000008e700000, 0x000000008e800000, 0x000000008e800000|100%| E|CS|TAMS 0x000000008e700000, 0x000000008e700000| Complete 
| 232|0x000000008e800000, 0x000000008e900000, 0x000000008e900000|100%| E|CS|TAMS 0x000000008e800000, 0x000000008e800000| Complete 
| 233|0x000000008e900000, 0x000000008ea00000, 0x000000008ea00000|100%| E|CS|TAMS 0x000000008e900000, 0x000000008e900000| Complete 
| 234|0x000000008ea00000, 0x000000008eb00000, 0x000000008eb00000|100%| E|CS|TAMS 0x000000008ea00000, 0x000000008ea00000| Complete 
| 235|0x000000008eb00000, 0x000000008ec00000, 0x000000008ec00000|100%| E|CS|TAMS 0x000000008eb00000, 0x000000008eb00000| Complete 
| 236|0x000000008ec00000, 0x000000008ed00000, 0x000000008ed00000|100%| E|CS|TAMS 0x000000008ec00000, 0x000000008ec00000| Complete 
| 237|0x000000008ed00000, 0x000000008ee00000, 0x000000008ee00000|100%| E|CS|TAMS 0x000000008ed00000, 0x000000008ed00000| Complete 
| 238|0x000000008ee00000, 0x000000008ef00000, 0x000000008ef00000|100%| E|CS|TAMS 0x000000008ee00000, 0x000000008ee00000| Complete 
| 239|0x000000008ef00000, 0x000000008f000000, 0x000000008f000000|100%| E|CS|TAMS 0x000000008ef00000, 0x000000008ef00000| Complete 
| 240|0x000000008f000000, 0x000000008f100000, 0x000000008f100000|100%| E|CS|TAMS 0x000000008f000000, 0x000000008f000000| Complete 
| 241|0x000000008f100000, 0x000000008f200000, 0x000000008f200000|100%| E|CS|TAMS 0x000000008f100000, 0x000000008f100000| Complete 
| 242|0x000000008f200000, 0x000000008f300000, 0x000000008f300000|100%| E|CS|TAMS 0x000000008f200000, 0x000000008f200000| Complete 
| 243|0x000000008f300000, 0x000000008f400000, 0x000000008f400000|100%| E|CS|TAMS 0x000000008f300000, 0x000000008f300000| Complete 
| 244|0x000000008f400000, 0x000000008f500000, 0x000000008f500000|100%| E|CS|TAMS 0x000000008f400000, 0x000000008f400000| Complete 
| 245|0x000000008f500000, 0x000000008f600000, 0x000000008f600000|100%| E|CS|TAMS 0x000000008f500000, 0x000000008f500000| Complete 
| 246|0x000000008f600000, 0x000000008f700000, 0x000000008f700000|100%| E|CS|TAMS 0x000000008f600000, 0x000000008f600000| Complete 
| 247|0x000000008f700000, 0x000000008f800000, 0x000000008f800000|100%| E|CS|TAMS 0x000000008f700000, 0x000000008f700000| Complete 
| 248|0x000000008f800000, 0x000000008f900000, 0x000000008f900000|100%| E|CS|TAMS 0x000000008f800000, 0x000000008f800000| Complete 
| 249|0x000000008f900000, 0x000000008fa00000, 0x000000008fa00000|100%| E|CS|TAMS 0x000000008f900000, 0x000000008f900000| Complete 
| 250|0x000000008fa00000, 0x000000008fb00000, 0x000000008fb00000|100%| E|CS|TAMS 0x000000008fa00000, 0x000000008fa00000| Complete 
| 251|0x000000008fb00000, 0x000000008fc00000, 0x000000008fc00000|100%| E|CS|TAMS 0x000000008fb00000, 0x000000008fb00000| Complete 
| 252|0x000000008fc00000, 0x000000008fd00000, 0x000000008fd00000|100%| E|CS|TAMS 0x000000008fc00000, 0x000000008fc00000| Complete 
| 253|0x000000008fd00000, 0x000000008fe00000, 0x000000008fe00000|100%| E|CS|TAMS 0x000000008fd00000, 0x000000008fd00000| Complete 
| 254|0x000000008fe00000, 0x000000008ff00000, 0x000000008ff00000|100%| E|CS|TAMS 0x000000008fe00000, 0x000000008fe00000| Complete 
| 255|0x000000008ff00000, 0x0000000090000000, 0x0000000090000000|100%| E|CS|TAMS 0x000000008ff00000, 0x000000008ff00000| Complete 
| 256|0x0000000090000000, 0x0000000090100000, 0x0000000090100000|100%| E|CS|TAMS 0x0000000090000000, 0x0000000090000000| Complete 
| 257|0x0000000090100000, 0x0000000090200000, 0x0000000090200000|100%| E|CS|TAMS 0x0000000090100000, 0x0000000090100000| Complete 
| 258|0x0000000090200000, 0x0000000090300000, 0x0000000090300000|100%| E|CS|TAMS 0x0000000090200000, 0x0000000090200000| Complete 
| 259|0x0000000090300000, 0x0000000090400000, 0x0000000090400000|100%| E|CS|TAMS 0x0000000090300000, 0x0000000090300000| Complete 
| 260|0x0000000090400000, 0x0000000090500000, 0x0000000090500000|100%| E|CS|TAMS 0x0000000090400000, 0x0000000090400000| Complete 
| 261|0x0000000090500000, 0x0000000090600000, 0x0000000090600000|100%| E|CS|TAMS 0x0000000090500000, 0x0000000090500000| Complete 
| 262|0x0000000090600000, 0x0000000090700000, 0x0000000090700000|100%| E|CS|TAMS 0x0000000090600000, 0x0000000090600000| Complete 
| 263|0x0000000090700000, 0x0000000090800000, 0x0000000090800000|100%| E|CS|TAMS 0x0000000090700000, 0x0000000090700000| Complete 
| 264|0x0000000090800000, 0x0000000090900000, 0x0000000090900000|100%| E|CS|TAMS 0x0000000090800000, 0x0000000090800000| Complete 
| 265|0x0000000090900000, 0x0000000090a00000, 0x0000000090a00000|100%| E|CS|TAMS 0x0000000090900000, 0x0000000090900000| Complete 
| 266|0x0000000090a00000, 0x0000000090b00000, 0x0000000090b00000|100%| E|CS|TAMS 0x0000000090a00000, 0x0000000090a00000| Complete 
| 267|0x0000000090b00000, 0x0000000090c00000, 0x0000000090c00000|100%| E|CS|TAMS 0x0000000090b00000, 0x0000000090b00000| Complete 
| 268|0x0000000090c00000, 0x0000000090d00000, 0x0000000090d00000|100%| E|CS|TAMS 0x0000000090c00000, 0x0000000090c00000| Complete 
| 269|0x0000000090d00000, 0x0000000090e00000, 0x0000000090e00000|100%| E|CS|TAMS 0x0000000090d00000, 0x0000000090d00000| Complete 
| 270|0x0000000090e00000, 0x0000000090f00000, 0x0000000090f00000|100%| E|CS|TAMS 0x0000000090e00000, 0x0000000090e00000| Complete 
| 271|0x0000000090f00000, 0x0000000091000000, 0x0000000091000000|100%| E|CS|TAMS 0x0000000090f00000, 0x0000000090f00000| Complete 
| 272|0x0000000091000000, 0x0000000091100000, 0x0000000091100000|100%| E|CS|TAMS 0x0000000091000000, 0x0000000091000000| Complete 
| 273|0x0000000091100000, 0x0000000091200000, 0x0000000091200000|100%| E|CS|TAMS 0x0000000091100000, 0x0000000091100000| Complete 
| 274|0x0000000091200000, 0x0000000091300000, 0x0000000091300000|100%| E|CS|TAMS 0x0000000091200000, 0x0000000091200000| Complete 
| 275|0x0000000091300000, 0x0000000091400000, 0x0000000091400000|100%| E|CS|TAMS 0x0000000091300000, 0x0000000091300000| Complete 
| 276|0x0000000091400000, 0x0000000091500000, 0x0000000091500000|100%| E|CS|TAMS 0x0000000091400000, 0x0000000091400000| Complete 
| 277|0x0000000091500000, 0x0000000091600000, 0x0000000091600000|100%| E|CS|TAMS 0x0000000091500000, 0x0000000091500000| Complete 
| 278|0x0000000091600000, 0x0000000091700000, 0x0000000091700000|100%| E|CS|TAMS 0x0000000091600000, 0x0000000091600000| Complete 
| 279|0x0000000091700000, 0x0000000091800000, 0x0000000091800000|100%| E|CS|TAMS 0x0000000091700000, 0x0000000091700000| Complete 
| 280|0x0000000091800000, 0x0000000091900000, 0x0000000091900000|100%| E|CS|TAMS 0x0000000091800000, 0x0000000091800000| Complete 
| 281|0x0000000091900000, 0x0000000091a00000, 0x0000000091a00000|100%| E|CS|TAMS 0x0000000091900000, 0x0000000091900000| Complete 
| 282|0x0000000091a00000, 0x0000000091b00000, 0x0000000091b00000|100%| E|CS|TAMS 0x0000000091a00000, 0x0000000091a00000| Complete 
| 283|0x0000000091b00000, 0x0000000091c00000, 0x0000000091c00000|100%| E|CS|TAMS 0x0000000091b00000, 0x0000000091b00000| Complete 
| 284|0x0000000091c00000, 0x0000000091d00000, 0x0000000091d00000|100%| E|CS|TAMS 0x0000000091c00000, 0x0000000091c00000| Complete 
| 285|0x0000000091d00000, 0x0000000091e00000, 0x0000000091e00000|100%| E|CS|TAMS 0x0000000091d00000, 0x0000000091d00000| Complete 
| 286|0x0000000091e00000, 0x0000000091f00000, 0x0000000091f00000|100%| E|CS|TAMS 0x0000000091e00000, 0x0000000091e00000| Complete 
| 287|0x0000000091f00000, 0x0000000092000000, 0x0000000092000000|100%| E|CS|TAMS 0x0000000091f00000, 0x0000000091f00000| Complete 
| 288|0x0000000092000000, 0x0000000092100000, 0x0000000092100000|100%| E|CS|TAMS 0x0000000092000000, 0x0000000092000000| Complete 
| 289|0x0000000092100000, 0x0000000092200000, 0x0000000092200000|100%| E|CS|TAMS 0x0000000092100000, 0x0000000092100000| Complete 
| 290|0x0000000092200000, 0x0000000092300000, 0x0000000092300000|100%| E|CS|TAMS 0x0000000092200000, 0x0000000092200000| Complete 
| 291|0x0000000092300000, 0x0000000092400000, 0x0000000092400000|100%| E|CS|TAMS 0x0000000092300000, 0x0000000092300000| Complete 
| 292|0x0000000092400000, 0x0000000092500000, 0x0000000092500000|100%| E|CS|TAMS 0x0000000092400000, 0x0000000092400000| Complete 

Card table byte_map: [0x0000016cdc430000,0x0000016cdc830000] _byte_map_base: 0x0000016cdc030000

Marking Bits (Prev, Next): (CMBitMap*) 0x0000016cc903fab8, (CMBitMap*) 0x0000016cc903faf0
 Prev Bits: [0x0000016cdcc30000, 0x0000016cdec30000)
 Next Bits: [0x0000016cdec30000, 0x0000016ce0c30000)

Polling page: 0x0000016cc6ff0000

Metaspace:

Usage:
  Non-class:    105.92 MB capacity,   103.04 MB ( 97%) used,     2.34 MB (  2%) free+waste,   557.50 KB ( <1%) overhead. 
      Class:     16.74 MB capacity,    14.95 MB ( 89%) used,     1.55 MB (  9%) free+waste,   254.13 KB (  1%) overhead. 
       Both:    122.66 MB capacity,   117.99 MB ( 96%) used,     3.89 MB (  3%) free+waste,   811.63 KB ( <1%) overhead. 

Virtual space:
  Non-class space:      106.00 MB reserved,     106.00 MB (100%) committed 
      Class space:        1.00 GB reserved,      16.75 MB (  2%) committed 
             Both:        1.10 GB reserved,     122.75 MB ( 11%) committed 

Chunk freelists:
   Non-Class:  16.00 KB
       Class:  0 bytes
        Both:  16.00 KB

MaxMetaspaceSize: 17179869184.00 GB
CompressedClassSpaceSize: 1.00 GB

CodeHeap 'non-profiled nmethods': size=120000Kb used=14773Kb max_used=14773Kb free=105226Kb
 bounds [0x0000016cd45b0000, 0x0000016cd5420000, 0x0000016cdbae0000]
CodeHeap 'profiled nmethods': size=120000Kb used=51965Kb max_used=51965Kb free=68034Kb
 bounds [0x0000016ccd080000, 0x0000016cd0360000, 0x0000016cd45b0000]
CodeHeap 'non-nmethods': size=5760Kb used=2350Kb max_used=2410Kb free=3409Kb
 bounds [0x0000016cccae0000, 0x0000016cccd50000, 0x0000016ccd080000]
 total_blobs=23969 nmethods=23004 adapters=873
 compilation: enabled
              stopped_count=0, restarted_count=0
 full_count=0

Compilation events (20 events):
Event: 1402.664 Thread 0x0000016ce4165800 25275       1       org.gradle.api.internal.DomainObjectContext::isDetachedState (2 bytes)
Event: 1402.664 Thread 0x0000016ce4165800 nmethod 25275 0x0000016cd541d890 code [0x0000016cd541da40, 0x0000016cd541daf8]
Event: 1402.665 Thread 0x0000016ce4165800 25276       2       org.gradle.api.internal.FactoryNamedDomainObjectContainer_Decorated::getInstantiator (39 bytes)
Event: 1402.666 Thread 0x0000016ce4165800 nmethod 25276 0x0000016cd0341890 code [0x0000016cd0341a80, 0x0000016cd0341dc8]
Event: 1402.666 Thread 0x0000016ce4165800 25277       2       org.gradle.api.internal.collections.FilteredCollection$FilteringIterator::<init> (38 bytes)
Event: 1402.666 Thread 0x0000016ce4165800 nmethod 25277 0x0000016cd0341f90 code [0x0000016cd0342160, 0x0000016cd0342408]
Event: 1402.666 Thread 0x0000016ce4165800 25278       2       org.gradle.api.internal.artifacts.ivyservice.resolutionstrategy.DefaultResolutionStrategy_Decorated::getConflictResolution (39 bytes)
Event: 1402.666 Thread 0x0000016ce4165800 nmethod 25278 0x0000016cd0342510 code [0x0000016cd0342700, 0x0000016cd03429e8]
Event: 1402.666 Thread 0x0000016ce4165800 25279       1       org.gradle.api.internal.artifacts.dependencies.AbstractExternalModuleDependency::getVersionConstraint (5 bytes)
Event: 1402.666 Thread 0x0000016ce4165800 nmethod 25279 0x0000016cd541db90 code [0x0000016cd541dd40, 0x0000016cd541ddf8]
Event: 1402.666 Thread 0x0000016ce4165800 25280       1       org.gradle.api.internal.artifacts.dependencies.AbstractModuleDependency::isEndorsingStrictVersions (5 bytes)
Event: 1402.667 Thread 0x0000016ce4165800 nmethod 25280 0x0000016cd541de90 code [0x0000016cd541e040, 0x0000016cd541e0f8]
Event: 1402.667 Thread 0x0000016ce4165800 25281       1       org.gradle.api.internal.artifacts.dependencies.AbstractDependency::getReason (5 bytes)
Event: 1402.667 Thread 0x0000016ce4165800 nmethod 25281 0x0000016cd541e190 code [0x0000016cd541e340, 0x0000016cd541e3f8]
Event: 1402.667 Thread 0x0000016ce4165800 25282       1       org.gradle.internal.component.local.model.DslOriginDependencyMetadataWrapper::isTransitive (5 bytes)
Event: 1402.667 Thread 0x0000016ce4165800 nmethod 25282 0x0000016cd541e490 code [0x0000016cd541e640, 0x0000016cd541e6f8]
Event: 1402.678 Thread 0x0000016ce4165800 25283       2       org.gradle.internal.snapshot.SingletonChildMap::invalidate (22 bytes)
Event: 1402.679 Thread 0x0000016ce4165800 nmethod 25283 0x0000016cd0342c10 code [0x0000016cd0342e00, 0x0000016cd0343198]
Event: 1402.679 Thread 0x0000016ce4165800 25284       2       org.gradle.internal.snapshot.SingletonChildMap$1::<init> (11 bytes)
Event: 1402.679 Thread 0x0000016ce4165800 nmethod 25284 0x0000016cd0343390 code [0x0000016cd0343540, 0x0000016cd03436d8]

GC Heap History (20 events):
Event: 145.083 GC heap before
{Heap before GC invocations=52 (full 0):
 garbage-first heap   total 300032K, used 229597K [0x0000000080000000, 0x0000000100000000)
  region size 1024K, 108 young (110592K), 7 survivors (7168K)
 Metaspace       used 112934K, capacity 116471K, committed 116736K, reserved 1150976K
  class space    used 14716K, capacity 16095K, committed 16128K, reserved 1048576K
}
Event: 145.094 GC heap after
{Heap after GC invocations=53 (full 0):
 garbage-first heap   total 300032K, used 117014K [0x0000000080000000, 0x0000000100000000)
  region size 1024K, 13 young (13312K), 13 survivors (13312K)
 Metaspace       used 112934K, capacity 116471K, committed 116736K, reserved 1150976K
  class space    used 14716K, capacity 16095K, committed 16128K, reserved 1048576K
}
Event: 377.075 GC heap before
{Heap before GC invocations=53 (full 0):
 garbage-first heap   total 300032K, used 221462K [0x0000000080000000, 0x0000000100000000)
  region size 1024K, 111 young (113664K), 13 survivors (13312K)
 Metaspace       used 114308K, capacity 117916K, committed 118144K, reserved 1150976K
  class space    used 14753K, capacity 16148K, committed 16256K, reserved 1048576K
}
Event: 377.080 GC heap after
{Heap after GC invocations=54 (full 0):
 garbage-first heap   total 300032K, used 109151K [0x0000000080000000, 0x0000000100000000)
  region size 1024K, 2 young (2048K), 2 survivors (2048K)
 Metaspace       used 114308K, capacity 117916K, committed 118144K, reserved 1150976K
  class space    used 14753K, capacity 16148K, committed 16256K, reserved 1048576K
}
Event: 570.321 GC heap before
{Heap before GC invocations=54 (full 0):
 garbage-first heap   total 300032K, used 234079K [0x0000000080000000, 0x0000000100000000)
  region size 1024K, 118 young (120832K), 2 survivors (2048K)
 Metaspace       used 115258K, capacity 118932K, committed 119168K, reserved 1153024K
  class space    used 14775K, capacity 16184K, committed 16256K, reserved 1048576K
}
Event: 570.324 GC heap after
{Heap after GC invocations=55 (full 0):
 garbage-first heap   total 300032K, used 112333K [0x0000000080000000, 0x0000000100000000)
  region size 1024K, 3 young (3072K), 3 survivors (3072K)
 Metaspace       used 115258K, capacity 118932K, committed 119168K, reserved 1153024K
  class space    used 14775K, capacity 16184K, committed 16256K, reserved 1048576K
}
Event: 690.148 GC heap before
{Heap before GC invocations=55 (full 0):
 garbage-first heap   total 300032K, used 241357K [0x0000000080000000, 0x0000000100000000)
  region size 1024K, 123 young (125952K), 3 survivors (3072K)
 Metaspace       used 115911K, capacity 119582K, committed 119680K, reserved 1153024K
  class space    used 14798K, capacity 16223K, committed 16256K, reserved 1048576K
}
Event: 690.153 GC heap after
{Heap after GC invocations=56 (full 0):
 garbage-first heap   total 300032K, used 113590K [0x0000000080000000, 0x0000000100000000)
  region size 1024K, 5 young (5120K), 5 survivors (5120K)
 Metaspace       used 115911K, capacity 119582K, committed 119680K, reserved 1153024K
  class space    used 14798K, capacity 16223K, committed 16256K, reserved 1048576K
}
Event: 712.088 GC heap before
{Heap before GC invocations=56 (full 0):
 garbage-first heap   total 300032K, used 246710K [0x0000000080000000, 0x0000000100000000)
  region size 1024K, 129 young (132096K), 5 survivors (5120K)
 Metaspace       used 116588K, capacity 120266K, committed 120448K, reserved 1153024K
  class space    used 14808K, capacity 16241K, committed 16256K, reserved 1048576K
}
Event: 712.095 GC heap after
{Heap after GC invocations=57 (full 0):
 garbage-first heap   total 300032K, used 115258K [0x0000000080000000, 0x0000000100000000)
  region size 1024K, 6 young (6144K), 6 survivors (6144K)
 Metaspace       used 116588K, capacity 120266K, committed 120448K, reserved 1153024K
  class space    used 14808K, capacity 16241K, committed 16256K, reserved 1048576K
}
Event: 800.073 GC heap before
{Heap before GC invocations=57 (full 0):
 garbage-first heap   total 300032K, used 251450K [0x0000000080000000, 0x0000000100000000)
  region size 1024K, 132 young (135168K), 6 survivors (6144K)
 Metaspace       used 117726K, capacity 121794K, committed 122112K, reserved 1155072K
  class space    used 14987K, capacity 16571K, committed 16640K, reserved 1048576K
}
Event: 800.079 GC heap after
{Heap after GC invocations=58 (full 0):
 garbage-first heap   total 300032K, used 113697K [0x0000000080000000, 0x0000000100000000)
  region size 1024K, 5 young (5120K), 5 survivors (5120K)
 Metaspace       used 117726K, capacity 121794K, committed 122112K, reserved 1155072K
  class space    used 14987K, capacity 16571K, committed 16640K, reserved 1048576K
}
Event: 829.873 GC heap before
{Heap before GC invocations=58 (full 0):
 garbage-first heap   total 300032K, used 255009K [0x0000000080000000, 0x0000000100000000)
  region size 1024K, 135 young (138240K), 5 survivors (5120K)
 Metaspace       used 118115K, capacity 122193K, committed 122368K, reserved 1155072K
  class space    used 14988K, capacity 16571K, committed 16640K, reserved 1048576K
}
Event: 829.885 GC heap after
{Heap after GC invocations=59 (full 0):
 garbage-first heap   total 300032K, used 121711K [0x0000000080000000, 0x0000000100000000)
  region size 1024K, 10 young (10240K), 10 survivors (10240K)
 Metaspace       used 118115K, capacity 122193K, committed 122368K, reserved 1155072K
  class space    used 14988K, capacity 16571K, committed 16640K, reserved 1048576K
}
Event: 963.184 GC heap before
{Heap before GC invocations=59 (full 0):
 garbage-first heap   total 300032K, used 251759K [0x0000000080000000, 0x0000000100000000)
  region size 1024K, 131 young (134144K), 10 survivors (10240K)
 Metaspace       used 118409K, capacity 122473K, committed 122624K, reserved 1155072K
  class space    used 14989K, capacity 16574K, committed 16640K, reserved 1048576K
}
Event: 963.194 GC heap after
{Heap after GC invocations=60 (full 0):
 garbage-first heap   total 300032K, used 118995K [0x0000000080000000, 0x0000000100000000)
  region size 1024K, 7 young (7168K), 7 survivors (7168K)
 Metaspace       used 118409K, capacity 122473K, committed 122624K, reserved 1155072K
  class space    used 14989K, capacity 16574K, committed 16640K, reserved 1048576K
}
Event: 1019.970 GC heap before
{Heap before GC invocations=60 (full 0):
 garbage-first heap   total 300032K, used 252115K [0x0000000080000000, 0x0000000100000000)
  region size 1024K, 131 young (134144K), 7 survivors (7168K)
 Metaspace       used 118816K, capacity 122840K, committed 122880K, reserved 1155072K
  class space    used 15009K, capacity 16606K, committed 16640K, reserved 1048576K
}
Event: 1019.975 GC heap after
{Heap after GC invocations=61 (full 0):
 garbage-first heap   total 300032K, used 116995K [0x0000000080000000, 0x0000000100000000)
  region size 1024K, 7 young (7168K), 7 survivors (7168K)
 Metaspace       used 118816K, capacity 122840K, committed 122880K, reserved 1155072K
  class space    used 15009K, capacity 16606K, committed 16640K, reserved 1048576K
}
Event: 1329.383 GC heap before
{Heap before GC invocations=61 (full 0):
 garbage-first heap   total 300032K, used 251139K [0x0000000080000000, 0x0000000100000000)
  region size 1024K, 134 young (137216K), 7 survivors (7168K)
 Metaspace       used 119051K, capacity 123106K, committed 123392K, reserved 1157120K
  class space    used 15011K, capacity 16608K, committed 16640K, reserved 1048576K
}
Event: 1329.386 GC heap after
{Heap after GC invocations=62 (full 0):
 garbage-first heap   total 300032K, used 112771K [0x0000000080000000, 0x0000000100000000)
  region size 1024K, 5 young (5120K), 5 survivors (5120K)
 Metaspace       used 119051K, capacity 123106K, committed 123392K, reserved 1157120K
  class space    used 15011K, capacity 16608K, committed 16640K, reserved 1048576K
}

Deoptimization events (20 events):
Event: 1402.430 Thread 0x0000016ceb8e3000 DEOPT PACKING pc=0x0000016ccef6bf58 sp=0x0000004826bfa1e0
Event: 1402.430 Thread 0x0000016ceb8e3000 DEOPT UNPACKING pc=0x0000016cccb076ce sp=0x0000004826bf96b0 mode 0
Event: 1402.449 Thread 0x0000016ceb8e3000 DEOPT PACKING pc=0x0000016ccdb9fcbc sp=0x0000004826bf9d80
Event: 1402.449 Thread 0x0000016ceb8e3000 DEOPT UNPACKING pc=0x0000016cccb076ce sp=0x0000004826bf9240 mode 0
Event: 1402.524 Thread 0x0000016ceb8e3000 Uncommon trap: trap_request=0xffffffbe fr.pc=0x0000016cd5415a34 relative=0x00000000000005f4
Event: 1402.524 Thread 0x0000016ceb8e3000 Uncommon trap: reason=profile_predicate action=maybe_recompile pc=0x0000016cd5415a34 method=java.net.URI$Parser.scan(IILjava/lang/String;Ljava/lang/String;)I @ 6 c2
Event: 1402.524 Thread 0x0000016ceb8e3000 DEOPT PACKING pc=0x0000016cd5415a34 sp=0x0000004826bfaa60
Event: 1402.524 Thread 0x0000016ceb8e3000 DEOPT UNPACKING pc=0x0000016cccb078af sp=0x0000004826bfa9e0 mode 2
Event: 1402.575 Thread 0x0000016ceb8e3000 Uncommon trap: trap_request=0xffffffbe fr.pc=0x0000016cd5415a34 relative=0x00000000000005f4
Event: 1402.575 Thread 0x0000016ceb8e3000 Uncommon trap: reason=profile_predicate action=maybe_recompile pc=0x0000016cd5415a34 method=java.net.URI$Parser.scan(IILjava/lang/String;Ljava/lang/String;)I @ 6 c2
Event: 1402.575 Thread 0x0000016ceb8e3000 DEOPT PACKING pc=0x0000016cd5415a34 sp=0x0000004826bf9420
Event: 1402.575 Thread 0x0000016ceb8e3000 DEOPT UNPACKING pc=0x0000016cccb078af sp=0x0000004826bf93a0 mode 2
Event: 1402.575 Thread 0x0000016ceb8e3000 Uncommon trap: trap_request=0xffffffbe fr.pc=0x0000016cd5415a34 relative=0x00000000000005f4
Event: 1402.575 Thread 0x0000016ceb8e3000 Uncommon trap: reason=profile_predicate action=maybe_recompile pc=0x0000016cd5415a34 method=java.net.URI$Parser.scan(IILjava/lang/String;Ljava/lang/String;)I @ 6 c2
Event: 1402.575 Thread 0x0000016ceb8e3000 DEOPT PACKING pc=0x0000016cd5415a34 sp=0x0000004826bf9060
Event: 1402.575 Thread 0x0000016ceb8e3000 DEOPT UNPACKING pc=0x0000016cccb078af sp=0x0000004826bf8fe0 mode 2
Event: 1402.612 Thread 0x0000016cee514800 Uncommon trap: trap_request=0xffffffbe fr.pc=0x0000016cd5415a34 relative=0x00000000000005f4
Event: 1402.612 Thread 0x0000016cee514800 Uncommon trap: reason=profile_predicate action=maybe_recompile pc=0x0000016cd5415a34 method=java.net.URI$Parser.scan(IILjava/lang/String;Ljava/lang/String;)I @ 6 c2
Event: 1402.612 Thread 0x0000016cee514800 DEOPT PACKING pc=0x0000016cd5415a34 sp=0x00000048292fbf40
Event: 1402.612 Thread 0x0000016cee514800 DEOPT UNPACKING pc=0x0000016cccb078af sp=0x00000048292fbec0 mode 2

Classes redefined (0 events):
No events

Internal exceptions (20 events):
Event: 1329.726 Thread 0x0000016ce71cd000 Exception <a 'sun/nio/fs/WindowsException'{0x00000000904d2d98}> (0x00000000904d2d98) thrown at [./src/hotspot/share/prims/jni.cpp, line 615]
Event: 1329.726 Thread 0x0000016ce71cd000 Exception <a 'sun/nio/fs/WindowsException'{0x00000000904e9e90}> (0x00000000904e9e90) thrown at [./src/hotspot/share/prims/jni.cpp, line 615]
Event: 1329.726 Thread 0x0000016ce71cd000 Exception <a 'sun/nio/fs/WindowsException'{0x00000000904e9fe0}> (0x00000000904e9fe0) thrown at [./src/hotspot/share/prims/jni.cpp, line 615]
Event: 1329.728 Thread 0x0000016ce71cd000 Exception <a 'sun/nio/fs/WindowsException'{0x0000000090339a50}> (0x0000000090339a50) thrown at [./src/hotspot/share/prims/jni.cpp, line 615]
Event: 1329.728 Thread 0x0000016ce71cd000 Exception <a 'sun/nio/fs/WindowsException'{0x0000000090339b98}> (0x0000000090339b98) thrown at [./src/hotspot/share/prims/jni.cpp, line 615]
Event: 1329.729 Thread 0x0000016ce71cd000 Exception <a 'sun/nio/fs/WindowsException'{0x00000000903896b8}> (0x00000000903896b8) thrown at [./src/hotspot/share/prims/jni.cpp, line 615]
Event: 1329.729 Thread 0x0000016ce71cd000 Exception <a 'sun/nio/fs/WindowsException'{0x00000000903897e0}> (0x00000000903897e0) thrown at [./src/hotspot/share/prims/jni.cpp, line 615]
Event: 1329.753 Thread 0x0000016ce71cd000 Exception <a 'sun/nio/fs/WindowsException'{0x000000008ffda5b0}> (0x000000008ffda5b0) thrown at [./src/hotspot/share/prims/jni.cpp, line 615]
Event: 1329.835 Thread 0x0000016ce6b43800 Exception <a 'sun/nio/fs/WindowsException'{0x000000008f834a28}> (0x000000008f834a28) thrown at [./src/hotspot/share/prims/jni.cpp, line 615]
Event: 1329.904 Thread 0x0000016ce6b43800 Exception <a 'sun/nio/fs/WindowsException'{0x000000008e973388}> (0x000000008e973388) thrown at [./src/hotspot/share/prims/jni.cpp, line 615]
Event: 1329.934 Thread 0x0000016ce6b49000 Exception <a 'sun/nio/fs/WindowsException'{0x000000008e895e88}> (0x000000008e895e88) thrown at [./src/hotspot/share/prims/jni.cpp, line 615]
Event: 1329.941 Thread 0x0000016ce6b49000 Exception <a 'sun/nio/fs/WindowsException'{0x000000008e79c888}> (0x000000008e79c888) thrown at [./src/hotspot/share/prims/jni.cpp, line 615]
Event: 1402.545 Thread 0x0000016ceb8e3000 Exception <a 'sun/nio/fs/WindowsException'{0x000000008bf6ed60}> (0x000000008bf6ed60) thrown at [./src/hotspot/share/prims/jni.cpp, line 615]
Event: 1402.545 Thread 0x0000016ceb8e3000 Exception <a 'sun/nio/fs/WindowsException'{0x000000008bf70610}> (0x000000008bf70610) thrown at [./src/hotspot/share/prims/jni.cpp, line 615]
Event: 1402.572 Thread 0x0000016ceb8e3000 Exception <a 'java/lang/NoClassDefFoundError'{0x000000008bcebf88}: org/jetbrains/kotlin/gradle/plugin/KotlinBasePluginWrapper> (0x000000008bcebf88) thrown at [./src/hotspot/share/oops/constantPool.cpp, line 775]
Event: 1402.589 Thread 0x0000016ceb8e3000 Exception <a 'sun/nio/fs/WindowsException'{0x000000008b9402c0}> (0x000000008b9402c0) thrown at [./src/hotspot/share/prims/jni.cpp, line 615]
Event: 1402.593 Thread 0x0000016ceb8e3000 Exception <a 'sun/nio/fs/WindowsException'{0x000000008b9ea140}> (0x000000008b9ea140) thrown at [./src/hotspot/share/prims/jni.cpp, line 615]
Event: 1402.593 Thread 0x0000016ceb8e3000 Exception <a 'sun/nio/fs/WindowsException'{0x000000008b9eb180}> (0x000000008b9eb180) thrown at [./src/hotspot/share/prims/jni.cpp, line 615]
Event: 1402.593 Thread 0x0000016ceb8e3000 Exception <a 'sun/nio/fs/WindowsException'{0x000000008b9ec450}> (0x000000008b9ec450) thrown at [./src/hotspot/share/prims/jni.cpp, line 615]
Event: 1402.593 Thread 0x0000016ceb8e3000 Exception <a 'sun/nio/fs/WindowsException'{0x000000008b9ed4e0}> (0x000000008b9ed4e0) thrown at [./src/hotspot/share/prims/jni.cpp, line 615]

Events (20 events):
Event: 1402.669 Executing VM operation: RevokeBias
Event: 1402.670 Executing VM operation: RevokeBias done
Event: 1402.670 Executing VM operation: RevokeBias
Event: 1402.670 Executing VM operation: RevokeBias done
Event: 1402.670 Executing VM operation: RevokeBias
Event: 1402.670 Executing VM operation: RevokeBias done
Event: 1402.670 Executing VM operation: RevokeBias
Event: 1402.670 Executing VM operation: RevokeBias done
Event: 1402.670 Executing VM operation: RevokeBias
Event: 1402.670 Executing VM operation: RevokeBias done
Event: 1402.670 Executing VM operation: RevokeBias
Event: 1402.670 Executing VM operation: RevokeBias done
Event: 1402.670 Executing VM operation: RevokeBias
Event: 1402.670 Executing VM operation: RevokeBias done
Event: 1402.670 Executing VM operation: RevokeBias
Event: 1402.670 Executing VM operation: RevokeBias done
Event: 1402.671 Executing VM operation: RevokeBias
Event: 1402.671 Executing VM operation: RevokeBias done
Event: 1402.671 Executing VM operation: BulkRevokeBias
Event: 1402.672 Executing VM operation: BulkRevokeBias done


Dynamic libraries:
0x00007ff72c040000 - 0x00007ff72c04a000 	E:\AndroidStudio\jre\bin\java.exe
0x00007ffba90c0000 - 0x00007ffba92cf000 	C:\WINDOWS\SYSTEM32\ntdll.dll
0x00007ffba8a40000 - 0x00007ffba8afd000 	C:\WINDOWS\System32\KERNEL32.DLL
0x00007ffba68d0000 - 0x00007ffba6c60000 	C:\WINDOWS\System32\KERNELBASE.dll
0x00007ffba6e00000 - 0x00007ffba6f11000 	C:\WINDOWS\System32\ucrtbase.dll
0x00007ffb49b20000 - 0x00007ffb49b37000 	E:\AndroidStudio\jre\bin\VCRUNTIME140.dll
0x00007ffb49930000 - 0x00007ffb49949000 	E:\AndroidStudio\jre\bin\jli.dll
0x00007ffba85d0000 - 0x00007ffba877a000 	C:\WINDOWS\System32\USER32.dll
0x00007ffba68a0000 - 0x00007ffba68c6000 	C:\WINDOWS\System32\win32u.dll
0x00007ffb85170000 - 0x00007ffb85411000 	C:\WINDOWS\WinSxS\amd64_microsoft.windows.common-controls_6595b64144ccf1df_6.0.22533.1001_none_26146f93a8efa247\COMCTL32.dll
0x00007ffba7d00000 - 0x00007ffba7d29000 	C:\WINDOWS\System32\GDI32.dll
0x00007ffba84b0000 - 0x00007ffba8554000 	C:\WINDOWS\System32\msvcrt.dll
0x00007ffba6ce0000 - 0x00007ffba6df7000 	C:\WINDOWS\System32\gdi32full.dll
0x00007ffba6790000 - 0x00007ffba682a000 	C:\WINDOWS\System32\msvcp_win.dll
0x00007ffba8b00000 - 0x00007ffba8b31000 	C:\WINDOWS\System32\IMM32.DLL
0x00007ffb49480000 - 0x00007ffb4951d000 	E:\AndroidStudio\jre\bin\msvcp140.dll
0x00007ffb4c0f0000 - 0x00007ffb4cbbf000 	E:\AndroidStudio\jre\bin\server\jvm.dll
0x00007ffba8fd0000 - 0x00007ffba907e000 	C:\WINDOWS\System32\ADVAPI32.dll
0x00007ffba7fc0000 - 0x00007ffba8063000 	C:\WINDOWS\System32\sechost.dll
0x00007ffba8780000 - 0x00007ffba889f000 	C:\WINDOWS\System32\RPCRT4.dll
0x00007ffba8b40000 - 0x00007ffba8b48000 	C:\WINDOWS\System32\PSAPI.DLL
0x00007ffb76560000 - 0x00007ffb76569000 	C:\WINDOWS\SYSTEM32\WSOCK32.dll
0x00007ffb9eb80000 - 0x00007ffb9ebb4000 	C:\WINDOWS\SYSTEM32\WINMM.dll
0x00007ffba89c0000 - 0x00007ffba8a31000 	C:\WINDOWS\System32\WS2_32.dll
0x00007ffb9d210000 - 0x00007ffb9d21a000 	C:\WINDOWS\SYSTEM32\VERSION.dll
0x00007ffba55f0000 - 0x00007ffba5608000 	C:\WINDOWS\SYSTEM32\kernel.appcore.dll
0x00007ffb6f2b0000 - 0x00007ffb6f2c1000 	E:\AndroidStudio\jre\bin\verify.dll
0x00007ffba41c0000 - 0x00007ffba43e4000 	C:\WINDOWS\SYSTEM32\DBGHELP.DLL
0x00007ffba8080000 - 0x00007ffba83fc000 	C:\WINDOWS\System32\combase.dll
0x00007ffba7170000 - 0x00007ffba7247000 	C:\WINDOWS\System32\OLEAUT32.dll
0x00007ffb90940000 - 0x00007ffb90971000 	C:\WINDOWS\SYSTEM32\dbgcore.DLL
0x00007ffba6c60000 - 0x00007ffba6cdb000 	C:\WINDOWS\System32\bcryptPrimitives.dll
0x00007ffb6a710000 - 0x00007ffb6a739000 	E:\AndroidStudio\jre\bin\java.dll
0x00007ffb75780000 - 0x00007ffb7578b000 	E:\AndroidStudio\jre\bin\jimage.dll
0x00007ffb6f1f0000 - 0x00007ffb6f208000 	E:\AndroidStudio\jre\bin\zip.dll
0x00007ffba74d0000 - 0x00007ffba7c89000 	C:\WINDOWS\System32\SHELL32.dll
0x00007ffba4620000 - 0x00007ffba4e75000 	C:\WINDOWS\SYSTEM32\windows.storage.dll
0x00007ffba44e0000 - 0x00007ffba461c000 	C:\WINDOWS\SYSTEM32\wintypes.dll
0x00007ffba88a0000 - 0x00007ffba8991000 	C:\WINDOWS\System32\SHCORE.dll
0x00007ffba7410000 - 0x00007ffba746b000 	C:\WINDOWS\System32\shlwapi.dll
0x00007ffba64a0000 - 0x00007ffba64c1000 	C:\WINDOWS\SYSTEM32\profapi.dll
0x00007ffb6e000000 - 0x00007ffb6e01a000 	E:\AndroidStudio\jre\bin\net.dll
0x00007ffb9df70000 - 0x00007ffb9e082000 	C:\WINDOWS\SYSTEM32\WINHTTP.dll
0x00007ffba5a70000 - 0x00007ffba5ad9000 	C:\WINDOWS\system32\mswsock.dll
0x00007ffb6dfc0000 - 0x00007ffb6dfd4000 	E:\AndroidStudio\jre\bin\nio.dll
0x00007ffb49b70000 - 0x00007ffb49b97000 	C:\Users\王久铭\.gradle\native\8bec1ad78214c89d9ad589b4d07fe93259594b29d510b10fafb7a158f7737e5d\windows-amd64\native-platform.dll
0x00007ffb46da0000 - 0x00007ffb46edd000 	C:\Users\王久铭\.gradle\native\53dbd7edfb1c66fb8903c78663c9afc45aea4f116125fa6feffd364cf09443e8\windows-amd64\native-platform-file-events.dll
0x00007ffba3630000 - 0x00007ffba363a000 	E:\AndroidStudio\jre\bin\management.dll
0x00007ffba0c60000 - 0x00007ffba0c6c000 	E:\AndroidStudio\jre\bin\management_ext.dll
0x00007ffba5d30000 - 0x00007ffba5d4b000 	C:\WINDOWS\SYSTEM32\CRYPTSP.dll
0x00007ffba5550000 - 0x00007ffba5585000 	C:\WINDOWS\system32\rsaenh.dll
0x00007ffba5b70000 - 0x00007ffba5b99000 	C:\WINDOWS\SYSTEM32\USERENV.dll
0x00007ffba5f40000 - 0x00007ffba5f68000 	C:\WINDOWS\SYSTEM32\bcrypt.dll
0x00007ffba5d50000 - 0x00007ffba5d5c000 	C:\WINDOWS\SYSTEM32\CRYPTBASE.dll
0x00007ffba50d0000 - 0x00007ffba50fd000 	C:\WINDOWS\SYSTEM32\IPHLPAPI.DLL
0x00007ffba8070000 - 0x00007ffba8079000 	C:\WINDOWS\System32\NSI.dll
0x00007ffb9e480000 - 0x00007ffb9e499000 	C:\WINDOWS\SYSTEM32\dhcpcsvc6.DLL
0x00007ffb9e460000 - 0x00007ffb9e47e000 	C:\WINDOWS\SYSTEM32\dhcpcsvc.DLL
0x00007ffba5100000 - 0x00007ffba51f8000 	C:\WINDOWS\SYSTEM32\DNSAPI.dll
0x00007ffb9e430000 - 0x00007ffb9e457000 	E:\AndroidStudio\jre\bin\sunec.dll

dbghelp: loaded successfully - version: 4.0.5 - missing functions: none
symbol engine: initialized successfully - sym options: 0x614 - pdb path: .;E:\AndroidStudio\jre\bin;C:\WINDOWS\SYSTEM32;C:\WINDOWS\WinSxS\amd64_microsoft.windows.common-controls_6595b64144ccf1df_6.0.22533.1001_none_26146f93a8efa247;E:\AndroidStudio\jre\bin\server;C:\Users\王久铭\.gradle\native\8bec1ad78214c89d9ad589b4d07fe93259594b29d510b10fafb7a158f7737e5d\windows-am;C:\Users\王久铭\.gradle\native\8bec1ad78214c89d9ad589b4d07fe93259594b29d510b10fafb7a158f7737e5d\windows-amd64;C:\Users\王久铭\.gradle\native\53dbd7edfb1c66fb8903c78663c9afc45aea4f116125fa6feffd364cf09443e8\wind;C:\Users\王久铭\.gradle\native\53dbd7edfb1c66fb8903c78663c9afc45aea4f116125fa6feffd364cf09443e8\w;C:\Users\王久铭\.gradle\native\53dbd7edfb1c66fb8903c78663c9afc45aea4f116125fa6feffd364cf09443e;C:\Users\王久铭\.gradle\native\53dbd7edfb1c66fb8903c78663c9afc45aea4f116125fa6feffd364cf094;C:\Users\王久铭\.gradle\native\53dbd7edfb1c66fb8903c78663c9afc45aea4f116125fa6feffd364cf

VM Arguments:
jvm_args: --add-opens=java.base/java.util=ALL-UNNAMED --add-opens=java.base/java.lang=ALL-UNNAMED --add-opens=java.base/java.lang.invoke=ALL-UNNAMED --add-opens=java.base/java.util=ALL-UNNAMED --add-opens=java.prefs/java.util.prefs=ALL-UNNAMED --add-opens=java.prefs/java.util.prefs=ALL-UNNAMED --add-opens=java.base/java.nio.charset=ALL-UNNAMED --add-opens=java.base/java.net=ALL-UNNAMED --add-opens=java.base/java.util.concurrent.atomic=ALL-UNNAMED -Xmx2048m -Dfile.encoding=UTF-8 -Duser.country=CN -Duser.language=zh -Duser.variant 
java_command: org.gradle.launcher.daemon.bootstrap.GradleDaemon 7.0.2
java_class_path (initial): C:\Users\王久铭\.gradle\wrapper\dists\gradle-7.0.2-bin\857tjihv64xamwrf0h14cai3r\gradle-7.0.2\lib\gradle-launcher-7.0.2.jar
Launcher Type: SUN_STANDARD

[Global flags]
     intx CICompilerCount                          = 4                                         {product} {ergonomic}
     uint ConcGCThreads                            = 3                                         {product} {ergonomic}
     uint G1ConcRefinementThreads                  = 10                                        {product} {ergonomic}
   size_t G1HeapRegionSize                         = 1048576                                   {product} {ergonomic}
    uintx GCDrainStackTargetSize                   = 64                                        {product} {ergonomic}
   size_t InitialHeapSize                          = 134217728                                 {product} {ergonomic}
   size_t MarkStackSize                            = 4194304                                   {product} {ergonomic}
   size_t MaxHeapSize                              = 2147483648                                {product} {command line}
   size_t MaxNewSize                               = 1287651328                                {product} {ergonomic}
   size_t MinHeapDeltaBytes                        = 1048576                                   {product} {ergonomic}
    uintx NonNMethodCodeHeapSize                   = 5836300                                {pd product} {ergonomic}
    uintx NonProfiledCodeHeapSize                  = 122910970                              {pd product} {ergonomic}
    uintx ProfiledCodeHeapSize                     = 122910970                              {pd product} {ergonomic}
    uintx ReservedCodeCacheSize                    = 251658240                              {pd product} {ergonomic}
     bool SegmentedCodeCache                       = true                                      {product} {ergonomic}
     bool UseCompressedClassPointers               = true                                 {lp64_product} {ergonomic}
     bool UseCompressedOops                        = true                                 {lp64_product} {ergonomic}
     bool UseG1GC                                  = true                                      {product} {ergonomic}
     bool UseLargePagesIndividualAllocation        = false                                  {pd product} {ergonomic}

Logging:
Log output configuration:
 #0: stdout all=warning uptime,level,tags
 #1: stderr all=off uptime,level,tags

Environment Variables:
JAVA_HOME=C:\Program Files (x86)\Java\jdk1.6.0_45
CLASSPATH=C:\Program Files (x86)\Java\jdk1.6.0_45\lib;C:\Program Files (x86)\Java\jdk1.6.0_45\lib\tools.jar
PATH=E:\新建文件夹\Scripts\;E:\新建文件夹\;C:\Program Files (x86)\Common Files\Oracle\Java\javapath;C:;Users\王久铭\AppData\Local\Programs\Python\Python36\;Python27\;C:\Python27\Scripts\;E:\Python\;E:\Python\Scripts\;C:\WINDOWS\system32\config\systemprofile\AppData\Local\Microsoft\WindowsApps;E:\Microsoft VS Code\bin;C:\Python27amd64\Scripts\pip.exe;C:\Users\王久铭\AppData\Roaming\Python\Python37\Scripts;E:;Git\cmd;C:\Program Files\nodejs\;C:\Program Files (x86)\Java\jdk1.6.0_45\bin;C:\Windows\system32;E:\Git\cmd;C:\Program Files (x86)\Java\jdk1.6.0_45\jre\bin;E:\MinGW\bin;C:\WINDOWS\system32;C:\WINDOWS;C:\WINDOWS\System32\Wbem;C:\WINDOWS\System32\WindowsPowerShell\v1.0\;C:\WINDOWS\System32\OpenSSH\;C:\Program Files (x86)\NetSarang\Xshell 7\;C:\Program Files\MySQL\MySQL Server 8.0\bin;C:\Program Files\MySQL\MySQL Shell 8.0\bin\;C:\Users\王久铭\AppData\Local\Microsoft\WindowsApps;E:\Microsoft VS Code\bin;E:\Python\Scripts\pip.exe;E:\Python\;E:\Python\Scripts\;C:\Users\王久铭\AppData\Roaming\npm;C:\Program Files\JetBrains\IntelliJ IDEA Community Edition 2020.2\bin;;C:\Windows\system32;C:\WINDOWS;C:\Program Files\JetBrains\PyCharm 2020.1\bin;;
USERNAME=王久铭
OS=Windows_NT
PROCESSOR_IDENTIFIER=Intel64 Family 6 Model 158 Stepping 10, GenuineIntel



---------------  S Y S T E M  ---------------

OS: Windows 10 , 64 bit Build 22533 (10.0.22533.1001)
OS uptime: 0 days 6:17 hours

CPU:total 12 (initial active 12) (6 cores per cpu, 2 threads per core) family 6 model 158 stepping 10 microcode 0xde, cmov, cx8, fxsr, mmx, sse, sse2, sse3, ssse3, sse4.1, sse4.2, popcnt, avx, avx2, aes, clmul, erms, 3dnowpref, lzcnt, ht, tsc, tscinvbit, bmi1, bmi2, adx, fma

Memory: 4k page, system-wide physical 8065M (372M free)
TotalPageFile size 23168M (AvailPageFile size 2M)
current process WorkingSet (physical memory assigned to process): 485M, peak: 636M
current process commit charge ("private bytes"): 694M, peak: 711M

vm_info: OpenJDK 64-Bit Server VM (11.0.10+0-b96-7249189) for windows-amd64 JRE (11.0.10+0-b96-7249189), built on Mar 31 2021 21:44:00 by "builder" with MS VC++ 14.0 (VS2015)

END.
