#
# There is insufficient memory for the Java Runtime Environment to continue.
# Native memory allocation (malloc) failed to allocate 1159376 bytes for Chunk::new
# Possible reasons:
#   The system is out of physical RAM or swap space
#   The process is running with CompressedOops enabled, and the Java Heap may be blocking the growth of the native heap
# Possible solutions:
#   Reduce memory load on the system
#   Increase physical memory or swap space
#   Check if swap backing store is full
#   Decrease Java heap size (-Xmx/-Xms)
#   Decrease number of Java threads
#   Decrease Java thread stack sizes (-Xss)
#   Set larger code cache with -XX:ReservedCodeCacheSize=
#   JVM is running with Unscaled Compressed Oops mode in which the Java heap is
#     placed in the first 4GB address space. The Java Heap base address is the
#     maximum limit for the native heap growth. Please use -XX:HeapBaseMinAddress
#     to set the Java Heap base and to place the Java Heap above 4GB virtual address.
# This output file may be truncated or incomplete.
#
#  Out of Memory Error (./src/hotspot/share/memory/arena.cpp:197), pid=10888, tid=5284
#
# JRE version: OpenJDK Runtime Environment (11.0.10) (build 11.0.10+0-b96-7249189)
# Java VM: OpenJDK 64-Bit Server VM (11.0.10+0-b96-7249189, mixed mode, tiered, compressed oops, g1 gc, windows-amd64)
# No core dump will be written. Minidumps are not enabled by default on client versions of Windows
#

---------------  S U M M A R Y ------------

Command Line: --add-opens=java.base/java.util=ALL-UNNAMED --add-opens=java.base/java.lang=ALL-UNNAMED --add-opens=java.base/java.lang.invoke=ALL-UNNAMED --add-opens=java.base/java.util=ALL-UNNAMED --add-opens=java.prefs/java.util.prefs=ALL-UNNAMED --add-opens=java.prefs/java.util.prefs=ALL-UNNAMED --add-opens=java.base/java.nio.charset=ALL-UNNAMED --add-opens=java.base/java.net=ALL-UNNAMED --add-opens=java.base/java.util.concurrent.atomic=ALL-UNNAMED -Xmx2048m -Dfile.encoding=UTF-8 -Duser.country=CN -Duser.language=zh -Duser.variant org.gradle.launcher.daemon.bootstrap.GradleDaemon 7.0.2

Host: Intel(R) Core(TM) i7-8750H CPU @ 2.20GHz, 12 cores, 7G,  Windows 10 , 64 bit Build 22533 (10.0.22533.1001)
Time: Mon Jan 24 17:18:53 2022 中国标准时间 elapsed time: 4947.536685 seconds (0d 1h 22m 27s)

---------------  T H R E A D  ---------------

Current thread (0x0000013c1a722800):  JavaThread "C2 CompilerThread0" daemon [_thread_in_native, id=5284, stack(0x00000036ec800000,0x00000036ec900000)]


Current CompileTask:
C2:4947536 20369       4       java.io.ObjectOutputStream::writeClassDesc (60 bytes)

Stack: [0x00000036ec800000,0x00000036ec900000]
Native frames: (J=compiled Java code, j=interpreted, Vv=VM code, C=native code)
V  [jvm.dll+0x5ecfaa]
V  [jvm.dll+0x722bd5]
V  [jvm.dll+0x72412d]
V  [jvm.dll+0x7247e3]
V  [jvm.dll+0x242928]
V  [jvm.dll+0xbc4fc]
V  [jvm.dll+0xbca0c]
V  [jvm.dll+0x352d3b]
V  [jvm.dll+0x197e0c]
V  [jvm.dll+0x1fb70e]
V  [jvm.dll+0x1fa7f4]
V  [jvm.dll+0x18354c]
V  [jvm.dll+0x208ee7]
V  [jvm.dll+0x207731]
V  [jvm.dll+0x6eb1cf]
V  [jvm.dll+0x6e3d45]
V  [jvm.dll+0x5ebe96]
C  [ucrtbase.dll+0x293cc]
C  [KERNEL32.DLL+0x11350]
C  [ntdll.dll+0x51e78]


---------------  P R O C E S S  ---------------

Threads class SMR info:
_java_thread_list=0x0000013c1f8c62d0, length=65, elements={
0x0000013c7f59e000, 0x0000013c19ead800, 0x0000013c19eae800, 0x0000013c1a6cc800,
0x0000013c1a71c800, 0x0000013c1a71d000, 0x0000013c1a722800, 0x0000013c1a743800,
0x0000013c1a750800, 0x0000013c1a8a2800, 0x0000013c1ce3d000, 0x0000013c1ce3d800,
0x0000013c1ce3b000, 0x0000013c1d953000, 0x0000013c1d959800, 0x0000013c1d955800,
0x0000013c1d954800, 0x0000013c1d95b000, 0x0000013c1d95c800, 0x0000013c1d958000,
0x0000013c1d961000, 0x0000013c1d95f000, 0x0000013c1d960000, 0x0000013c1e09d800,
0x0000013c1e09b800, 0x0000013c1e0a0800, 0x0000013c1e09e000, 0x0000013c1e09b000,
0x0000013c1e09f000, 0x0000013c1e0a1800, 0x0000013c1ef5a000, 0x0000013c1ef5f000,
0x0000013c1ef5c800, 0x0000013c22e7f800, 0x0000013c23af3000, 0x0000013c1d953800,
0x0000013c1d95c000, 0x0000013c1d95a000, 0x0000013c1d956000, 0x0000013c23afc000,
0x0000013c23af3800, 0x0000013c23af8800, 0x0000013c22e75000, 0x0000013c22e73000,
0x0000013c22e74000, 0x0000013c22e7b800, 0x0000013c22e7a000, 0x0000013c22e75800,
0x0000013c22e7c000, 0x0000013c22e76800, 0x0000013c22e7d000, 0x0000013c22e7e800,
0x0000013c22e80800, 0x0000013c22e81000, 0x0000013c1f6d7000, 0x0000013c1f6d7800,
0x0000013c1f6d6000, 0x0000013c1f6d2800, 0x0000013c1f6d5000, 0x0000013c1f6d2000,
0x0000013c1f6d8800, 0x0000013c1f6d9000, 0x0000013c1f6d3800, 0x0000013c1f6db800,
0x0000013c23af7000
}

Java Threads: ( => current thread )
  0x0000013c7f59e000 JavaThread "main" [_thread_blocked, id=15072, stack(0x00000036ebc00000,0x00000036ebd00000)]
  0x0000013c19ead800 JavaThread "Reference Handler" daemon [_thread_blocked, id=10400, stack(0x00000036ec300000,0x00000036ec400000)]
  0x0000013c19eae800 JavaThread "Finalizer" daemon [_thread_blocked, id=6740, stack(0x00000036ec400000,0x00000036ec500000)]
  0x0000013c1a6cc800 JavaThread "Signal Dispatcher" daemon [_thread_blocked, id=14472, stack(0x00000036ec500000,0x00000036ec600000)]
  0x0000013c1a71c800 JavaThread "Attach Listener" daemon [_thread_blocked, id=12976, stack(0x00000036ec600000,0x00000036ec700000)]
  0x0000013c1a71d000 JavaThread "Service Thread" daemon [_thread_blocked, id=8832, stack(0x00000036ec700000,0x00000036ec800000)]
=>0x0000013c1a722800 JavaThread "C2 CompilerThread0" daemon [_thread_in_native, id=5284, stack(0x00000036ec800000,0x00000036ec900000)]
  0x0000013c1a743800 JavaThread "C1 CompilerThread0" daemon [_thread_blocked, id=8928, stack(0x00000036ec900000,0x00000036eca00000)]
  0x0000013c1a750800 JavaThread "Sweeper thread" daemon [_thread_blocked, id=11176, stack(0x00000036eca00000,0x00000036ecb00000)]
  0x0000013c1a8a2800 JavaThread "Common-Cleaner" daemon [_thread_blocked, id=1600, stack(0x00000036ecb00000,0x00000036ecc00000)]
  0x0000013c1ce3d000 JavaThread "Daemon health stats" [_thread_blocked, id=8712, stack(0x00000036ed100000,0x00000036ed200000)]
  0x0000013c1ce3d800 JavaThread "Incoming local TCP Connector on port 11713" [_thread_in_native, id=2928, stack(0x00000036ece00000,0x00000036ecf00000)]
  0x0000013c1ce3b000 JavaThread "Daemon periodic checks" [_thread_blocked, id=5892, stack(0x00000036ed200000,0x00000036ed300000)]
  0x0000013c1d953000 JavaThread "Cache worker for file hash cache (C:\Users\涔\.gradle\caches\7.0.2\fileHashes)" [_thread_blocked, id=13420, stack(0x00000036eda00000,0x00000036edb00000)]
  0x0000013c1d959800 JavaThread "File lock request listener" [_thread_in_native, id=9840, stack(0x00000036edb00000,0x00000036edc00000)]
  0x0000013c1d955800 JavaThread "Cache worker for journal cache (C:\Users\涔\.gradle\caches\journal-1)" [_thread_blocked, id=14760, stack(0x00000036ee400000,0x00000036ee500000)]
  0x0000013c1d954800 JavaThread "File watcher server" daemon [_thread_in_native, id=6384, stack(0x00000036ee700000,0x00000036ee800000)]
  0x0000013c1d95b000 JavaThread "File watcher consumer" daemon [_thread_blocked, id=14048, stack(0x00000036ee800000,0x00000036ee900000)]
  0x0000013c1d95c800 JavaThread "Cache worker for execution history cache (C:\Users\涔\.gradle\caches\7.0.2\executionHistory)" [_thread_blocked, id=14324, stack(0x00000036eed00000,0x00000036eee00000)]
  0x0000013c1d958000 JavaThread "jar transforms" [_thread_blocked, id=4092, stack(0x00000036eee00000,0x00000036eef00000)]
  0x0000013c1d961000 JavaThread "jar transforms Thread 2" [_thread_blocked, id=14744, stack(0x00000036eef00000,0x00000036ef000000)]
  0x0000013c1d95f000 JavaThread "Cache worker for file content cache (C:\Users\涔\.gradle\caches\7.0.2\fileContent)" [_thread_blocked, id=10768, stack(0x00000036ef000000,0x00000036ef100000)]
  0x0000013c1d960000 JavaThread "jar transforms Thread 3" [_thread_blocked, id=13168, stack(0x00000036ef200000,0x00000036ef300000)]
  0x0000013c1e09d800 JavaThread "jar transforms Thread 4" [_thread_blocked, id=4456, stack(0x00000036f0000000,0x00000036f0100000)]
  0x0000013c1e09b800 JavaThread "jar transforms Thread 5" [_thread_blocked, id=10852, stack(0x00000036f0100000,0x00000036f0200000)]
  0x0000013c1e0a0800 JavaThread "jar transforms Thread 6" [_thread_blocked, id=1168, stack(0x00000036f0200000,0x00000036f0300000)]
  0x0000013c1e09e000 JavaThread "jar transforms Thread 7" [_thread_blocked, id=1916, stack(0x00000036f0300000,0x00000036f0400000)]
  0x0000013c1e09b000 JavaThread "jar transforms Thread 8" [_thread_blocked, id=2352, stack(0x00000036f0400000,0x00000036f0500000)]
  0x0000013c1e09f000 JavaThread "jar transforms Thread 9" [_thread_blocked, id=10788, stack(0x00000036f0500000,0x00000036f0600000)]
  0x0000013c1e0a1800 JavaThread "jar transforms Thread 10" [_thread_blocked, id=2008, stack(0x00000036f0600000,0x00000036f0700000)]
  0x0000013c1ef5a000 JavaThread "jar transforms Thread 11" [_thread_blocked, id=9192, stack(0x00000036f0700000,0x00000036f0800000)]
  0x0000013c1ef5f000 JavaThread "jar transforms Thread 12" [_thread_blocked, id=10444, stack(0x00000036f0800000,0x00000036f0900000)]
  0x0000013c1ef5c800 JavaThread "Memory manager" [_thread_blocked, id=14616, stack(0x00000036f0900000,0x00000036f0a00000)]
  0x0000013c22e7f800 JavaThread "Cache worker for Java compile cache (C:\Users\涔\.gradle\caches\7.0.2\javaCompile)" [_thread_blocked, id=8384, stack(0x00000036f1b00000,0x00000036f1c00000)]
  0x0000013c23af3000 JavaThread "ForkJoinPool.commonPool-worker-3" daemon [_thread_blocked, id=6596, stack(0x00000036f3100000,0x00000036f3200000)]
  0x0000013c1d953800 JavaThread "ForkJoinPool.commonPool-worker-9" daemon [_thread_blocked, id=14240, stack(0x00000036f2800000,0x00000036f2900000)]
  0x0000013c1d95c000 JavaThread "ForkJoinPool.commonPool-worker-5" daemon [_thread_blocked, id=13984, stack(0x00000036f2900000,0x00000036f2a00000)]
  0x0000013c1d95a000 JavaThread "ForkJoinPool.commonPool-worker-13" daemon [_thread_blocked, id=12356, stack(0x00000036f2b00000,0x00000036f2c00000)]
  0x0000013c1d956000 JavaThread "ForkJoinPool.commonPool-worker-31" daemon [_thread_blocked, id=10548, stack(0x00000036f2c00000,0x00000036f2d00000)]
  0x0000013c23afc000 JavaThread "ForkJoinPool.commonPool-worker-7" daemon [_thread_blocked, id=7012, stack(0x00000036f1800000,0x00000036f1900000)]
  0x0000013c23af3800 JavaThread "Daemon Thread 5" [_thread_blocked, id=10264, stack(0x00000036eb900000,0x00000036eba00000)]
  0x0000013c23af8800 JavaThread "Daemon worker Thread 5" [_thread_blocked, id=8620, stack(0x00000036ed300000,0x00000036ed400000)]
  0x0000013c22e75000 JavaThread "Handler for socket connection from /127.0.0.1:11713 to /127.0.0.1:9190" [_thread_in_native, id=10292, stack(0x00000036eba00000,0x00000036ebb00000)]
  0x0000013c22e73000 JavaThread "Cancel handler" [_thread_blocked, id=9872, stack(0x00000036ebb00000,0x00000036ebc00000)]
  0x0000013c22e74000 JavaThread "Asynchronous log dispatcher for DefaultDaemonConnection: socket connection from /127.0.0.1:11713 to /127.0.0.1:9190" [_thread_blocked, id=2512, stack(0x00000036ed400000,0x00000036ed500000)]
  0x0000013c22e7b800 JavaThread "Stdin handler" [_thread_blocked, id=14880, stack(0x00000036ed500000,0x00000036ed600000)]
  0x0000013c22e7a000 JavaThread "Daemon client event forwarder" [_thread_blocked, id=7252, stack(0x00000036ed600000,0x00000036ed700000)]
  0x0000013c22e7c000 Thread [stack: 0x00000036ed800000,0x00000036ed900000] [id=8216]
  0x0000013c22e76800 JavaThread "C2 CompilerThread1" daemon [_thread_in_native, id=2144, stack(0x00000036ee600000,0x00000036ee700000)]
  0x0000013c22e7d000 Thread [stack: 0x00000036ee900000,0x00000036eea00000] [id=7256]
  0x0000013c22e7e800 JavaThread "C2 CompilerThread2" daemon [_thread_in_native, id=6952, stack(0x00000036eeb00000,0x00000036eec00000)]
  0x0000013c22e80800 Thread [stack: 0x00000036eec00000,0x00000036eed00000] [id=4508]
  0x0000013c22e81000 Thread [stack: 0x00000036ef100000,0x00000036ef200000] [id=7080]
  0x0000013c1f6d7000 Thread [stack: 0x00000036ef300000,0x00000036ef400000] [id=8540]
  0x0000013c1f6d7800 Thread [stack: 0x00000036ef400000,0x00000036ef500000] [id=13740]
  0x0000013c1f6d6000 Thread [stack: 0x00000036ef500000,0x00000036ef600000] [id=6368]
  0x0000013c1f6d2800 Thread [stack: 0x00000036ef600000,0x00000036ef700000] [id=3332]
  0x0000013c1f6d5000 Thread [stack: 0x00000036ef700000,0x00000036ef800000] [id=3876]
  0x0000013c1f6d2000 Thread [stack: 0x00000036ef800000,0x00000036ef900000] [id=8968]
  0x0000013c1f6d8800 Thread [stack: 0x00000036ef900000,0x00000036efa00000] [id=2768]
  0x0000013c1f6d9000 Thread [stack: 0x00000036efa00000,0x00000036efb00000] [id=352]
  0x0000013c1f6d3800 Thread [stack: 0x00000036efb00000,0x00000036efc00000] [id=2668]
  0x0000013c1f6db800 Thread [stack: 0x00000036efc00000,0x00000036efd00000] [id=9032]
  0x0000013c23af7000 Thread [stack: 0x00000036f1400000,0x00000036f1500000] [id=10764]

Other Threads:
  0x0000013c19e97800 VMThread "VM Thread" [stack: 0x00000036ec200000,0x00000036ec300000] [id=3512]
  0x0000013c1a8cf800 WatcherThread [stack: 0x00000036ecc00000,0x00000036ecd00000] [id=2400]
  0x0000013c7f5b7800 GCTaskThread "GC Thread#0" [stack: 0x00000036ebd00000,0x00000036ebe00000] [id=14236]
  0x0000013c1b34d800 GCTaskThread "GC Thread#1" [stack: 0x00000036ecf00000,0x00000036ed000000] [id=8188]
  0x0000013c1b5a3800 GCTaskThread "GC Thread#2" [stack: 0x00000036ed000000,0x00000036ed100000] [id=8796]
  0x0000013c1c175000 GCTaskThread "GC Thread#3" [stack: 0x00000036ecd00000,0x00000036ece00000] [id=12084]
  0x0000013c1b61d800 GCTaskThread "GC Thread#4" [stack: 0x00000036edc00000,0x00000036edd00000] [id=9388]
  0x0000013c1b333800 GCTaskThread "GC Thread#5" [stack: 0x00000036edd00000,0x00000036ede00000] [id=14932]
  0x0000013c1bf54000 GCTaskThread "GC Thread#6" [stack: 0x00000036ede00000,0x00000036edf00000] [id=14252]
  0x0000013c1bf54800 GCTaskThread "GC Thread#7" [stack: 0x00000036edf00000,0x00000036ee000000] [id=9204]
  0x0000013c1bebe000 GCTaskThread "GC Thread#8" [stack: 0x00000036ee000000,0x00000036ee100000] [id=11152]
  0x0000013c1bebf000 GCTaskThread "GC Thread#9" [stack: 0x00000036ee100000,0x00000036ee200000] [id=13856]
  0x0000013c7f5e7800 ConcurrentGCThread "G1 Main Marker" [stack: 0x00000036ebe00000,0x00000036ebf00000] [id=4444]
  0x0000013c7f5e9000 ConcurrentGCThread "G1 Conc#0" [stack: 0x00000036ebf00000,0x00000036ec000000] [id=14376]
  0x0000013c1c970000 ConcurrentGCThread "G1 Conc#1" [stack: 0x00000036ee200000,0x00000036ee300000] [id=8388]
  0x0000013c1c89c000 ConcurrentGCThread "G1 Conc#2" [stack: 0x00000036ee300000,0x00000036ee400000] [id=8172]
  0x0000013c19ce8800 ConcurrentGCThread "G1 Refine#0" [stack: 0x00000036ec000000,0x00000036ec100000] [id=1952]
  0x0000013c19cea800 ConcurrentGCThread "G1 Young RemSet Sampling" [stack: 0x00000036ec100000,0x00000036ec200000] [id=1204]

Threads with active compile tasks:
C2 CompilerThread04947586 20369       4       java.io.ObjectOutputStream::writeClassDesc (60 bytes)
C2 CompilerThread14947586 20217   !   4       java.io.ObjectOutputStream::writeObject0 (619 bytes)
C2 CompilerThread24947586 20220       4       org.gradle.api.internal.artifacts.result.DefaultResolutionResult::eachElement (92 bytes)

VM state:not at safepoint (normal execution)

VM Mutex/Monitor currently owned by a thread: None

Heap address: 0x0000000080000000, size: 2048 MB, Compressed Oops mode: 32-bit
Narrow klass base: 0x0000000000000000, Narrow klass shift: 3
Compressed class space size: 1073741824 Address: 0x0000000100000000

Heap:
 garbage-first heap   total 189440K, used 113126K [0x0000000080000000, 0x0000000100000000)
  region size 1024K, 21 young (21504K), 2 survivors (2048K)
 Metaspace       used 116550K, capacity 119700K, committed 122008K, reserved 1155072K
  class space    used 14673K, capacity 15844K, committed 16868K, reserved 1048576K
Heap Regions: E=young(eden), S=young(survivor), O=old, HS=humongous(starts), HC=humongous(continues), CS=collection set, F=free, A=archive, TAMS=top-at-mark-start (previous, next)
|   0|0x0000000080000000, 0x0000000080100000, 0x0000000080100000|100%| O|  |TAMS 0x0000000080100000, 0x0000000080000000| Untracked 
|   1|0x0000000080100000, 0x0000000080200000, 0x0000000080200000|100%| O|  |TAMS 0x0000000080200000, 0x0000000080100000| Untracked 
|   2|0x0000000080200000, 0x0000000080300000, 0x0000000080300000|100%| O|  |TAMS 0x0000000080300000, 0x0000000080200000| Untracked 
|   3|0x0000000080300000, 0x0000000080400000, 0x0000000080400000|100%|HS|  |TAMS 0x0000000080400000, 0x0000000080300000| Complete 
|   4|0x0000000080400000, 0x0000000080500000, 0x0000000080500000|100%|HC|  |TAMS 0x0000000080500000, 0x0000000080400000| Complete 
|   5|0x0000000080500000, 0x0000000080600000, 0x0000000080600000|100%|HC|  |TAMS 0x0000000080600000, 0x0000000080500000| Complete 
|   6|0x0000000080600000, 0x0000000080700000, 0x0000000080700000|100%| O|  |TAMS 0x0000000080700000, 0x0000000080600000| Untracked 
|   7|0x0000000080700000, 0x0000000080800000, 0x0000000080800000|100%| O|  |TAMS 0x0000000080800000, 0x0000000080700000| Untracked 
|   8|0x0000000080800000, 0x0000000080900000, 0x0000000080900000|100%| O|  |TAMS 0x0000000080900000, 0x0000000080800000| Untracked 
|   9|0x0000000080900000, 0x0000000080a00000, 0x0000000080a00000|100%| O|  |TAMS 0x0000000080a00000, 0x0000000080900000| Untracked 
|  10|0x0000000080a00000, 0x0000000080b00000, 0x0000000080b00000|100%| O|  |TAMS 0x0000000080b00000, 0x0000000080a00000| Untracked 
|  11|0x0000000080b00000, 0x0000000080c00000, 0x0000000080c00000|100%| O|  |TAMS 0x0000000080c00000, 0x0000000080b00000| Untracked 
|  12|0x0000000080c00000, 0x0000000080d00000, 0x0000000080d00000|100%| O|  |TAMS 0x0000000080d00000, 0x0000000080c00000| Untracked 
|  13|0x0000000080d00000, 0x0000000080e00000, 0x0000000080e00000|100%| O|  |TAMS 0x0000000080e00000, 0x0000000080d00000| Untracked 
|  14|0x0000000080e00000, 0x0000000080f00000, 0x0000000080f00000|100%| O|  |TAMS 0x0000000080f00000, 0x0000000080e00000| Untracked 
|  15|0x0000000080f00000, 0x0000000081000000, 0x0000000081000000|100%|HS|  |TAMS 0x0000000081000000, 0x0000000080f00000| Complete 
|  16|0x0000000081000000, 0x0000000081100000, 0x0000000081100000|100%| O|  |TAMS 0x0000000081100000, 0x0000000081000000| Untracked 
|  17|0x0000000081100000, 0x0000000081200000, 0x0000000081200000|100%| O|  |TAMS 0x0000000081200000, 0x0000000081100000| Untracked 
|  18|0x0000000081200000, 0x0000000081300000, 0x0000000081300000|100%| O|  |TAMS 0x0000000081300000, 0x0000000081200000| Untracked 
|  19|0x0000000081300000, 0x0000000081400000, 0x0000000081400000|100%| O|  |TAMS 0x0000000081400000, 0x0000000081300000| Untracked 
|  20|0x0000000081400000, 0x0000000081500000, 0x0000000081500000|100%| O|  |TAMS 0x0000000081500000, 0x0000000081400000| Untracked 
|  21|0x0000000081500000, 0x0000000081600000, 0x0000000081600000|100%| O|  |TAMS 0x0000000081600000, 0x0000000081500000| Untracked 
|  22|0x0000000081600000, 0x0000000081700000, 0x0000000081700000|100%| O|  |TAMS 0x0000000081700000, 0x0000000081600000| Untracked 
|  23|0x0000000081700000, 0x0000000081800000, 0x0000000081800000|100%|HS|  |TAMS 0x0000000081800000, 0x0000000081700000| Complete 
|  24|0x0000000081800000, 0x0000000081900000, 0x0000000081900000|100%|HS|  |TAMS 0x0000000081900000, 0x0000000081800000| Complete 
|  25|0x0000000081900000, 0x0000000081a00000, 0x0000000081a00000|100%|HC|  |TAMS 0x0000000081a00000, 0x0000000081900000| Complete 
|  26|0x0000000081a00000, 0x0000000081b00000, 0x0000000081b00000|100%| O|  |TAMS 0x0000000081b00000, 0x0000000081a00000| Untracked 
|  27|0x0000000081b00000, 0x0000000081c00000, 0x0000000081c00000|100%| O|  |TAMS 0x0000000081c00000, 0x0000000081b00000| Untracked 
|  28|0x0000000081c00000, 0x0000000081d00000, 0x0000000081d00000|100%| O|  |TAMS 0x0000000081d00000, 0x0000000081c00000| Untracked 
|  29|0x0000000081d00000, 0x0000000081e00000, 0x0000000081e00000|100%| O|  |TAMS 0x0000000081e00000, 0x0000000081d00000| Untracked 
|  30|0x0000000081e00000, 0x0000000081f00000, 0x0000000081f00000|100%| O|  |TAMS 0x0000000081f00000, 0x0000000081e00000| Untracked 
|  31|0x0000000081f00000, 0x0000000082000000, 0x0000000082000000|100%| O|  |TAMS 0x0000000082000000, 0x0000000081f00000| Untracked 
|  32|0x0000000082000000, 0x0000000082100000, 0x0000000082100000|100%| O|  |TAMS 0x0000000082100000, 0x0000000082000000| Untracked 
|  33|0x0000000082100000, 0x0000000082200000, 0x0000000082200000|100%| O|  |TAMS 0x0000000082200000, 0x0000000082100000| Untracked 
|  34|0x0000000082200000, 0x0000000082200000, 0x0000000082300000|  0%| F|  |TAMS 0x0000000082200000, 0x0000000082200000| Untracked 
|  35|0x0000000082300000, 0x0000000082400000, 0x0000000082400000|100%| O|  |TAMS 0x0000000082400000, 0x0000000082300000| Untracked 
|  36|0x0000000082400000, 0x0000000082500000, 0x0000000082500000|100%| O|  |TAMS 0x0000000082500000, 0x0000000082400000| Untracked 
|  37|0x0000000082500000, 0x0000000082600000, 0x0000000082600000|100%| O|  |TAMS 0x0000000082600000, 0x0000000082500000| Untracked 
|  38|0x0000000082600000, 0x0000000082600000, 0x0000000082700000|  0%| F|  |TAMS 0x0000000082600000, 0x0000000082600000| Untracked 
|  39|0x0000000082700000, 0x0000000082700000, 0x0000000082800000|  0%| F|  |TAMS 0x0000000082700000, 0x0000000082700000| Untracked 
|  40|0x0000000082800000, 0x0000000082900000, 0x0000000082900000|100%| O|  |TAMS 0x0000000082900000, 0x0000000082800000| Untracked 
|  41|0x0000000082900000, 0x0000000082a00000, 0x0000000082a00000|100%| O|  |TAMS 0x0000000082a00000, 0x0000000082900000| Untracked 
|  42|0x0000000082a00000, 0x0000000082b00000, 0x0000000082b00000|100%| O|  |TAMS 0x0000000082b00000, 0x0000000082a00000| Untracked 
|  43|0x0000000082b00000, 0x0000000082c00000, 0x0000000082c00000|100%| O|  |TAMS 0x0000000082c00000, 0x0000000082b00000| Untracked 
|  44|0x0000000082c00000, 0x0000000082d00000, 0x0000000082d00000|100%| O|  |TAMS 0x0000000082d00000, 0x0000000082c00000| Untracked 
|  45|0x0000000082d00000, 0x0000000082e00000, 0x0000000082e00000|100%| O|  |TAMS 0x0000000082e00000, 0x0000000082d00000| Untracked 
|  46|0x0000000082e00000, 0x0000000082f00000, 0x0000000082f00000|100%| O|  |TAMS 0x0000000082f00000, 0x0000000082e00000| Untracked 
|  47|0x0000000082f00000, 0x0000000083000000, 0x0000000083000000|100%| O|  |TAMS 0x0000000082f00000, 0x0000000082f00000| Untracked 
|  48|0x0000000083000000, 0x0000000083100000, 0x0000000083100000|100%| O|  |TAMS 0x0000000083000000, 0x0000000083000000| Untracked 
|  49|0x0000000083100000, 0x0000000083200000, 0x0000000083200000|100%| O|  |TAMS 0x0000000083200000, 0x0000000083100000| Untracked 
|  50|0x0000000083200000, 0x0000000083200000, 0x0000000083300000|  0%| F|  |TAMS 0x0000000083200000, 0x0000000083200000| Untracked 
|  51|0x0000000083300000, 0x0000000083400000, 0x0000000083400000|100%| O|  |TAMS 0x0000000083300000, 0x0000000083300000| Untracked 
|  52|0x0000000083400000, 0x0000000083500000, 0x0000000083500000|100%| O|  |TAMS 0x0000000083400000, 0x0000000083400000| Untracked 
|  53|0x0000000083500000, 0x0000000083600000, 0x0000000083600000|100%| O|  |TAMS 0x0000000083600000, 0x0000000083500000| Untracked 
|  54|0x0000000083600000, 0x0000000083700000, 0x0000000083700000|100%| O|  |TAMS 0x0000000083700000, 0x0000000083600000| Untracked 
|  55|0x0000000083700000, 0x0000000083800000, 0x0000000083800000|100%| O|  |TAMS 0x0000000083800000, 0x0000000083700000| Untracked 
|  56|0x0000000083800000, 0x0000000083900000, 0x0000000083900000|100%| O|  |TAMS 0x0000000083900000, 0x0000000083800000| Untracked 
|  57|0x0000000083900000, 0x0000000083a00000, 0x0000000083a00000|100%| O|  |TAMS 0x0000000083a00000, 0x0000000083900000| Untracked 
|  58|0x0000000083a00000, 0x0000000083b00000, 0x0000000083b00000|100%| O|  |TAMS 0x0000000083b00000, 0x0000000083a00000| Untracked 
|  59|0x0000000083b00000, 0x0000000083c00000, 0x0000000083c00000|100%| O|  |TAMS 0x0000000083c00000, 0x0000000083b00000| Untracked 
|  60|0x0000000083c00000, 0x0000000083d00000, 0x0000000083d00000|100%| O|  |TAMS 0x0000000083d00000, 0x0000000083c00000| Untracked 
|  61|0x0000000083d00000, 0x0000000083e00000, 0x0000000083e00000|100%| O|  |TAMS 0x0000000083e00000, 0x0000000083d00000| Untracked 
|  62|0x0000000083e00000, 0x0000000083f00000, 0x0000000083f00000|100%| O|  |TAMS 0x0000000083f00000, 0x0000000083e00000| Untracked 
|  63|0x0000000083f00000, 0x0000000084000000, 0x0000000084000000|100%| O|  |TAMS 0x0000000084000000, 0x0000000083f00000| Untracked 
|  64|0x0000000084000000, 0x0000000084100000, 0x0000000084100000|100%| O|  |TAMS 0x0000000084000000, 0x0000000084000000| Untracked 
|  65|0x0000000084100000, 0x0000000084100000, 0x0000000084200000|  0%| F|  |TAMS 0x0000000084100000, 0x0000000084100000| Untracked 
|  66|0x0000000084200000, 0x0000000084200000, 0x0000000084300000|  0%| F|  |TAMS 0x0000000084200000, 0x0000000084200000| Untracked 
|  67|0x0000000084300000, 0x0000000084400000, 0x0000000084400000|100%| O|  |TAMS 0x0000000084400000, 0x0000000084300000| Untracked 
|  68|0x0000000084400000, 0x0000000084500000, 0x0000000084500000|100%| O|  |TAMS 0x0000000084500000, 0x0000000084400000| Untracked 
|  69|0x0000000084500000, 0x0000000084500000, 0x0000000084600000|  0%| F|  |TAMS 0x0000000084500000, 0x0000000084500000| Untracked 
|  70|0x0000000084600000, 0x0000000084700000, 0x0000000084700000|100%| O|  |TAMS 0x0000000084700000, 0x0000000084600000| Untracked 
|  71|0x0000000084700000, 0x0000000084800000, 0x0000000084800000|100%| O|  |TAMS 0x0000000084800000, 0x0000000084700000| Untracked 
|  72|0x0000000084800000, 0x0000000084900000, 0x0000000084900000|100%| O|  |TAMS 0x0000000084900000, 0x0000000084800000| Untracked 
|  73|0x0000000084900000, 0x0000000084a00000, 0x0000000084a00000|100%| O|  |TAMS 0x0000000084a00000, 0x0000000084900000| Untracked 
|  74|0x0000000084a00000, 0x0000000084a00000, 0x0000000084b00000|  0%| F|  |TAMS 0x0000000084a00000, 0x0000000084a00000| Untracked 
|  75|0x0000000084b00000, 0x0000000084c00000, 0x0000000084c00000|100%| O|  |TAMS 0x0000000084c00000, 0x0000000084b00000| Untracked 
|  76|0x0000000084c00000, 0x0000000084d00000, 0x0000000084d00000|100%| O|  |TAMS 0x0000000084d00000, 0x0000000084c00000| Untracked 
|  77|0x0000000084d00000, 0x0000000084e00000, 0x0000000084e00000|100%| O|  |TAMS 0x0000000084e00000, 0x0000000084d00000| Untracked 
|  78|0x0000000084e00000, 0x0000000084f00000, 0x0000000084f00000|100%| O|  |TAMS 0x0000000084f00000, 0x0000000084e00000| Untracked 
|  79|0x0000000084f00000, 0x0000000085000000, 0x0000000085000000|100%| O|  |TAMS 0x0000000084f00000, 0x0000000084f00000| Untracked 
|  80|0x0000000085000000, 0x0000000085100000, 0x0000000085100000|100%| O|  |TAMS 0x0000000085100000, 0x0000000085000000| Untracked 
|  81|0x0000000085100000, 0x0000000085200000, 0x0000000085200000|100%| O|  |TAMS 0x0000000085200000, 0x0000000085100000| Untracked 
|  82|0x0000000085200000, 0x0000000085300000, 0x0000000085300000|100%| O|  |TAMS 0x0000000085300000, 0x0000000085200000| Untracked 
|  83|0x0000000085300000, 0x0000000085300000, 0x0000000085400000|  0%| F|  |TAMS 0x0000000085300000, 0x0000000085300000| Untracked 
|  84|0x0000000085400000, 0x0000000085400000, 0x0000000085500000|  0%| F|  |TAMS 0x0000000085400000, 0x0000000085400000| Untracked 
|  85|0x0000000085500000, 0x0000000085600000, 0x0000000085600000|100%| O|  |TAMS 0x0000000085600000, 0x0000000085500000| Untracked 
|  86|0x0000000085600000, 0x0000000085600000, 0x0000000085700000|  0%| F|  |TAMS 0x0000000085600000, 0x0000000085600000| Untracked 
|  87|0x0000000085700000, 0x0000000085800000, 0x0000000085800000|100%| O|  |TAMS 0x0000000085800000, 0x0000000085700000| Untracked 
|  88|0x0000000085800000, 0x0000000085900000, 0x0000000085900000|100%| O|  |TAMS 0x0000000085900000, 0x0000000085800000| Untracked 
|  89|0x0000000085900000, 0x0000000085900000, 0x0000000085a00000|  0%| F|  |TAMS 0x0000000085900000, 0x0000000085900000| Untracked 
|  90|0x0000000085a00000, 0x0000000085b00000, 0x0000000085b00000|100%| O|  |TAMS 0x0000000085b00000, 0x0000000085a00000| Untracked 
|  91|0x0000000085b00000, 0x0000000085c00000, 0x0000000085c00000|100%| O|  |TAMS 0x0000000085b00000, 0x0000000085b00000| Untracked 
|  92|0x0000000085c00000, 0x0000000085d00000, 0x0000000085d00000|100%| O|  |TAMS 0x0000000085d00000, 0x0000000085c00000| Untracked 
|  93|0x0000000085d00000, 0x0000000085e00000, 0x0000000085e00000|100%| O|  |TAMS 0x0000000085e00000, 0x0000000085d00000| Untracked 
|  94|0x0000000085e00000, 0x0000000085f00000, 0x0000000085f00000|100%| O|  |TAMS 0x0000000085f00000, 0x0000000085e00000| Untracked 
|  95|0x0000000085f00000, 0x0000000086000000, 0x0000000086000000|100%| O|  |TAMS 0x0000000085f00000, 0x0000000085f00000| Untracked 
|  96|0x0000000086000000, 0x0000000086100000, 0x0000000086100000|100%| O|  |TAMS 0x0000000086000000, 0x0000000086000000| Untracked 
|  97|0x0000000086100000, 0x0000000086100000, 0x0000000086200000|  0%| F|  |TAMS 0x0000000086100000, 0x0000000086100000| Untracked 
|  98|0x0000000086200000, 0x0000000086300000, 0x0000000086300000|100%| O|  |TAMS 0x0000000086300000, 0x0000000086200000| Untracked 
|  99|0x0000000086300000, 0x0000000086300000, 0x0000000086400000|  0%| F|  |TAMS 0x0000000086300000, 0x0000000086300000| Untracked 
| 100|0x0000000086400000, 0x0000000086400000, 0x0000000086500000|  0%| F|  |TAMS 0x0000000086400000, 0x0000000086400000| Untracked 
| 101|0x0000000086500000, 0x0000000086500000, 0x0000000086600000|  0%| F|  |TAMS 0x0000000086500000, 0x0000000086500000| Untracked 
| 102|0x0000000086600000, 0x0000000086700000, 0x0000000086700000|100%| O|  |TAMS 0x0000000086600000, 0x0000000086600000| Untracked 
| 103|0x0000000086700000, 0x0000000086800000, 0x0000000086800000|100%| O|  |TAMS 0x0000000086700000, 0x0000000086700000| Untracked 
| 104|0x0000000086800000, 0x0000000086900000, 0x0000000086900000|100%| O|  |TAMS 0x0000000086800000, 0x0000000086800000| Untracked 
| 105|0x0000000086900000, 0x0000000086a00000, 0x0000000086a00000|100%| O|  |TAMS 0x0000000086900000, 0x0000000086900000| Untracked 
| 106|0x0000000086a00000, 0x0000000086b00000, 0x0000000086b00000|100%| O|  |TAMS 0x0000000086a00000, 0x0000000086a00000| Untracked 
| 107|0x0000000086b00000, 0x0000000086b35c00, 0x0000000086c00000| 20%| O|  |TAMS 0x0000000086b00000, 0x0000000086b00000| Untracked 
| 108|0x0000000086c00000, 0x0000000086c00000, 0x0000000086d00000|  0%| F|  |TAMS 0x0000000086c00000, 0x0000000086c00000| Untracked 
| 109|0x0000000086d00000, 0x0000000086d00000, 0x0000000086e00000|  0%| F|  |TAMS 0x0000000086d00000, 0x0000000086d00000| Untracked 
| 110|0x0000000086e00000, 0x0000000086e00000, 0x0000000086f00000|  0%| F|  |TAMS 0x0000000086e00000, 0x0000000086e00000| Untracked 
| 111|0x0000000086f00000, 0x0000000086f00000, 0x0000000087000000|  0%| F|  |TAMS 0x0000000086f00000, 0x0000000086f00000| Untracked 
| 112|0x0000000087000000, 0x0000000087000000, 0x0000000087100000|  0%| F|  |TAMS 0x0000000087000000, 0x0000000087000000| Untracked 
| 113|0x0000000087100000, 0x0000000087100000, 0x0000000087200000|  0%| F|  |TAMS 0x0000000087100000, 0x0000000087100000| Untracked 
| 114|0x0000000087200000, 0x0000000087200000, 0x0000000087300000|  0%| F|  |TAMS 0x0000000087200000, 0x0000000087200000| Untracked 
| 115|0x0000000087300000, 0x0000000087300000, 0x0000000087400000|  0%| F|  |TAMS 0x0000000087300000, 0x0000000087300000| Untracked 
| 116|0x0000000087400000, 0x0000000087400000, 0x0000000087500000|  0%| F|  |TAMS 0x0000000087400000, 0x0000000087400000| Untracked 
| 117|0x0000000087500000, 0x0000000087500000, 0x0000000087600000|  0%| F|  |TAMS 0x0000000087500000, 0x0000000087500000| Untracked 
| 118|0x0000000087600000, 0x0000000087600000, 0x0000000087700000|  0%| F|  |TAMS 0x0000000087600000, 0x0000000087600000| Untracked 
| 119|0x0000000087700000, 0x0000000087700000, 0x0000000087800000|  0%| F|  |TAMS 0x0000000087700000, 0x0000000087700000| Untracked 
| 120|0x0000000087800000, 0x0000000087800000, 0x0000000087900000|  0%| F|  |TAMS 0x0000000087800000, 0x0000000087800000| Untracked 
| 121|0x0000000087900000, 0x0000000087900000, 0x0000000087a00000|  0%| F|  |TAMS 0x0000000087900000, 0x0000000087900000| Untracked 
| 122|0x0000000087a00000, 0x0000000087a00000, 0x0000000087b00000|  0%| F|  |TAMS 0x0000000087a00000, 0x0000000087a00000| Untracked 
| 123|0x0000000087b00000, 0x0000000087b00000, 0x0000000087c00000|  0%| F|  |TAMS 0x0000000087b00000, 0x0000000087b00000| Untracked 
| 124|0x0000000087c00000, 0x0000000087c00000, 0x0000000087d00000|  0%| F|  |TAMS 0x0000000087c00000, 0x0000000087c00000| Untracked 
| 125|0x0000000087d00000, 0x0000000087d00000, 0x0000000087e00000|  0%| F|  |TAMS 0x0000000087d00000, 0x0000000087d00000| Untracked 
| 126|0x0000000087e00000, 0x0000000087e00000, 0x0000000087f00000|  0%| F|  |TAMS 0x0000000087e00000, 0x0000000087e00000| Untracked 
| 127|0x0000000087f00000, 0x0000000087f00000, 0x0000000088000000|  0%| F|  |TAMS 0x0000000087f00000, 0x0000000087f00000| Untracked 
| 128|0x0000000088000000, 0x0000000088000000, 0x0000000088100000|  0%| F|  |TAMS 0x0000000088000000, 0x0000000088000000| Untracked 
| 129|0x0000000088100000, 0x0000000088100000, 0x0000000088200000|  0%| F|  |TAMS 0x0000000088100000, 0x0000000088100000| Untracked 
| 130|0x0000000088200000, 0x0000000088200000, 0x0000000088300000|  0%| F|  |TAMS 0x0000000088200000, 0x0000000088200000| Untracked 
| 131|0x0000000088300000, 0x0000000088300000, 0x0000000088400000|  0%| F|  |TAMS 0x0000000088300000, 0x0000000088300000| Untracked 
| 132|0x0000000088400000, 0x0000000088400000, 0x0000000088500000|  0%| F|  |TAMS 0x0000000088400000, 0x0000000088400000| Untracked 
| 133|0x0000000088500000, 0x0000000088500000, 0x0000000088600000|  0%| F|  |TAMS 0x0000000088500000, 0x0000000088500000| Untracked 
| 134|0x0000000088600000, 0x0000000088600000, 0x0000000088700000|  0%| F|  |TAMS 0x0000000088600000, 0x0000000088600000| Untracked 
| 135|0x0000000088700000, 0x0000000088700000, 0x0000000088800000|  0%| F|  |TAMS 0x0000000088700000, 0x0000000088700000| Untracked 
| 136|0x0000000088800000, 0x0000000088800000, 0x0000000088900000|  0%| F|  |TAMS 0x0000000088800000, 0x0000000088800000| Untracked 
| 137|0x0000000088900000, 0x0000000088900000, 0x0000000088a00000|  0%| F|  |TAMS 0x0000000088900000, 0x0000000088900000| Untracked 
| 138|0x0000000088a00000, 0x0000000088a00000, 0x0000000088b00000|  0%| F|  |TAMS 0x0000000088a00000, 0x0000000088a00000| Untracked 
| 139|0x0000000088b00000, 0x0000000088b00000, 0x0000000088c00000|  0%| F|  |TAMS 0x0000000088b00000, 0x0000000088b00000| Untracked 
| 140|0x0000000088c00000, 0x0000000088c00000, 0x0000000088d00000|  0%| F|  |TAMS 0x0000000088c00000, 0x0000000088c00000| Untracked 
| 141|0x0000000088d00000, 0x0000000088d00000, 0x0000000088e00000|  0%| F|  |TAMS 0x0000000088d00000, 0x0000000088d00000| Untracked 
| 142|0x0000000088e00000, 0x0000000088e00000, 0x0000000088f00000|  0%| F|  |TAMS 0x0000000088e00000, 0x0000000088e00000| Untracked 
| 143|0x0000000088f00000, 0x0000000088f00000, 0x0000000089000000|  0%| F|  |TAMS 0x0000000088f00000, 0x0000000088f00000| Untracked 
| 144|0x0000000089000000, 0x0000000089000000, 0x0000000089100000|  0%| F|  |TAMS 0x0000000089000000, 0x0000000089000000| Untracked 
| 145|0x0000000089100000, 0x0000000089100000, 0x0000000089200000|  0%| F|  |TAMS 0x0000000089100000, 0x0000000089100000| Untracked 
| 146|0x0000000089200000, 0x0000000089200000, 0x0000000089300000|  0%| F|  |TAMS 0x0000000089200000, 0x0000000089200000| Untracked 
| 147|0x0000000089300000, 0x0000000089300000, 0x0000000089400000|  0%| F|  |TAMS 0x0000000089300000, 0x0000000089300000| Untracked 
| 148|0x0000000089400000, 0x0000000089400000, 0x0000000089500000|  0%| F|  |TAMS 0x0000000089400000, 0x0000000089400000| Untracked 
| 149|0x0000000089500000, 0x0000000089500000, 0x0000000089600000|  0%| F|  |TAMS 0x0000000089500000, 0x0000000089500000| Untracked 
| 150|0x0000000089600000, 0x0000000089600000, 0x0000000089700000|  0%| F|  |TAMS 0x0000000089600000, 0x0000000089600000| Untracked 
| 151|0x0000000089700000, 0x0000000089700000, 0x0000000089800000|  0%| F|  |TAMS 0x0000000089700000, 0x0000000089700000| Untracked 
| 152|0x0000000089800000, 0x0000000089800000, 0x0000000089900000|  0%| F|  |TAMS 0x0000000089800000, 0x0000000089800000| Untracked 
| 153|0x0000000089900000, 0x0000000089900000, 0x0000000089a00000|  0%| F|  |TAMS 0x0000000089900000, 0x0000000089900000| Untracked 
| 154|0x0000000089a00000, 0x0000000089a00000, 0x0000000089b00000|  0%| F|  |TAMS 0x0000000089a00000, 0x0000000089a00000| Untracked 
| 155|0x0000000089b00000, 0x0000000089b00000, 0x0000000089c00000|  0%| F|  |TAMS 0x0000000089b00000, 0x0000000089b00000| Untracked 
| 156|0x0000000089c00000, 0x0000000089c00000, 0x0000000089d00000|  0%| F|  |TAMS 0x0000000089c00000, 0x0000000089c00000| Untracked 
| 157|0x0000000089d00000, 0x0000000089d00000, 0x0000000089e00000|  0%| F|  |TAMS 0x0000000089d00000, 0x0000000089d00000| Untracked 
| 158|0x0000000089e00000, 0x0000000089e00000, 0x0000000089f00000|  0%| F|  |TAMS 0x0000000089e00000, 0x0000000089e00000| Untracked 
| 159|0x0000000089f00000, 0x0000000089f00000, 0x000000008a000000|  0%| F|  |TAMS 0x0000000089f00000, 0x0000000089f00000| Untracked 
| 160|0x000000008a000000, 0x000000008a000000, 0x000000008a100000|  0%| F|  |TAMS 0x000000008a000000, 0x000000008a000000| Untracked 
| 161|0x000000008a100000, 0x000000008a100000, 0x000000008a200000|  0%| F|  |TAMS 0x000000008a100000, 0x000000008a100000| Untracked 
| 162|0x000000008a200000, 0x000000008a200000, 0x000000008a300000|  0%| F|  |TAMS 0x000000008a200000, 0x000000008a200000| Untracked 
| 163|0x000000008a300000, 0x000000008a300000, 0x000000008a400000|  0%| F|  |TAMS 0x000000008a300000, 0x000000008a300000| Untracked 
| 164|0x000000008a400000, 0x000000008a484710, 0x000000008a500000| 51%| E|  |TAMS 0x000000008a400000, 0x000000008a400000| Complete 
| 165|0x000000008a500000, 0x000000008a600000, 0x000000008a600000|100%| E|CS|TAMS 0x000000008a500000, 0x000000008a500000| Complete 
| 166|0x000000008a600000, 0x000000008a700000, 0x000000008a700000|100%| E|CS|TAMS 0x000000008a600000, 0x000000008a600000| Complete 
| 167|0x000000008a700000, 0x000000008a800000, 0x000000008a800000|100%| E|CS|TAMS 0x000000008a700000, 0x000000008a700000| Complete 
| 168|0x000000008a800000, 0x000000008a900000, 0x000000008a900000|100%| E|CS|TAMS 0x000000008a800000, 0x000000008a800000| Complete 
| 169|0x000000008a900000, 0x000000008aa00000, 0x000000008aa00000|100%| E|CS|TAMS 0x000000008a900000, 0x000000008a900000| Complete 
| 170|0x000000008aa00000, 0x000000008ab00000, 0x000000008ab00000|100%| E|CS|TAMS 0x000000008aa00000, 0x000000008aa00000| Complete 
| 171|0x000000008ab00000, 0x000000008ac00000, 0x000000008ac00000|100%| E|CS|TAMS 0x000000008ab00000, 0x000000008ab00000| Complete 
| 172|0x000000008ac00000, 0x000000008ad00000, 0x000000008ad00000|100%| E|CS|TAMS 0x000000008ac00000, 0x000000008ac00000| Complete 
| 173|0x000000008ad00000, 0x000000008ae00000, 0x000000008ae00000|100%| E|CS|TAMS 0x000000008ad00000, 0x000000008ad00000| Complete 
| 174|0x000000008ae00000, 0x000000008af00000, 0x000000008af00000|100%| E|CS|TAMS 0x000000008ae00000, 0x000000008ae00000| Complete 
| 175|0x000000008af00000, 0x000000008b000000, 0x000000008b000000|100%| E|CS|TAMS 0x000000008af00000, 0x000000008af00000| Complete 
| 176|0x000000008b000000, 0x000000008b100000, 0x000000008b100000|100%| E|CS|TAMS 0x000000008b000000, 0x000000008b000000| Complete 
| 177|0x000000008b100000, 0x000000008b200000, 0x000000008b200000|100%| E|CS|TAMS 0x000000008b100000, 0x000000008b100000| Complete 
| 178|0x000000008b200000, 0x000000008b300000, 0x000000008b300000|100%| E|CS|TAMS 0x000000008b200000, 0x000000008b200000| Complete 
| 179|0x000000008b300000, 0x000000008b343d10, 0x000000008b400000| 26%| S|CS|TAMS 0x000000008b300000, 0x000000008b300000| Complete 
| 180|0x000000008b400000, 0x000000008b500000, 0x000000008b500000|100%| S|CS|TAMS 0x000000008b400000, 0x000000008b400000| Complete 
| 181|0x000000008b500000, 0x000000008b600000, 0x000000008b600000|100%| E|CS|TAMS 0x000000008b500000, 0x000000008b500000| Complete 
| 182|0x000000008b600000, 0x000000008b700000, 0x000000008b700000|100%| E|CS|TAMS 0x000000008b600000, 0x000000008b600000| Complete 
| 183|0x000000008b700000, 0x000000008b800000, 0x000000008b800000|100%| E|CS|TAMS 0x000000008b700000, 0x000000008b700000| Complete 
| 184|0x000000008b800000, 0x000000008b900000, 0x000000008b900000|100%| E|CS|TAMS 0x000000008b800000, 0x000000008b800000| Complete 

Card table byte_map: [0x0000013c12a10000,0x0000013c12e10000] _byte_map_base: 0x0000013c12610000

Marking Bits (Prev, Next): (CMBitMap*) 0x0000013c7f5de9d8, (CMBitMap*) 0x0000013c7f5dea10
 Prev Bits: [0x0000013c13210000, 0x0000013c15210000)
 Next Bits: [0x0000013c15210000, 0x0000013c17210000)

Polling page: 0x0000013c7d520000

Metaspace:

Usage:
  Non-class:    101.42 MB capacity,    99.49 MB ( 98%) used,     1.56 MB (  2%) free+waste,   383.94 KB ( <1%) overhead. 
      Class:     15.47 MB capacity,    14.33 MB ( 93%) used,  1003.81 KB (  6%) free+waste,   167.00 KB (  1%) overhead. 
       Both:    116.89 MB capacity,   113.82 MB ( 97%) used,     2.54 MB (  2%) free+waste,   550.94 KB ( <1%) overhead. 

Virtual space:
  Non-class space:      104.00 MB reserved,     102.68 MB ( 99%) committed 
      Class space:        1.00 GB reserved,      16.47 MB (  2%) committed 
             Both:        1.10 GB reserved,     119.15 MB ( 11%) committed 

Chunk freelists:
   Non-Class:  1.07 MB
       Class:  1020.00 KB
        Both:  2.06 MB

MaxMetaspaceSize: 17179869184.00 GB
CompressedClassSpaceSize: 1.00 GB

CodeHeap 'non-profiled nmethods': size=120000Kb used=13130Kb max_used=13130Kb free=106869Kb
 bounds [0x0000013c0b4e0000, 0x0000013c0c1c0000, 0x0000013c12a10000]
CodeHeap 'profiled nmethods': size=120000Kb used=42775Kb max_used=42775Kb free=77224Kb
 bounds [0x0000013c03fb0000, 0x0000013c06990000, 0x0000013c0b4e0000]
CodeHeap 'non-nmethods': size=5760Kb used=2354Kb max_used=2410Kb free=3405Kb
 bounds [0x0000013c03a10000, 0x0000013c03c80000, 0x0000013c03fb0000]
 total_blobs=20401 nmethods=19429 adapters=881
 compilation: enabled
              stopped_count=0, restarted_count=0
 full_count=0

Compilation events (20 events):
Event: 4947.266 Thread 0x0000013c1a743800 20433       3       org.gradle.execution.plan.ValuedVfsHierarchy$$Lambda$1100/0x0000000100af9c40::get$Lambda (9 bytes)
Event: 4947.267 Thread 0x0000013c1a743800 nmethod 20433 0x0000013c06973990 code [0x0000013c06973b60, 0x0000013c06973db8]
Event: 4947.267 Thread 0x0000013c1a743800 20434       3       org.gradle.internal.execution.steps.SkipUpToDateStep::lambda$execute$0 (79 bytes)
Event: 4947.270 Thread 0x0000013c1a743800 nmethod 20434 0x0000013c06973e90 code [0x0000013c06974200, 0x0000013c06975c28]
Event: 4947.270 Thread 0x0000013c1a743800 20435       3       java.util.stream.Streams$ConcatSpliterator::tryAdvance (54 bytes)
Event: 4947.270 Thread 0x0000013c1a743800 nmethod 20435 0x0000013c06976410 code [0x0000013c06976600, 0x0000013c069769e8]
Event: 4947.270 Thread 0x0000013c1a743800 20436       3       org.gradle.internal.execution.steps.ResolveCachingStateStep::logDisabledReasons (104 bytes)
Event: 4947.272 Thread 0x0000013c1a743800 nmethod 20436 0x0000013c06976b10 code [0x0000013c06976ea0, 0x0000013c06978698]
Event: 4947.276 Thread 0x0000013c1a743800 20438       3       org.gradle.api.internal.file.CompositeFileCollection$$Lambda$818/0x0000000100a74c40::accept (12 bytes)
Event: 4947.276 Thread 0x0000013c1a743800 nmethod 20438 0x0000013c06978e90 code [0x0000013c06979060, 0x0000013c06979308]
Event: 4947.281 Thread 0x0000013c1a743800 20439       3       org.gradle.api.internal.tasks.properties.DefaultTaskProperties::validateType (10 bytes)
Event: 4947.281 Thread 0x0000013c1a743800 nmethod 20439 0x0000013c06979410 code [0x0000013c06979620, 0x0000013c06979c48]
Event: 4947.281 Thread 0x0000013c1a743800 20440       3       org.gradle.api.internal.tasks.properties.DefaultTaskProperties::validate (40 bytes)
Event: 4947.282 Thread 0x0000013c1a743800 nmethod 20440 0x0000013c06979e90 code [0x0000013c0697a0a0, 0x0000013c0697a678]
Event: 4947.282 Thread 0x0000013c1a743800 20441       3       org.gradle.internal.execution.steps.ResolveChangesStep$$Lambda$854/0x0000000100a89c40::<init> (26 bytes)
Event: 4947.282 Thread 0x0000013c1a743800 nmethod 20441 0x0000013c0697a890 code [0x0000013c0697aa60, 0x0000013c0697ad38]
Event: 4947.285 Thread 0x0000013c1a743800 20442       3       com.google.common.collect.Iterables::concat (7 bytes)
Event: 4947.285 Thread 0x0000013c1a743800 nmethod 20442 0x0000013c0697ae10 code [0x0000013c0697b000, 0x0000013c0697b648]
Event: 4947.285 Thread 0x0000013c1a743800 20443       3       com.google.common.collect.FluentIterable::concat (20 bytes)
Event: 4947.285 Thread 0x0000013c1a743800 nmethod 20443 0x0000013c0697b810 code [0x0000013c0697ba00, 0x0000013c0697bfe8]

GC Heap History (20 events):
Event: 4724.179 GC heap before
{Heap before GC invocations=41 (full 0):
 garbage-first heap   total 189440K, used 97208K [0x0000000080000000, 0x0000000100000000)
  region size 1024K, 10 young (10240K), 9 survivors (9216K)
 Metaspace       used 115470K, capacity 118463K, committed 121240K, reserved 1153024K
  class space    used 14591K, capacity 15713K, committed 16868K, reserved 1048576K
}
Event: 4724.193 GC heap after
{Heap after GC invocations=42 (full 0):
 garbage-first heap   total 189440K, used 93946K [0x0000000080000000, 0x0000000100000000)
  region size 1024K, 2 young (2048K), 2 survivors (2048K)
 Metaspace       used 115470K, capacity 118463K, committed 121240K, reserved 1153024K
  class space    used 14591K, capacity 15713K, committed 16868K, reserved 1048576K
}
Event: 4724.214 GC heap before
{Heap before GC invocations=42 (full 0):
 garbage-first heap   total 189440K, used 100090K [0x0000000080000000, 0x0000000100000000)
  region size 1024K, 9 young (9216K), 2 survivors (2048K)
 Metaspace       used 115471K, capacity 118463K, committed 121240K, reserved 1153024K
  class space    used 14591K, capacity 15713K, committed 16868K, reserved 1048576K
}
Event: 4724.221 GC heap after
{Heap after GC invocations=43 (full 0):
 garbage-first heap   total 189440K, used 98255K [0x0000000080000000, 0x0000000100000000)
  region size 1024K, 6 young (6144K), 6 survivors (6144K)
 Metaspace       used 115471K, capacity 118463K, committed 121240K, reserved 1153024K
  class space    used 14591K, capacity 15713K, committed 16868K, reserved 1048576K
}
Event: 4728.957 GC heap before
{Heap before GC invocations=44 (full 0):
 garbage-first heap   total 189440K, used 161743K [0x0000000080000000, 0x0000000100000000)
  region size 1024K, 54 young (55296K), 6 survivors (6144K)
 Metaspace       used 115582K, capacity 118547K, committed 121240K, reserved 1153024K
  class space    used 14595K, capacity 15719K, committed 16868K, reserved 1048576K
}
Event: 4728.965 GC heap after
{Heap after GC invocations=45 (full 0):
 garbage-first heap   total 189440K, used 98278K [0x0000000080000000, 0x0000000100000000)
  region size 1024K, 4 young (4096K), 4 survivors (4096K)
 Metaspace       used 115582K, capacity 118547K, committed 121240K, reserved 1153024K
  class space    used 14595K, capacity 15719K, committed 16868K, reserved 1048576K
}
Event: 4728.997 GC heap before
{Heap before GC invocations=45 (full 0):
 garbage-first heap   total 189440K, used 103398K [0x0000000080000000, 0x0000000100000000)
  region size 1024K, 9 young (9216K), 4 survivors (4096K)
 Metaspace       used 115584K, capacity 118547K, committed 121240K, reserved 1153024K
  class space    used 14595K, capacity 15719K, committed 16868K, reserved 1048576K
}
Event: 4729.010 GC heap after
{Heap after GC invocations=46 (full 0):
 garbage-first heap   total 189440K, used 92442K [0x0000000080000000, 0x0000000100000000)
  region size 1024K, 1 young (1024K), 1 survivors (1024K)
 Metaspace       used 115584K, capacity 118547K, committed 121240K, reserved 1153024K
  class space    used 14595K, capacity 15719K, committed 16868K, reserved 1048576K
}
Event: 4729.408 GC heap before
{Heap before GC invocations=46 (full 0):
 garbage-first heap   total 189440K, used 101658K [0x0000000080000000, 0x0000000100000000)
  region size 1024K, 12 young (12288K), 1 survivors (1024K)
 Metaspace       used 115587K, capacity 118553K, committed 121240K, reserved 1153024K
  class space    used 14595K, capacity 15720K, committed 16868K, reserved 1048576K
}
Event: 4729.411 GC heap after
{Heap after GC invocations=47 (full 0):
 garbage-first heap   total 189440K, used 92484K [0x0000000080000000, 0x0000000100000000)
  region size 1024K, 1 young (1024K), 1 survivors (1024K)
 Metaspace       used 115587K, capacity 118553K, committed 121240K, reserved 1153024K
  class space    used 14595K, capacity 15720K, committed 16868K, reserved 1048576K
}
Event: 4930.592 GC heap before
{Heap before GC invocations=48 (full 0):
 garbage-first heap   total 189440K, used 154948K [0x0000000080000000, 0x0000000100000000)
  region size 1024K, 60 young (61440K), 1 survivors (1024K)
 Metaspace       used 115792K, capacity 118831K, committed 121496K, reserved 1155072K
  class space    used 14598K, capacity 15723K, committed 16868K, reserved 1048576K
}
Event: 4930.602 GC heap after
{Heap after GC invocations=49 (full 0):
 garbage-first heap   total 189440K, used 101528K [0x0000000080000000, 0x0000000100000000)
  region size 1024K, 8 young (8192K), 8 survivors (8192K)
 Metaspace       used 115792K, capacity 118831K, committed 121496K, reserved 1155072K
  class space    used 14598K, capacity 15723K, committed 16868K, reserved 1048576K
}
Event: 4930.613 GC heap before
{Heap before GC invocations=49 (full 0):
 garbage-first heap   total 189440K, used 102552K [0x0000000080000000, 0x0000000100000000)
  region size 1024K, 9 young (9216K), 8 survivors (8192K)
 Metaspace       used 115794K, capacity 118831K, committed 121496K, reserved 1155072K
  class space    used 14598K, capacity 15723K, committed 16868K, reserved 1048576K
}
Event: 4930.620 GC heap after
{Heap after GC invocations=50 (full 0):
 garbage-first heap   total 189440K, used 96256K [0x0000000080000000, 0x0000000100000000)
  region size 1024K, 1 young (1024K), 1 survivors (1024K)
 Metaspace       used 115794K, capacity 118831K, committed 121496K, reserved 1155072K
  class space    used 14598K, capacity 15723K, committed 16868K, reserved 1048576K
}
Event: 4930.642 GC heap before
{Heap before GC invocations=50 (full 0):
 garbage-first heap   total 189440K, used 102400K [0x0000000080000000, 0x0000000100000000)
  region size 1024K, 8 young (8192K), 1 survivors (1024K)
 Metaspace       used 115797K, capacity 118831K, committed 121496K, reserved 1155072K
  class space    used 14598K, capacity 15723K, committed 16868K, reserved 1048576K
}
Event: 4930.649 GC heap after
{Heap after GC invocations=51 (full 0):
 garbage-first heap   total 189440K, used 101006K [0x0000000080000000, 0x0000000100000000)
  region size 1024K, 6 young (6144K), 6 survivors (6144K)
 Metaspace       used 115797K, capacity 118831K, committed 121496K, reserved 1155072K
  class space    used 14598K, capacity 15723K, committed 16868K, reserved 1048576K
}
Event: 4947.017 GC heap before
{Heap before GC invocations=52 (full 0):
 garbage-first heap   total 189440K, used 161422K [0x0000000080000000, 0x0000000100000000)
  region size 1024K, 50 young (51200K), 6 survivors (6144K)
 Metaspace       used 116426K, capacity 119581K, committed 121752K, reserved 1155072K
  class space    used 14665K, capacity 15830K, committed 16868K, reserved 1048576K
}
Event: 4947.023 GC heap after
{Heap after GC invocations=53 (full 0):
 garbage-first heap   total 189440K, used 102192K [0x0000000080000000, 0x0000000100000000)
  region size 1024K, 5 young (5120K), 5 survivors (5120K)
 Metaspace       used 116426K, capacity 119581K, committed 121752K, reserved 1155072K
  class space    used 14665K, capacity 15830K, committed 16868K, reserved 1048576K
}
Event: 4947.101 GC heap before
{Heap before GC invocations=53 (full 0):
 garbage-first heap   total 189440K, used 106288K [0x0000000080000000, 0x0000000100000000)
  region size 1024K, 9 young (9216K), 5 survivors (5120K)
 Metaspace       used 116494K, capacity 119626K, committed 121752K, reserved 1155072K
  class space    used 14672K, capacity 15842K, committed 16868K, reserved 1048576K
}
Event: 4947.114 GC heap after
{Heap after GC invocations=54 (full 0):
 garbage-first heap   total 189440K, used 94694K [0x0000000080000000, 0x0000000100000000)
  region size 1024K, 2 young (2048K), 2 survivors (2048K)
 Metaspace       used 116494K, capacity 119626K, committed 121752K, reserved 1155072K
  class space    used 14672K, capacity 15842K, committed 16868K, reserved 1048576K
}

Deoptimization events (20 events):
Event: 4946.989 Thread 0x0000013c23af8800 DEOPT PACKING pc=0x0000013c04d5f8bb sp=0x00000036ed3f9880
Event: 4946.989 Thread 0x0000013c23af8800 DEOPT UNPACKING pc=0x0000013c03a376ce sp=0x00000036ed3f8dc0 mode 0
Event: 4947.016 Thread 0x0000013c23af8800 DEOPT PACKING pc=0x0000013c04d0abda sp=0x00000036ed3f9910
Event: 4947.016 Thread 0x0000013c23af8800 DEOPT UNPACKING pc=0x0000013c03a376ce sp=0x00000036ed3f8e30 mode 0
Event: 4947.024 Thread 0x0000013c23af8800 DEOPT PACKING pc=0x0000013c046b431f sp=0x00000036ed3f97b0
Event: 4947.024 Thread 0x0000013c23af8800 DEOPT UNPACKING pc=0x0000013c03a376ce sp=0x00000036ed3f8c50 mode 0
Event: 4947.032 Thread 0x0000013c23af8800 DEOPT PACKING pc=0x0000013c04d0abda sp=0x00000036ed3f9850
Event: 4947.032 Thread 0x0000013c23af8800 DEOPT UNPACKING pc=0x0000013c03a376ce sp=0x00000036ed3f8d70 mode 0
Event: 4947.067 Thread 0x0000013c22e7a000 DEOPT PACKING pc=0x0000013c06879b7d sp=0x00000036ed6fe6d0
Event: 4947.067 Thread 0x0000013c22e7a000 DEOPT UNPACKING pc=0x0000013c03a376ce sp=0x00000036ed6fdb98 mode 0
Event: 4947.070 Thread 0x0000013c22e7a000 DEOPT PACKING pc=0x0000013c0689dccb sp=0x00000036ed6fe4f0
Event: 4947.070 Thread 0x0000013c22e7a000 DEOPT UNPACKING pc=0x0000013c03a376ce sp=0x00000036ed6fd9b0 mode 0
Event: 4947.072 Thread 0x0000013c22e7a000 DEOPT PACKING pc=0x0000013c06879b7d sp=0x00000036ed6fdec0
Event: 4947.072 Thread 0x0000013c22e7a000 DEOPT UNPACKING pc=0x0000013c03a376ce sp=0x00000036ed6fd388 mode 0
Event: 4947.114 Thread 0x0000013c1f6de000 Uncommon trap: trap_request=0xffffffdc fr.pc=0x0000013c0c191b00 relative=0x0000000000000220
Event: 4947.114 Thread 0x0000013c1f6de000 Uncommon trap: reason=class_check action=make_not_entrant pc=0x0000013c0c191b00 method=com.google.common.collect.Platform.copy([Ljava/lang/Object;II[Ljava/lang/Object;)[Ljava/lang/Object; @ 7 c2
Event: 4947.114 Thread 0x0000013c1f6de000 DEOPT PACKING pc=0x0000013c0c191b00 sp=0x00000036efefb440
Event: 4947.114 Thread 0x0000013c1f6de000 DEOPT UNPACKING pc=0x0000013c03a378af sp=0x00000036efefb360 mode 2
Event: 4947.115 Thread 0x0000013c1f6de000 DEOPT PACKING pc=0x0000013c05e9838d sp=0x00000036efefb800
Event: 4947.115 Thread 0x0000013c1f6de000 DEOPT UNPACKING pc=0x0000013c03a376ce sp=0x00000036efefac98 mode 0

Classes redefined (0 events):
No events

Internal exceptions (20 events):
Event: 4930.369 Thread 0x0000013c23af8800 Exception <a 'sun/nio/fs/WindowsException'{0x0000000089ab7b08}> (0x0000000089ab7b08) thrown at [./src/hotspot/share/prims/jni.cpp, line 615]
Event: 4936.304 Thread 0x0000013c22e7a800 Exception <a 'java/io/IOException'{0x000000008a559398}> (0x000000008a559398) thrown at [./src/hotspot/share/prims/jni.cpp, line 615]
Event: 4936.322 Thread 0x0000013c23af9800 Exception <a 'java/lang/NoSuchMethodError'{0x000000008a3850e8}: <clinit>> (0x000000008a3850e8) thrown at [./src/hotspot/share/prims/jni.cpp, line 1362]
Event: 4936.323 Thread 0x0000013c23af9800 Exception <a 'java/lang/NoSuchMethodError'{0x000000008a3ab040}: <clinit>> (0x000000008a3ab040) thrown at [./src/hotspot/share/prims/jni.cpp, line 1362]
Event: 4936.569 Thread 0x0000013c23af3800 Exception <a 'java/lang/NoSuchMethodError'{0x0000000089fda100}: <clinit>> (0x0000000089fda100) thrown at [./src/hotspot/share/prims/jni.cpp, line 1362]
Event: 4936.569 Thread 0x0000013c23af3800 Exception <a 'java/lang/NoSuchMethodError'{0x0000000089feb4b8}: <clinit>> (0x0000000089feb4b8) thrown at [./src/hotspot/share/prims/jni.cpp, line 1362]
Event: 4936.569 Thread 0x0000013c23af3800 Exception <a 'java/lang/NoSuchMethodError'{0x0000000089fecdf0}: <clinit>> (0x0000000089fecdf0) thrown at [./src/hotspot/share/prims/jni.cpp, line 1362]
Event: 4936.570 Thread 0x0000013c23af3800 Exception <a 'java/lang/NoSuchMethodError'{0x0000000089fff4c8}: <clinit>> (0x0000000089fff4c8) thrown at [./src/hotspot/share/prims/jni.cpp, line 1362]
Event: 4936.571 Thread 0x0000013c23af3800 Exception <a 'java/lang/NoSuchMethodError'{0x0000000089e0bde0}: <clinit>> (0x0000000089e0bde0) thrown at [./src/hotspot/share/prims/jni.cpp, line 1362]
Event: 4936.589 Thread 0x0000013c23af3800 Exception <a 'java/lang/NoSuchMethodError'{0x0000000089e215a0}: <clinit>> (0x0000000089e215a0) thrown at [./src/hotspot/share/prims/jni.cpp, line 1362]
Event: 4936.591 Thread 0x0000013c23af3800 Exception <a 'java/lang/NoSuchMethodError'{0x0000000089e3a100}: <clinit>> (0x0000000089e3a100) thrown at [./src/hotspot/share/prims/jni.cpp, line 1362]
Event: 4936.591 Thread 0x0000013c23af3800 Exception <a 'java/lang/NoSuchMethodError'{0x0000000089e48ec0}: <clinit>> (0x0000000089e48ec0) thrown at [./src/hotspot/share/prims/jni.cpp, line 1362]
Event: 4946.932 Thread 0x0000013c23af8800 Exception <a 'sun/nio/fs/WindowsException'{0x0000000088c92ef0}> (0x0000000088c92ef0) thrown at [./src/hotspot/share/prims/jni.cpp, line 615]
Event: 4946.932 Thread 0x0000013c23af8800 Exception <a 'sun/nio/fs/WindowsException'{0x0000000088c947a0}> (0x0000000088c947a0) thrown at [./src/hotspot/share/prims/jni.cpp, line 615]
Event: 4946.973 Thread 0x0000013c23af8800 Exception <a 'java/lang/NoClassDefFoundError'{0x000000008895a688}: org/jetbrains/kotlin/gradle/plugin/KotlinBasePluginWrapper> (0x000000008895a688) thrown at [./src/hotspot/share/oops/constantPool.cpp, line 775]
Event: 4947.014 Thread 0x0000013c23af8800 Exception <a 'sun/nio/fs/WindowsException'{0x00000000887a65a8}> (0x00000000887a65a8) thrown at [./src/hotspot/share/prims/jni.cpp, line 615]
Event: 4947.027 Thread 0x0000013c23af8800 Exception <a 'sun/nio/fs/WindowsException'{0x000000008b845780}> (0x000000008b845780) thrown at [./src/hotspot/share/prims/jni.cpp, line 615]
Event: 4947.027 Thread 0x0000013c23af8800 Exception <a 'sun/nio/fs/WindowsException'{0x000000008b8467c0}> (0x000000008b8467c0) thrown at [./src/hotspot/share/prims/jni.cpp, line 615]
Event: 4947.027 Thread 0x0000013c23af8800 Exception <a 'sun/nio/fs/WindowsException'{0x000000008b847850}> (0x000000008b847850) thrown at [./src/hotspot/share/prims/jni.cpp, line 615]
Event: 4947.027 Thread 0x0000013c23af8800 Exception <a 'sun/nio/fs/WindowsException'{0x000000008b8488e0}> (0x000000008b8488e0) thrown at [./src/hotspot/share/prims/jni.cpp, line 615]

Events (20 events):
Event: 4947.199 Executing VM operation: RevokeBias
Event: 4947.199 Executing VM operation: RevokeBias done
Event: 4947.199 Executing VM operation: RevokeBias
Event: 4947.199 Executing VM operation: RevokeBias done
Event: 4947.200 Executing VM operation: RevokeBias
Event: 4947.200 Executing VM operation: RevokeBias done
Event: 4947.200 Executing VM operation: RevokeBias
Event: 4947.200 Executing VM operation: RevokeBias done
Event: 4947.200 Executing VM operation: RevokeBias
Event: 4947.200 Executing VM operation: RevokeBias done
Event: 4947.200 Executing VM operation: RevokeBias
Event: 4947.200 Executing VM operation: RevokeBias done
Event: 4947.201 Executing VM operation: BulkRevokeBias
Event: 4947.202 Executing VM operation: BulkRevokeBias done
Event: 4947.213 Thread 0x0000013c23af7000 Thread added: 0x0000013c23af7000
Event: 4947.216 Executing VM operation: RevokeBias
Event: 4947.216 Executing VM operation: RevokeBias done
Event: 4947.223 Thread 0x0000013c23aff000 Thread added: 0x0000013c23aff000
Event: 4947.231 Thread 0x0000013c23af9800 Thread added: 0x0000013c23af9800
Event: 4947.231 Thread 0x0000013c23afb000 Thread added: 0x0000013c23afb000


Dynamic libraries:
0x00007ff6b2b20000 - 0x00007ff6b2b2a000 	E:\AndroidStudio\jre\bin\java.exe
0x00007ffcac100000 - 0x00007ffcac30f000 	C:\WINDOWS\SYSTEM32\ntdll.dll
0x00007ffcaabc0000 - 0x00007ffcaac7d000 	C:\WINDOWS\System32\KERNEL32.DLL
0x00007ffca9990000 - 0x00007ffca9d20000 	C:\WINDOWS\System32\KERNELBASE.dll
0x00007ffca9d20000 - 0x00007ffca9e31000 	C:\WINDOWS\System32\ucrtbase.dll
0x00007ffc98b20000 - 0x00007ffc98b39000 	E:\AndroidStudio\jre\bin\jli.dll
0x00007ffc98ac0000 - 0x00007ffc98ad7000 	E:\AndroidStudio\jre\bin\VCRUNTIME140.dll
0x00007ffcaa9d0000 - 0x00007ffcaab7a000 	C:\WINDOWS\System32\USER32.dll
0x00007ffc8a350000 - 0x00007ffc8a5f1000 	C:\WINDOWS\WinSxS\amd64_microsoft.windows.common-controls_6595b64144ccf1df_6.0.22533.1001_none_26146f93a8efa247\COMCTL32.dll
0x00007ffca95b0000 - 0x00007ffca95d6000 	C:\WINDOWS\System32\win32u.dll
0x00007ffcab7d0000 - 0x00007ffcab874000 	C:\WINDOWS\System32\msvcrt.dll
0x00007ffcac090000 - 0x00007ffcac0b9000 	C:\WINDOWS\System32\GDI32.dll
0x00007ffca9800000 - 0x00007ffca9917000 	C:\WINDOWS\System32\gdi32full.dll
0x00007ffca9ec0000 - 0x00007ffca9f5a000 	C:\WINDOWS\System32\msvcp_win.dll
0x00007ffcaab80000 - 0x00007ffcaabb1000 	C:\WINDOWS\System32\IMM32.DLL
0x00007ffc8ed70000 - 0x00007ffc8ee0d000 	E:\AndroidStudio\jre\bin\msvcp140.dll
0x00007ffc5e400000 - 0x00007ffc5eecf000 	E:\AndroidStudio\jre\bin\server\jvm.dll
0x00007ffcab600000 - 0x00007ffcab6ae000 	C:\WINDOWS\System32\ADVAPI32.dll
0x00007ffcaa4e0000 - 0x00007ffcaa583000 	C:\WINDOWS\System32\sechost.dll
0x00007ffcaa7a0000 - 0x00007ffcaa8bf000 	C:\WINDOWS\System32\RPCRT4.dll
0x00007ffcaa9c0000 - 0x00007ffcaa9c8000 	C:\WINDOWS\System32\PSAPI.DLL
0x00007ffca3c30000 - 0x00007ffca3c39000 	C:\WINDOWS\SYSTEM32\WSOCK32.dll
0x00007ffca2350000 - 0x00007ffca2384000 	C:\WINDOWS\SYSTEM32\WINMM.dll
0x00007ffca7420000 - 0x00007ffca742a000 	C:\WINDOWS\SYSTEM32\VERSION.dll
0x00007ffcaa5a0000 - 0x00007ffcaa611000 	C:\WINDOWS\System32\WS2_32.dll
0x00007ffca8630000 - 0x00007ffca8648000 	C:\WINDOWS\SYSTEM32\kernel.appcore.dll
0x00007ffca3c10000 - 0x00007ffca3c21000 	E:\AndroidStudio\jre\bin\verify.dll
0x00007ffca6600000 - 0x00007ffca6824000 	C:\WINDOWS\SYSTEM32\DBGHELP.DLL
0x00007ffcabd10000 - 0x00007ffcac08c000 	C:\WINDOWS\System32\combase.dll
0x00007ffcaba20000 - 0x00007ffcabaf7000 	C:\WINDOWS\System32\OLEAUT32.dll
0x00007ffc93040000 - 0x00007ffc93071000 	C:\WINDOWS\SYSTEM32\dbgcore.DLL
0x00007ffca9e40000 - 0x00007ffca9ebb000 	C:\WINDOWS\System32\bcryptPrimitives.dll
0x00007ffca3be0000 - 0x00007ffca3c09000 	E:\AndroidStudio\jre\bin\java.dll
0x00007ffca3bd0000 - 0x00007ffca3bdb000 	E:\AndroidStudio\jre\bin\jimage.dll
0x00007ffca3b40000 - 0x00007ffca3b58000 	E:\AndroidStudio\jre\bin\zip.dll
0x00007ffcaae40000 - 0x00007ffcab5f9000 	C:\WINDOWS\System32\SHELL32.dll
0x00007ffca7660000 - 0x00007ffca7eb5000 	C:\WINDOWS\SYSTEM32\windows.storage.dll
0x00007ffca7520000 - 0x00007ffca765c000 	C:\WINDOWS\SYSTEM32\wintypes.dll
0x00007ffcaa3e0000 - 0x00007ffcaa4d1000 	C:\WINDOWS\System32\SHCORE.dll
0x00007ffcab9c0000 - 0x00007ffcaba1b000 	C:\WINDOWS\System32\shlwapi.dll
0x00007ffca94e0000 - 0x00007ffca9501000 	C:\WINDOWS\SYSTEM32\profapi.dll
0x00007ffca3570000 - 0x00007ffca358a000 	E:\AndroidStudio\jre\bin\net.dll
0x00007ffca0d30000 - 0x00007ffca0e42000 	C:\WINDOWS\SYSTEM32\WINHTTP.dll
0x00007ffca8ab0000 - 0x00007ffca8b19000 	C:\WINDOWS\system32\mswsock.dll
0x00007ffca3340000 - 0x00007ffca3354000 	E:\AndroidStudio\jre\bin\nio.dll
0x00007ffca35a0000 - 0x00007ffca35c7000 	C:\Users\王久铭\.gradle\native\8bec1ad78214c89d9ad589b4d07fe93259594b29d510b10fafb7a158f7737e5d\windows-amd64\native-platform.dll
0x00007ffc629b0000 - 0x00007ffc62aed000 	C:\Users\王久铭\.gradle\native\53dbd7edfb1c66fb8903c78663c9afc45aea4f116125fa6feffd364cf09443e8\windows-amd64\native-platform-file-events.dll
0x00007ffca3b30000 - 0x00007ffca3b3a000 	E:\AndroidStudio\jre\bin\management.dll
0x00007ffca3860000 - 0x00007ffca386c000 	E:\AndroidStudio\jre\bin\management_ext.dll
0x00007ffca8d70000 - 0x00007ffca8d8b000 	C:\WINDOWS\SYSTEM32\CRYPTSP.dll
0x00007ffca8590000 - 0x00007ffca85c5000 	C:\WINDOWS\system32\rsaenh.dll
0x00007ffca8bb0000 - 0x00007ffca8bd9000 	C:\WINDOWS\SYSTEM32\USERENV.dll
0x00007ffca8f80000 - 0x00007ffca8fa8000 	C:\WINDOWS\SYSTEM32\bcrypt.dll
0x00007ffca8d90000 - 0x00007ffca8d9c000 	C:\WINDOWS\SYSTEM32\CRYPTBASE.dll
0x00007ffca8110000 - 0x00007ffca813d000 	C:\WINDOWS\SYSTEM32\IPHLPAPI.DLL
0x00007ffcaa590000 - 0x00007ffcaa599000 	C:\WINDOWS\System32\NSI.dll
0x00007ffca0d10000 - 0x00007ffca0d29000 	C:\WINDOWS\SYSTEM32\dhcpcsvc6.DLL
0x00007ffca0cf0000 - 0x00007ffca0d0e000 	C:\WINDOWS\SYSTEM32\dhcpcsvc.DLL
0x00007ffca8140000 - 0x00007ffca8238000 	C:\WINDOWS\SYSTEM32\DNSAPI.dll
0x00007ffc9f080000 - 0x00007ffc9f0a7000 	E:\AndroidStudio\jre\bin\sunec.dll

dbghelp: loaded successfully - version: 4.0.5 - missing functions: none
symbol engine: initialized successfully - sym options: 0x614 - pdb path: .;E:\AndroidStudio\jre\bin;C:\WINDOWS\SYSTEM32;C:\WINDOWS\WinSxS\amd64_microsoft.windows.common-controls_6595b64144ccf1df_6.0.22533.1001_none_26146f93a8efa247;E:\AndroidStudio\jre\bin\server;C:\Users\王久铭\.gradle\native\8bec1ad78214c89d9ad589b4d07fe93259594b29d510b10fafb7a158f7737e5d\windows-am;C:\Users\王久铭\.gradle\native\8bec1ad78214c89d9ad589b4d07fe93259594b29d510b10fafb7a158f7737e5d\windows-amd64;C:\Users\王久铭\.gradle\native\53dbd7edfb1c66fb8903c78663c9afc45aea4f116125fa6feffd364cf09443e8\wind;C:\Users\王久铭\.gradle\native\53dbd7edfb1c66fb8903c78663c9afc45aea4f116125fa6feffd364cf09443e8\w;C:\Users\王久铭\.gradle\native\53dbd7edfb1c66fb8903c78663c9afc45aea4f116125fa6feffd364cf09443e;C:\Users\王久铭\.gradle\native\53dbd7edfb1c66fb8903c78663c9afc45aea4f116125fa6feffd364cf094;C:\Users\王久铭\.gradle\native\53dbd7edfb1c66fb8903c78663c9afc45aea4f116125fa6feffd364cf

VM Arguments:
jvm_args: --add-opens=java.base/java.util=ALL-UNNAMED --add-opens=java.base/java.lang=ALL-UNNAMED --add-opens=java.base/java.lang.invoke=ALL-UNNAMED --add-opens=java.base/java.util=ALL-UNNAMED --add-opens=java.prefs/java.util.prefs=ALL-UNNAMED --add-opens=java.prefs/java.util.prefs=ALL-UNNAMED --add-opens=java.base/java.nio.charset=ALL-UNNAMED --add-opens=java.base/java.net=ALL-UNNAMED --add-opens=java.base/java.util.concurrent.atomic=ALL-UNNAMED -Xmx2048m -Dfile.encoding=UTF-8 -Duser.country=CN -Duser.language=zh -Duser.variant 
java_command: org.gradle.launcher.daemon.bootstrap.GradleDaemon 7.0.2
java_class_path (initial): C:\Users\王久铭\.gradle\wrapper\dists\gradle-7.0.2-bin\857tjihv64xamwrf0h14cai3r\gradle-7.0.2\lib\gradle-launcher-7.0.2.jar
Launcher Type: SUN_STANDARD

[Global flags]
     intx CICompilerCount                          = 4                                         {product} {ergonomic}
     uint ConcGCThreads                            = 3                                         {product} {ergonomic}
     uint G1ConcRefinementThreads                  = 10                                        {product} {ergonomic}
   size_t G1HeapRegionSize                         = 1048576                                   {product} {ergonomic}
    uintx GCDrainStackTargetSize                   = 64                                        {product} {ergonomic}
   size_t InitialHeapSize                          = 134217728                                 {product} {ergonomic}
   size_t MarkStackSize                            = 4194304                                   {product} {ergonomic}
   size_t MaxHeapSize                              = 2147483648                                {product} {command line}
   size_t MaxNewSize                               = 1287651328                                {product} {ergonomic}
   size_t MinHeapDeltaBytes                        = 1048576                                   {product} {ergonomic}
    uintx NonNMethodCodeHeapSize                   = 5836300                                {pd product} {ergonomic}
    uintx NonProfiledCodeHeapSize                  = 122910970                              {pd product} {ergonomic}
    uintx ProfiledCodeHeapSize                     = 122910970                              {pd product} {ergonomic}
    uintx ReservedCodeCacheSize                    = 251658240                              {pd product} {ergonomic}
     bool SegmentedCodeCache                       = true                                      {product} {ergonomic}
     bool UseCompressedClassPointers               = true                                 {lp64_product} {ergonomic}
     bool UseCompressedOops                        = true                                 {lp64_product} {ergonomic}
     bool UseG1GC                                  = true                                      {product} {ergonomic}
     bool UseLargePagesIndividualAllocation        = false                                  {pd product} {ergonomic}

Logging:
Log output configuration:
 #0: stdout all=warning uptime,level,tags
 #1: stderr all=off uptime,level,tags

Environment Variables:
JAVA_HOME=C:\Program Files (x86)\Java\jdk1.6.0_45
CLASSPATH=C:\Program Files (x86)\Java\jdk1.6.0_45\lib;C:\Program Files (x86)\Java\jdk1.6.0_45\lib\tools.jar
PATH=E:\新建文件夹\Scripts\;E:\新建文件夹\;C:\Program Files (x86)\Common Files\Oracle\Java\javapath;C:;Users\王久铭\AppData\Local\Programs\Python\Python36\;Python27\;C:\Python27\Scripts\;E:\Python\;E:\Python\Scripts\;C:\WINDOWS\system32\config\systemprofile\AppData\Local\Microsoft\WindowsApps;E:\Microsoft VS Code\bin;C:\Python27amd64\Scripts\pip.exe;C:\Users\王久铭\AppData\Roaming\Python\Python37\Scripts;E:;Git\cmd;C:\Program Files\nodejs\;C:\Program Files (x86)\Java\jdk1.6.0_45\bin;C:\Windows\system32;E:\Git\cmd;C:\Program Files (x86)\Java\jdk1.6.0_45\jre\bin;E:\MinGW\bin;C:\WINDOWS\system32;C:\WINDOWS;C:\WINDOWS\System32\Wbem;C:\WINDOWS\System32\WindowsPowerShell\v1.0\;C:\WINDOWS\System32\OpenSSH\;C:\Program Files (x86)\NetSarang\Xshell 7\;C:\Program Files\MySQL\MySQL Server 8.0\bin;C:\Program Files\MySQL\MySQL Shell 8.0\bin\;C:\Users\王久铭\AppData\Local\Microsoft\WindowsApps;E:\Microsoft VS Code\bin;E:\Python\Scripts\pip.exe;E:\Python\;E:\Python\Scripts\;C:\Users\王久铭\AppData\Roaming\npm;C:\Program Files\JetBrains\IntelliJ IDEA Community Edition 2020.2\bin;;C:\Windows\system32;C:\WINDOWS;C:\Program Files\JetBrains\PyCharm 2020.1\bin;;
USERNAME=王久铭
OS=Windows_NT
PROCESSOR_IDENTIFIER=Intel64 Family 6 Model 158 Stepping 10, GenuineIntel



---------------  S Y S T E M  ---------------

OS: Windows 10 , 64 bit Build 22533 (10.0.22533.1001)
OS uptime: 0 days 2:33 hours

CPU:total 12 (initial active 12) (6 cores per cpu, 2 threads per core) family 6 model 158 stepping 10 microcode 0xde, cmov, cx8, fxsr, mmx, sse, sse2, sse3, ssse3, sse4.1, sse4.2, popcnt, avx, avx2, aes, clmul, erms, 3dnowpref, lzcnt, ht, tsc, tscinvbit, bmi1, bmi2, adx, fma

Memory: 4k page, system-wide physical 8065M (1248M free)
TotalPageFile size 23168M (AvailPageFile size 15M)
current process WorkingSet (physical memory assigned to process): 472M, peak: 524M
current process commit charge ("private bytes"): 586M, peak: 591M

vm_info: OpenJDK 64-Bit Server VM (11.0.10+0-b96-7249189) for windows-amd64 JRE (11.0.10+0-b96-7249189), built on Mar 31 2021 21:44:00 by "builder" with MS VC++ 14.0 (VS2015)

END.
