#
# There is insufficient memory for the Java Runtime Environment to continue.
# Native memory allocation (malloc) failed to allocate 1078176 bytes for Chunk::new
# Possible reasons:
#   The system is out of physical RAM or swap space
#   The process is running with CompressedOops enabled, and the Java Heap may be blocking the growth of the native heap
# Possible solutions:
#   Reduce memory load on the system
#   Increase physical memory or swap space
#   Check if swap backing store is full
#   Decrease Java heap size (-Xmx/-Xms)
#   Decrease number of Java threads
#   Decrease Java thread stack sizes (-Xss)
#   Set larger code cache with -XX:ReservedCodeCacheSize=
#   JVM is running with Unscaled Compressed Oops mode in which the Java heap is
#     placed in the first 4GB address space. The Java Heap base address is the
#     maximum limit for the native heap growth. Please use -XX:HeapBaseMinAddress
#     to set the Java Heap base and to place the Java Heap above 4GB virtual address.
# This output file may be truncated or incomplete.
#
#  Out of Memory Error (./src/hotspot/share/memory/arena.cpp:197), pid=11248, tid=2360
#
# JRE version: OpenJDK Runtime Environment (11.0.10) (build 11.0.10+0-b96-7249189)
# Java VM: OpenJDK 64-Bit Server VM (11.0.10+0-b96-7249189, mixed mode, tiered, compressed oops, g1 gc, windows-amd64)
# No core dump will be written. Minidumps are not enabled by default on client versions of Windows
#

---------------  S U M M A R Y ------------

Command Line: --add-opens=java.base/java.util=ALL-UNNAMED --add-opens=java.base/java.lang=ALL-UNNAMED --add-opens=java.base/java.lang.invoke=ALL-UNNAMED --add-opens=java.base/java.util=ALL-UNNAMED --add-opens=java.prefs/java.util.prefs=ALL-UNNAMED --add-opens=java.prefs/java.util.prefs=ALL-UNNAMED --add-opens=java.base/java.nio.charset=ALL-UNNAMED --add-opens=java.base/java.net=ALL-UNNAMED --add-opens=java.base/java.util.concurrent.atomic=ALL-UNNAMED -Xmx2048m -Dfile.encoding=UTF-8 -Duser.country=CN -Duser.language=zh -Duser.variant org.gradle.launcher.daemon.bootstrap.GradleDaemon 7.0.2

Host: Intel(R) Core(TM) i7-8750H CPU @ 2.20GHz, 12 cores, 7G,  Windows 10 , 64 bit Build 22533 (10.0.22533.1001)
Time: Mon Feb  7 20:32:08 2022 中国标准时间 elapsed time: 2850.706660 seconds (0d 0h 47m 30s)

---------------  T H R E A D  ---------------

Current thread (0x0000021221340000):  JavaThread "C2 CompilerThread0" daemon [_thread_in_native, id=2360, stack(0x00000064f6700000,0x00000064f6800000)]


Current CompileTask:
C2:2850707 18934   !   4       org.gradle.api.internal.artifacts.transform.TransformingAsyncArtifactListener$TransformedArtifact::finalizeValue (165 bytes)

Stack: [0x00000064f6700000,0x00000064f6800000]
Native frames: (J=compiled Java code, j=interpreted, Vv=VM code, C=native code)
V  [jvm.dll+0x5ecfaa]
V  [jvm.dll+0x722bd5]
V  [jvm.dll+0x72412d]
V  [jvm.dll+0x7247e3]
V  [jvm.dll+0x242928]
V  [jvm.dll+0xbc4fc]
V  [jvm.dll+0xbca0c]
V  [jvm.dll+0x2b4fd4]
V  [jvm.dll+0x506028]
V  [jvm.dll+0x1fcbde]
V  [jvm.dll+0x1fa77f]
V  [jvm.dll+0x18354c]
V  [jvm.dll+0x208ee7]
V  [jvm.dll+0x207731]
V  [jvm.dll+0x6eb1cf]
V  [jvm.dll+0x6e3d45]
V  [jvm.dll+0x5ebe96]
C  [ucrtbase.dll+0x293cc]
C  [KERNEL32.DLL+0x11350]
C  [ntdll.dll+0x51e78]


---------------  P R O C E S S  ---------------

Threads class SMR info:
_java_thread_list=0x000002122c244ff0, length=51, elements={
0x00000212061df800, 0x0000021220a9b000, 0x0000021220a9e800, 0x0000021221334800,
0x000002122133a000, 0x000002122133b000, 0x0000021221340000, 0x0000021221341800,
0x000002122134e800, 0x00000212214a3000, 0x0000021223fe2000, 0x0000021221589000,
0x00000212234f9800, 0x000002122227b800, 0x000002122227c000, 0x0000021222276800,
0x0000021222277000, 0x0000021222279000, 0x0000021223eba800, 0x0000021223ebc800,
0x0000021223ebf000, 0x0000021223ebd800, 0x0000021223ec2800, 0x000002122884f800,
0x000002122884e800, 0x000002122884e000, 0x0000021228855000, 0x0000021228854800,
0x0000021228852800, 0x0000021228856000, 0x0000021228850800, 0x0000021228857000,
0x0000021228857800, 0x000002122263f800, 0x000002122246e000, 0x0000021222279800,
0x000002122227a800, 0x0000021222278000, 0x0000021223b39800, 0x0000021223b37000,
0x0000021223b3a800, 0x0000021223b3b000, 0x0000021223b35800, 0x0000021223b3c000,
0x0000021223b38000, 0x0000021223b36800, 0x0000021223b3d000, 0x0000021223b3d800,
0x0000021223b3e800, 0x0000021222468800, 0x0000021222467800
}

Java Threads: ( => current thread )
  0x00000212061df800 JavaThread "main" [_thread_blocked, id=5140, stack(0x00000064f5b00000,0x00000064f5c00000)]
  0x0000021220a9b000 JavaThread "Reference Handler" daemon [_thread_blocked, id=11088, stack(0x00000064f6200000,0x00000064f6300000)]
  0x0000021220a9e800 JavaThread "Finalizer" daemon [_thread_blocked, id=15348, stack(0x00000064f6300000,0x00000064f6400000)]
  0x0000021221334800 JavaThread "Signal Dispatcher" daemon [_thread_blocked, id=11056, stack(0x00000064f6400000,0x00000064f6500000)]
  0x000002122133a000 JavaThread "Attach Listener" daemon [_thread_blocked, id=6584, stack(0x00000064f6500000,0x00000064f6600000)]
  0x000002122133b000 JavaThread "Service Thread" daemon [_thread_blocked, id=9204, stack(0x00000064f6600000,0x00000064f6700000)]
=>0x0000021221340000 JavaThread "C2 CompilerThread0" daemon [_thread_in_native, id=2360, stack(0x00000064f6700000,0x00000064f6800000)]
  0x0000021221341800 JavaThread "C1 CompilerThread0" daemon [_thread_blocked, id=2984, stack(0x00000064f6800000,0x00000064f6900000)]
  0x000002122134e800 JavaThread "Sweeper thread" daemon [_thread_blocked, id=8852, stack(0x00000064f6900000,0x00000064f6a00000)]
  0x00000212214a3000 JavaThread "Common-Cleaner" daemon [_thread_blocked, id=12316, stack(0x00000064f6a00000,0x00000064f6b00000)]
  0x0000021223fe2000 JavaThread "Daemon health stats" [_thread_blocked, id=9864, stack(0x00000064f7000000,0x00000064f7100000)]
  0x0000021221589000 JavaThread "Incoming local TCP Connector on port 9343" [_thread_in_native, id=12564, stack(0x00000064f6c00000,0x00000064f6d00000)]
  0x00000212234f9800 JavaThread "Daemon periodic checks" [_thread_blocked, id=6804, stack(0x00000064f7300000,0x00000064f7400000)]
  0x000002122227b800 JavaThread "Cache worker for file hash cache (C:\Users\涔\.gradle\caches\7.0.2\fileHashes)" [_thread_blocked, id=14272, stack(0x00000064f7c00000,0x00000064f7d00000)]
  0x000002122227c000 JavaThread "File lock request listener" [_thread_in_native, id=4712, stack(0x00000064f7d00000,0x00000064f7e00000)]
  0x0000021222276800 JavaThread "Cache worker for journal cache (C:\Users\涔\.gradle\caches\journal-1)" [_thread_blocked, id=5400, stack(0x00000064f8400000,0x00000064f8500000)]
  0x0000021222277000 JavaThread "File watcher server" daemon [_thread_in_native, id=1888, stack(0x00000064f8600000,0x00000064f8700000)]
  0x0000021222279000 JavaThread "File watcher consumer" daemon [_thread_blocked, id=11960, stack(0x00000064f8700000,0x00000064f8800000)]
  0x0000021223eba800 JavaThread "Cache worker for execution history cache (C:\Users\涔\.gradle\caches\7.0.2\executionHistory)" [_thread_blocked, id=14768, stack(0x00000064f8b00000,0x00000064f8c00000)]
  0x0000021223ebc800 JavaThread "jar transforms" [_thread_blocked, id=8832, stack(0x00000064f8d00000,0x00000064f8e00000)]
  0x0000021223ebf000 JavaThread "jar transforms Thread 2" [_thread_blocked, id=14220, stack(0x00000064f8e00000,0x00000064f8f00000)]
  0x0000021223ebd800 JavaThread "Cache worker for file content cache (C:\Users\涔\.gradle\caches\7.0.2\fileContent)" [_thread_blocked, id=3320, stack(0x00000064f8f00000,0x00000064f9000000)]
  0x0000021223ec2800 JavaThread "jar transforms Thread 3" [_thread_blocked, id=5188, stack(0x00000064f9100000,0x00000064f9200000)]
  0x000002122884f800 JavaThread "jar transforms Thread 4" [_thread_blocked, id=10868, stack(0x00000064f9f00000,0x00000064fa000000)]
  0x000002122884e800 JavaThread "jar transforms Thread 5" [_thread_blocked, id=15232, stack(0x00000064fa000000,0x00000064fa100000)]
  0x000002122884e000 JavaThread "jar transforms Thread 6" [_thread_blocked, id=3444, stack(0x00000064fa100000,0x00000064fa200000)]
  0x0000021228855000 JavaThread "jar transforms Thread 7" [_thread_blocked, id=10148, stack(0x00000064fa200000,0x00000064fa300000)]
  0x0000021228854800 JavaThread "jar transforms Thread 8" [_thread_blocked, id=5416, stack(0x00000064fa300000,0x00000064fa400000)]
  0x0000021228852800 JavaThread "jar transforms Thread 9" [_thread_blocked, id=15128, stack(0x00000064fa400000,0x00000064fa500000)]
  0x0000021228856000 JavaThread "jar transforms Thread 10" [_thread_blocked, id=14628, stack(0x00000064fa500000,0x00000064fa600000)]
  0x0000021228850800 JavaThread "jar transforms Thread 11" [_thread_blocked, id=2968, stack(0x00000064fa600000,0x00000064fa700000)]
  0x0000021228857000 JavaThread "jar transforms Thread 12" [_thread_blocked, id=11688, stack(0x00000064fa700000,0x00000064fa800000)]
  0x0000021228857800 JavaThread "Memory manager" [_thread_blocked, id=4236, stack(0x00000064fa800000,0x00000064fa900000)]
  0x000002122263f800 JavaThread "Cache worker for Java compile cache (C:\Users\涔\.gradle\caches\7.0.2\javaCompile)" [_thread_blocked, id=3464, stack(0x00000064fb600000,0x00000064fb700000)]
  0x000002122246e000 JavaThread "ForkJoinPool.commonPool-worker-23" daemon [_thread_blocked, id=13588, stack(0x00000064fc500000,0x00000064fc600000)]
  0x0000021222279800 JavaThread "ForkJoinPool.commonPool-worker-21" daemon [_thread_blocked, id=15096, stack(0x00000064fc200000,0x00000064fc300000)]
  0x000002122227a800 JavaThread "ForkJoinPool.commonPool-worker-7" daemon [_thread_blocked, id=8412, stack(0x00000064fc300000,0x00000064fc400000)]
  0x0000021222278000 JavaThread "ForkJoinPool.commonPool-worker-25" daemon [_thread_blocked, id=8980, stack(0x00000064fc400000,0x00000064fc500000)]
  0x0000021223b39800 JavaThread "ForkJoinPool.commonPool-worker-29" daemon [_thread_blocked, id=12436, stack(0x00000064fc600000,0x00000064fc700000)]
  0x0000021223b37000 JavaThread "ForkJoinPool.commonPool-worker-11" daemon [_thread_blocked, id=14860, stack(0x00000064fc700000,0x00000064fc800000)]
  0x0000021223b3a800 JavaThread "ForkJoinPool.commonPool-worker-15" daemon [_thread_blocked, id=11972, stack(0x00000064fc800000,0x00000064fc900000)]
  0x0000021223b3b000 JavaThread "ForkJoinPool.commonPool-worker-19" daemon [_thread_blocked, id=9644, stack(0x00000064fc900000,0x00000064fca00000)]
  0x0000021223b35800 JavaThread "ForkJoinPool.commonPool-worker-1" daemon [_thread_blocked, id=1652, stack(0x00000064fca00000,0x00000064fcb00000)]
  0x0000021223b3c000 JavaThread "ForkJoinPool.commonPool-worker-5" daemon [_thread_blocked, id=11476, stack(0x00000064fcb00000,0x00000064fcc00000)]
  0x0000021223b38000 JavaThread "Daemon Thread 6" [_thread_in_native, id=7820, stack(0x00000064f5800000,0x00000064f5900000)]
  0x0000021223b36800 JavaThread "Handler for socket connection from /127.0.0.1:9343 to /127.0.0.1:9678" [_thread_in_native, id=9300, stack(0x00000064f5900000,0x00000064f5a00000)]
  0x0000021223b3d000 JavaThread "Cancel handler" [_thread_blocked, id=7732, stack(0x00000064f5a00000,0x00000064f5b00000)]
  0x0000021223b3d800 JavaThread "Daemon worker Thread 6" [_thread_blocked, id=12852, stack(0x00000064f7400000,0x00000064f7500000)]
  0x0000021222468800 JavaThread "C2 CompilerThread1" daemon [_thread_blocked, id=10416, stack(0x00000064f8900000,0x00000064f8a00000)]
  0x0000021222467800 JavaThread "C2 CompilerThread2" daemon [_thread_blocked, id=2476, stack(0x00000064f8a00000,0x00000064f8b00000)]

Other Threads:
  0x00000212212d3800 VMThread "VM Thread" [stack: 0x00000064f6100000,0x00000064f6200000] [id=3844]
  0x00000212214c2000 WatcherThread [stack: 0x00000064f6b00000,0x00000064f6c00000] [id=8784]
  0x00000212061f9800 GCTaskThread "GC Thread#0" [stack: 0x00000064f5c00000,0x00000064f5d00000] [id=5004]
  0x0000021222292800 GCTaskThread "GC Thread#1" [stack: 0x00000064f6e00000,0x00000064f6f00000] [id=14384]
  0x0000021221d08000 GCTaskThread "GC Thread#2" [stack: 0x00000064f6f00000,0x00000064f7000000] [id=14652]
  0x00000212237f9000 GCTaskThread "GC Thread#3" [stack: 0x00000064f6d00000,0x00000064f6e00000] [id=14936]
  0x00000212216a4800 GCTaskThread "GC Thread#4" [stack: 0x00000064f7100000,0x00000064f7200000] [id=1684]
  0x00000212235a0800 GCTaskThread "GC Thread#5" [stack: 0x00000064f7200000,0x00000064f7300000] [id=2868]
  0x00000212233d1000 GCTaskThread "GC Thread#6" [stack: 0x00000064f7e00000,0x00000064f7f00000] [id=13596]
  0x00000212248d0000 GCTaskThread "GC Thread#7" [stack: 0x00000064f7f00000,0x00000064f8000000] [id=10444]
  0x0000021223fcf800 GCTaskThread "GC Thread#8" [stack: 0x00000064f8000000,0x00000064f8100000] [id=9200]
  0x0000021222c0c800 GCTaskThread "GC Thread#9" [stack: 0x00000064f8100000,0x00000064f8200000] [id=13460]
  0x000002120622a000 ConcurrentGCThread "G1 Main Marker" [stack: 0x00000064f5d00000,0x00000064f5e00000] [id=8996]
  0x000002120622b800 ConcurrentGCThread "G1 Conc#0" [stack: 0x00000064f5e00000,0x00000064f5f00000] [id=9924]
  0x00000212225e6800 ConcurrentGCThread "G1 Conc#1" [stack: 0x00000064f8200000,0x00000064f8300000] [id=11568]
  0x0000021225051000 ConcurrentGCThread "G1 Conc#2" [stack: 0x00000064f8300000,0x00000064f8400000] [id=3216]
  0x000002122090f800 ConcurrentGCThread "G1 Refine#0" [stack: 0x00000064f5f00000,0x00000064f6000000] [id=628]
  0x0000021220911000 ConcurrentGCThread "G1 Young RemSet Sampling" [stack: 0x00000064f6000000,0x00000064f6100000] [id=14060]

Threads with active compile tasks:
C2 CompilerThread02850757 18934   !   4       org.gradle.api.internal.artifacts.transform.TransformingAsyncArtifactListener$TransformedArtifact::finalizeValue (165 bytes)

VM state:not at safepoint (normal execution)

VM Mutex/Monitor currently owned by a thread: None

Heap address: 0x0000000080000000, size: 2048 MB, Compressed Oops mode: 32-bit
Narrow klass base: 0x0000000000000000, Narrow klass shift: 3
Compressed class space size: 1073741824 Address: 0x0000000100000000

Heap:
 garbage-first heap   total 189440K, used 116143K [0x0000000080000000, 0x0000000100000000)
  region size 1024K, 39 young (39936K), 2 survivors (2048K)
 Metaspace       used 111080K, capacity 113992K, committed 114432K, reserved 1148928K
  class space    used 14119K, capacity 15212K, committed 15436K, reserved 1048576K
Heap Regions: E=young(eden), S=young(survivor), O=old, HS=humongous(starts), HC=humongous(continues), CS=collection set, F=free, A=archive, TAMS=top-at-mark-start (previous, next)
|   0|0x0000000080000000, 0x0000000080100000, 0x0000000080100000|100%| O|  |TAMS 0x0000000080100000, 0x0000000080000000| Untracked 
|   1|0x0000000080100000, 0x0000000080200000, 0x0000000080200000|100%| O|  |TAMS 0x0000000080200000, 0x0000000080100000| Untracked 
|   2|0x0000000080200000, 0x0000000080300000, 0x0000000080300000|100%| O|  |TAMS 0x0000000080300000, 0x0000000080200000| Untracked 
|   3|0x0000000080300000, 0x0000000080400000, 0x0000000080400000|100%|HS|  |TAMS 0x0000000080400000, 0x0000000080300000| Complete 
|   4|0x0000000080400000, 0x0000000080500000, 0x0000000080500000|100%|HC|  |TAMS 0x0000000080500000, 0x0000000080400000| Complete 
|   5|0x0000000080500000, 0x0000000080600000, 0x0000000080600000|100%|HC|  |TAMS 0x0000000080600000, 0x0000000080500000| Complete 
|   6|0x0000000080600000, 0x0000000080700000, 0x0000000080700000|100%| O|  |TAMS 0x0000000080700000, 0x0000000080600000| Untracked 
|   7|0x0000000080700000, 0x0000000080800000, 0x0000000080800000|100%| O|  |TAMS 0x0000000080800000, 0x0000000080700000| Untracked 
|   8|0x0000000080800000, 0x0000000080900000, 0x0000000080900000|100%| O|  |TAMS 0x0000000080900000, 0x0000000080800000| Untracked 
|   9|0x0000000080900000, 0x0000000080a00000, 0x0000000080a00000|100%| O|  |TAMS 0x0000000080a00000, 0x0000000080900000| Untracked 
|  10|0x0000000080a00000, 0x0000000080b00000, 0x0000000080b00000|100%| O|  |TAMS 0x0000000080b00000, 0x0000000080a00000| Untracked 
|  11|0x0000000080b00000, 0x0000000080c00000, 0x0000000080c00000|100%| O|  |TAMS 0x0000000080c00000, 0x0000000080b00000| Untracked 
|  12|0x0000000080c00000, 0x0000000080d00000, 0x0000000080d00000|100%| O|  |TAMS 0x0000000080d00000, 0x0000000080c00000| Untracked 
|  13|0x0000000080d00000, 0x0000000080e00000, 0x0000000080e00000|100%| O|  |TAMS 0x0000000080e00000, 0x0000000080d00000| Untracked 
|  14|0x0000000080e00000, 0x0000000080f00000, 0x0000000080f00000|100%| O|  |TAMS 0x0000000080f00000, 0x0000000080e00000| Untracked 
|  15|0x0000000080f00000, 0x0000000081000000, 0x0000000081000000|100%|HS|  |TAMS 0x0000000081000000, 0x0000000080f00000| Complete 
|  16|0x0000000081000000, 0x0000000081100000, 0x0000000081100000|100%| O|  |TAMS 0x0000000081100000, 0x0000000081000000| Untracked 
|  17|0x0000000081100000, 0x0000000081200000, 0x0000000081200000|100%| O|  |TAMS 0x0000000081200000, 0x0000000081100000| Untracked 
|  18|0x0000000081200000, 0x0000000081300000, 0x0000000081300000|100%| O|  |TAMS 0x0000000081300000, 0x0000000081200000| Untracked 
|  19|0x0000000081300000, 0x0000000081400000, 0x0000000081400000|100%| O|  |TAMS 0x0000000081400000, 0x0000000081300000| Untracked 
|  20|0x0000000081400000, 0x0000000081500000, 0x0000000081500000|100%| O|  |TAMS 0x0000000081500000, 0x0000000081400000| Untracked 
|  21|0x0000000081500000, 0x0000000081600000, 0x0000000081600000|100%| O|  |TAMS 0x0000000081600000, 0x0000000081500000| Untracked 
|  22|0x0000000081600000, 0x0000000081700000, 0x0000000081700000|100%| O|  |TAMS 0x0000000081700000, 0x0000000081600000| Untracked 
|  23|0x0000000081700000, 0x0000000081800000, 0x0000000081800000|100%| O|  |TAMS 0x0000000081800000, 0x0000000081700000| Untracked 
|  24|0x0000000081800000, 0x0000000081900000, 0x0000000081900000|100%| O|  |TAMS 0x0000000081900000, 0x0000000081800000| Untracked 
|  25|0x0000000081900000, 0x0000000081a00000, 0x0000000081a00000|100%| O|  |TAMS 0x0000000081a00000, 0x0000000081900000| Untracked 
|  26|0x0000000081a00000, 0x0000000081a00000, 0x0000000081b00000|  0%| F|  |TAMS 0x0000000081a00000, 0x0000000081a00000| Untracked 
|  27|0x0000000081b00000, 0x0000000081c00000, 0x0000000081c00000|100%|HS|  |TAMS 0x0000000081c00000, 0x0000000081b00000| Complete 
|  28|0x0000000081c00000, 0x0000000081d00000, 0x0000000081d00000|100%|HS|  |TAMS 0x0000000081d00000, 0x0000000081c00000| Complete 
|  29|0x0000000081d00000, 0x0000000081e00000, 0x0000000081e00000|100%|HC|  |TAMS 0x0000000081e00000, 0x0000000081d00000| Complete 
|  30|0x0000000081e00000, 0x0000000081e00000, 0x0000000081f00000|  0%| F|  |TAMS 0x0000000081e00000, 0x0000000081e00000| Untracked 
|  31|0x0000000081f00000, 0x0000000082000000, 0x0000000082000000|100%| O|  |TAMS 0x0000000082000000, 0x0000000081f00000| Untracked 
|  32|0x0000000082000000, 0x0000000082100000, 0x0000000082100000|100%| O|  |TAMS 0x0000000082100000, 0x0000000082000000| Untracked 
|  33|0x0000000082100000, 0x0000000082200000, 0x0000000082200000|100%| O|  |TAMS 0x0000000082200000, 0x0000000082100000| Untracked 
|  34|0x0000000082200000, 0x0000000082300000, 0x0000000082300000|100%| O|  |TAMS 0x0000000082300000, 0x0000000082200000| Untracked 
|  35|0x0000000082300000, 0x0000000082300000, 0x0000000082400000|  0%| F|  |TAMS 0x0000000082300000, 0x0000000082300000| Untracked 
|  36|0x0000000082400000, 0x0000000082500000, 0x0000000082500000|100%| O|  |TAMS 0x0000000082500000, 0x0000000082400000| Untracked 
|  37|0x0000000082500000, 0x0000000082600000, 0x0000000082600000|100%| O|  |TAMS 0x0000000082600000, 0x0000000082500000| Untracked 
|  38|0x0000000082600000, 0x0000000082700000, 0x0000000082700000|100%| O|  |TAMS 0x0000000082700000, 0x0000000082600000| Untracked 
|  39|0x0000000082700000, 0x0000000082800000, 0x0000000082800000|100%| O|  |TAMS 0x0000000082800000, 0x0000000082700000| Untracked 
|  40|0x0000000082800000, 0x0000000082900000, 0x0000000082900000|100%| O|  |TAMS 0x0000000082900000, 0x0000000082800000| Untracked 
|  41|0x0000000082900000, 0x0000000082a00000, 0x0000000082a00000|100%| O|  |TAMS 0x0000000082a00000, 0x0000000082900000| Untracked 
|  42|0x0000000082a00000, 0x0000000082b00000, 0x0000000082b00000|100%| O|  |TAMS 0x0000000082b00000, 0x0000000082a00000| Untracked 
|  43|0x0000000082b00000, 0x0000000082c00000, 0x0000000082c00000|100%| O|  |TAMS 0x0000000082c00000, 0x0000000082b00000| Untracked 
|  44|0x0000000082c00000, 0x0000000082d00000, 0x0000000082d00000|100%| O|  |TAMS 0x0000000082d00000, 0x0000000082c00000| Untracked 
|  45|0x0000000082d00000, 0x0000000082d00000, 0x0000000082e00000|  0%| F|  |TAMS 0x0000000082d00000, 0x0000000082d00000| Untracked 
|  46|0x0000000082e00000, 0x0000000082e00000, 0x0000000082f00000|  0%| F|  |TAMS 0x0000000082e00000, 0x0000000082e00000| Untracked 
|  47|0x0000000082f00000, 0x0000000083000000, 0x0000000083000000|100%| O|  |TAMS 0x0000000083000000, 0x0000000082f00000| Untracked 
|  48|0x0000000083000000, 0x0000000083100000, 0x0000000083100000|100%| O|  |TAMS 0x0000000083100000, 0x0000000083000000| Untracked 
|  49|0x0000000083100000, 0x0000000083200000, 0x0000000083200000|100%| O|  |TAMS 0x0000000083200000, 0x0000000083100000| Untracked 
|  50|0x0000000083200000, 0x0000000083200000, 0x0000000083300000|  0%| F|  |TAMS 0x0000000083200000, 0x0000000083200000| Untracked 
|  51|0x0000000083300000, 0x0000000083400000, 0x0000000083400000|100%| O|  |TAMS 0x0000000083400000, 0x0000000083300000| Untracked 
|  52|0x0000000083400000, 0x0000000083500000, 0x0000000083500000|100%| O|  |TAMS 0x0000000083500000, 0x0000000083400000| Untracked 
|  53|0x0000000083500000, 0x0000000083600000, 0x0000000083600000|100%| O|  |TAMS 0x0000000083600000, 0x0000000083500000| Untracked 
|  54|0x0000000083600000, 0x0000000083600000, 0x0000000083700000|  0%| F|  |TAMS 0x0000000083600000, 0x0000000083600000| Untracked 
|  55|0x0000000083700000, 0x0000000083700000, 0x0000000083800000|  0%| F|  |TAMS 0x0000000083700000, 0x0000000083700000| Untracked 
|  56|0x0000000083800000, 0x0000000083900000, 0x0000000083900000|100%| O|  |TAMS 0x0000000083900000, 0x0000000083800000| Untracked 
|  57|0x0000000083900000, 0x0000000083a00000, 0x0000000083a00000|100%| O|  |TAMS 0x0000000083a00000, 0x0000000083900000| Untracked 
|  58|0x0000000083a00000, 0x0000000083b00000, 0x0000000083b00000|100%|HS|  |TAMS 0x0000000083a00000, 0x0000000083a00000| Complete 
|  59|0x0000000083b00000, 0x0000000083c00000, 0x0000000083c00000|100%|HC|  |TAMS 0x0000000083b00000, 0x0000000083b00000| Complete 
|  60|0x0000000083c00000, 0x0000000083d00000, 0x0000000083d00000|100%| O|  |TAMS 0x0000000083d00000, 0x0000000083c00000| Untracked 
|  61|0x0000000083d00000, 0x0000000083e00000, 0x0000000083e00000|100%| O|  |TAMS 0x0000000083e00000, 0x0000000083d00000| Untracked 
|  62|0x0000000083e00000, 0x0000000083f00000, 0x0000000083f00000|100%| O|  |TAMS 0x0000000083f00000, 0x0000000083e00000| Untracked 
|  63|0x0000000083f00000, 0x0000000083f00000, 0x0000000084000000|  0%| F|  |TAMS 0x0000000083f00000, 0x0000000083f00000| Untracked 
|  64|0x0000000084000000, 0x0000000084100000, 0x0000000084100000|100%| O|  |TAMS 0x0000000084100000, 0x0000000084000000| Untracked 
|  65|0x0000000084100000, 0x0000000084200000, 0x0000000084200000|100%| O|  |TAMS 0x0000000084200000, 0x0000000084100000| Untracked 
|  66|0x0000000084200000, 0x0000000084300000, 0x0000000084300000|100%| O|  |TAMS 0x0000000084300000, 0x0000000084200000| Untracked 
|  67|0x0000000084300000, 0x0000000084400000, 0x0000000084400000|100%| O|  |TAMS 0x0000000084400000, 0x0000000084300000| Untracked 
|  68|0x0000000084400000, 0x0000000084500000, 0x0000000084500000|100%| O|  |TAMS 0x0000000084500000, 0x0000000084400000| Untracked 
|  69|0x0000000084500000, 0x0000000084600000, 0x0000000084600000|100%| O|  |TAMS 0x0000000084500000, 0x0000000084500000| Untracked 
|  70|0x0000000084600000, 0x0000000084700000, 0x0000000084700000|100%| O|  |TAMS 0x0000000084600000, 0x0000000084600000| Untracked 
|  71|0x0000000084700000, 0x0000000084800000, 0x0000000084800000|100%| O|  |TAMS 0x0000000084800000, 0x0000000084700000| Untracked 
|  72|0x0000000084800000, 0x0000000084900000, 0x0000000084900000|100%| O|  |TAMS 0x0000000084900000, 0x0000000084800000| Untracked 
|  73|0x0000000084900000, 0x0000000084a00000, 0x0000000084a00000|100%| O|  |TAMS 0x0000000084a00000, 0x0000000084900000| Untracked 
|  74|0x0000000084a00000, 0x0000000084b00000, 0x0000000084b00000|100%| O|  |TAMS 0x0000000084b00000, 0x0000000084a00000| Untracked 
|  75|0x0000000084b00000, 0x0000000084c00000, 0x0000000084c00000|100%| O|  |TAMS 0x0000000084c00000, 0x0000000084b00000| Untracked 
|  76|0x0000000084c00000, 0x0000000084d00000, 0x0000000084d00000|100%| O|  |TAMS 0x0000000084d00000, 0x0000000084c00000| Untracked 
|  77|0x0000000084d00000, 0x0000000084e00000, 0x0000000084e00000|100%| O|  |TAMS 0x0000000084d00000, 0x0000000084d00000| Untracked 
|  78|0x0000000084e00000, 0x0000000084f00000, 0x0000000084f00000|100%| O|  |TAMS 0x0000000084e00000, 0x0000000084e00000| Untracked 
|  79|0x0000000084f00000, 0x0000000085000000, 0x0000000085000000|100%| O|  |TAMS 0x0000000085000000, 0x0000000084f00000| Untracked 
|  80|0x0000000085000000, 0x0000000085000000, 0x0000000085100000|  0%| F|  |TAMS 0x0000000085000000, 0x0000000085000000| Untracked 
|  81|0x0000000085100000, 0x0000000085100000, 0x0000000085200000|  0%| F|  |TAMS 0x0000000085100000, 0x0000000085100000| Untracked 
|  82|0x0000000085200000, 0x0000000085200000, 0x0000000085300000|  0%| F|  |TAMS 0x0000000085200000, 0x0000000085200000| Untracked 
|  83|0x0000000085300000, 0x0000000085300000, 0x0000000085400000|  0%| F|  |TAMS 0x0000000085300000, 0x0000000085300000| Untracked 
|  84|0x0000000085400000, 0x0000000085500000, 0x0000000085500000|100%| O|  |TAMS 0x0000000085450200, 0x0000000085400000| Untracked 
|  85|0x0000000085500000, 0x0000000085600000, 0x0000000085600000|100%| O|  |TAMS 0x0000000085500000, 0x0000000085500000| Untracked 
|  86|0x0000000085600000, 0x0000000085700000, 0x0000000085700000|100%| O|  |TAMS 0x0000000085600000, 0x0000000085600000| Untracked 
|  87|0x0000000085700000, 0x0000000085800000, 0x0000000085800000|100%| O|  |TAMS 0x0000000085700000, 0x0000000085700000| Untracked 
|  88|0x0000000085800000, 0x0000000085900000, 0x0000000085900000|100%| O|  |TAMS 0x0000000085800000, 0x0000000085800000| Untracked 
|  89|0x0000000085900000, 0x000000008596bc00, 0x0000000085a00000| 42%| O|  |TAMS 0x0000000085900000, 0x0000000085900000| Untracked 
|  90|0x0000000085a00000, 0x0000000085a00000, 0x0000000085b00000|  0%| F|  |TAMS 0x0000000085a00000, 0x0000000085a00000| Untracked 
|  91|0x0000000085b00000, 0x0000000085b00000, 0x0000000085c00000|  0%| F|  |TAMS 0x0000000085b00000, 0x0000000085b00000| Untracked 
|  92|0x0000000085c00000, 0x0000000085c00000, 0x0000000085d00000|  0%| F|  |TAMS 0x0000000085c00000, 0x0000000085c00000| Untracked 
|  93|0x0000000085d00000, 0x0000000085d00000, 0x0000000085e00000|  0%| F|  |TAMS 0x0000000085d00000, 0x0000000085d00000| Untracked 
|  94|0x0000000085e00000, 0x0000000085e00000, 0x0000000085f00000|  0%| F|  |TAMS 0x0000000085e00000, 0x0000000085e00000| Untracked 
|  95|0x0000000085f00000, 0x0000000085f00000, 0x0000000086000000|  0%| F|  |TAMS 0x0000000085f00000, 0x0000000085f00000| Untracked 
|  96|0x0000000086000000, 0x0000000086000000, 0x0000000086100000|  0%| F|  |TAMS 0x0000000086000000, 0x0000000086000000| Untracked 
|  97|0x0000000086100000, 0x0000000086100000, 0x0000000086200000|  0%| F|  |TAMS 0x0000000086100000, 0x0000000086100000| Untracked 
|  98|0x0000000086200000, 0x0000000086200000, 0x0000000086300000|  0%| F|  |TAMS 0x0000000086200000, 0x0000000086200000| Untracked 
|  99|0x0000000086300000, 0x0000000086300000, 0x0000000086400000|  0%| F|  |TAMS 0x0000000086300000, 0x0000000086300000| Untracked 
| 100|0x0000000086400000, 0x0000000086400000, 0x0000000086500000|  0%| F|  |TAMS 0x0000000086400000, 0x0000000086400000| Untracked 
| 101|0x0000000086500000, 0x0000000086500000, 0x0000000086600000|  0%| F|  |TAMS 0x0000000086500000, 0x0000000086500000| Untracked 
| 102|0x0000000086600000, 0x0000000086600000, 0x0000000086700000|  0%| F|  |TAMS 0x0000000086600000, 0x0000000086600000| Untracked 
| 103|0x0000000086700000, 0x0000000086700000, 0x0000000086800000|  0%| F|  |TAMS 0x0000000086700000, 0x0000000086700000| Untracked 
| 104|0x0000000086800000, 0x0000000086800000, 0x0000000086900000|  0%| F|  |TAMS 0x0000000086800000, 0x0000000086800000| Untracked 
| 105|0x0000000086900000, 0x0000000086900000, 0x0000000086a00000|  0%| F|  |TAMS 0x0000000086900000, 0x0000000086900000| Untracked 
| 106|0x0000000086a00000, 0x0000000086a00000, 0x0000000086b00000|  0%| F|  |TAMS 0x0000000086a00000, 0x0000000086a00000| Untracked 
| 107|0x0000000086b00000, 0x0000000086b00000, 0x0000000086c00000|  0%| F|  |TAMS 0x0000000086b00000, 0x0000000086b00000| Untracked 
| 108|0x0000000086c00000, 0x0000000086c00000, 0x0000000086d00000|  0%| F|  |TAMS 0x0000000086c00000, 0x0000000086c00000| Untracked 
| 109|0x0000000086d00000, 0x0000000086d00000, 0x0000000086e00000|  0%| F|  |TAMS 0x0000000086d00000, 0x0000000086d00000| Untracked 
| 110|0x0000000086e00000, 0x0000000086e00000, 0x0000000086f00000|  0%| F|  |TAMS 0x0000000086e00000, 0x0000000086e00000| Untracked 
| 111|0x0000000086f00000, 0x0000000086f00000, 0x0000000087000000|  0%| F|  |TAMS 0x0000000086f00000, 0x0000000086f00000| Untracked 
| 112|0x0000000087000000, 0x0000000087000000, 0x0000000087100000|  0%| F|  |TAMS 0x0000000087000000, 0x0000000087000000| Untracked 
| 113|0x0000000087100000, 0x0000000087100000, 0x0000000087200000|  0%| F|  |TAMS 0x0000000087100000, 0x0000000087100000| Untracked 
| 114|0x0000000087200000, 0x0000000087200000, 0x0000000087300000|  0%| F|  |TAMS 0x0000000087200000, 0x0000000087200000| Untracked 
| 115|0x0000000087300000, 0x0000000087300000, 0x0000000087400000|  0%| F|  |TAMS 0x0000000087300000, 0x0000000087300000| Untracked 
| 116|0x0000000087400000, 0x0000000087400000, 0x0000000087500000|  0%| F|  |TAMS 0x0000000087400000, 0x0000000087400000| Untracked 
| 117|0x0000000087500000, 0x0000000087500000, 0x0000000087600000|  0%| F|  |TAMS 0x0000000087500000, 0x0000000087500000| Untracked 
| 118|0x0000000087600000, 0x0000000087600000, 0x0000000087700000|  0%| F|  |TAMS 0x0000000087600000, 0x0000000087600000| Untracked 
| 119|0x0000000087700000, 0x0000000087700000, 0x0000000087800000|  0%| F|  |TAMS 0x0000000087700000, 0x0000000087700000| Untracked 
| 120|0x0000000087800000, 0x0000000087800000, 0x0000000087900000|  0%| F|  |TAMS 0x0000000087800000, 0x0000000087800000| Untracked 
| 121|0x0000000087900000, 0x0000000087900000, 0x0000000087a00000|  0%| F|  |TAMS 0x0000000087900000, 0x0000000087900000| Untracked 
| 122|0x0000000087a00000, 0x0000000087a00000, 0x0000000087b00000|  0%| F|  |TAMS 0x0000000087a00000, 0x0000000087a00000| Untracked 
| 123|0x0000000087b00000, 0x0000000087b00000, 0x0000000087c00000|  0%| F|  |TAMS 0x0000000087b00000, 0x0000000087b00000| Untracked 
| 124|0x0000000087c00000, 0x0000000087c00000, 0x0000000087d00000|  0%| F|  |TAMS 0x0000000087c00000, 0x0000000087c00000| Untracked 
| 125|0x0000000087d00000, 0x0000000087d00000, 0x0000000087e00000|  0%| F|  |TAMS 0x0000000087d00000, 0x0000000087d00000| Untracked 
| 126|0x0000000087e00000, 0x0000000087e00000, 0x0000000087f00000|  0%| F|  |TAMS 0x0000000087e00000, 0x0000000087e00000| Untracked 
| 127|0x0000000087f00000, 0x0000000087f00000, 0x0000000088000000|  0%| F|  |TAMS 0x0000000087f00000, 0x0000000087f00000| Untracked 
| 128|0x0000000088000000, 0x0000000088000000, 0x0000000088100000|  0%| F|  |TAMS 0x0000000088000000, 0x0000000088000000| Untracked 
| 129|0x0000000088100000, 0x0000000088100000, 0x0000000088200000|  0%| F|  |TAMS 0x0000000088100000, 0x0000000088100000| Untracked 
| 130|0x0000000088200000, 0x0000000088200000, 0x0000000088300000|  0%| F|  |TAMS 0x0000000088200000, 0x0000000088200000| Untracked 
| 131|0x0000000088300000, 0x0000000088300000, 0x0000000088400000|  0%| F|  |TAMS 0x0000000088300000, 0x0000000088300000| Untracked 
| 132|0x0000000088400000, 0x0000000088400000, 0x0000000088500000|  0%| F|  |TAMS 0x0000000088400000, 0x0000000088400000| Untracked 
| 133|0x0000000088500000, 0x0000000088500000, 0x0000000088600000|  0%| F|  |TAMS 0x0000000088500000, 0x0000000088500000| Untracked 
| 134|0x0000000088600000, 0x0000000088600000, 0x0000000088700000|  0%| F|  |TAMS 0x0000000088600000, 0x0000000088600000| Untracked 
| 135|0x0000000088700000, 0x0000000088700000, 0x0000000088800000|  0%| F|  |TAMS 0x0000000088700000, 0x0000000088700000| Untracked 
| 136|0x0000000088800000, 0x0000000088800000, 0x0000000088900000|  0%| F|  |TAMS 0x0000000088800000, 0x0000000088800000| Untracked 
| 137|0x0000000088900000, 0x0000000088900000, 0x0000000088a00000|  0%| F|  |TAMS 0x0000000088900000, 0x0000000088900000| Untracked 
| 138|0x0000000088a00000, 0x0000000088a00000, 0x0000000088b00000|  0%| F|  |TAMS 0x0000000088a00000, 0x0000000088a00000| Untracked 
| 139|0x0000000088b00000, 0x0000000088b00000, 0x0000000088c00000|  0%| F|  |TAMS 0x0000000088b00000, 0x0000000088b00000| Untracked 
| 140|0x0000000088c00000, 0x0000000088c00000, 0x0000000088d00000|  0%| F|  |TAMS 0x0000000088c00000, 0x0000000088c00000| Untracked 
| 141|0x0000000088d00000, 0x0000000088d00000, 0x0000000088e00000|  0%| F|  |TAMS 0x0000000088d00000, 0x0000000088d00000| Untracked 
| 142|0x0000000088e00000, 0x0000000088e00000, 0x0000000088f00000|  0%| F|  |TAMS 0x0000000088e00000, 0x0000000088e00000| Untracked 
| 143|0x0000000088f00000, 0x0000000088f00000, 0x0000000089000000|  0%| F|  |TAMS 0x0000000088f00000, 0x0000000088f00000| Untracked 
| 144|0x0000000089000000, 0x0000000089000000, 0x0000000089100000|  0%| F|  |TAMS 0x0000000089000000, 0x0000000089000000| Untracked 
| 145|0x0000000089100000, 0x0000000089100000, 0x0000000089200000|  0%| F|  |TAMS 0x0000000089100000, 0x0000000089100000| Untracked 
| 146|0x0000000089200000, 0x00000000892e5988, 0x0000000089300000| 89%| E|  |TAMS 0x0000000089200000, 0x0000000089200000| Complete 
| 147|0x0000000089300000, 0x0000000089400000, 0x0000000089400000|100%| E|CS|TAMS 0x0000000089300000, 0x0000000089300000| Complete 
| 148|0x0000000089400000, 0x0000000089500000, 0x0000000089500000|100%| E|CS|TAMS 0x0000000089400000, 0x0000000089400000| Complete 
| 149|0x0000000089500000, 0x0000000089600000, 0x0000000089600000|100%| E|  |TAMS 0x0000000089500000, 0x0000000089500000| Complete 
| 150|0x0000000089600000, 0x0000000089700000, 0x0000000089700000|100%| E|CS|TAMS 0x0000000089600000, 0x0000000089600000| Complete 
| 151|0x0000000089700000, 0x0000000089800000, 0x0000000089800000|100%| E|CS|TAMS 0x0000000089700000, 0x0000000089700000| Complete 
| 152|0x0000000089800000, 0x0000000089900000, 0x0000000089900000|100%| E|CS|TAMS 0x0000000089800000, 0x0000000089800000| Complete 
| 153|0x0000000089900000, 0x0000000089a00000, 0x0000000089a00000|100%| E|CS|TAMS 0x0000000089900000, 0x0000000089900000| Complete 
| 154|0x0000000089a00000, 0x0000000089b00000, 0x0000000089b00000|100%| E|CS|TAMS 0x0000000089a00000, 0x0000000089a00000| Complete 
| 155|0x0000000089b00000, 0x0000000089c00000, 0x0000000089c00000|100%| E|CS|TAMS 0x0000000089b00000, 0x0000000089b00000| Complete 
| 156|0x0000000089c00000, 0x0000000089d00000, 0x0000000089d00000|100%| E|CS|TAMS 0x0000000089c00000, 0x0000000089c00000| Complete 
| 157|0x0000000089d00000, 0x0000000089e00000, 0x0000000089e00000|100%| E|CS|TAMS 0x0000000089d00000, 0x0000000089d00000| Complete 
| 158|0x0000000089e00000, 0x0000000089f00000, 0x0000000089f00000|100%| E|CS|TAMS 0x0000000089e00000, 0x0000000089e00000| Complete 
| 159|0x0000000089f00000, 0x000000008a000000, 0x000000008a000000|100%| E|CS|TAMS 0x0000000089f00000, 0x0000000089f00000| Complete 
| 160|0x000000008a000000, 0x000000008a100000, 0x000000008a100000|100%| E|CS|TAMS 0x000000008a000000, 0x000000008a000000| Complete 
| 161|0x000000008a100000, 0x000000008a200000, 0x000000008a200000|100%| E|CS|TAMS 0x000000008a100000, 0x000000008a100000| Complete 
| 162|0x000000008a200000, 0x000000008a300000, 0x000000008a300000|100%| E|CS|TAMS 0x000000008a200000, 0x000000008a200000| Complete 
| 163|0x000000008a300000, 0x000000008a400000, 0x000000008a400000|100%| E|CS|TAMS 0x000000008a300000, 0x000000008a300000| Complete 
| 164|0x000000008a400000, 0x000000008a500000, 0x000000008a500000|100%| E|CS|TAMS 0x000000008a400000, 0x000000008a400000| Complete 
| 165|0x000000008a500000, 0x000000008a600000, 0x000000008a600000|100%| E|CS|TAMS 0x000000008a500000, 0x000000008a500000| Complete 
| 166|0x000000008a600000, 0x000000008a700000, 0x000000008a700000|100%| E|CS|TAMS 0x000000008a600000, 0x000000008a600000| Complete 
| 167|0x000000008a700000, 0x000000008a800000, 0x000000008a800000|100%| E|CS|TAMS 0x000000008a700000, 0x000000008a700000| Complete 
| 168|0x000000008a800000, 0x000000008a900000, 0x000000008a900000|100%| E|CS|TAMS 0x000000008a800000, 0x000000008a800000| Complete 
| 169|0x000000008a900000, 0x000000008aa00000, 0x000000008aa00000|100%| E|CS|TAMS 0x000000008a900000, 0x000000008a900000| Complete 
| 170|0x000000008aa00000, 0x000000008ab00000, 0x000000008ab00000|100%| E|CS|TAMS 0x000000008aa00000, 0x000000008aa00000| Complete 
| 171|0x000000008ab00000, 0x000000008ac00000, 0x000000008ac00000|100%| E|CS|TAMS 0x000000008ab00000, 0x000000008ab00000| Complete 
| 172|0x000000008ac00000, 0x000000008ad00000, 0x000000008ad00000|100%| E|CS|TAMS 0x000000008ac00000, 0x000000008ac00000| Complete 
| 173|0x000000008ad00000, 0x000000008ae00000, 0x000000008ae00000|100%| E|CS|TAMS 0x000000008ad00000, 0x000000008ad00000| Complete 
| 174|0x000000008ae00000, 0x000000008af00000, 0x000000008af00000|100%| E|CS|TAMS 0x000000008ae00000, 0x000000008ae00000| Complete 
| 175|0x000000008af00000, 0x000000008b000000, 0x000000008b000000|100%| E|CS|TAMS 0x000000008af00000, 0x000000008af00000| Complete 
| 176|0x000000008b000000, 0x000000008b100000, 0x000000008b100000|100%| S|CS|TAMS 0x000000008b000000, 0x000000008b000000| Complete 
| 177|0x000000008b100000, 0x000000008b200000, 0x000000008b200000|100%| S|CS|TAMS 0x000000008b100000, 0x000000008b100000| Complete 
| 178|0x000000008b200000, 0x000000008b300000, 0x000000008b300000|100%| E|CS|TAMS 0x000000008b200000, 0x000000008b200000| Complete 
| 179|0x000000008b300000, 0x000000008b400000, 0x000000008b400000|100%| E|CS|TAMS 0x000000008b300000, 0x000000008b300000| Complete 
| 180|0x000000008b400000, 0x000000008b500000, 0x000000008b500000|100%| E|CS|TAMS 0x000000008b400000, 0x000000008b400000| Complete 
| 181|0x000000008b500000, 0x000000008b600000, 0x000000008b600000|100%| E|CS|TAMS 0x000000008b500000, 0x000000008b500000| Complete 
| 182|0x000000008b600000, 0x000000008b700000, 0x000000008b700000|100%| E|CS|TAMS 0x000000008b600000, 0x000000008b600000| Complete 
| 183|0x000000008b700000, 0x000000008b800000, 0x000000008b800000|100%| E|CS|TAMS 0x000000008b700000, 0x000000008b700000| Complete 
| 184|0x000000008b800000, 0x000000008b900000, 0x000000008b900000|100%| E|CS|TAMS 0x000000008b800000, 0x000000008b800000| Complete 

Card table byte_map: [0x0000021219610000,0x0000021219a10000] _byte_map_base: 0x0000021219210000

Marking Bits (Prev, Next): (CMBitMap*) 0x0000021206221270, (CMBitMap*) 0x0000021206221238
 Prev Bits: [0x000002121be10000, 0x000002121de10000)
 Next Bits: [0x0000021219e10000, 0x000002121be10000)

Polling page: 0x0000021204110000

Metaspace:

Usage:
  Non-class:     96.46 MB capacity,    94.69 MB ( 98%) used,     1.42 MB (  1%) free+waste,   362.00 KB ( <1%) overhead. 
      Class:     14.86 MB capacity,    13.79 MB ( 93%) used,   934.10 KB (  6%) free+waste,   158.50 KB (  1%) overhead. 
       Both:    111.32 MB capacity,   108.48 MB ( 97%) used,     2.33 MB (  2%) free+waste,   520.50 KB ( <1%) overhead. 

Virtual space:
  Non-class space:       98.00 MB reserved,      96.68 MB ( 99%) committed 
      Class space:        1.00 GB reserved,      15.07 MB (  1%) committed 
             Both:        1.10 GB reserved,     111.75 MB ( 10%) committed 

Chunk freelists:
   Non-Class:  88.00 KB
       Class:  180.00 KB
        Both:  268.00 KB

MaxMetaspaceSize: 17179869184.00 GB
CompressedClassSpaceSize: 1.00 GB

CodeHeap 'non-profiled nmethods': size=120000Kb used=11536Kb max_used=12347Kb free=108463Kb
 bounds [0x0000021211790000, 0x00000212123a0000, 0x0000021218cc0000]
CodeHeap 'profiled nmethods': size=120000Kb used=40545Kb max_used=42590Kb free=79454Kb
 bounds [0x000002120a260000, 0x000002120cc00000, 0x0000021211790000]
CodeHeap 'non-nmethods': size=5760Kb used=2336Kb max_used=2401Kb free=3423Kb
 bounds [0x0000021209cc0000, 0x0000021209f30000, 0x000002120a260000]
 total_blobs=18997 nmethods=18047 adapters=859
 compilation: enabled
              stopped_count=0, restarted_count=0
 full_count=0

Compilation events (20 events):
Event: 2850.552 Thread 0x0000021221341800 18972       3       com.google.gson.stream.JsonWriter::beginObject (12 bytes)
Event: 2850.552 Thread 0x0000021221341800 nmethod 18972 0x000002120a285290 code [0x000002120a2854a0, 0x000002120a285888]
Event: 2850.552 Thread 0x0000021221341800 18973       3       com.google.gson.stream.JsonWriter::endObject (9 bytes)
Event: 2850.552 Thread 0x0000021221341800 nmethod 18973 0x000002120a265690 code [0x000002120a265840, 0x000002120a265988]
Event: 2850.559 Thread 0x0000021222467800 nmethod 18943 0x00000212117e0790 code [0x00000212117e0a80, 0x00000212117e1e30]
Event: 2850.559 Thread 0x0000021222467800 18936       4       org.gradle.api.internal.artifacts.transform.TransformationStep::visitTransformationSteps (8 bytes)
Event: 2850.566 Thread 0x0000021222467800 nmethod 18936 0x00000212117b4890 code [0x00000212117b4a60, 0x00000212117b51f8]
Event: 2850.566 Thread 0x0000021222467800 18941       4       org.gradle.api.internal.artifacts.DependencyManagementGradleUserHomeScopeServices$$Lambda$1061/0x0000000100aef840::test (12 bytes)
Event: 2850.568 Thread 0x0000021221340000 nmethod 18736 0x0000021211860c90 code [0x0000021211861120, 0x0000021211866958]
Event: 2850.568 Thread 0x0000021221340000 18934   !   4       org.gradle.api.internal.artifacts.transform.TransformingAsyncArtifactListener$TransformedArtifact::finalizeValue (165 bytes)
Event: 2850.568 Thread 0x0000021222467800 nmethod 18941 0x00000212117b8d90 code [0x00000212117b8f60, 0x00000212117b90b8]
Event: 2850.568 Thread 0x0000021222467800 18969       4       org.gradle.api.internal.provider.Providers::notDefined (10 bytes)
Event: 2850.568 Thread 0x0000021222467800 nmethod 18969 0x0000021211790a90 code [0x0000021211790c20, 0x0000021211790c78]
Event: 2850.568 Thread 0x0000021222467800 18935       4       sun.security.provider.MD5::clone (32 bytes)
Event: 2850.573 Thread 0x0000021222467800 nmethod 18935 0x00000212117b8410 code [0x00000212117b85e0, 0x00000212117b8bb8]
Event: 2850.573 Thread 0x0000021222467800 18949       4       org.gradle.api.internal.provider.ValueSupplier$Present::<init> (6 bytes)
Event: 2850.573 Thread 0x0000021222467800 nmethod 18949 0x00000212117b6510 code [0x00000212117b66a0, 0x00000212117b67d8]
Event: 2850.573 Thread 0x0000021222467800 18950       4       org.gradle.api.internal.provider.ValueSupplier$Present::<init> (10 bytes)
Event: 2850.574 Thread 0x0000021222467800 nmethod 18950 0x00000212117b8090 code [0x00000212117b8220, 0x00000212117b8358]
Event: 2850.687 Thread 0x0000021222468800 nmethod 18738 0x0000021211854890 code [0x0000021211854e40, 0x000002121185e970]

GC Heap History (20 events):
Event: 11.276 GC heap before
{Heap before GC invocations=20 (full 0):
 garbage-first heap   total 189440K, used 140410K [0x0000000080000000, 0x0000000100000000)
  region size 1024K, 73 young (74752K), 6 survivors (6144K)
 Metaspace       used 105538K, capacity 108619K, committed 108800K, reserved 1142784K
  class space    used 14004K, capacity 15189K, committed 15308K, reserved 1048576K
}
Event: 11.284 GC heap after
{Heap after GC invocations=21 (full 0):
 garbage-first heap   total 189440K, used 76616K [0x0000000080000000, 0x0000000100000000)
  region size 1024K, 8 young (8192K), 8 survivors (8192K)
 Metaspace       used 105538K, capacity 108619K, committed 108800K, reserved 1142784K
  class space    used 14004K, capacity 15189K, committed 15308K, reserved 1048576K
}
Event: 279.357 GC heap before
{Heap before GC invocations=22 (full 0):
 garbage-first heap   total 189440K, used 157512K [0x0000000080000000, 0x0000000100000000)
  region size 1024K, 83 young (84992K), 8 survivors (8192K)
 Metaspace       used 107634K, capacity 110601K, committed 111104K, reserved 1144832K
  class space    used 14122K, capacity 15234K, committed 15436K, reserved 1048576K
}
Event: 279.367 GC heap after
{Heap after GC invocations=23 (full 0):
 garbage-first heap   total 189440K, used 82551K [0x0000000080000000, 0x0000000100000000)
  region size 1024K, 10 young (10240K), 10 survivors (10240K)
 Metaspace       used 107634K, capacity 110601K, committed 111104K, reserved 1144832K
  class space    used 14122K, capacity 15234K, committed 15436K, reserved 1048576K
}
Event: 415.724 GC heap before
{Heap before GC invocations=23 (full 0):
 garbage-first heap   total 189440K, used 159351K [0x0000000080000000, 0x0000000100000000)
  region size 1024K, 79 young (80896K), 10 survivors (10240K)
 Metaspace       used 108403K, capacity 111450K, committed 111872K, reserved 1146880K
  class space    used 14137K, capacity 15256K, committed 15436K, reserved 1048576K
}
Event: 415.729 GC heap after
{Heap after GC invocations=24 (full 0):
 garbage-first heap   total 189440K, used 82033K [0x0000000080000000, 0x0000000100000000)
  region size 1024K, 3 young (3072K), 3 survivors (3072K)
 Metaspace       used 108403K, capacity 111450K, committed 111872K, reserved 1146880K
  class space    used 14137K, capacity 15256K, committed 15436K, reserved 1048576K
}
Event: 416.709 GC heap before
{Heap before GC invocations=24 (full 0):
 garbage-first heap   total 189440K, used 156785K [0x0000000080000000, 0x0000000100000000)
  region size 1024K, 75 young (76800K), 3 survivors (3072K)
 Metaspace       used 109268K, capacity 112329K, committed 112640K, reserved 1146880K
  class space    used 14157K, capacity 15290K, committed 15436K, reserved 1048576K
}
Event: 416.714 GC heap after
{Heap after GC invocations=25 (full 0):
 garbage-first heap   total 189440K, used 86549K [0x0000000080000000, 0x0000000100000000)
  region size 1024K, 7 young (7168K), 7 survivors (7168K)
 Metaspace       used 109268K, capacity 112329K, committed 112640K, reserved 1146880K
  class space    used 14157K, capacity 15290K, committed 15436K, reserved 1048576K
}
Event: 1821.109 GC heap before
{Heap before GC invocations=25 (full 0):
 garbage-first heap   total 189440K, used 160277K [0x0000000080000000, 0x0000000100000000)
  region size 1024K, 75 young (76800K), 7 survivors (7168K)
 Metaspace       used 109776K, capacity 112871K, committed 113152K, reserved 1146880K
  class space    used 14169K, capacity 15312K, committed 15436K, reserved 1048576K
}
Event: 1821.112 GC heap after
{Heap after GC invocations=26 (full 0):
 garbage-first heap   total 189440K, used 80741K [0x0000000080000000, 0x0000000100000000)
  region size 1024K, 3 young (3072K), 3 survivors (3072K)
 Metaspace       used 109776K, capacity 112871K, committed 113152K, reserved 1146880K
  class space    used 14169K, capacity 15312K, committed 15436K, reserved 1048576K
}
Event: 1823.259 GC heap before
{Heap before GC invocations=26 (full 0):
 garbage-first heap   total 189440K, used 157541K [0x0000000080000000, 0x0000000100000000)
  region size 1024K, 77 young (78848K), 3 survivors (3072K)
 Metaspace       used 110411K, capacity 113422K, committed 113664K, reserved 1146880K
  class space    used 14179K, capacity 15328K, committed 15436K, reserved 1048576K
}
Event: 1823.263 GC heap after
{Heap after GC invocations=27 (full 0):
 garbage-first heap   total 189440K, used 86511K [0x0000000080000000, 0x0000000100000000)
  region size 1024K, 6 young (6144K), 6 survivors (6144K)
 Metaspace       used 110411K, capacity 113422K, committed 113664K, reserved 1146880K
  class space    used 14179K, capacity 15328K, committed 15436K, reserved 1048576K
}
Event: 1823.511 GC heap before
{Heap before GC invocations=27 (full 0):
 garbage-first heap   total 189440K, used 99823K [0x0000000080000000, 0x0000000100000000)
  region size 1024K, 16 young (16384K), 6 survivors (6144K)
 Metaspace       used 110412K, capacity 113422K, committed 113664K, reserved 1146880K
  class space    used 14179K, capacity 15328K, committed 15436K, reserved 1048576K
}
Event: 1823.518 GC heap after
{Heap after GC invocations=28 (full 0):
 garbage-first heap   total 189440K, used 88615K [0x0000000080000000, 0x0000000100000000)
  region size 1024K, 5 young (5120K), 5 survivors (5120K)
 Metaspace       used 110412K, capacity 113422K, committed 113664K, reserved 1146880K
  class space    used 14179K, capacity 15328K, committed 15436K, reserved 1048576K
}
Event: 2768.797 GC heap before
{Heap before GC invocations=29 (full 0):
 garbage-first heap   total 189440K, used 149031K [0x0000000080000000, 0x0000000100000000)
  region size 1024K, 65 young (66560K), 5 survivors (5120K)
 Metaspace       used 110580K, capacity 113593K, committed 113920K, reserved 1148928K
  class space    used 14151K, capacity 15278K, committed 15436K, reserved 1048576K
}
Event: 2768.810 GC heap after
{Heap after GC invocations=30 (full 0):
 garbage-first heap   total 189440K, used 89039K [0x0000000080000000, 0x0000000100000000)
  region size 1024K, 9 young (9216K), 9 survivors (9216K)
 Metaspace       used 110580K, capacity 113593K, committed 113920K, reserved 1148928K
  class space    used 14151K, capacity 15278K, committed 15436K, reserved 1048576K
}
Event: 2850.152 GC heap before
{Heap before GC invocations=31 (full 0):
 garbage-first heap   total 189440K, used 159695K [0x0000000080000000, 0x0000000100000000)
  region size 1024K, 72 young (73728K), 9 survivors (9216K)
 Metaspace       used 110717K, capacity 113603K, committed 114176K, reserved 1148928K
  class space    used 14089K, capacity 15158K, committed 15436K, reserved 1048576K
}
Event: 2850.158 GC heap after
{Heap after GC invocations=32 (full 0):
 garbage-first heap   total 189440K, used 87151K [0x0000000080000000, 0x0000000100000000)
  region size 1024K, 2 young (2048K), 2 survivors (2048K)
 Metaspace       used 110717K, capacity 113603K, committed 114176K, reserved 1148928K
  class space    used 14089K, capacity 15158K, committed 15436K, reserved 1048576K
}
Event: 2850.238 GC heap before
{Heap before GC invocations=32 (full 0):
 garbage-first heap   total 189440K, used 94319K [0x0000000080000000, 0x0000000100000000)
  region size 1024K, 9 young (9216K), 2 survivors (2048K)
 Metaspace       used 110775K, capacity 113658K, committed 114176K, reserved 1148928K
  class space    used 14095K, capacity 15169K, committed 15436K, reserved 1048576K
}
Event: 2850.245 GC heap after
{Heap after GC invocations=33 (full 0):
 garbage-first heap   total 189440K, used 80303K [0x0000000080000000, 0x0000000100000000)
  region size 1024K, 2 young (2048K), 2 survivors (2048K)
 Metaspace       used 110775K, capacity 113658K, committed 114176K, reserved 1148928K
  class space    used 14095K, capacity 15169K, committed 15436K, reserved 1048576K
}

Deoptimization events (20 events):
Event: 2769.512 Thread 0x0000021222465000 DEOPT PACKING pc=0x00000212122db3e8 sp=0x00000064f74fb620
Event: 2769.512 Thread 0x0000021222465000 DEOPT UNPACKING pc=0x0000021209ce78af sp=0x00000064f74fb5a0 mode 2
Event: 2769.515 Thread 0x0000021222465000 Uncommon trap: trap_request=0xffffffbe fr.pc=0x00000212122db3e8 relative=0x0000000000000228
Event: 2769.515 Thread 0x0000021222465000 Uncommon trap: reason=profile_predicate action=maybe_recompile pc=0x00000212122db3e8 method=java.util.concurrent.CopyOnWriteArrayList.indexOfRange(Ljava/lang/Object;[Ljava/lang/Object;II)I @ 38 c2
Event: 2769.515 Thread 0x0000021222465000 DEOPT PACKING pc=0x00000212122db3e8 sp=0x00000064f74faaf0
Event: 2769.515 Thread 0x0000021222465000 DEOPT UNPACKING pc=0x0000021209ce78af sp=0x00000064f74faa70 mode 2
Event: 2769.517 Thread 0x0000021222465000 Uncommon trap: trap_request=0xffffffbe fr.pc=0x00000212122db3e8 relative=0x0000000000000228
Event: 2769.517 Thread 0x0000021222465000 Uncommon trap: reason=profile_predicate action=maybe_recompile pc=0x00000212122db3e8 method=java.util.concurrent.CopyOnWriteArrayList.indexOfRange(Ljava/lang/Object;[Ljava/lang/Object;II)I @ 38 c2
Event: 2769.517 Thread 0x0000021222465000 DEOPT PACKING pc=0x00000212122db3e8 sp=0x00000064f74faaf0
Event: 2769.517 Thread 0x0000021222465000 DEOPT UNPACKING pc=0x0000021209ce78af sp=0x00000064f74faa70 mode 2
Event: 2850.176 Thread 0x0000021223b3d800 DEOPT PACKING pc=0x000002120a6f20f9 sp=0x00000064f74fc0d0
Event: 2850.176 Thread 0x0000021223b3d800 DEOPT UNPACKING pc=0x0000021209ce76ce sp=0x00000064f74fb598 mode 0
Event: 2850.215 Thread 0x0000021223b3d800 Uncommon trap: trap_request=0xffffffde fr.pc=0x000002121209c1d4 relative=0x0000000000000a74
Event: 2850.215 Thread 0x0000021223b3d800 Uncommon trap: reason=class_check action=maybe_recompile pc=0x000002121209c1d4 method=org.gradle.cache.internal.LockOnDemandCrossProcessCacheAccess.incrementLockCount()V @ 97 c2
Event: 2850.215 Thread 0x0000021223b3d800 DEOPT PACKING pc=0x000002121209c1d4 sp=0x00000064f74f8670
Event: 2850.215 Thread 0x0000021223b3d800 DEOPT UNPACKING pc=0x0000021209ce78af sp=0x00000064f74f8640 mode 2
Event: 2850.332 Thread 0x0000021223b3d800 DEOPT PACKING pc=0x000002120afa0dda sp=0x00000064f74f9fd0
Event: 2850.332 Thread 0x0000021223b3d800 DEOPT UNPACKING pc=0x0000021209ce76ce sp=0x00000064f74f94f0 mode 0
Event: 2850.336 Thread 0x0000021223b3d800 DEOPT PACKING pc=0x000002120afa0dda sp=0x00000064f74f9f10
Event: 2850.336 Thread 0x0000021223b3d800 DEOPT UNPACKING pc=0x0000021209ce76ce sp=0x00000064f74f9430 mode 0

Classes redefined (0 events):
No events

Internal exceptions (20 events):
Event: 2768.957 Thread 0x000002122263d000 Exception <a 'sun/nio/fs/WindowsException'{0x000000008aa1c858}> (0x000000008aa1c858) thrown at [./src/hotspot/share/prims/jni.cpp, line 615]
Event: 2768.958 Thread 0x000002122263d000 Exception <a 'sun/nio/fs/WindowsException'{0x000000008aaa6d58}> (0x000000008aaa6d58) thrown at [./src/hotspot/share/prims/jni.cpp, line 615]
Event: 2768.958 Thread 0x000002122263d000 Exception <a 'sun/nio/fs/WindowsException'{0x000000008aaa6e88}> (0x000000008aaa6e88) thrown at [./src/hotspot/share/prims/jni.cpp, line 615]
Event: 2768.959 Thread 0x000002122263d000 Exception <a 'sun/nio/fs/WindowsException'{0x000000008aabdc38}> (0x000000008aabdc38) thrown at [./src/hotspot/share/prims/jni.cpp, line 615]
Event: 2768.959 Thread 0x000002122263d000 Exception <a 'sun/nio/fs/WindowsException'{0x000000008aabdd88}> (0x000000008aabdd88) thrown at [./src/hotspot/share/prims/jni.cpp, line 615]
Event: 2768.961 Thread 0x000002122263d000 Exception <a 'sun/nio/fs/WindowsException'{0x000000008a915b18}> (0x000000008a915b18) thrown at [./src/hotspot/share/prims/jni.cpp, line 615]
Event: 2768.962 Thread 0x000002122263d000 Exception <a 'sun/nio/fs/WindowsException'{0x000000008a915c60}> (0x000000008a915c60) thrown at [./src/hotspot/share/prims/jni.cpp, line 615]
Event: 2769.002 Thread 0x000002122263d000 Exception <a 'sun/nio/fs/WindowsException'{0x000000008a50ec58}> (0x000000008a50ec58) thrown at [./src/hotspot/share/prims/jni.cpp, line 615]
Event: 2769.109 Thread 0x0000021228852000 Exception <a 'sun/nio/fs/WindowsException'{0x0000000089ea2400}> (0x0000000089ea2400) thrown at [./src/hotspot/share/prims/jni.cpp, line 615]
Event: 2769.231 Thread 0x0000021228852000 Exception <a 'sun/nio/fs/WindowsException'{0x00000000890ece60}> (0x00000000890ece60) thrown at [./src/hotspot/share/prims/jni.cpp, line 615]
Event: 2769.281 Thread 0x0000021223ec1800 Exception <a 'sun/nio/fs/WindowsException'{0x0000000088e9eb90}> (0x0000000088e9eb90) thrown at [./src/hotspot/share/prims/jni.cpp, line 615]
Event: 2769.298 Thread 0x0000021223ec1800 Exception <a 'sun/nio/fs/WindowsException'{0x0000000088c24248}> (0x0000000088c24248) thrown at [./src/hotspot/share/prims/jni.cpp, line 615]
Event: 2850.292 Thread 0x0000021223b3d800 Exception <a 'sun/nio/fs/WindowsException'{0x000000008ab41730}> (0x000000008ab41730) thrown at [./src/hotspot/share/prims/jni.cpp, line 615]
Event: 2850.292 Thread 0x0000021223b3d800 Exception <a 'sun/nio/fs/WindowsException'{0x000000008ab42fe0}> (0x000000008ab42fe0) thrown at [./src/hotspot/share/prims/jni.cpp, line 615]
Event: 2850.311 Thread 0x0000021223b3d800 Exception <a 'java/lang/NoClassDefFoundError'{0x000000008a808b00}: org/jetbrains/kotlin/gradle/plugin/KotlinBasePluginWrapper> (0x000000008a808b00) thrown at [./src/hotspot/share/oops/constantPool.cpp, line 775]
Event: 2850.330 Thread 0x0000021223b3d800 Exception <a 'sun/nio/fs/WindowsException'{0x000000008a72d7b8}> (0x000000008a72d7b8) thrown at [./src/hotspot/share/prims/jni.cpp, line 615]
Event: 2850.334 Thread 0x0000021223b3d800 Exception <a 'sun/nio/fs/WindowsException'{0x000000008a7d15d0}> (0x000000008a7d15d0) thrown at [./src/hotspot/share/prims/jni.cpp, line 615]
Event: 2850.334 Thread 0x0000021223b3d800 Exception <a 'sun/nio/fs/WindowsException'{0x000000008a7d2610}> (0x000000008a7d2610) thrown at [./src/hotspot/share/prims/jni.cpp, line 615]
Event: 2850.334 Thread 0x0000021223b3d800 Exception <a 'sun/nio/fs/WindowsException'{0x000000008a7d36a0}> (0x000000008a7d36a0) thrown at [./src/hotspot/share/prims/jni.cpp, line 615]
Event: 2850.334 Thread 0x0000021223b3d800 Exception <a 'sun/nio/fs/WindowsException'{0x000000008a7d4730}> (0x000000008a7d4730) thrown at [./src/hotspot/share/prims/jni.cpp, line 615]

Events (20 events):
Event: 2850.546 Executing VM operation: RevokeBias done
Event: 2850.546 Thread 0x000002122263b000 Thread exited: 0x000002122263b000
Event: 2850.546 Thread 0x000002122263c000 Thread exited: 0x000002122263c000
Event: 2850.546 Thread 0x0000021222470800 Thread exited: 0x0000021222470800
Event: 2850.546 Executing VM operation: RevokeBias
Event: 2850.546 Thread 0x0000021222635800 Thread exited: 0x0000021222635800
Event: 2850.546 Thread 0x0000021222639000 Thread exited: 0x0000021222639000
Event: 2850.546 Executing VM operation: RevokeBias done
Event: 2850.547 Thread 0x000002122246f800 Thread exited: 0x000002122246f800
Event: 2850.547 Executing VM operation: RevokeBias
Event: 2850.547 Executing VM operation: RevokeBias done
Event: 2850.547 Executing VM operation: BulkRevokeBias
Event: 2850.549 Executing VM operation: BulkRevokeBias done
Event: 2850.549 Executing VM operation: RevokeBias
Event: 2850.550 Executing VM operation: RevokeBias done
Event: 2850.550 Thread 0x000002122246f000 Thread exited: 0x000002122246f000
Event: 2850.552 Executing VM operation: RevokeBias
Event: 2850.553 Executing VM operation: RevokeBias done
Event: 2850.553 Executing VM operation: RevokeBias
Event: 2850.553 Executing VM operation: RevokeBias done


Dynamic libraries:
0x00007ff7faa50000 - 0x00007ff7faa5a000 	E:\AndroidStudio\jre\bin\java.exe
0x00007ffdd8a20000 - 0x00007ffdd8c2f000 	C:\WINDOWS\SYSTEM32\ntdll.dll
0x00007ffdd8460000 - 0x00007ffdd851d000 	C:\WINDOWS\System32\KERNEL32.DLL
0x00007ffdd5ed0000 - 0x00007ffdd6260000 	C:\WINDOWS\System32\KERNELBASE.dll
0x00007ffdd6760000 - 0x00007ffdd6871000 	C:\WINDOWS\System32\ucrtbase.dll
0x00007ffdcf1f0000 - 0x00007ffdcf209000 	E:\AndroidStudio\jre\bin\jli.dll
0x00007ffdcdeb0000 - 0x00007ffdcdec7000 	E:\AndroidStudio\jre\bin\VCRUNTIME140.dll
0x00007ffdd69a0000 - 0x00007ffdd6b4a000 	C:\WINDOWS\System32\USER32.dll
0x00007ffdd65d0000 - 0x00007ffdd65f6000 	C:\WINDOWS\System32\win32u.dll
0x00007ffdb69b0000 - 0x00007ffdb6c51000 	C:\WINDOWS\WinSxS\amd64_microsoft.windows.common-controls_6595b64144ccf1df_6.0.22533.1001_none_26146f93a8efa247\COMCTL32.dll
0x00007ffdd6da0000 - 0x00007ffdd6dc9000 	C:\WINDOWS\System32\GDI32.dll
0x00007ffdd6e40000 - 0x00007ffdd6ee4000 	C:\WINDOWS\System32\msvcrt.dll
0x00007ffdd63c0000 - 0x00007ffdd64d7000 	C:\WINDOWS\System32\gdi32full.dll
0x00007ffdd66c0000 - 0x00007ffdd675a000 	C:\WINDOWS\System32\msvcp_win.dll
0x00007ffdd89a0000 - 0x00007ffdd89d1000 	C:\WINDOWS\System32\IMM32.DLL
0x00007ffdba190000 - 0x00007ffdba22d000 	E:\AndroidStudio\jre\bin\msvcp140.dll
0x00007ffd8c7a0000 - 0x00007ffd8d26f000 	E:\AndroidStudio\jre\bin\server\jvm.dll
0x00007ffdd83b0000 - 0x00007ffdd845e000 	C:\WINDOWS\System32\ADVAPI32.dll
0x00007ffdd6fd0000 - 0x00007ffdd7073000 	C:\WINDOWS\System32\sechost.dll
0x00007ffdd7ca0000 - 0x00007ffdd7dbf000 	C:\WINDOWS\System32\RPCRT4.dll
0x00007ffdd6b50000 - 0x00007ffdd6b58000 	C:\WINDOWS\System32\PSAPI.DLL
0x00007ffdd3090000 - 0x00007ffdd3099000 	C:\WINDOWS\SYSTEM32\WSOCK32.dll
0x00007ffdce230000 - 0x00007ffdce264000 	C:\WINDOWS\SYSTEM32\WINMM.dll
0x00007ffdcd9e0000 - 0x00007ffdcd9ea000 	C:\WINDOWS\SYSTEM32\VERSION.dll
0x00007ffdd6c40000 - 0x00007ffdd6cb1000 	C:\WINDOWS\System32\WS2_32.dll
0x00007ffdd4f50000 - 0x00007ffdd4f68000 	C:\WINDOWS\SYSTEM32\kernel.appcore.dll
0x00007ffdd02f0000 - 0x00007ffdd0301000 	E:\AndroidStudio\jre\bin\verify.dll
0x00007ffdd3b20000 - 0x00007ffdd3d44000 	C:\WINDOWS\SYSTEM32\DBGHELP.DLL
0x00007ffdd7fa0000 - 0x00007ffdd831c000 	C:\WINDOWS\System32\combase.dll
0x00007ffdd6b60000 - 0x00007ffdd6c37000 	C:\WINDOWS\System32\OLEAUT32.dll
0x00007ffdbfe20000 - 0x00007ffdbfe51000 	C:\WINDOWS\SYSTEM32\dbgcore.DLL
0x00007ffdd64e0000 - 0x00007ffdd655b000 	C:\WINDOWS\System32\bcryptPrimitives.dll
0x00007ffdd0250000 - 0x00007ffdd0279000 	E:\AndroidStudio\jre\bin\java.dll
0x00007ffdd0240000 - 0x00007ffdd024b000 	E:\AndroidStudio\jre\bin\jimage.dll
0x00007ffdd0220000 - 0x00007ffdd0238000 	E:\AndroidStudio\jre\bin\zip.dll
0x00007ffdd7340000 - 0x00007ffdd7af9000 	C:\WINDOWS\System32\SHELL32.dll
0x00007ffdd3f80000 - 0x00007ffdd47d5000 	C:\WINDOWS\SYSTEM32\windows.storage.dll
0x00007ffdd3e40000 - 0x00007ffdd3f7c000 	C:\WINDOWS\SYSTEM32\wintypes.dll
0x00007ffdd7ea0000 - 0x00007ffdd7f91000 	C:\WINDOWS\System32\SHCORE.dll
0x00007ffdd7260000 - 0x00007ffdd72bb000 	C:\WINDOWS\System32\shlwapi.dll
0x00007ffdd5e00000 - 0x00007ffdd5e21000 	C:\WINDOWS\SYSTEM32\profapi.dll
0x00007ffdd0200000 - 0x00007ffdd021a000 	E:\AndroidStudio\jre\bin\net.dll
0x00007ffdcd820000 - 0x00007ffdcd932000 	C:\WINDOWS\SYSTEM32\WINHTTP.dll
0x00007ffdd53d0000 - 0x00007ffdd5439000 	C:\WINDOWS\system32\mswsock.dll
0x00007ffdd01e0000 - 0x00007ffdd01f4000 	E:\AndroidStudio\jre\bin\nio.dll
0x00007ffdce6e0000 - 0x00007ffdce707000 	C:\Users\王久铭\.gradle\native\8bec1ad78214c89d9ad589b4d07fe93259594b29d510b10fafb7a158f7737e5d\windows-amd64\native-platform.dll
0x00007ffd9c8d0000 - 0x00007ffd9ca0d000 	C:\Users\王久铭\.gradle\native\53dbd7edfb1c66fb8903c78663c9afc45aea4f116125fa6feffd364cf09443e8\windows-amd64\native-platform-file-events.dll
0x00007ffdd0190000 - 0x00007ffdd019a000 	E:\AndroidStudio\jre\bin\management.dll
0x00007ffdd0180000 - 0x00007ffdd018c000 	E:\AndroidStudio\jre\bin\management_ext.dll
0x00007ffdd5620000 - 0x00007ffdd563b000 	C:\WINDOWS\SYSTEM32\CRYPTSP.dll
0x00007ffdd4eb0000 - 0x00007ffdd4ee5000 	C:\WINDOWS\system32\rsaenh.dll
0x00007ffdd54d0000 - 0x00007ffdd54f9000 	C:\WINDOWS\SYSTEM32\USERENV.dll
0x00007ffdd58a0000 - 0x00007ffdd58c8000 	C:\WINDOWS\SYSTEM32\bcrypt.dll
0x00007ffdd5640000 - 0x00007ffdd564c000 	C:\WINDOWS\SYSTEM32\CRYPTBASE.dll
0x00007ffdd4a30000 - 0x00007ffdd4a5d000 	C:\WINDOWS\SYSTEM32\IPHLPAPI.DLL
0x00007ffdd6fc0000 - 0x00007ffdd6fc9000 	C:\WINDOWS\System32\NSI.dll
0x00007ffdcdab0000 - 0x00007ffdcdac9000 	C:\WINDOWS\SYSTEM32\dhcpcsvc6.DLL
0x00007ffdcda10000 - 0x00007ffdcda2e000 	C:\WINDOWS\SYSTEM32\dhcpcsvc.DLL
0x00007ffdd4a60000 - 0x00007ffdd4b58000 	C:\WINDOWS\SYSTEM32\DNSAPI.dll
0x00007ffdd0380000 - 0x00007ffdd03a7000 	E:\AndroidStudio\jre\bin\sunec.dll

dbghelp: loaded successfully - version: 4.0.5 - missing functions: none
symbol engine: initialized successfully - sym options: 0x614 - pdb path: .;E:\AndroidStudio\jre\bin;C:\WINDOWS\SYSTEM32;C:\WINDOWS\WinSxS\amd64_microsoft.windows.common-controls_6595b64144ccf1df_6.0.22533.1001_none_26146f93a8efa247;E:\AndroidStudio\jre\bin\server;C:\Users\王久铭\.gradle\native\8bec1ad78214c89d9ad589b4d07fe93259594b29d510b10fafb7a158f7737e5d\windows-am;C:\Users\王久铭\.gradle\native\8bec1ad78214c89d9ad589b4d07fe93259594b29d510b10fafb7a158f7737e5d\windows-amd64;C:\Users\王久铭\.gradle\native\53dbd7edfb1c66fb8903c78663c9afc45aea4f116125fa6feffd364cf09443e8\wind;C:\Users\王久铭\.gradle\native\53dbd7edfb1c66fb8903c78663c9afc45aea4f116125fa6feffd364cf09443e8\w;C:\Users\王久铭\.gradle\native\53dbd7edfb1c66fb8903c78663c9afc45aea4f116125fa6feffd364cf09443e;C:\Users\王久铭\.gradle\native\53dbd7edfb1c66fb8903c78663c9afc45aea4f116125fa6feffd364cf094;C:\Users\王久铭\.gradle\native\53dbd7edfb1c66fb8903c78663c9afc45aea4f116125fa6feffd364cf

VM Arguments:
jvm_args: --add-opens=java.base/java.util=ALL-UNNAMED --add-opens=java.base/java.lang=ALL-UNNAMED --add-opens=java.base/java.lang.invoke=ALL-UNNAMED --add-opens=java.base/java.util=ALL-UNNAMED --add-opens=java.prefs/java.util.prefs=ALL-UNNAMED --add-opens=java.prefs/java.util.prefs=ALL-UNNAMED --add-opens=java.base/java.nio.charset=ALL-UNNAMED --add-opens=java.base/java.net=ALL-UNNAMED --add-opens=java.base/java.util.concurrent.atomic=ALL-UNNAMED -Xmx2048m -Dfile.encoding=UTF-8 -Duser.country=CN -Duser.language=zh -Duser.variant 
java_command: org.gradle.launcher.daemon.bootstrap.GradleDaemon 7.0.2
java_class_path (initial): C:\Users\王久铭\.gradle\wrapper\dists\gradle-7.0.2-bin\857tjihv64xamwrf0h14cai3r\gradle-7.0.2\lib\gradle-launcher-7.0.2.jar
Launcher Type: SUN_STANDARD

[Global flags]
     intx CICompilerCount                          = 4                                         {product} {ergonomic}
     uint ConcGCThreads                            = 3                                         {product} {ergonomic}
     uint G1ConcRefinementThreads                  = 10                                        {product} {ergonomic}
   size_t G1HeapRegionSize                         = 1048576                                   {product} {ergonomic}
    uintx GCDrainStackTargetSize                   = 64                                        {product} {ergonomic}
   size_t InitialHeapSize                          = 134217728                                 {product} {ergonomic}
   size_t MarkStackSize                            = 4194304                                   {product} {ergonomic}
   size_t MaxHeapSize                              = 2147483648                                {product} {command line}
   size_t MaxNewSize                               = 1287651328                                {product} {ergonomic}
   size_t MinHeapDeltaBytes                        = 1048576                                   {product} {ergonomic}
    uintx NonNMethodCodeHeapSize                   = 5836300                                {pd product} {ergonomic}
    uintx NonProfiledCodeHeapSize                  = 122910970                              {pd product} {ergonomic}
    uintx ProfiledCodeHeapSize                     = 122910970                              {pd product} {ergonomic}
    uintx ReservedCodeCacheSize                    = 251658240                              {pd product} {ergonomic}
     bool SegmentedCodeCache                       = true                                      {product} {ergonomic}
     bool UseCompressedClassPointers               = true                                 {lp64_product} {ergonomic}
     bool UseCompressedOops                        = true                                 {lp64_product} {ergonomic}
     bool UseG1GC                                  = true                                      {product} {ergonomic}
     bool UseLargePagesIndividualAllocation        = false                                  {pd product} {ergonomic}

Logging:
Log output configuration:
 #0: stdout all=warning uptime,level,tags
 #1: stderr all=off uptime,level,tags

Environment Variables:
JAVA_HOME=C:\Program Files (x86)\Java\jdk1.6.0_45
CLASSPATH=C:\Program Files (x86)\Java\jdk1.6.0_45\lib;C:\Program Files (x86)\Java\jdk1.6.0_45\lib\tools.jar
PATH=E:\新建文件夹\Scripts\;E:\新建文件夹\;C:\Program Files (x86)\Common Files\Oracle\Java\javapath;C:;Users\王久铭\AppData\Local\Programs\Python\Python36\;Python27\;C:\Python27\Scripts\;E:\Python\;E:\Python\Scripts\;C:\WINDOWS\system32\config\systemprofile\AppData\Local\Microsoft\WindowsApps;E:\Microsoft VS Code\bin;C:\Python27amd64\Scripts\pip.exe;C:\Users\王久铭\AppData\Roaming\Python\Python37\Scripts;E:;Git\cmd;C:\Program Files\nodejs\;C:\Program Files (x86)\Java\jdk1.6.0_45\bin;C:\Windows\system32;E:\Git\cmd;C:\Program Files (x86)\Java\jdk1.6.0_45\jre\bin;E:\MinGW\bin;C:\WINDOWS\system32;C:\WINDOWS;C:\WINDOWS\System32\Wbem;C:\WINDOWS\System32\WindowsPowerShell\v1.0\;C:\WINDOWS\System32\OpenSSH\;C:\Program Files (x86)\NetSarang\Xshell 7\;C:\Program Files\MySQL\MySQL Server 8.0\bin;C:\Program Files\MySQL\MySQL Shell 8.0\bin\;C:\Users\王久铭\AppData\Local\Microsoft\WindowsApps;E:\Microsoft VS Code\bin;E:\Python\Scripts\pip.exe;E:\Python\;E:\Python\Scripts\;C:\Users\王久铭\AppData\Roaming\npm;C:\Program Files\JetBrains\IntelliJ IDEA Community Edition 2020.2\bin;;C:\Windows\system32;C:\WINDOWS;C:\Program Files\JetBrains\PyCharm 2020.1\bin;;
USERNAME=王久铭
OS=Windows_NT
PROCESSOR_IDENTIFIER=Intel64 Family 6 Model 158 Stepping 10, GenuineIntel



---------------  S Y S T E M  ---------------

OS: Windows 10 , 64 bit Build 22533 (10.0.22533.1001)
OS uptime: 0 days 7:20 hours

CPU:total 12 (initial active 12) (6 cores per cpu, 2 threads per core) family 6 model 158 stepping 10 microcode 0xde, cmov, cx8, fxsr, mmx, sse, sse2, sse3, ssse3, sse4.1, sse4.2, popcnt, avx, avx2, aes, clmul, erms, 3dnowpref, lzcnt, ht, tsc, tscinvbit, bmi1, bmi2, adx, fma

Memory: 4k page, system-wide physical 8065M (1316M free)
TotalPageFile size 23168M (AvailPageFile size 8M)
current process WorkingSet (physical memory assigned to process): 456M, peak: 507M
current process commit charge ("private bytes"): 556M, peak: 576M

vm_info: OpenJDK 64-Bit Server VM (11.0.10+0-b96-7249189) for windows-amd64 JRE (11.0.10+0-b96-7249189), built on Mar 31 2021 21:44:00 by "builder" with MS VC++ 14.0 (VS2015)

END.
