#
# There is insufficient memory for the Java Runtime Environment to continue.
# Native memory allocation (malloc) failed to allocate 2281136 bytes for Chunk::new
# Possible reasons:
#   The system is out of physical RAM or swap space
#   The process is running with CompressedOops enabled, and the Java Heap may be blocking the growth of the native heap
# Possible solutions:
#   Reduce memory load on the system
#   Increase physical memory or swap space
#   Check if swap backing store is full
#   Decrease Java heap size (-Xmx/-Xms)
#   Decrease number of Java threads
#   Decrease Java thread stack sizes (-Xss)
#   Set larger code cache with -XX:ReservedCodeCacheSize=
#   JVM is running with Unscaled Compressed Oops mode in which the Java heap is
#     placed in the first 4GB address space. The Java Heap base address is the
#     maximum limit for the native heap growth. Please use -XX:HeapBaseMinAddress
#     to set the Java Heap base and to place the Java Heap above 4GB virtual address.
# This output file may be truncated or incomplete.
#
#  Out of Memory Error (./src/hotspot/share/memory/arena.cpp:197), pid=1168, tid=8256
#
# JRE version: OpenJDK Runtime Environment (11.0.10) (build 11.0.10+0-b96-7249189)
# Java VM: OpenJDK 64-Bit Server VM (11.0.10+0-b96-7249189, mixed mode, tiered, compressed oops, g1 gc, windows-amd64)
# No core dump will be written. Minidumps are not enabled by default on client versions of Windows
#

---------------  S U M M A R Y ------------

Command Line: --add-opens=java.base/java.util=ALL-UNNAMED --add-opens=java.base/java.lang=ALL-UNNAMED --add-opens=java.base/java.lang.invoke=ALL-UNNAMED --add-opens=java.base/java.util=ALL-UNNAMED --add-opens=java.prefs/java.util.prefs=ALL-UNNAMED --add-opens=java.prefs/java.util.prefs=ALL-UNNAMED --add-opens=java.base/java.nio.charset=ALL-UNNAMED --add-opens=java.base/java.net=ALL-UNNAMED --add-opens=java.base/java.util.concurrent.atomic=ALL-UNNAMED -Xmx2048m -Dfile.encoding=UTF-8 -Duser.country=CN -Duser.language=zh -Duser.variant org.gradle.launcher.daemon.bootstrap.GradleDaemon 7.0.2

Host: Intel(R) Core(TM) i7-8750H CPU @ 2.20GHz, 12 cores, 7G,  Windows 10 , 64 bit Build 22533 (10.0.22533.1001)
Time: Fri Feb  4 17:35:48 2022 中国标准时间 elapsed time: 908.529826 seconds (0d 0h 15m 8s)

---------------  T H R E A D  ---------------

Current thread (0x0000022404a60800):  JavaThread "C2 CompilerThread0" daemon [_thread_in_native, id=8256, stack(0x0000005616500000,0x0000005616600000)]


Current CompileTask:
C2: 908529 21008       4       com.sun.tools.javac.parser.JavacParser::term3 (2482 bytes)

Stack: [0x0000005616500000,0x0000005616600000]
Native frames: (J=compiled Java code, j=interpreted, Vv=VM code, C=native code)
V  [jvm.dll+0x5ecfaa]
V  [jvm.dll+0x722bd5]
V  [jvm.dll+0x72412d]
V  [jvm.dll+0x7247e3]
V  [jvm.dll+0x242928]
V  [jvm.dll+0xbc4fc]
V  [jvm.dll+0xbca0c]
V  [jvm.dll+0x352d7d]
V  [jvm.dll+0x320ad3]
V  [jvm.dll+0x31ffca]
V  [jvm.dll+0x1fb602]
V  [jvm.dll+0x1fa7f4]
V  [jvm.dll+0x18354c]
V  [jvm.dll+0x208ee7]
V  [jvm.dll+0x207731]
V  [jvm.dll+0x6eb1cf]
V  [jvm.dll+0x6e3d45]
V  [jvm.dll+0x5ebe96]
C  [ucrtbase.dll+0x293cc]
C  [KERNEL32.DLL+0x11350]
C  [ntdll.dll+0x51e78]


---------------  P R O C E S S  ---------------

Threads class SMR info:
_java_thread_list=0x000002240f20a230, length=83, elements={
0x00000224675ee000, 0x00000224041f2000, 0x00000224041f6800, 0x0000022404a0e800,
0x00000224041ed000, 0x0000022404a5d800, 0x0000022404a60800, 0x0000022404a63800,
0x0000022404a66800, 0x0000022404bde000, 0x00000224078d8800, 0x000002240720d000,
0x0000022405981800, 0x0000022406bfd800, 0x0000022406c00000, 0x0000022407132000,
0x0000022407136000, 0x0000022407133000, 0x0000022407134800, 0x0000022407133800,
0x000002240713f000, 0x000002240713a000, 0x000002240713c800, 0x000002240a13e000,
0x000002240a13a800, 0x000002240a13b800, 0x000002240a138800, 0x000002240a13f000,
0x000002240a139000, 0x000002240a13a000, 0x000002240c25a000, 0x000002240c25b000,
0x000002240c25c800, 0x0000022407137000, 0x000002240ef59800, 0x000002240ef55800,
0x000002240ef5a800, 0x000002240ef56800, 0x000002240ef5d000, 0x000002240ef5e800,
0x000002240ee5f800, 0x0000022407135000, 0x000002240ef61000, 0x0000022407131000,
0x0000022407130800, 0x000002240713c000, 0x000002240713e000, 0x0000022407138800,
0x000002240ee58800, 0x000002240ee5a000, 0x000002240ee5e000, 0x000002240ee5c800,
0x000002240ee5b800, 0x000002240ee5f000, 0x000002240ee59000, 0x000002240ee5a800,
0x000002240ee60800, 0x000002240ee61800, 0x000002240ee62000, 0x000002240ee63000,
0x000002240ee5d000, 0x000002240ee65800, 0x000002240ee63800, 0x000002240ee64800,
0x000002240ee67000, 0x000002240ee66000, 0x000002240c25d800, 0x000002240c25e000,
0x000002240c258800, 0x000002240c25f000, 0x000002240c259000, 0x000002240c262000,
0x000002240c261800, 0x000002240c260800, 0x000002240c25f800, 0x000002240c264800,
0x000002240c265800, 0x000002240c266000, 0x000002240c267000, 0x000002240c263000,
0x000002240c264000, 0x000002240a134000, 0x000002240a135000
}

Java Threads: ( => current thread )
  0x00000224675ee000 JavaThread "main" [_thread_blocked, id=13480, stack(0x0000005615900000,0x0000005615a00000)]
  0x00000224041f2000 JavaThread "Reference Handler" daemon [_thread_blocked, id=4468, stack(0x0000005616000000,0x0000005616100000)]
  0x00000224041f6800 JavaThread "Finalizer" daemon [_thread_blocked, id=7316, stack(0x0000005616100000,0x0000005616200000)]
  0x0000022404a0e800 JavaThread "Signal Dispatcher" daemon [_thread_blocked, id=15572, stack(0x0000005616200000,0x0000005616300000)]
  0x00000224041ed000 JavaThread "Attach Listener" daemon [_thread_blocked, id=2352, stack(0x0000005616300000,0x0000005616400000)]
  0x0000022404a5d800 JavaThread "Service Thread" daemon [_thread_blocked, id=10320, stack(0x0000005616400000,0x0000005616500000)]
=>0x0000022404a60800 JavaThread "C2 CompilerThread0" daemon [_thread_in_native, id=8256, stack(0x0000005616500000,0x0000005616600000)]
  0x0000022404a63800 JavaThread "C1 CompilerThread0" daemon [_thread_in_native, id=2552, stack(0x0000005616600000,0x0000005616700000)]
  0x0000022404a66800 JavaThread "Sweeper thread" daemon [_thread_blocked, id=2284, stack(0x0000005616700000,0x0000005616800000)]
  0x0000022404bde000 JavaThread "Common-Cleaner" daemon [_thread_blocked, id=14856, stack(0x0000005616800000,0x0000005616900000)]
  0x00000224078d8800 JavaThread "Daemon health stats" [_thread_blocked, id=1820, stack(0x0000005616e00000,0x0000005616f00000)]
  0x000002240720d000 JavaThread "Incoming local TCP Connector on port 3237" [_thread_in_native, id=15248, stack(0x0000005616b00000,0x0000005616c00000)]
  0x0000022405981800 JavaThread "Daemon periodic checks" [_thread_blocked, id=1996, stack(0x0000005617200000,0x0000005617300000)]
  0x0000022406bfd800 JavaThread "Cache worker for file hash cache (C:\Users\涔\.gradle\caches\7.0.2\fileHashes)" [_thread_blocked, id=15236, stack(0x0000005617a00000,0x0000005617b00000)]
  0x0000022406c00000 JavaThread "File lock request listener" [_thread_in_native, id=3472, stack(0x0000005617b00000,0x0000005617c00000)]
  0x0000022407132000 JavaThread "Cache worker for journal cache (C:\Users\涔\.gradle\caches\journal-1)" [_thread_blocked, id=16312, stack(0x0000005618200000,0x0000005618300000)]
  0x0000022407136000 JavaThread "File watcher server" daemon [_thread_in_native, id=2612, stack(0x0000005618400000,0x0000005618500000)]
  0x0000022407133000 JavaThread "File watcher consumer" daemon [_thread_in_Java, id=552, stack(0x0000005618500000,0x0000005618600000)]
  0x0000022407134800 JavaThread "Cache worker for execution history cache (C:\Users\涔\.gradle\caches\7.0.2\executionHistory)" [_thread_blocked, id=14804, stack(0x0000005618900000,0x0000005618a00000)]
  0x0000022407133800 JavaThread "jar transforms" [_thread_blocked, id=12528, stack(0x0000005618b00000,0x0000005618c00000)]
  0x000002240713f000 JavaThread "jar transforms Thread 2" [_thread_blocked, id=11684, stack(0x0000005618c00000,0x0000005618d00000)]
  0x000002240713a000 JavaThread "Cache worker for file content cache (C:\Users\涔\.gradle\caches\7.0.2\fileContent)" [_thread_blocked, id=11916, stack(0x0000005618d00000,0x0000005618e00000)]
  0x000002240713c800 JavaThread "jar transforms Thread 3" [_thread_blocked, id=2148, stack(0x0000005618f00000,0x0000005619000000)]
  0x000002240a13e000 JavaThread "jar transforms Thread 4" [_thread_blocked, id=15504, stack(0x0000005619d00000,0x0000005619e00000)]
  0x000002240a13a800 JavaThread "jar transforms Thread 5" [_thread_blocked, id=9352, stack(0x0000005619e00000,0x0000005619f00000)]
  0x000002240a13b800 JavaThread "jar transforms Thread 6" [_thread_blocked, id=3464, stack(0x0000005619f00000,0x000000561a000000)]
  0x000002240a138800 JavaThread "jar transforms Thread 7" [_thread_blocked, id=1984, stack(0x000000561a000000,0x000000561a100000)]
  0x000002240a13f000 JavaThread "jar transforms Thread 8" [_thread_blocked, id=2528, stack(0x000000561a100000,0x000000561a200000)]
  0x000002240a139000 JavaThread "jar transforms Thread 9" [_thread_blocked, id=8552, stack(0x000000561a200000,0x000000561a300000)]
  0x000002240a13a000 JavaThread "jar transforms Thread 10" [_thread_blocked, id=1540, stack(0x000000561a300000,0x000000561a400000)]
  0x000002240c25a000 JavaThread "jar transforms Thread 11" [_thread_blocked, id=12516, stack(0x000000561a400000,0x000000561a500000)]
  0x000002240c25b000 JavaThread "jar transforms Thread 12" [_thread_blocked, id=4748, stack(0x000000561a500000,0x000000561a600000)]
  0x000002240c25c800 JavaThread "Memory manager" [_thread_blocked, id=13860, stack(0x000000561a600000,0x000000561a700000)]
  0x0000022407137000 JavaThread "Cache worker for Java compile cache (C:\Users\涔\.gradle\caches\7.0.2\javaCompile)" [_thread_blocked, id=15620, stack(0x000000561b400000,0x000000561b500000)]
  0x000002240ef59800 JavaThread "ForkJoinPool.commonPool-worker-17" daemon [_thread_blocked, id=2328, stack(0x000000561ca00000,0x000000561cb00000)]
  0x000002240ef55800 JavaThread "ForkJoinPool.commonPool-worker-3" daemon [_thread_blocked, id=9364, stack(0x000000561cb00000,0x000000561cc00000)]
  0x000002240ef5a800 JavaThread "ForkJoinPool.commonPool-worker-21" daemon [_thread_blocked, id=10872, stack(0x000000561cc00000,0x000000561cd00000)]
  0x000002240ef56800 JavaThread "ForkJoinPool.commonPool-worker-25" daemon [_thread_blocked, id=2544, stack(0x000000561c000000,0x000000561c100000)]
  0x000002240ef5d000 JavaThread "ForkJoinPool.commonPool-worker-29" daemon [_thread_blocked, id=5384, stack(0x000000561c100000,0x000000561c200000)]
  0x000002240ef5e800 JavaThread "ForkJoinPool.commonPool-worker-11" daemon [_thread_blocked, id=8808, stack(0x000000561c200000,0x000000561c300000)]
  0x000002240ee5f800 JavaThread "ForkJoinPool.commonPool-worker-1" daemon [_thread_blocked, id=4204, stack(0x0000005618800000,0x0000005618900000)]
  0x0000022407135000 JavaThread "ForkJoinPool.commonPool-worker-19" daemon [_thread_blocked, id=17220, stack(0x000000561c600000,0x000000561c700000)]
  0x000002240ef61000 JavaThread "ForkJoinPool.commonPool-worker-23" daemon [_thread_blocked, id=17304, stack(0x000000561c800000,0x000000561c900000)]
  0x0000022407131000 JavaThread "ForkJoinPool.commonPool-worker-9" daemon [_thread_blocked, id=7920, stack(0x000000561c700000,0x000000561c800000)]
  0x0000022407130800 JavaThread "Daemon Thread 8" [_thread_blocked, id=4464, stack(0x0000005615700000,0x0000005615800000)]
  0x000002240713c000 JavaThread "Handler for socket connection from /127.0.0.1:3237 to /127.0.0.1:3424" [_thread_in_native, id=16604, stack(0x0000005615800000,0x0000005615900000)]
  0x000002240713e000 JavaThread "Cancel handler" [_thread_blocked, id=15228, stack(0x0000005617300000,0x0000005617400000)]
  0x0000022407138800 JavaThread "Daemon worker Thread 8" [_thread_blocked, id=13148, stack(0x0000005617400000,0x0000005617500000)]
  0x000002240ee58800 JavaThread "Asynchronous log dispatcher for DefaultDaemonConnection: socket connection from /127.0.0.1:3237 to /127.0.0.1:3424" [_thread_blocked, id=13324, stack(0x0000005617500000,0x0000005617600000)]
  0x000002240ee5a000 JavaThread "Stdin handler" [_thread_blocked, id=10328, stack(0x0000005617600000,0x0000005617700000)]
  0x000002240ee5e000 JavaThread "Daemon client event forwarder" [_thread_blocked, id=1476, stack(0x0000005617700000,0x0000005617800000)]
  0x000002240ee5c800 JavaThread "Cache worker for file hash cache (E:\AndroidPro\ModeSwitch\.gradle\7.0.2\fileHashes)" [_thread_blocked, id=17040, stack(0x0000005617800000,0x0000005617900000)]
  0x000002240ee5b800 JavaThread "Cache worker for checksums cache (E:\AndroidPro\ModeSwitch\.gradle\checksums)" [_thread_blocked, id=15720, stack(0x0000005617900000,0x0000005617a00000)]
  0x000002240ee5f000 JavaThread "Cache worker for cache directory md-supplier (C:\Users\涔\.gradle\caches\7.0.2\md-supplier)" [_thread_blocked, id=15244, stack(0x0000005618300000,0x0000005618400000)]
  0x000002240ee59000 JavaThread "Cache worker for cache directory md-rule (C:\Users\涔\.gradle\caches\7.0.2\md-rule)" [_thread_blocked, id=8132, stack(0x0000005618600000,0x0000005618700000)]
  0x000002240ee5a800 JavaThread "Cache worker for dependencies-accessors (E:\AndroidPro\ModeSwitch\.gradle\7.0.2\dependencies-accessors)" [_thread_blocked, id=15588, stack(0x0000005618700000,0x0000005618800000)]
  0x000002240ee60800 JavaThread "Cache worker for Build Output Cleanup Cache (E:\AndroidPro\ModeSwitch\.gradle\buildOutputCleanup)" [_thread_blocked, id=16276, stack(0x0000005618a00000,0x0000005618b00000)]
  0x000002240ee61800 JavaThread "Build operations" [_thread_blocked, id=15564, stack(0x0000005618e00000,0x0000005618f00000)]
  0x000002240ee62000 JavaThread "Build operations Thread 2" [_thread_blocked, id=17360, stack(0x0000005619000000,0x0000005619100000)]
  0x000002240ee63000 JavaThread "Build operations Thread 3" [_thread_blocked, id=10560, stack(0x0000005619100000,0x0000005619200000)]
  0x000002240ee5d000 JavaThread "Build operations Thread 4" [_thread_blocked, id=5624, stack(0x0000005619200000,0x0000005619300000)]
  0x000002240ee65800 JavaThread "Build operations Thread 5" [_thread_blocked, id=13216, stack(0x0000005619300000,0x0000005619400000)]
  0x000002240ee63800 JavaThread "Build operations Thread 6" [_thread_blocked, id=12892, stack(0x0000005619400000,0x0000005619500000)]
  0x000002240ee64800 JavaThread "Build operations Thread 7" [_thread_blocked, id=1496, stack(0x0000005619500000,0x0000005619600000)]
  0x000002240ee67000 JavaThread "Build operations Thread 8" [_thread_blocked, id=14588, stack(0x0000005619600000,0x0000005619700000)]
  0x000002240ee66000 JavaThread "Build operations Thread 9" [_thread_blocked, id=15176, stack(0x0000005619700000,0x0000005619800000)]
  0x000002240c25d800 JavaThread "Build operations Thread 10" [_thread_blocked, id=2724, stack(0x0000005619800000,0x0000005619900000)]
  0x000002240c25e000 JavaThread "Build operations Thread 11" [_thread_blocked, id=12876, stack(0x0000005619900000,0x0000005619a00000)]
  0x000002240c258800 JavaThread "Build operations Thread 12" [_thread_blocked, id=11452, stack(0x0000005619a00000,0x0000005619b00000)]
  0x000002240c25f000 JavaThread "build event listener" [_thread_blocked, id=1672, stack(0x0000005619b00000,0x0000005619c00000)]
  0x000002240c259000 JavaThread "Execution worker for ':'" [_thread_in_native, id=2464, stack(0x0000005619c00000,0x0000005619d00000)]
  0x000002240c262000 JavaThread "Execution worker for ':' Thread 2" [_thread_blocked, id=1836, stack(0x000000561a700000,0x000000561a800000)]
  0x000002240c261800 JavaThread "Execution worker for ':' Thread 3" [_thread_blocked, id=10412, stack(0x000000561a800000,0x000000561a900000)]
  0x000002240c260800 JavaThread "Execution worker for ':' Thread 4" [_thread_blocked, id=17240, stack(0x000000561a900000,0x000000561aa00000)]
  0x000002240c25f800 JavaThread "Execution worker for ':' Thread 5" [_thread_blocked, id=15920, stack(0x000000561aa00000,0x000000561ab00000)]
  0x000002240c264800 JavaThread "Execution worker for ':' Thread 6" [_thread_blocked, id=16836, stack(0x000000561ab00000,0x000000561ac00000)]
  0x000002240c265800 JavaThread "Execution worker for ':' Thread 7" [_thread_blocked, id=3476, stack(0x000000561ac00000,0x000000561ad00000)]
  0x000002240c266000 JavaThread "Execution worker for ':' Thread 8" [_thread_blocked, id=3376, stack(0x000000561ad00000,0x000000561ae00000)]
  0x000002240c267000 JavaThread "Execution worker for ':' Thread 9" [_thread_blocked, id=8704, stack(0x000000561ae00000,0x000000561af00000)]
  0x000002240c263000 JavaThread "Execution worker for ':' Thread 10" [_thread_blocked, id=13556, stack(0x000000561af00000,0x000000561b000000)]
  0x000002240c264000 JavaThread "Execution worker for ':' Thread 11" [_thread_blocked, id=12508, stack(0x000000561b000000,0x000000561b100000)]
  0x000002240a134000 JavaThread "Cache worker for execution history cache (E:\AndroidPro\ModeSwitch\.gradle\7.0.2\executionHistory)" [_thread_blocked, id=12788, stack(0x000000561b100000,0x000000561b200000)]
  0x000002240a135000 JavaThread "Cache worker for Java compile cache (E:\AndroidPro\ModeSwitch\.gradle\7.0.2\javaCompile)" [_thread_blocked, id=10456, stack(0x000000561b200000,0x000000561b300000)]

Other Threads:
  0x00000224041dd800 VMThread "VM Thread" [stack: 0x0000005615f00000,0x0000005616000000] [id=6316]
  0x0000022404c25000 WatcherThread [stack: 0x0000005616900000,0x0000005616a00000] [id=14696]
  0x0000022469789000 GCTaskThread "GC Thread#0" [stack: 0x0000005615a00000,0x0000005615b00000] [id=14536]
  0x0000022405468000 GCTaskThread "GC Thread#1" [stack: 0x0000005616c00000,0x0000005616d00000] [id=5640]
  0x0000022405141800 GCTaskThread "GC Thread#2" [stack: 0x0000005616d00000,0x0000005616e00000] [id=1756]
  0x0000022406084000 GCTaskThread "GC Thread#3" [stack: 0x0000005616f00000,0x0000005617000000] [id=15816]
  0x00000224060aa000 GCTaskThread "GC Thread#4" [stack: 0x0000005617000000,0x0000005617100000] [id=10552]
  0x00000224060e2800 GCTaskThread "GC Thread#5" [stack: 0x0000005617100000,0x0000005617200000] [id=6184]
  0x0000022406f2b000 GCTaskThread "GC Thread#6" [stack: 0x0000005617c00000,0x0000005617d00000] [id=10344]
  0x00000224065bc800 GCTaskThread "GC Thread#7" [stack: 0x0000005617d00000,0x0000005617e00000] [id=12544]
  0x0000022405e4a800 GCTaskThread "GC Thread#8" [stack: 0x0000005617e00000,0x0000005617f00000] [id=980]
  0x0000022407033800 GCTaskThread "GC Thread#9" [stack: 0x0000005617f00000,0x0000005618000000] [id=13692]
  0x00000224697ba000 ConcurrentGCThread "G1 Main Marker" [stack: 0x0000005615b00000,0x0000005615c00000] [id=9752]
  0x00000224697bb800 ConcurrentGCThread "G1 Conc#0" [stack: 0x0000005615c00000,0x0000005615d00000] [id=7196]
  0x0000022406e58000 ConcurrentGCThread "G1 Conc#1" [stack: 0x0000005618000000,0x0000005618100000] [id=4172]
  0x0000022406a12000 ConcurrentGCThread "G1 Conc#2" [stack: 0x0000005618100000,0x0000005618200000] [id=16324]
  0x000002240402e800 ConcurrentGCThread "G1 Refine#0" [stack: 0x0000005615d00000,0x0000005615e00000] [id=13940]
  0x000002240402f800 ConcurrentGCThread "G1 Young RemSet Sampling" [stack: 0x0000005615e00000,0x0000005615f00000] [id=12096]

Threads with active compile tasks:
C2 CompilerThread0 908611 21008       4       com.sun.tools.javac.parser.JavacParser::term3 (2482 bytes)

VM state:not at safepoint (normal execution)

VM Mutex/Monitor currently owned by a thread: None

Heap address: 0x0000000080000000, size: 2048 MB, Compressed Oops mode: 32-bit
Narrow klass base: 0x0000000000000000, Narrow klass shift: 3
Compressed class space size: 1073741824 Address: 0x0000000100000000

Heap:
 garbage-first heap   total 189440K, used 107672K [0x0000000080000000, 0x0000000100000000)
  region size 1024K, 24 young (24576K), 5 survivors (5120K)
 Metaspace       used 113423K, capacity 116975K, committed 117120K, reserved 1150976K
  class space    used 14371K, capacity 15713K, committed 15820K, reserved 1048576K
Heap Regions: E=young(eden), S=young(survivor), O=old, HS=humongous(starts), HC=humongous(continues), CS=collection set, F=free, A=archive, TAMS=top-at-mark-start (previous, next)
|   0|0x0000000080000000, 0x0000000080100000, 0x0000000080100000|100%| O|  |TAMS 0x0000000080100000, 0x0000000080000000| Untracked 
|   1|0x0000000080100000, 0x0000000080200000, 0x0000000080200000|100%| O|  |TAMS 0x0000000080200000, 0x0000000080100000| Untracked 
|   2|0x0000000080200000, 0x0000000080300000, 0x0000000080300000|100%| O|  |TAMS 0x0000000080300000, 0x0000000080200000| Untracked 
|   3|0x0000000080300000, 0x0000000080400000, 0x0000000080400000|100%|HS|  |TAMS 0x0000000080400000, 0x0000000080300000| Complete 
|   4|0x0000000080400000, 0x0000000080500000, 0x0000000080500000|100%|HC|  |TAMS 0x0000000080500000, 0x0000000080400000| Complete 
|   5|0x0000000080500000, 0x0000000080600000, 0x0000000080600000|100%|HC|  |TAMS 0x0000000080600000, 0x0000000080500000| Complete 
|   6|0x0000000080600000, 0x0000000080700000, 0x0000000080700000|100%| O|  |TAMS 0x0000000080700000, 0x0000000080600000| Untracked 
|   7|0x0000000080700000, 0x0000000080800000, 0x0000000080800000|100%| O|  |TAMS 0x0000000080800000, 0x0000000080700000| Untracked 
|   8|0x0000000080800000, 0x0000000080900000, 0x0000000080900000|100%| O|  |TAMS 0x0000000080900000, 0x0000000080800000| Untracked 
|   9|0x0000000080900000, 0x0000000080a00000, 0x0000000080a00000|100%| O|  |TAMS 0x0000000080a00000, 0x0000000080900000| Untracked 
|  10|0x0000000080a00000, 0x0000000080b00000, 0x0000000080b00000|100%| O|  |TAMS 0x0000000080b00000, 0x0000000080a00000| Untracked 
|  11|0x0000000080b00000, 0x0000000080c00000, 0x0000000080c00000|100%| O|  |TAMS 0x0000000080c00000, 0x0000000080b00000| Untracked 
|  12|0x0000000080c00000, 0x0000000080d00000, 0x0000000080d00000|100%| O|  |TAMS 0x0000000080d00000, 0x0000000080c00000| Untracked 
|  13|0x0000000080d00000, 0x0000000080e00000, 0x0000000080e00000|100%| O|  |TAMS 0x0000000080e00000, 0x0000000080d00000| Complete 
|  14|0x0000000080e00000, 0x0000000080f00000, 0x0000000080f00000|100%| O|  |TAMS 0x0000000080f00000, 0x0000000080e00000| Untracked 
|  15|0x0000000080f00000, 0x0000000081000000, 0x0000000081000000|100%| O|  |TAMS 0x0000000081000000, 0x0000000080f00000| Complete 
|  16|0x0000000081000000, 0x0000000081100000, 0x0000000081100000|100%|HS|  |TAMS 0x0000000081100000, 0x0000000081000000| Complete 
|  17|0x0000000081100000, 0x0000000081200000, 0x0000000081200000|100%| O|  |TAMS 0x0000000081200000, 0x0000000081100000| Untracked 
|  18|0x0000000081200000, 0x0000000081300000, 0x0000000081300000|100%| O|  |TAMS 0x0000000081300000, 0x0000000081200000| Untracked 
|  19|0x0000000081300000, 0x0000000081400000, 0x0000000081400000|100%| O|  |TAMS 0x0000000081400000, 0x0000000081300000| Untracked 
|  20|0x0000000081400000, 0x0000000081500000, 0x0000000081500000|100%| O|  |TAMS 0x0000000081500000, 0x0000000081400000| Complete 
|  21|0x0000000081500000, 0x0000000081600000, 0x0000000081600000|100%| O|  |TAMS 0x0000000081600000, 0x0000000081500000| Untracked 
|  22|0x0000000081600000, 0x0000000081700000, 0x0000000081700000|100%| O|  |TAMS 0x0000000081700000, 0x0000000081600000| Untracked 
|  23|0x0000000081700000, 0x0000000081800000, 0x0000000081800000|100%| O|  |TAMS 0x0000000081800000, 0x0000000081700000| Untracked 
|  24|0x0000000081800000, 0x0000000081900000, 0x0000000081900000|100%| O|  |TAMS 0x0000000081900000, 0x0000000081800000| Untracked 
|  25|0x0000000081900000, 0x0000000081a00000, 0x0000000081a00000|100%| O|  |TAMS 0x0000000081a00000, 0x0000000081900000| Untracked 
|  26|0x0000000081a00000, 0x0000000081b00000, 0x0000000081b00000|100%| O|  |TAMS 0x0000000081b00000, 0x0000000081a00000| Untracked 
|  27|0x0000000081b00000, 0x0000000081c00000, 0x0000000081c00000|100%| O|  |TAMS 0x0000000081c00000, 0x0000000081b00000| Complete 
|  28|0x0000000081c00000, 0x0000000081d00000, 0x0000000081d00000|100%|HS|  |TAMS 0x0000000081d00000, 0x0000000081c00000| Complete 
|  29|0x0000000081d00000, 0x0000000081e00000, 0x0000000081e00000|100%|HS|  |TAMS 0x0000000081e00000, 0x0000000081d00000| Complete 
|  30|0x0000000081e00000, 0x0000000081f00000, 0x0000000081f00000|100%|HC|  |TAMS 0x0000000081f00000, 0x0000000081e00000| Complete 
|  31|0x0000000081f00000, 0x0000000082000000, 0x0000000082000000|100%| O|  |TAMS 0x0000000082000000, 0x0000000081f00000| Untracked 
|  32|0x0000000082000000, 0x0000000082100000, 0x0000000082100000|100%| O|  |TAMS 0x0000000082100000, 0x0000000082000000| Untracked 
|  33|0x0000000082100000, 0x0000000082200000, 0x0000000082200000|100%| O|  |TAMS 0x0000000082200000, 0x0000000082100000| Untracked 
|  34|0x0000000082200000, 0x0000000082300000, 0x0000000082300000|100%| O|  |TAMS 0x0000000082300000, 0x0000000082200000| Untracked 
|  35|0x0000000082300000, 0x0000000082400000, 0x0000000082400000|100%| O|  |TAMS 0x0000000082400000, 0x0000000082300000| Untracked 
|  36|0x0000000082400000, 0x0000000082500000, 0x0000000082500000|100%| O|  |TAMS 0x0000000082500000, 0x0000000082400000| Complete 
|  37|0x0000000082500000, 0x0000000082600000, 0x0000000082600000|100%| O|  |TAMS 0x0000000082600000, 0x0000000082500000| Untracked 
|  38|0x0000000082600000, 0x0000000082700000, 0x0000000082700000|100%| O|  |TAMS 0x0000000082700000, 0x0000000082600000| Complete 
|  39|0x0000000082700000, 0x0000000082800000, 0x0000000082800000|100%| O|  |TAMS 0x0000000082800000, 0x0000000082700000| Complete 
|  40|0x0000000082800000, 0x0000000082900000, 0x0000000082900000|100%| O|  |TAMS 0x0000000082900000, 0x0000000082800000| Complete 
|  41|0x0000000082900000, 0x0000000082a00000, 0x0000000082a00000|100%| O|  |TAMS 0x0000000082a00000, 0x0000000082900000| Untracked 
|  42|0x0000000082a00000, 0x0000000082b00000, 0x0000000082b00000|100%| O|  |TAMS 0x0000000082b00000, 0x0000000082a00000| Untracked 
|  43|0x0000000082b00000, 0x0000000082c00000, 0x0000000082c00000|100%| O|  |TAMS 0x0000000082c00000, 0x0000000082b00000| Untracked 
|  44|0x0000000082c00000, 0x0000000082d00000, 0x0000000082d00000|100%| O|  |TAMS 0x0000000082d00000, 0x0000000082c00000| Untracked 
|  45|0x0000000082d00000, 0x0000000082e00000, 0x0000000082e00000|100%| O|  |TAMS 0x0000000082e00000, 0x0000000082d00000| Untracked 
|  46|0x0000000082e00000, 0x0000000082f00000, 0x0000000082f00000|100%| O|  |TAMS 0x0000000082f00000, 0x0000000082e00000| Untracked 
|  47|0x0000000082f00000, 0x0000000083000000, 0x0000000083000000|100%| O|  |TAMS 0x0000000083000000, 0x0000000082f00000| Untracked 
|  48|0x0000000083000000, 0x0000000083100000, 0x0000000083100000|100%| O|  |TAMS 0x0000000083100000, 0x0000000083000000| Untracked 
|  49|0x0000000083100000, 0x0000000083200000, 0x0000000083200000|100%| O|  |TAMS 0x0000000083200000, 0x0000000083100000| Complete 
|  50|0x0000000083200000, 0x0000000083300000, 0x0000000083300000|100%| O|  |TAMS 0x0000000083300000, 0x0000000083200000| Complete 
|  51|0x0000000083300000, 0x0000000083400000, 0x0000000083400000|100%| O|  |TAMS 0x0000000083400000, 0x0000000083300000| Complete 
|  52|0x0000000083400000, 0x0000000083500000, 0x0000000083500000|100%| O|  |TAMS 0x0000000083500000, 0x0000000083400000| Complete 
|  53|0x0000000083500000, 0x0000000083600000, 0x0000000083600000|100%| O|  |TAMS 0x0000000083600000, 0x0000000083500000| Untracked 
|  54|0x0000000083600000, 0x0000000083700000, 0x0000000083700000|100%| O|  |TAMS 0x0000000083700000, 0x0000000083600000| Untracked 
|  55|0x0000000083700000, 0x0000000083800000, 0x0000000083800000|100%| O|  |TAMS 0x0000000083800000, 0x0000000083700000| Untracked 
|  56|0x0000000083800000, 0x0000000083900000, 0x0000000083900000|100%| O|  |TAMS 0x0000000083900000, 0x0000000083800000| Complete 
|  57|0x0000000083900000, 0x0000000083a00000, 0x0000000083a00000|100%| O|  |TAMS 0x0000000083a00000, 0x0000000083900000| Complete 
|  58|0x0000000083a00000, 0x0000000083aaba00, 0x0000000083b00000| 67%| O|  |TAMS 0x0000000083aaba00, 0x0000000083a00000| Untracked 
|  59|0x0000000083b00000, 0x0000000083c00000, 0x0000000083c00000|100%| O|  |TAMS 0x0000000083c00000, 0x0000000083b00000| Complete 
|  60|0x0000000083c00000, 0x0000000083d00000, 0x0000000083d00000|100%| O|  |TAMS 0x0000000083d00000, 0x0000000083c00000| Complete 
|  61|0x0000000083d00000, 0x0000000083e00000, 0x0000000083e00000|100%| O|  |TAMS 0x0000000083e00000, 0x0000000083d00000| Complete 
|  62|0x0000000083e00000, 0x0000000083f00000, 0x0000000083f00000|100%| O|  |TAMS 0x0000000083f00000, 0x0000000083e00000| Complete 
|  63|0x0000000083f00000, 0x0000000084000000, 0x0000000084000000|100%| O|  |TAMS 0x0000000084000000, 0x0000000083f00000| Complete 
|  64|0x0000000084000000, 0x0000000084100000, 0x0000000084100000|100%| O|  |TAMS 0x0000000084100000, 0x0000000084000000| Complete 
|  65|0x0000000084100000, 0x0000000084200000, 0x0000000084200000|100%| O|  |TAMS 0x0000000084200000, 0x0000000084100000| Complete 
|  66|0x0000000084200000, 0x0000000084300000, 0x0000000084300000|100%| O|  |TAMS 0x0000000084300000, 0x0000000084200000| Complete 
|  67|0x0000000084300000, 0x0000000084400000, 0x0000000084400000|100%| O|  |TAMS 0x0000000084400000, 0x0000000084300000| Complete 
|  68|0x0000000084400000, 0x0000000084500000, 0x0000000084500000|100%| O|  |TAMS 0x0000000084500000, 0x0000000084400000| Complete 
|  69|0x0000000084500000, 0x0000000084600000, 0x0000000084600000|100%| O|  |TAMS 0x0000000084600000, 0x0000000084500000| Complete 
|  70|0x0000000084600000, 0x0000000084600000, 0x0000000084700000|  0%| F|  |TAMS 0x0000000084600000, 0x0000000084600000| Untracked 
|  71|0x0000000084700000, 0x0000000084800000, 0x0000000084800000|100%|HS|  |TAMS 0x0000000084800000, 0x0000000084700000| Complete 
|  72|0x0000000084800000, 0x0000000084900000, 0x0000000084900000|100%|HC|  |TAMS 0x0000000084900000, 0x0000000084800000| Complete 
|  73|0x0000000084900000, 0x0000000084a00000, 0x0000000084a00000|100%| O|  |TAMS 0x0000000084a00000, 0x0000000084900000| Complete 
|  74|0x0000000084a00000, 0x0000000084b00000, 0x0000000084b00000|100%| O|  |TAMS 0x0000000084b00000, 0x0000000084a00000| Complete 
|  75|0x0000000084b00000, 0x0000000084c00000, 0x0000000084c00000|100%| O|  |TAMS 0x0000000084c00000, 0x0000000084b00000| Complete 
|  76|0x0000000084c00000, 0x0000000084d00000, 0x0000000084d00000|100%| O|  |TAMS 0x0000000084d00000, 0x0000000084c00000| Complete 
|  77|0x0000000084d00000, 0x0000000084e00000, 0x0000000084e00000|100%|HS|  |TAMS 0x0000000084d00000, 0x0000000084d00000| Complete 
|  78|0x0000000084e00000, 0x0000000084f00000, 0x0000000084f00000|100%|HC|  |TAMS 0x0000000084e00000, 0x0000000084e00000| Complete 
|  79|0x0000000084f00000, 0x0000000084f00000, 0x0000000085000000|  0%| F|  |TAMS 0x0000000084f00000, 0x0000000084f00000| Untracked 
|  80|0x0000000085000000, 0x0000000085000000, 0x0000000085100000|  0%| F|  |TAMS 0x0000000085000000, 0x0000000085000000| Untracked 
|  81|0x0000000085100000, 0x0000000085100000, 0x0000000085200000|  0%| F|  |TAMS 0x0000000085100000, 0x0000000085100000| Untracked 
|  82|0x0000000085200000, 0x0000000085200000, 0x0000000085300000|  0%| F|  |TAMS 0x0000000085200000, 0x0000000085200000| Untracked 
|  83|0x0000000085300000, 0x0000000085300000, 0x0000000085400000|  0%| F|  |TAMS 0x0000000085300000, 0x0000000085300000| Untracked 
|  84|0x0000000085400000, 0x0000000085500000, 0x0000000085500000|100%| O|  |TAMS 0x0000000085500000, 0x0000000085400000| Untracked 
|  85|0x0000000085500000, 0x0000000085600000, 0x0000000085600000|100%| O|  |TAMS 0x0000000085600000, 0x0000000085500000| Untracked 
|  86|0x0000000085600000, 0x0000000085700000, 0x0000000085700000|100%| O|  |TAMS 0x0000000085700000, 0x0000000085600000| Complete 
|  87|0x0000000085700000, 0x0000000085800000, 0x0000000085800000|100%| O|  |TAMS 0x0000000085800000, 0x0000000085700000| Untracked 
|  88|0x0000000085800000, 0x0000000085900000, 0x0000000085900000|100%| O|  |TAMS 0x0000000085900000, 0x0000000085800000| Complete 
|  89|0x0000000085900000, 0x0000000085900000, 0x0000000085a00000|  0%| F|  |TAMS 0x0000000085900000, 0x0000000085900000| Untracked 
|  90|0x0000000085a00000, 0x0000000085a00000, 0x0000000085b00000|  0%| F|  |TAMS 0x0000000085a00000, 0x0000000085a00000| Untracked 
|  91|0x0000000085b00000, 0x0000000085b00000, 0x0000000085c00000|  0%| F|  |TAMS 0x0000000085b00000, 0x0000000085b00000| Untracked 
|  92|0x0000000085c00000, 0x0000000085c00000, 0x0000000085d00000|  0%| F|  |TAMS 0x0000000085c00000, 0x0000000085c00000| Untracked 
|  93|0x0000000085d00000, 0x0000000085d00000, 0x0000000085e00000|  0%| F|  |TAMS 0x0000000085d00000, 0x0000000085d00000| Untracked 
|  94|0x0000000085e00000, 0x0000000085e00000, 0x0000000085f00000|  0%| F|  |TAMS 0x0000000085e00000, 0x0000000085e00000| Untracked 
|  95|0x0000000085f00000, 0x0000000085f00000, 0x0000000086000000|  0%| F|  |TAMS 0x0000000085f00000, 0x0000000085f00000| Untracked 
|  96|0x0000000086000000, 0x0000000086000000, 0x0000000086100000|  0%| F|  |TAMS 0x0000000086000000, 0x0000000086000000| Untracked 
|  97|0x0000000086100000, 0x0000000086200000, 0x0000000086200000|100%| O|  |TAMS 0x0000000086200000, 0x0000000086100000| Untracked 
|  98|0x0000000086200000, 0x0000000086200000, 0x0000000086300000|  0%| F|  |TAMS 0x0000000086200000, 0x0000000086200000| Untracked 
|  99|0x0000000086300000, 0x0000000086300000, 0x0000000086400000|  0%| F|  |TAMS 0x0000000086300000, 0x0000000086300000| Untracked 
| 100|0x0000000086400000, 0x0000000086400000, 0x0000000086500000|  0%| F|  |TAMS 0x0000000086400000, 0x0000000086400000| Untracked 
| 101|0x0000000086500000, 0x0000000086500000, 0x0000000086600000|  0%| F|  |TAMS 0x0000000086500000, 0x0000000086500000| Untracked 
| 102|0x0000000086600000, 0x0000000086600000, 0x0000000086700000|  0%| F|  |TAMS 0x0000000086600000, 0x0000000086600000| Untracked 
| 103|0x0000000086700000, 0x0000000086700000, 0x0000000086800000|  0%| F|  |TAMS 0x0000000086700000, 0x0000000086700000| Untracked 
| 104|0x0000000086800000, 0x0000000086800000, 0x0000000086900000|  0%| F|  |TAMS 0x0000000086800000, 0x0000000086800000| Untracked 
| 105|0x0000000086900000, 0x0000000086900000, 0x0000000086a00000|  0%| F|  |TAMS 0x0000000086900000, 0x0000000086900000| Untracked 
| 106|0x0000000086a00000, 0x0000000086a00000, 0x0000000086b00000|  0%| F|  |TAMS 0x0000000086a00000, 0x0000000086a00000| Untracked 
| 107|0x0000000086b00000, 0x0000000086b00000, 0x0000000086c00000|  0%| F|  |TAMS 0x0000000086b00000, 0x0000000086b00000| Untracked 
| 108|0x0000000086c00000, 0x0000000086c00000, 0x0000000086d00000|  0%| F|  |TAMS 0x0000000086c00000, 0x0000000086c00000| Untracked 
| 109|0x0000000086d00000, 0x0000000086d00000, 0x0000000086e00000|  0%| F|  |TAMS 0x0000000086d00000, 0x0000000086d00000| Untracked 
| 110|0x0000000086e00000, 0x0000000086e00000, 0x0000000086f00000|  0%| F|  |TAMS 0x0000000086e00000, 0x0000000086e00000| Untracked 
| 111|0x0000000086f00000, 0x0000000086f00000, 0x0000000087000000|  0%| F|  |TAMS 0x0000000086f00000, 0x0000000086f00000| Untracked 
| 112|0x0000000087000000, 0x0000000087000000, 0x0000000087100000|  0%| F|  |TAMS 0x0000000087000000, 0x0000000087000000| Untracked 
| 113|0x0000000087100000, 0x0000000087100000, 0x0000000087200000|  0%| F|  |TAMS 0x0000000087100000, 0x0000000087100000| Untracked 
| 114|0x0000000087200000, 0x0000000087200000, 0x0000000087300000|  0%| F|  |TAMS 0x0000000087200000, 0x0000000087200000| Untracked 
| 115|0x0000000087300000, 0x0000000087300000, 0x0000000087400000|  0%| F|  |TAMS 0x0000000087300000, 0x0000000087300000| Untracked 
| 116|0x0000000087400000, 0x0000000087400000, 0x0000000087500000|  0%| F|  |TAMS 0x0000000087400000, 0x0000000087400000| Untracked 
| 117|0x0000000087500000, 0x0000000087500000, 0x0000000087600000|  0%| F|  |TAMS 0x0000000087500000, 0x0000000087500000| Untracked 
| 118|0x0000000087600000, 0x0000000087600000, 0x0000000087700000|  0%| F|  |TAMS 0x0000000087600000, 0x0000000087600000| Untracked 
| 119|0x0000000087700000, 0x0000000087700000, 0x0000000087800000|  0%| F|  |TAMS 0x0000000087700000, 0x0000000087700000| Untracked 
| 120|0x0000000087800000, 0x0000000087800000, 0x0000000087900000|  0%| F|  |TAMS 0x0000000087800000, 0x0000000087800000| Untracked 
| 121|0x0000000087900000, 0x0000000087900000, 0x0000000087a00000|  0%| F|  |TAMS 0x0000000087900000, 0x0000000087900000| Untracked 
| 122|0x0000000087a00000, 0x0000000087a00000, 0x0000000087b00000|  0%| F|  |TAMS 0x0000000087a00000, 0x0000000087a00000| Untracked 
| 123|0x0000000087b00000, 0x0000000087b00000, 0x0000000087c00000|  0%| F|  |TAMS 0x0000000087b00000, 0x0000000087b00000| Untracked 
| 124|0x0000000087c00000, 0x0000000087c00000, 0x0000000087d00000|  0%| F|  |TAMS 0x0000000087c00000, 0x0000000087c00000| Untracked 
| 125|0x0000000087d00000, 0x0000000087d00000, 0x0000000087e00000|  0%| F|  |TAMS 0x0000000087d00000, 0x0000000087d00000| Untracked 
| 126|0x0000000087e00000, 0x0000000087e00000, 0x0000000087f00000|  0%| F|  |TAMS 0x0000000087e00000, 0x0000000087e00000| Untracked 
| 127|0x0000000087f00000, 0x0000000087f00000, 0x0000000088000000|  0%| F|  |TAMS 0x0000000087f00000, 0x0000000087f00000| Untracked 
| 128|0x0000000088000000, 0x0000000088000000, 0x0000000088100000|  0%| F|  |TAMS 0x0000000088000000, 0x0000000088000000| Untracked 
| 129|0x0000000088100000, 0x0000000088100000, 0x0000000088200000|  0%| F|  |TAMS 0x0000000088100000, 0x0000000088100000| Untracked 
| 130|0x0000000088200000, 0x0000000088200000, 0x0000000088300000|  0%| F|  |TAMS 0x0000000088200000, 0x0000000088200000| Untracked 
| 131|0x0000000088300000, 0x0000000088300000, 0x0000000088400000|  0%| F|  |TAMS 0x0000000088300000, 0x0000000088300000| Untracked 
| 132|0x0000000088400000, 0x0000000088400000, 0x0000000088500000|  0%| F|  |TAMS 0x0000000088400000, 0x0000000088400000| Untracked 
| 133|0x0000000088500000, 0x0000000088500000, 0x0000000088600000|  0%| F|  |TAMS 0x0000000088500000, 0x0000000088500000| Untracked 
| 134|0x0000000088600000, 0x0000000088600000, 0x0000000088700000|  0%| F|  |TAMS 0x0000000088600000, 0x0000000088600000| Untracked 
| 135|0x0000000088700000, 0x0000000088700000, 0x0000000088800000|  0%| F|  |TAMS 0x0000000088700000, 0x0000000088700000| Untracked 
| 136|0x0000000088800000, 0x0000000088800000, 0x0000000088900000|  0%| F|  |TAMS 0x0000000088800000, 0x0000000088800000| Untracked 
| 137|0x0000000088900000, 0x0000000088900000, 0x0000000088a00000|  0%| F|  |TAMS 0x0000000088900000, 0x0000000088900000| Untracked 
| 138|0x0000000088a00000, 0x0000000088a00000, 0x0000000088b00000|  0%| F|  |TAMS 0x0000000088a00000, 0x0000000088a00000| Untracked 
| 139|0x0000000088b00000, 0x0000000088b00000, 0x0000000088c00000|  0%| F|  |TAMS 0x0000000088b00000, 0x0000000088b00000| Untracked 
| 140|0x0000000088c00000, 0x0000000088c00000, 0x0000000088d00000|  0%| F|  |TAMS 0x0000000088c00000, 0x0000000088c00000| Untracked 
| 141|0x0000000088d00000, 0x0000000088d00000, 0x0000000088e00000|  0%| F|  |TAMS 0x0000000088d00000, 0x0000000088d00000| Untracked 
| 142|0x0000000088e00000, 0x0000000088e00000, 0x0000000088f00000|  0%| F|  |TAMS 0x0000000088e00000, 0x0000000088e00000| Untracked 
| 143|0x0000000088f00000, 0x0000000088f00000, 0x0000000089000000|  0%| F|  |TAMS 0x0000000088f00000, 0x0000000088f00000| Untracked 
| 144|0x0000000089000000, 0x0000000089000000, 0x0000000089100000|  0%| F|  |TAMS 0x0000000089000000, 0x0000000089000000| Untracked 
| 145|0x0000000089100000, 0x0000000089100000, 0x0000000089200000|  0%| F|  |TAMS 0x0000000089100000, 0x0000000089100000| Untracked 
| 146|0x0000000089200000, 0x0000000089200000, 0x0000000089300000|  0%| F|  |TAMS 0x0000000089200000, 0x0000000089200000| Untracked 
| 147|0x0000000089300000, 0x0000000089300000, 0x0000000089400000|  0%| F|  |TAMS 0x0000000089300000, 0x0000000089300000| Untracked 
| 148|0x0000000089400000, 0x0000000089400000, 0x0000000089500000|  0%| F|  |TAMS 0x0000000089400000, 0x0000000089400000| Untracked 
| 149|0x0000000089500000, 0x000000008957a738, 0x0000000089600000| 47%| S|CS|TAMS 0x0000000089500000, 0x0000000089500000| Complete 
| 150|0x0000000089600000, 0x0000000089700000, 0x0000000089700000|100%| S|CS|TAMS 0x0000000089600000, 0x0000000089600000| Complete 
| 151|0x0000000089700000, 0x0000000089800000, 0x0000000089800000|100%| S|CS|TAMS 0x0000000089700000, 0x0000000089700000| Complete 
| 152|0x0000000089800000, 0x0000000089900000, 0x0000000089900000|100%| S|CS|TAMS 0x0000000089800000, 0x0000000089800000| Complete 
| 153|0x0000000089900000, 0x0000000089a00000, 0x0000000089a00000|100%| S|CS|TAMS 0x0000000089900000, 0x0000000089900000| Complete 
| 154|0x0000000089a00000, 0x0000000089a00000, 0x0000000089b00000|  0%| F|  |TAMS 0x0000000089a00000, 0x0000000089a00000| Untracked 
| 155|0x0000000089b00000, 0x0000000089b00000, 0x0000000089c00000|  0%| F|  |TAMS 0x0000000089b00000, 0x0000000089b00000| Untracked 
| 156|0x0000000089c00000, 0x0000000089c00000, 0x0000000089d00000|  0%| F|  |TAMS 0x0000000089c00000, 0x0000000089c00000| Untracked 
| 157|0x0000000089d00000, 0x0000000089d00000, 0x0000000089e00000|  0%| F|  |TAMS 0x0000000089d00000, 0x0000000089d00000| Untracked 
| 158|0x0000000089e00000, 0x0000000089e00000, 0x0000000089f00000|  0%| F|  |TAMS 0x0000000089e00000, 0x0000000089e00000| Untracked 
| 159|0x0000000089f00000, 0x0000000089f00000, 0x000000008a000000|  0%| F|  |TAMS 0x0000000089f00000, 0x0000000089f00000| Untracked 
| 160|0x000000008a000000, 0x000000008a000000, 0x000000008a100000|  0%| F|  |TAMS 0x000000008a000000, 0x000000008a000000| Untracked 
| 161|0x000000008a100000, 0x000000008a100000, 0x000000008a200000|  0%| F|  |TAMS 0x000000008a100000, 0x000000008a100000| Untracked 
| 162|0x000000008a200000, 0x000000008a200000, 0x000000008a300000|  0%| F|  |TAMS 0x000000008a200000, 0x000000008a200000| Untracked 
| 163|0x000000008a300000, 0x000000008a300000, 0x000000008a400000|  0%| F|  |TAMS 0x000000008a300000, 0x000000008a300000| Untracked 
| 164|0x000000008a400000, 0x000000008a400000, 0x000000008a500000|  0%| F|  |TAMS 0x000000008a400000, 0x000000008a400000| Untracked 
| 165|0x000000008a500000, 0x000000008a5b6cc0, 0x000000008a600000| 71%| E|  |TAMS 0x000000008a500000, 0x000000008a500000| Complete 
| 166|0x000000008a600000, 0x000000008a700000, 0x000000008a700000|100%| E|CS|TAMS 0x000000008a600000, 0x000000008a600000| Complete 
| 167|0x000000008a700000, 0x000000008a800000, 0x000000008a800000|100%| E|CS|TAMS 0x000000008a700000, 0x000000008a700000| Complete 
| 168|0x000000008a800000, 0x000000008a900000, 0x000000008a900000|100%| E|CS|TAMS 0x000000008a800000, 0x000000008a800000| Complete 
| 169|0x000000008a900000, 0x000000008aa00000, 0x000000008aa00000|100%| E|CS|TAMS 0x000000008a900000, 0x000000008a900000| Complete 
| 170|0x000000008aa00000, 0x000000008ab00000, 0x000000008ab00000|100%| E|CS|TAMS 0x000000008aa00000, 0x000000008aa00000| Complete 
| 171|0x000000008ab00000, 0x000000008ac00000, 0x000000008ac00000|100%| E|  |TAMS 0x000000008ab00000, 0x000000008ab00000| Complete 
| 172|0x000000008ac00000, 0x000000008ad00000, 0x000000008ad00000|100%| E|CS|TAMS 0x000000008ac00000, 0x000000008ac00000| Complete 
| 173|0x000000008ad00000, 0x000000008ae00000, 0x000000008ae00000|100%| E|CS|TAMS 0x000000008ad00000, 0x000000008ad00000| Complete 
| 174|0x000000008ae00000, 0x000000008af00000, 0x000000008af00000|100%| E|CS|TAMS 0x000000008ae00000, 0x000000008ae00000| Complete 
| 175|0x000000008af00000, 0x000000008b000000, 0x000000008b000000|100%| E|CS|TAMS 0x000000008af00000, 0x000000008af00000| Complete 
| 176|0x000000008b000000, 0x000000008b100000, 0x000000008b100000|100%| E|CS|TAMS 0x000000008b000000, 0x000000008b000000| Complete 
| 177|0x000000008b100000, 0x000000008b200000, 0x000000008b200000|100%| E|CS|TAMS 0x000000008b100000, 0x000000008b100000| Complete 
| 178|0x000000008b200000, 0x000000008b300000, 0x000000008b300000|100%| E|CS|TAMS 0x000000008b200000, 0x000000008b200000| Complete 
| 179|0x000000008b300000, 0x000000008b400000, 0x000000008b400000|100%| E|CS|TAMS 0x000000008b300000, 0x000000008b300000| Complete 
| 180|0x000000008b400000, 0x000000008b500000, 0x000000008b500000|100%| E|CS|TAMS 0x000000008b400000, 0x000000008b400000| Complete 
| 181|0x000000008b500000, 0x000000008b600000, 0x000000008b600000|100%| E|CS|TAMS 0x000000008b500000, 0x000000008b500000| Complete 
| 182|0x000000008b600000, 0x000000008b700000, 0x000000008b700000|100%| E|CS|TAMS 0x000000008b600000, 0x000000008b600000| Complete 
| 183|0x000000008b700000, 0x000000008b800000, 0x000000008b800000|100%| E|CS|TAMS 0x000000008b700000, 0x000000008b700000| Complete 
| 184|0x000000008b800000, 0x000000008b900000, 0x000000008b900000|100%| E|CS|TAMS 0x000000008b800000, 0x000000008b800000| Complete 

Card table byte_map: [0x000002247cba0000,0x000002247cfa0000] _byte_map_base: 0x000002247c7a0000

Marking Bits (Prev, Next): (CMBitMap*) 0x00000224697b12e8, (CMBitMap*) 0x00000224697b1320
 Prev Bits: [0x000002247d3a0000, 0x000002247f3a0000)
 Next Bits: [0x0000022400000000, 0x0000022402000000)

Polling page: 0x00000224676d0000

Metaspace:

Usage:
  Non-class:     98.89 MB capacity,    96.74 MB ( 98%) used,     1.74 MB (  2%) free+waste,   424.19 KB ( <1%) overhead. 
      Class:     15.34 MB capacity,    14.03 MB ( 91%) used,     1.13 MB (  7%) free+waste,   187.88 KB (  1%) overhead. 
       Both:    114.23 MB capacity,   110.77 MB ( 97%) used,     2.86 MB (  3%) free+waste,   612.06 KB ( <1%) overhead. 

Virtual space:
  Non-class space:      100.00 MB reserved,      98.93 MB ( 99%) committed 
      Class space:        1.00 GB reserved,      15.45 MB (  2%) committed 
             Both:        1.10 GB reserved,     114.38 MB ( 10%) committed 

Chunk freelists:
   Non-Class:  37.00 KB
       Class:  0 bytes
        Both:  37.00 KB

MaxMetaspaceSize: 17179869184.00 GB
CompressedClassSpaceSize: 1.00 GB

CodeHeap 'non-profiled nmethods': size=120000Kb used=13367Kb max_used=13367Kb free=106632Kb
 bounds [0x0000022474d20000, 0x0000022475a50000, 0x000002247c250000]
CodeHeap 'profiled nmethods': size=120000Kb used=45287Kb max_used=45287Kb free=74713Kb
 bounds [0x000002246d7f0000, 0x0000022470440000, 0x0000022474d20000]
CodeHeap 'non-nmethods': size=5760Kb used=2339Kb max_used=2395Kb free=3420Kb
 bounds [0x000002246d250000, 0x000002246d4c0000, 0x000002246d7f0000]
 total_blobs=21060 nmethods=20110 adapters=859
 compilation: enabled
              stopped_count=0, restarted_count=0
 full_count=0

Compilation events (20 events):
Event: 908.380 Thread 0x0000022404a63800 21007       3       com.sun.tools.javac.util.Options::isSet (17 bytes)
Event: 908.380 Thread 0x0000022404a63800 nmethod 21007 0x0000022470407090 code [0x0000022470407280, 0x0000022470407768]
Event: 908.380 Thread 0x0000022404a63800 21005       3       com.sun.tools.javac.code.Types::instance (26 bytes)
Event: 908.380 Thread 0x0000022404a63800 nmethod 21005 0x000002246e269090 code [0x000002246e269260, 0x000002246e269578]
Event: 908.380 Thread 0x0000022404a63800 21006       3       com.sun.tools.javac.jvm.ClassReader$AttributeReader::<init> (26 bytes)
Event: 908.380 Thread 0x0000022404a63800 nmethod 21006 0x000002246e26b890 code [0x000002246e26ba60, 0x000002246e26bd38]
Event: 908.380 Thread 0x0000022404a63800 21010       3       com.sun.tools.javac.parser.JavacParser::typetag (92 bytes)
Event: 908.381 Thread 0x0000022404a63800 nmethod 21010 0x0000022470407910 code [0x0000022470407ae0, 0x0000022470407df8]
Event: 908.381 Thread 0x0000022404a63800 21009       3       com.sun.tools.javac.parser.JavacParser::block (114 bytes)
Event: 908.381 Thread 0x0000022404a63800 nmethod 21009 0x0000022470407f10 code [0x00000224704081e0, 0x0000022470409118]
Event: 908.381 Thread 0x0000022404a63800 21011       3       com.sun.tools.javac.parser.JavacParser::analyzeParens (1189 bytes)
Event: 908.382 Thread 0x0000022404a60800 nmethod 21003 0x0000022474f29a10 code [0x0000022474f29ba0, 0x0000022474f2a058]
Event: 908.382 Thread 0x0000022404a60800 21008       4       com.sun.tools.javac.parser.JavacParser::term3 (2482 bytes)
Event: 908.385 Thread 0x0000022404a63800 nmethod 21011 0x0000022470409690 code [0x0000022470409e60, 0x000002247040fbd8]
Event: 908.396 Thread 0x0000022404a63800 21012       3       com.sun.tools.javac.parser.JavacParser::peekToken (54 bytes)
Event: 908.396 Thread 0x0000022404a63800 nmethod 21012 0x0000022470411210 code [0x0000022470411460, 0x0000022470411d98]
Event: 908.497 Thread 0x0000022404a63800 21014   !   3       sun.nio.fs.WindowsSecurity::checkAccessMask (87 bytes)
Event: 908.497 Thread 0x0000022404a63800 nmethod 21014 0x0000022470412090 code [0x00000224704122a0, 0x00000224704125d8]
Event: 908.499 Thread 0x0000022404a63800 21015   !   3       sun.nio.fs.WindowsAclFileAttributeView::getFileSecurity (92 bytes)
Event: 908.500 Thread 0x0000022404a63800 nmethod 21015 0x0000022470412790 code [0x0000022470412a40, 0x0000022470413518]

GC Heap History (20 events):
Event: 714.003 GC heap before
{Heap before GC invocations=50 (full 0):
 garbage-first heap   total 189440K, used 124418K [0x0000000080000000, 0x0000000100000000)
  region size 1024K, 40 young (40960K), 2 survivors (2048K)
 Metaspace       used 112334K, capacity 115756K, committed 115968K, reserved 1148928K
  class space    used 14307K, capacity 15599K, committed 15692K, reserved 1048576K
}
Event: 714.015 GC heap after
{Heap after GC invocations=51 (full 0):
 garbage-first heap   total 189440K, used 91997K [0x0000000080000000, 0x0000000100000000)
  region size 1024K, 7 young (7168K), 7 survivors (7168K)
 Metaspace       used 112334K, capacity 115756K, committed 115968K, reserved 1148928K
  class space    used 14307K, capacity 15599K, committed 15692K, reserved 1048576K
}
Event: 714.720 GC heap before
{Heap before GC invocations=52 (full 0):
 garbage-first heap   total 189440K, used 151389K [0x0000000080000000, 0x0000000100000000)
  region size 1024K, 59 young (60416K), 7 survivors (7168K)
 Metaspace       used 112702K, capacity 116251K, committed 116608K, reserved 1150976K
  class space    used 14369K, capacity 15713K, committed 15820K, reserved 1048576K
}
Event: 714.736 GC heap after
{Heap after GC invocations=53 (full 0):
 garbage-first heap   total 189440K, used 92366K [0x0000000080000000, 0x0000000100000000)
  region size 1024K, 2 young (2048K), 2 survivors (2048K)
 Metaspace       used 112702K, capacity 116251K, committed 116608K, reserved 1150976K
  class space    used 14369K, capacity 15713K, committed 15820K, reserved 1048576K
}
Event: 777.985 GC heap before
{Heap before GC invocations=53 (full 0):
 garbage-first heap   total 189440K, used 98510K [0x0000000080000000, 0x0000000100000000)
  region size 1024K, 9 young (9216K), 2 survivors (2048K)
 Metaspace       used 112728K, capacity 116252K, committed 116608K, reserved 1150976K
  class space    used 14369K, capacity 15713K, committed 15820K, reserved 1048576K
}
Event: 778.072 GC heap after
{Heap after GC invocations=54 (full 0):
 garbage-first heap   total 189440K, used 92401K [0x0000000080000000, 0x0000000100000000)
  region size 1024K, 2 young (2048K), 2 survivors (2048K)
 Metaspace       used 112728K, capacity 116252K, committed 116608K, reserved 1150976K
  class space    used 14369K, capacity 15713K, committed 15820K, reserved 1048576K
}
Event: 778.419 GC heap before
{Heap before GC invocations=54 (full 0):
 garbage-first heap   total 189440K, used 126193K [0x0000000080000000, 0x0000000100000000)
  region size 1024K, 37 young (37888K), 2 survivors (2048K)
 Metaspace       used 112822K, capacity 116445K, committed 116608K, reserved 1150976K
  class space    used 14369K, capacity 15713K, committed 15820K, reserved 1048576K
}
Event: 778.427 GC heap after
{Heap after GC invocations=55 (full 0):
 garbage-first heap   total 189440K, used 96322K [0x0000000080000000, 0x0000000100000000)
  region size 1024K, 6 young (6144K), 6 survivors (6144K)
 Metaspace       used 112822K, capacity 116445K, committed 116608K, reserved 1150976K
  class space    used 14369K, capacity 15713K, committed 15820K, reserved 1048576K
}
Event: 779.228 GC heap before
{Heap before GC invocations=56 (full 0):
 garbage-first heap   total 189440K, used 154690K [0x0000000080000000, 0x0000000100000000)
  region size 1024K, 57 young (58368K), 6 survivors (6144K)
 Metaspace       used 112982K, capacity 116515K, committed 116864K, reserved 1150976K
  class space    used 14369K, capacity 15713K, committed 15820K, reserved 1048576K
}
Event: 779.231 GC heap after
{Heap after GC invocations=57 (full 0):
 garbage-first heap   total 189440K, used 92710K [0x0000000080000000, 0x0000000100000000)
  region size 1024K, 1 young (1024K), 1 survivors (1024K)
 Metaspace       used 112982K, capacity 116515K, committed 116864K, reserved 1150976K
  class space    used 14369K, capacity 15713K, committed 15820K, reserved 1048576K
}
Event: 801.946 GC heap before
{Heap before GC invocations=57 (full 0):
 garbage-first heap   total 189440K, used 100902K [0x0000000080000000, 0x0000000100000000)
  region size 1024K, 9 young (9216K), 1 survivors (1024K)
 Metaspace       used 113016K, capacity 116579K, committed 116864K, reserved 1150976K
  class space    used 14369K, capacity 15713K, committed 15820K, reserved 1048576K
}
Event: 801.957 GC heap after
{Heap after GC invocations=58 (full 0):
 garbage-first heap   total 189440K, used 84639K [0x0000000080000000, 0x0000000100000000)
  region size 1024K, 2 young (2048K), 2 survivors (2048K)
 Metaspace       used 113016K, capacity 116579K, committed 116864K, reserved 1150976K
  class space    used 14369K, capacity 15713K, committed 15820K, reserved 1048576K
}
Event: 802.319 GC heap before
{Heap before GC invocations=58 (full 0):
 garbage-first heap   total 189440K, used 116383K [0x0000000080000000, 0x0000000100000000)
  region size 1024K, 35 young (35840K), 2 survivors (2048K)
 Metaspace       used 113122K, capacity 116711K, committed 116864K, reserved 1150976K
  class space    used 14370K, capacity 15713K, committed 15820K, reserved 1048576K
}
Event: 802.328 GC heap after
{Heap after GC invocations=59 (full 0):
 garbage-first heap   total 189440K, used 88263K [0x0000000080000000, 0x0000000100000000)
  region size 1024K, 6 young (6144K), 6 survivors (6144K)
 Metaspace       used 113122K, capacity 116711K, committed 116864K, reserved 1150976K
  class space    used 14370K, capacity 15713K, committed 15820K, reserved 1048576K
}
Event: 907.950 GC heap before
{Heap before GC invocations=60 (full 0):
 garbage-first heap   total 189440K, used 154823K [0x0000000080000000, 0x0000000100000000)
  region size 1024K, 63 young (64512K), 6 survivors (6144K)
 Metaspace       used 113313K, capacity 116908K, committed 117120K, reserved 1150976K
  class space    used 14370K, capacity 15713K, committed 15820K, reserved 1048576K
}
Event: 907.954 GC heap after
{Heap after GC invocations=61 (full 0):
 garbage-first heap   total 189440K, used 87328K [0x0000000080000000, 0x0000000100000000)
  region size 1024K, 2 young (2048K), 2 survivors (2048K)
 Metaspace       used 113313K, capacity 116908K, committed 117120K, reserved 1150976K
  class space    used 14370K, capacity 15713K, committed 15820K, reserved 1048576K
}
Event: 907.991 GC heap before
{Heap before GC invocations=61 (full 0):
 garbage-first heap   total 189440K, used 94496K [0x0000000080000000, 0x0000000100000000)
  region size 1024K, 9 young (9216K), 2 survivors (2048K)
 Metaspace       used 113317K, capacity 116908K, committed 117120K, reserved 1150976K
  class space    used 14370K, capacity 15713K, committed 15820K, reserved 1048576K
}
Event: 907.993 GC heap after
{Heap after GC invocations=62 (full 0):
 garbage-first heap   total 189440K, used 86450K [0x0000000080000000, 0x0000000100000000)
  region size 1024K, 1 young (1024K), 1 survivors (1024K)
 Metaspace       used 113317K, capacity 116908K, committed 117120K, reserved 1150976K
  class space    used 14370K, capacity 15713K, committed 15820K, reserved 1048576K
}
Event: 908.385 GC heap before
{Heap before GC invocations=62 (full 0):
 garbage-first heap   total 189440K, used 116146K [0x0000000080000000, 0x0000000100000000)
  region size 1024K, 31 young (31744K), 1 survivors (1024K)
 Metaspace       used 113401K, capacity 116910K, committed 117120K, reserved 1150976K
  class space    used 14371K, capacity 15713K, committed 15820K, reserved 1048576K
}
Event: 908.395 GC heap after
{Heap after GC invocations=63 (full 0):
 garbage-first heap   total 189440K, used 90264K [0x0000000080000000, 0x0000000100000000)
  region size 1024K, 5 young (5120K), 5 survivors (5120K)
 Metaspace       used 113401K, capacity 116910K, committed 117120K, reserved 1150976K
  class space    used 14371K, capacity 15713K, committed 15820K, reserved 1048576K
}

Deoptimization events (20 events):
Event: 802.024 Thread 0x000002240ef57000 Uncommon trap: trap_request=0xffffffbe fr.pc=0x0000022474d6e8f8 relative=0x0000000000000d18
Event: 802.024 Thread 0x000002240ef57000 Uncommon trap: reason=profile_predicate action=maybe_recompile pc=0x0000022474d6e8f8 method=org.gradle.api.internal.artifacts.dsl.ParsedModuleStringNotation.assignValuesFromModuleNotation(Ljava/lang/String;)V @ 16 c2
Event: 802.024 Thread 0x000002240ef57000 DEOPT PACKING pc=0x0000022474d6e8f8 sp=0x00000056174f8ce0
Event: 802.024 Thread 0x000002240ef57000 DEOPT UNPACKING pc=0x000002246d2778af sp=0x00000056174f8c98 mode 2
Event: 802.029 Thread 0x000002240ef57000 Uncommon trap: trap_request=0xffffffbe fr.pc=0x0000022474d6e8f8 relative=0x0000000000000d18
Event: 802.029 Thread 0x000002240ef57000 Uncommon trap: reason=profile_predicate action=maybe_recompile pc=0x0000022474d6e8f8 method=org.gradle.api.internal.artifacts.dsl.ParsedModuleStringNotation.assignValuesFromModuleNotation(Ljava/lang/String;)V @ 16 c2
Event: 802.029 Thread 0x000002240ef57000 DEOPT PACKING pc=0x0000022474d6e8f8 sp=0x00000056174f7fb0
Event: 802.029 Thread 0x000002240ef57000 DEOPT UNPACKING pc=0x000002246d2778af sp=0x00000056174f7f68 mode 2
Event: 802.029 Thread 0x000002240ef57000 Uncommon trap: trap_request=0xffffffbe fr.pc=0x0000022474d6e8f8 relative=0x0000000000000d18
Event: 802.029 Thread 0x000002240ef57000 Uncommon trap: reason=profile_predicate action=maybe_recompile pc=0x0000022474d6e8f8 method=org.gradle.api.internal.artifacts.dsl.ParsedModuleStringNotation.assignValuesFromModuleNotation(Ljava/lang/String;)V @ 16 c2
Event: 802.030 Thread 0x000002240ef57000 DEOPT PACKING pc=0x0000022474d6e8f8 sp=0x00000056174f7fb0
Event: 802.030 Thread 0x000002240ef57000 DEOPT UNPACKING pc=0x000002246d2778af sp=0x00000056174f7f68 mode 2
Event: 907.921 Thread 0x0000022407138800 DEOPT PACKING pc=0x000002246dd83616 sp=0x00000056174fabb0
Event: 907.921 Thread 0x0000022407138800 DEOPT UNPACKING pc=0x000002246d2776ce sp=0x00000056174fa0c8 mode 0
Event: 907.983 Thread 0x0000022407138800 DEOPT PACKING pc=0x000002246e1e5cab sp=0x00000056174f9a60
Event: 907.983 Thread 0x0000022407138800 DEOPT UNPACKING pc=0x000002246d2776ce sp=0x00000056174f8ef8 mode 0
Event: 907.985 Thread 0x000002240ee63800 Uncommon trap: trap_request=0xffffff4d fr.pc=0x0000022475406cc4 relative=0x0000000000001204
Event: 907.985 Thread 0x000002240ee63800 Uncommon trap: reason=unstable_if action=reinterpret pc=0x0000022475406cc4 method=java.util.concurrent.ConcurrentHashMap.putVal(Ljava/lang/Object;Ljava/lang/Object;Z)Ljava/lang/Object; @ 197 c2
Event: 907.985 Thread 0x000002240ee63800 DEOPT PACKING pc=0x0000022475406cc4 sp=0x00000056194fe3b0
Event: 907.985 Thread 0x000002240ee63800 DEOPT UNPACKING pc=0x000002246d2778af sp=0x00000056194fe340 mode 2

Classes redefined (0 events):
No events

Internal exceptions (20 events):
Event: 802.531 Thread 0x000002240ee67000 Exception <a 'sun/nio/fs/WindowsException'{0x000000008aaa06e8}> (0x000000008aaa06e8) thrown at [./src/hotspot/share/prims/jni.cpp, line 615]
Event: 802.532 Thread 0x000002240ee67000 Exception <a 'sun/nio/fs/WindowsException'{0x000000008aaa0830}> (0x000000008aaa0830) thrown at [./src/hotspot/share/prims/jni.cpp, line 615]
Event: 802.532 Thread 0x000002240ee67000 Exception <a 'sun/nio/fs/WindowsException'{0x000000008aaee268}> (0x000000008aaee268) thrown at [./src/hotspot/share/prims/jni.cpp, line 615]
Event: 802.532 Thread 0x000002240ee67000 Exception <a 'sun/nio/fs/WindowsException'{0x000000008aaee390}> (0x000000008aaee390) thrown at [./src/hotspot/share/prims/jni.cpp, line 615]
Event: 802.545 Thread 0x000002240ee67000 Exception <a 'sun/nio/fs/WindowsException'{0x000000008a8ed6d0}> (0x000000008a8ed6d0) thrown at [./src/hotspot/share/prims/jni.cpp, line 615]
Event: 802.643 Thread 0x000002240ef5c000 Exception <a 'sun/nio/fs/WindowsException'{0x0000000089f12290}> (0x0000000089f12290) thrown at [./src/hotspot/share/prims/jni.cpp, line 615]
Event: 802.692 Thread 0x000002240ef5c000 Exception <a 'sun/nio/fs/WindowsException'{0x0000000089987240}> (0x0000000089987240) thrown at [./src/hotspot/share/prims/jni.cpp, line 615]
Event: 802.731 Thread 0x000002240c267000 Exception <a 'sun/nio/fs/WindowsException'{0x00000000898d6e88}> (0x00000000898d6e88) thrown at [./src/hotspot/share/prims/jni.cpp, line 615]
Event: 802.745 Thread 0x000002240c267000 Exception <a 'sun/nio/fs/WindowsException'{0x00000000897fcf10}> (0x00000000897fcf10) thrown at [./src/hotspot/share/prims/jni.cpp, line 615]
Event: 908.019 Thread 0x0000022407138800 Exception <a 'sun/nio/fs/WindowsException'{0x000000008b003b98}> (0x000000008b003b98) thrown at [./src/hotspot/share/prims/jni.cpp, line 615]
Event: 908.019 Thread 0x0000022407138800 Exception <a 'sun/nio/fs/WindowsException'{0x000000008b005448}> (0x000000008b005448) thrown at [./src/hotspot/share/prims/jni.cpp, line 615]
Event: 908.035 Thread 0x0000022407138800 Exception <a 'java/lang/NoClassDefFoundError'{0x000000008aeadaa0}: org/jetbrains/kotlin/gradle/plugin/KotlinBasePluginWrapper> (0x000000008aeadaa0) thrown at [./src/hotspot/share/oops/constantPool.cpp, line 775]
Event: 908.049 Thread 0x0000022407138800 Exception <a 'sun/nio/fs/WindowsException'{0x000000008ad77090}> (0x000000008ad77090) thrown at [./src/hotspot/share/prims/jni.cpp, line 615]
Event: 908.052 Thread 0x0000022407138800 Exception <a 'sun/nio/fs/WindowsException'{0x000000008ac18680}> (0x000000008ac18680) thrown at [./src/hotspot/share/prims/jni.cpp, line 615]
Event: 908.052 Thread 0x0000022407138800 Exception <a 'sun/nio/fs/WindowsException'{0x000000008ac196c0}> (0x000000008ac196c0) thrown at [./src/hotspot/share/prims/jni.cpp, line 615]
Event: 908.052 Thread 0x0000022407138800 Exception <a 'sun/nio/fs/WindowsException'{0x000000008ac1a750}> (0x000000008ac1a750) thrown at [./src/hotspot/share/prims/jni.cpp, line 615]
Event: 908.053 Thread 0x0000022407138800 Exception <a 'sun/nio/fs/WindowsException'{0x000000008ac1b7e0}> (0x000000008ac1b7e0) thrown at [./src/hotspot/share/prims/jni.cpp, line 615]
Event: 908.378 Thread 0x000002240c259000 Exception <a 'sun/nio/fs/WindowsException'{0x0000000089b24bc0}> (0x0000000089b24bc0) thrown at [./src/hotspot/share/prims/jni.cpp, line 615]
Event: 908.382 Thread 0x000002240c259000 Exception <a 'sun/nio/fs/WindowsException'{0x0000000089a0cd30}> (0x0000000089a0cd30) thrown at [./src/hotspot/share/prims/jni.cpp, line 615]
Event: 908.382 Thread 0x000002240c259000 Exception <a 'sun/nio/fs/WindowsException'{0x0000000089a0ce08}> (0x0000000089a0ce08) thrown at [./src/hotspot/share/prims/jni.cpp, line 615]

Events (20 events):
Event: 908.140 Executing VM operation: RevokeBias done
Event: 908.140 Executing VM operation: RevokeBias
Event: 908.141 Executing VM operation: RevokeBias done
Event: 908.141 Executing VM operation: RevokeBias
Event: 908.141 Executing VM operation: RevokeBias done
Event: 908.161 Executing VM operation: RevokeBias
Event: 908.161 Executing VM operation: RevokeBias done
Event: 908.161 Executing VM operation: RevokeBias
Event: 908.162 Executing VM operation: RevokeBias done
Event: 908.166 Executing VM operation: RevokeBias
Event: 908.166 Executing VM operation: RevokeBias done
Event: 908.234 Executing VM operation: RevokeBias
Event: 908.234 Executing VM operation: RevokeBias done
Event: 908.246 Thread 0x000002240a135000 Thread added: 0x000002240a135000
Event: 908.385 Executing VM operation: G1CollectForAllocation
Event: 908.395 Executing VM operation: G1CollectForAllocation done
Event: 908.445 Executing VM operation: CGC_Operation
Event: 908.457 Executing VM operation: CGC_Operation done
Event: 908.477 Executing VM operation: CGC_Operation
Event: 908.478 Executing VM operation: CGC_Operation done


Dynamic libraries:
0x00007ff6380b0000 - 0x00007ff6380ba000 	E:\AndroidStudio\jre\bin\java.exe
0x00007ff840d00000 - 0x00007ff840f0f000 	C:\WINDOWS\SYSTEM32\ntdll.dll
0x00007ff83f3f0000 - 0x00007ff83f4ad000 	C:\WINDOWS\System32\KERNEL32.DLL
0x00007ff83e1b0000 - 0x00007ff83e540000 	C:\WINDOWS\System32\KERNELBASE.dll
0x00007ff83e540000 - 0x00007ff83e651000 	C:\WINDOWS\System32\ucrtbase.dll
0x00007ff837b70000 - 0x00007ff837b89000 	E:\AndroidStudio\jre\bin\jli.dll
0x00007ff82bfb0000 - 0x00007ff82bfc7000 	E:\AndroidStudio\jre\bin\VCRUNTIME140.dll
0x00007ff83f8c0000 - 0x00007ff83fa6a000 	C:\WINDOWS\System32\USER32.dll
0x00007ff83e660000 - 0x00007ff83e686000 	C:\WINDOWS\System32\win32u.dll
0x00007ff81f370000 - 0x00007ff81f611000 	C:\WINDOWS\WinSxS\amd64_microsoft.windows.common-controls_6595b64144ccf1df_6.0.22533.1001_none_26146f93a8efa247\COMCTL32.dll
0x00007ff8404a0000 - 0x00007ff8404c9000 	C:\WINDOWS\System32\GDI32.dll
0x00007ff83ff70000 - 0x00007ff840014000 	C:\WINDOWS\System32\msvcrt.dll
0x00007ff83e7a0000 - 0x00007ff83e8b7000 	C:\WINDOWS\System32\gdi32full.dll
0x00007ff83e690000 - 0x00007ff83e72a000 	C:\WINDOWS\System32\msvcp_win.dll
0x00007ff840a20000 - 0x00007ff840a51000 	C:\WINDOWS\System32\IMM32.DLL
0x00007ff82bf10000 - 0x00007ff82bfad000 	E:\AndroidStudio\jre\bin\msvcp140.dll
0x00007ffff1440000 - 0x00007ffff1f0f000 	E:\AndroidStudio\jre\bin\server\jvm.dll
0x00007ff83eb60000 - 0x00007ff83ec0e000 	C:\WINDOWS\System32\ADVAPI32.dll
0x00007ff840850000 - 0x00007ff8408f3000 	C:\WINDOWS\System32\sechost.dll
0x00007ff840900000 - 0x00007ff840a1f000 	C:\WINDOWS\System32\RPCRT4.dll
0x00007ff840bd0000 - 0x00007ff840bd8000 	C:\WINDOWS\System32\PSAPI.DLL
0x00007ff83b1e0000 - 0x00007ff83b1e9000 	C:\WINDOWS\SYSTEM32\WSOCK32.dll
0x00007ff836c40000 - 0x00007ff836c74000 	C:\WINDOWS\SYSTEM32\WINMM.dll
0x00007ff83fe90000 - 0x00007ff83ff01000 	C:\WINDOWS\System32\WS2_32.dll
0x00007ff835f80000 - 0x00007ff835f8a000 	C:\WINDOWS\SYSTEM32\VERSION.dll
0x00007ff83d230000 - 0x00007ff83d248000 	C:\WINDOWS\SYSTEM32\kernel.appcore.dll
0x00007ff83a990000 - 0x00007ff83a9a1000 	E:\AndroidStudio\jre\bin\verify.dll
0x00007ff83be00000 - 0x00007ff83c024000 	C:\WINDOWS\SYSTEM32\DBGHELP.DLL
0x00007ff83f4b0000 - 0x00007ff83f82c000 	C:\WINDOWS\System32\combase.dll
0x00007ff840be0000 - 0x00007ff840cb7000 	C:\WINDOWS\System32\OLEAUT32.dll
0x00007ff828740000 - 0x00007ff828771000 	C:\WINDOWS\SYSTEM32\dbgcore.DLL
0x00007ff83e8c0000 - 0x00007ff83e93b000 	C:\WINDOWS\System32\bcryptPrimitives.dll
0x00007ff8382a0000 - 0x00007ff8382c9000 	E:\AndroidStudio\jre\bin\java.dll
0x00007ff83b110000 - 0x00007ff83b11b000 	E:\AndroidStudio\jre\bin\jimage.dll
0x00007ff8380c0000 - 0x00007ff8380d8000 	E:\AndroidStudio\jre\bin\zip.dll
0x00007ff83ec30000 - 0x00007ff83f3e9000 	C:\WINDOWS\System32\SHELL32.dll
0x00007ff83c260000 - 0x00007ff83cab5000 	C:\WINDOWS\SYSTEM32\windows.storage.dll
0x00007ff83c120000 - 0x00007ff83c25c000 	C:\WINDOWS\SYSTEM32\wintypes.dll
0x00007ff83fa70000 - 0x00007ff83fb61000 	C:\WINDOWS\System32\SHCORE.dll
0x00007ff83ff10000 - 0x00007ff83ff6b000 	C:\WINDOWS\System32\shlwapi.dll
0x00007ff83e0e0000 - 0x00007ff83e101000 	C:\WINDOWS\SYSTEM32\profapi.dll
0x00007ff8380a0000 - 0x00007ff8380ba000 	E:\AndroidStudio\jre\bin\net.dll
0x00007ff835bf0000 - 0x00007ff835d02000 	C:\WINDOWS\SYSTEM32\WINHTTP.dll
0x00007ff83d6b0000 - 0x00007ff83d719000 	C:\WINDOWS\system32\mswsock.dll
0x00007ff835790000 - 0x00007ff8357a4000 	E:\AndroidStudio\jre\bin\nio.dll
0x00007ff82bfd0000 - 0x00007ff82bff7000 	C:\Users\王久铭\.gradle\native\8bec1ad78214c89d9ad589b4d07fe93259594b29d510b10fafb7a158f7737e5d\windows-amd64\native-platform.dll
0x00007ffff6e10000 - 0x00007ffff6f4d000 	C:\Users\王久铭\.gradle\native\53dbd7edfb1c66fb8903c78663c9afc45aea4f116125fa6feffd364cf09443e8\windows-amd64\native-platform-file-events.dll
0x00007ff838860000 - 0x00007ff83886a000 	E:\AndroidStudio\jre\bin\management.dll
0x00007ff8374e0000 - 0x00007ff8374ec000 	E:\AndroidStudio\jre\bin\management_ext.dll
0x00007ff83d900000 - 0x00007ff83d91b000 	C:\WINDOWS\SYSTEM32\CRYPTSP.dll
0x00007ff83d190000 - 0x00007ff83d1c5000 	C:\WINDOWS\system32\rsaenh.dll
0x00007ff83d7b0000 - 0x00007ff83d7d9000 	C:\WINDOWS\SYSTEM32\USERENV.dll
0x00007ff83db80000 - 0x00007ff83dba8000 	C:\WINDOWS\SYSTEM32\bcrypt.dll
0x00007ff83d990000 - 0x00007ff83d99c000 	C:\WINDOWS\SYSTEM32\CRYPTBASE.dll
0x00007ff83cd10000 - 0x00007ff83cd3d000 	C:\WINDOWS\SYSTEM32\IPHLPAPI.DLL
0x00007ff8404d0000 - 0x00007ff8404d9000 	C:\WINDOWS\System32\NSI.dll
0x00007ff835fb0000 - 0x00007ff835fc9000 	C:\WINDOWS\SYSTEM32\dhcpcsvc6.DLL
0x00007ff835f90000 - 0x00007ff835fae000 	C:\WINDOWS\SYSTEM32\dhcpcsvc.DLL
0x00007ff83cd40000 - 0x00007ff83ce38000 	C:\WINDOWS\SYSTEM32\DNSAPI.dll
0x00007ff82d580000 - 0x00007ff82d5a7000 	E:\AndroidStudio\jre\bin\sunec.dll

dbghelp: loaded successfully - version: 4.0.5 - missing functions: none
symbol engine: initialized successfully - sym options: 0x614 - pdb path: .;E:\AndroidStudio\jre\bin;C:\WINDOWS\SYSTEM32;C:\WINDOWS\WinSxS\amd64_microsoft.windows.common-controls_6595b64144ccf1df_6.0.22533.1001_none_26146f93a8efa247;E:\AndroidStudio\jre\bin\server;C:\Users\王久铭\.gradle\native\8bec1ad78214c89d9ad589b4d07fe93259594b29d510b10fafb7a158f7737e5d\windows-am;C:\Users\王久铭\.gradle\native\8bec1ad78214c89d9ad589b4d07fe93259594b29d510b10fafb7a158f7737e5d\windows-amd64;C:\Users\王久铭\.gradle\native\53dbd7edfb1c66fb8903c78663c9afc45aea4f116125fa6feffd364cf09443e8\wind;C:\Users\王久铭\.gradle\native\53dbd7edfb1c66fb8903c78663c9afc45aea4f116125fa6feffd364cf09443e8\w;C:\Users\王久铭\.gradle\native\53dbd7edfb1c66fb8903c78663c9afc45aea4f116125fa6feffd364cf09443e;C:\Users\王久铭\.gradle\native\53dbd7edfb1c66fb8903c78663c9afc45aea4f116125fa6feffd364cf094;C:\Users\王久铭\.gradle\native\53dbd7edfb1c66fb8903c78663c9afc45aea4f116125fa6feffd364cf

VM Arguments:
jvm_args: --add-opens=java.base/java.util=ALL-UNNAMED --add-opens=java.base/java.lang=ALL-UNNAMED --add-opens=java.base/java.lang.invoke=ALL-UNNAMED --add-opens=java.base/java.util=ALL-UNNAMED --add-opens=java.prefs/java.util.prefs=ALL-UNNAMED --add-opens=java.prefs/java.util.prefs=ALL-UNNAMED --add-opens=java.base/java.nio.charset=ALL-UNNAMED --add-opens=java.base/java.net=ALL-UNNAMED --add-opens=java.base/java.util.concurrent.atomic=ALL-UNNAMED -Xmx2048m -Dfile.encoding=UTF-8 -Duser.country=CN -Duser.language=zh -Duser.variant 
java_command: org.gradle.launcher.daemon.bootstrap.GradleDaemon 7.0.2
java_class_path (initial): C:\Users\王久铭\.gradle\wrapper\dists\gradle-7.0.2-bin\857tjihv64xamwrf0h14cai3r\gradle-7.0.2\lib\gradle-launcher-7.0.2.jar
Launcher Type: SUN_STANDARD

[Global flags]
     intx CICompilerCount                          = 4                                         {product} {ergonomic}
     uint ConcGCThreads                            = 3                                         {product} {ergonomic}
     uint G1ConcRefinementThreads                  = 10                                        {product} {ergonomic}
   size_t G1HeapRegionSize                         = 1048576                                   {product} {ergonomic}
    uintx GCDrainStackTargetSize                   = 64                                        {product} {ergonomic}
   size_t InitialHeapSize                          = 134217728                                 {product} {ergonomic}
   size_t MarkStackSize                            = 4194304                                   {product} {ergonomic}
   size_t MaxHeapSize                              = 2147483648                                {product} {command line}
   size_t MaxNewSize                               = 1287651328                                {product} {ergonomic}
   size_t MinHeapDeltaBytes                        = 1048576                                   {product} {ergonomic}
    uintx NonNMethodCodeHeapSize                   = 5836300                                {pd product} {ergonomic}
    uintx NonProfiledCodeHeapSize                  = 122910970                              {pd product} {ergonomic}
    uintx ProfiledCodeHeapSize                     = 122910970                              {pd product} {ergonomic}
    uintx ReservedCodeCacheSize                    = 251658240                              {pd product} {ergonomic}
     bool SegmentedCodeCache                       = true                                      {product} {ergonomic}
     bool UseCompressedClassPointers               = true                                 {lp64_product} {ergonomic}
     bool UseCompressedOops                        = true                                 {lp64_product} {ergonomic}
     bool UseG1GC                                  = true                                      {product} {ergonomic}
     bool UseLargePagesIndividualAllocation        = false                                  {pd product} {ergonomic}

Logging:
Log output configuration:
 #0: stdout all=warning uptime,level,tags
 #1: stderr all=off uptime,level,tags

Environment Variables:
JAVA_HOME=C:\Program Files (x86)\Java\jdk1.6.0_45
CLASSPATH=C:\Program Files (x86)\Java\jdk1.6.0_45\lib;C:\Program Files (x86)\Java\jdk1.6.0_45\lib\tools.jar
PATH=E:\新建文件夹\Scripts\;E:\新建文件夹\;C:\Program Files (x86)\Common Files\Oracle\Java\javapath;C:;Users\王久铭\AppData\Local\Programs\Python\Python36\;Python27\;C:\Python27\Scripts\;E:\Python\;E:\Python\Scripts\;C:\Users\王久铭\AppData\Local\Microsoft\WindowsApps;E:\Microsoft VS Code\bin;C:\Python27amd64\Scripts\pip.exe;C:\Users\王久铭\AppData\Roaming\Python\Python37\Scripts;E:;Git\cmd;C:\Program Files\nodejs\;C:\Program Files (x86)\Java\jdk1.6.0_45\bin;C:\Windows\system32;E:\Git\cmd;C:\Program Files (x86)\Java\jdk1.6.0_45\jre\bin;E:\MinGW\bin;C:\WINDOWS\system32;C:\WINDOWS;C:\WINDOWS\System32\Wbem;C:\WINDOWS\System32\WindowsPowerShell\v1.0\;C:\WINDOWS\System32\OpenSSH\;C:\Program Files (x86)\NetSarang\Xshell 7\;C:\Program Files\MySQL\MySQL Server 8.0\bin;C:\Program Files\MySQL\MySQL Shell 8.0\bin\;C:\Users\王久铭\AppData\Local\Microsoft\WindowsApps;E:\Microsoft VS Code\bin;E:\Python\Scripts\pip.exe;E:\Python\;E:\Python\Scripts\;C:\Users\王久铭\AppData\Roaming\npm;C:\Program Files\JetBrains\IntelliJ IDEA Community Edition 2020.2\bin;;C:\Windows\system32;C:\WINDOWS;C:\Program Files\JetBrains\PyCharm 2020.1\bin;;
USERNAME=王久铭
OS=Windows_NT
PROCESSOR_IDENTIFIER=Intel64 Family 6 Model 158 Stepping 10, GenuineIntel



---------------  S Y S T E M  ---------------

OS: Windows 10 , 64 bit Build 22533 (10.0.22533.1001)
OS uptime: 0 days 5:59 hours

CPU:total 12 (initial active 12) (6 cores per cpu, 2 threads per core) family 6 model 158 stepping 10 microcode 0xde, cmov, cx8, fxsr, mmx, sse, sse2, sse3, ssse3, sse4.1, sse4.2, popcnt, avx, avx2, aes, clmul, erms, 3dnowpref, lzcnt, ht, tsc, tscinvbit, bmi1, bmi2, adx, fma

Memory: 4k page, system-wide physical 8065M (245M free)
TotalPageFile size 23168M (AvailPageFile size 5M)
current process WorkingSet (physical memory assigned to process): 422M, peak: 506M
current process commit charge ("private bytes"): 566M, peak: 576M

vm_info: OpenJDK 64-Bit Server VM (11.0.10+0-b96-7249189) for windows-amd64 JRE (11.0.10+0-b96-7249189), built on Mar 31 2021 21:44:00 by "builder" with MS VC++ 14.0 (VS2015)

END.
