#
# There is insufficient memory for the Java Runtime Environment to continue.
# Native memory allocation (malloc) failed to allocate 1377616 bytes for Chunk::new
# Possible reasons:
#   The system is out of physical RAM or swap space
#   The process is running with CompressedOops enabled, and the Java Heap may be blocking the growth of the native heap
# Possible solutions:
#   Reduce memory load on the system
#   Increase physical memory or swap space
#   Check if swap backing store is full
#   Decrease Java heap size (-Xmx/-Xms)
#   Decrease number of Java threads
#   Decrease Java thread stack sizes (-Xss)
#   Set larger code cache with -XX:ReservedCodeCacheSize=
#   JVM is running with Unscaled Compressed Oops mode in which the Java heap is
#     placed in the first 4GB address space. The Java Heap base address is the
#     maximum limit for the native heap growth. Please use -XX:HeapBaseMinAddress
#     to set the Java Heap base and to place the Java Heap above 4GB virtual address.
# This output file may be truncated or incomplete.
#
#  Out of Memory Error (./src/hotspot/share/memory/arena.cpp:197), pid=12948, tid=8572
#
# JRE version: OpenJDK Runtime Environment (11.0.10) (build 11.0.10+0-b96-7249189)
# Java VM: OpenJDK 64-Bit Server VM (11.0.10+0-b96-7249189, mixed mode, tiered, compressed oops, g1 gc, windows-amd64)
# No core dump will be written. Minidumps are not enabled by default on client versions of Windows
#

---------------  S U M M A R Y ------------

Command Line: --add-opens=java.base/java.util=ALL-UNNAMED --add-opens=java.base/java.lang=ALL-UNNAMED --add-opens=java.base/java.lang.invoke=ALL-UNNAMED --add-opens=java.base/java.util=ALL-UNNAMED --add-opens=java.prefs/java.util.prefs=ALL-UNNAMED --add-opens=java.prefs/java.util.prefs=ALL-UNNAMED --add-opens=java.base/java.nio.charset=ALL-UNNAMED --add-opens=java.base/java.net=ALL-UNNAMED --add-opens=java.base/java.util.concurrent.atomic=ALL-UNNAMED -Xmx2048m -Dfile.encoding=UTF-8 -Duser.country=CN -Duser.language=zh -Duser.variant org.gradle.launcher.daemon.bootstrap.GradleDaemon 7.0.2

Host: Intel(R) Core(TM) i7-8750H CPU @ 2.20GHz, 12 cores, 7G,  Windows 10 , 64 bit Build 22533 (10.0.22533.1001)
Time: Mon Jan 24 15:54:17 2022 中国标准时间 elapsed time: 2205.249803 seconds (0d 0h 36m 45s)

---------------  T H R E A D  ---------------

Current thread (0x000001bf78b8f800):  JavaThread "C2 CompilerThread0" daemon [_thread_in_native, id=8572, stack(0x000000a140100000,0x000000a140200000)]


Current CompileTask:
C2:2205249 21756 % !   4       com.android.ide.common.resources.DataMerger::mergeData @ 88 (611 bytes)

Stack: [0x000000a140100000,0x000000a140200000]
Native frames: (J=compiled Java code, j=interpreted, Vv=VM code, C=native code)
V  [jvm.dll+0x5ecfaa]
V  [jvm.dll+0x722bd5]
V  [jvm.dll+0x72412d]
V  [jvm.dll+0x7247e3]
V  [jvm.dll+0x242928]
V  [jvm.dll+0xbc4fc]
V  [jvm.dll+0xbca0c]
V  [jvm.dll+0x352d7d]
V  [jvm.dll+0x197e0c]
V  [jvm.dll+0x1fb70e]
V  [jvm.dll+0x1fa7f4]
V  [jvm.dll+0x18354c]
V  [jvm.dll+0x208ee7]
V  [jvm.dll+0x207731]
V  [jvm.dll+0x6eb1cf]
V  [jvm.dll+0x6e3d45]
V  [jvm.dll+0x5ebe96]
C  [ucrtbase.dll+0x293cc]
C  [KERNEL32.DLL+0x11350]
C  [ntdll.dll+0x51e78]


---------------  P R O C E S S  ---------------

Threads class SMR info:
_java_thread_list=0x000001bf7e0d3dd0, length=46, elements={
0x000001bf5da5d000, 0x000001bf7831f000, 0x000001bf78322800, 0x000001bf78b3d800,
0x000001bf78b3e800, 0x000001bf78b8b800, 0x000001bf78b8f800, 0x000001bf78b98800,
0x000001bf78b9b800, 0x000001bf78d10000, 0x000001bf7a152000, 0x000001bf78ef2800,
0x000001bf7a220000, 0x000001bf7bae8000, 0x000001bf7baea000, 0x000001bf7baea800,
0x000001bf7baeb800, 0x000001bf7bae5800, 0x000001bf7d9ec800, 0x000001bf7d9ed000,
0x000001bf7d9ef000, 0x000001bf7d9e9000, 0x000001bf7d9f0800, 0x000001bf7d651800,
0x000001bf7d657000, 0x000001bf7d655800, 0x000001bf7d656800, 0x000001bf7d658000,
0x000001bf7d652800, 0x000001bf7d659000, 0x000001bf7d653000, 0x000001bf7d659800,
0x000001bf7d65d800, 0x000001bf042ee000, 0x000001bf042e9000, 0x000001bf042ec800,
0x000001bf042ef800, 0x000001bf042ea000, 0x000001bf7d654000, 0x000001bf7d654800,
0x000001bf7d650000, 0x000001bf7d9f2000, 0x000001bf0404d800, 0x000001bf04052800,
0x000001bf04054000, 0x000001bf04051800
}

Java Threads: ( => current thread )
  0x000001bf5da5d000 JavaThread "main" [_thread_blocked, id=7468, stack(0x000000a13f500000,0x000000a13f600000)]
  0x000001bf7831f000 JavaThread "Reference Handler" daemon [_thread_blocked, id=8956, stack(0x000000a13fc00000,0x000000a13fd00000)]
  0x000001bf78322800 JavaThread "Finalizer" daemon [_thread_blocked, id=14128, stack(0x000000a13fd00000,0x000000a13fe00000)]
  0x000001bf78b3d800 JavaThread "Signal Dispatcher" daemon [_thread_blocked, id=8164, stack(0x000000a13fe00000,0x000000a13ff00000)]
  0x000001bf78b3e800 JavaThread "Attach Listener" daemon [_thread_blocked, id=8436, stack(0x000000a13ff00000,0x000000a140000000)]
  0x000001bf78b8b800 JavaThread "Service Thread" daemon [_thread_blocked, id=8632, stack(0x000000a140000000,0x000000a140100000)]
=>0x000001bf78b8f800 JavaThread "C2 CompilerThread0" daemon [_thread_in_native, id=8572, stack(0x000000a140100000,0x000000a140200000)]
  0x000001bf78b98800 JavaThread "C1 CompilerThread0" daemon [_thread_blocked, id=8428, stack(0x000000a140200000,0x000000a140300000)]
  0x000001bf78b9b800 JavaThread "Sweeper thread" daemon [_thread_blocked, id=4156, stack(0x000000a140300000,0x000000a140400000)]
  0x000001bf78d10000 JavaThread "Common-Cleaner" daemon [_thread_blocked, id=8636, stack(0x000000a140400000,0x000000a140500000)]
  0x000001bf7a152000 JavaThread "Daemon health stats" [_thread_blocked, id=9372, stack(0x000000a140a00000,0x000000a140b00000)]
  0x000001bf78ef2800 JavaThread "Incoming local TCP Connector on port 13303" [_thread_in_native, id=9032, stack(0x000000a140600000,0x000000a140700000)]
  0x000001bf7a220000 JavaThread "Daemon periodic checks" [_thread_blocked, id=13600, stack(0x000000a140b00000,0x000000a140c00000)]
  0x000001bf7bae8000 JavaThread "Cache worker for file hash cache (C:\Users\涔\.gradle\caches\7.0.2\fileHashes)" [_thread_blocked, id=8464, stack(0x000000a141400000,0x000000a141500000)]
  0x000001bf7baea000 JavaThread "File lock request listener" [_thread_in_native, id=8692, stack(0x000000a141500000,0x000000a141600000)]
  0x000001bf7baea800 JavaThread "Cache worker for journal cache (C:\Users\涔\.gradle\caches\journal-1)" [_thread_blocked, id=14064, stack(0x000000a141e00000,0x000000a141f00000)]
  0x000001bf7baeb800 JavaThread "File watcher server" daemon [_thread_in_native, id=7800, stack(0x000000a142000000,0x000000a142100000)]
  0x000001bf7bae5800 JavaThread "File watcher consumer" daemon [_thread_blocked, id=10208, stack(0x000000a142100000,0x000000a142200000)]
  0x000001bf7d9ec800 JavaThread "Cache worker for execution history cache (C:\Users\涔\.gradle\caches\7.0.2\executionHistory)" [_thread_blocked, id=9516, stack(0x000000a142500000,0x000000a142600000)]
  0x000001bf7d9ed000 JavaThread "jar transforms" [_thread_blocked, id=10096, stack(0x000000a142700000,0x000000a142800000)]
  0x000001bf7d9ef000 JavaThread "jar transforms Thread 2" [_thread_blocked, id=13860, stack(0x000000a142800000,0x000000a142900000)]
  0x000001bf7d9e9000 JavaThread "Cache worker for file content cache (C:\Users\涔\.gradle\caches\7.0.2\fileContent)" [_thread_blocked, id=12108, stack(0x000000a142900000,0x000000a142a00000)]
  0x000001bf7d9f0800 JavaThread "jar transforms Thread 3" [_thread_blocked, id=10772, stack(0x000000a142b00000,0x000000a142c00000)]
  0x000001bf7d651800 JavaThread "jar transforms Thread 4" [_thread_blocked, id=12132, stack(0x000000a143900000,0x000000a143a00000)]
  0x000001bf7d657000 JavaThread "jar transforms Thread 5" [_thread_blocked, id=3356, stack(0x000000a143a00000,0x000000a143b00000)]
  0x000001bf7d655800 JavaThread "jar transforms Thread 6" [_thread_blocked, id=11140, stack(0x000000a143b00000,0x000000a143c00000)]
  0x000001bf7d656800 JavaThread "jar transforms Thread 7" [_thread_blocked, id=11412, stack(0x000000a143c00000,0x000000a143d00000)]
  0x000001bf7d658000 JavaThread "jar transforms Thread 8" [_thread_blocked, id=10532, stack(0x000000a143d00000,0x000000a143e00000)]
  0x000001bf7d652800 JavaThread "jar transforms Thread 9" [_thread_blocked, id=3720, stack(0x000000a143e00000,0x000000a143f00000)]
  0x000001bf7d659000 JavaThread "jar transforms Thread 10" [_thread_blocked, id=13760, stack(0x000000a143f00000,0x000000a144000000)]
  0x000001bf7d653000 JavaThread "jar transforms Thread 11" [_thread_blocked, id=14484, stack(0x000000a144000000,0x000000a144100000)]
  0x000001bf7d659800 JavaThread "jar transforms Thread 12" [_thread_blocked, id=2832, stack(0x000000a144100000,0x000000a144200000)]
  0x000001bf7d65d800 JavaThread "Memory manager" [_thread_blocked, id=11112, stack(0x000000a144200000,0x000000a144300000)]
  0x000001bf042ee000 JavaThread "Cache worker for Java compile cache (C:\Users\涔\.gradle\caches\7.0.2\javaCompile)" [_thread_blocked, id=7192, stack(0x000000a145700000,0x000000a145800000)]
  0x000001bf042e9000 JavaThread "ForkJoinPool.commonPool-worker-1" daemon [_thread_blocked, id=7100, stack(0x000000a145600000,0x000000a145700000)]
  0x000001bf042ec800 JavaThread "ForkJoinPool.commonPool-worker-5" daemon [_thread_blocked, id=4120, stack(0x000000a145900000,0x000000a145a00000)]
  0x000001bf042ef800 JavaThread "ForkJoinPool.commonPool-worker-9" daemon [_thread_blocked, id=15216, stack(0x000000a145a00000,0x000000a145b00000)]
  0x000001bf042ea000 JavaThread "ForkJoinPool.commonPool-worker-27" daemon [_thread_blocked, id=2268, stack(0x000000a145b00000,0x000000a145c00000)]
  0x000001bf7d654000 JavaThread "ForkJoinPool.commonPool-worker-13" daemon [_thread_blocked, id=8276, stack(0x000000a145c00000,0x000000a145d00000)]
  0x000001bf7d654800 JavaThread "ForkJoinPool.commonPool-worker-31" daemon [_thread_blocked, id=8996, stack(0x000000a145d00000,0x000000a145e00000)]
  0x000001bf7d650000 JavaThread "ForkJoinPool.commonPool-worker-23" daemon [_thread_blocked, id=3744, stack(0x000000a145e00000,0x000000a145f00000)]
  0x000001bf7d9f2000 JavaThread "ForkJoinPool.commonPool-worker-17" daemon [_thread_blocked, id=14172, stack(0x000000a145400000,0x000000a145500000)]
  0x000001bf0404d800 JavaThread "Daemon Thread 7" [_thread_blocked, id=1208, stack(0x000000a13f300000,0x000000a13f400000)]
  0x000001bf04052800 JavaThread "Daemon worker Thread 7" [_thread_blocked, id=1664, stack(0x000000a140e00000,0x000000a140f00000)]
  0x000001bf04054000 JavaThread "Handler for socket connection from /127.0.0.1:13303 to /127.0.0.1:11656" [_thread_in_native, id=15036, stack(0x000000a140c00000,0x000000a140d00000)]
  0x000001bf04051800 JavaThread "Cancel handler" [_thread_blocked, id=7676, stack(0x000000a140d00000,0x000000a140e00000)]

Other Threads:
  0x000001bf7830a800 VMThread "VM Thread" [stack: 0x000000a13fb00000,0x000000a13fc00000] [id=9080]
  0x000001bf78d50800 WatcherThread [stack: 0x000000a140500000,0x000000a140600000] [id=9484]
  0x000001bf5da78000 GCTaskThread "GC Thread#0" [stack: 0x000000a13f600000,0x000000a13f700000] [id=3404]
  0x000001bf79817000 GCTaskThread "GC Thread#1" [stack: 0x000000a140700000,0x000000a140800000] [id=8412]
  0x000001bf797e3800 GCTaskThread "GC Thread#2" [stack: 0x000000a140800000,0x000000a140900000] [id=13904]
  0x000001bf7bdeb000 GCTaskThread "GC Thread#3" [stack: 0x000000a140900000,0x000000a140a00000] [id=9128]
  0x000001bf7ad76800 GCTaskThread "GC Thread#4" [stack: 0x000000a141600000,0x000000a141700000] [id=12172]
  0x000001bf7a34f800 GCTaskThread "GC Thread#5" [stack: 0x000000a141700000,0x000000a141800000] [id=14212]
  0x000001bf7a0aa800 GCTaskThread "GC Thread#6" [stack: 0x000000a141800000,0x000000a141900000] [id=14240]
  0x000001bf7a66a000 GCTaskThread "GC Thread#7" [stack: 0x000000a141900000,0x000000a141a00000] [id=3148]
  0x000001bf7a301800 GCTaskThread "GC Thread#8" [stack: 0x000000a141a00000,0x000000a141b00000] [id=13676]
  0x000001bf7bfb8800 GCTaskThread "GC Thread#9" [stack: 0x000000a141b00000,0x000000a141c00000] [id=9500]
  0x000001bf5daa9000 ConcurrentGCThread "G1 Main Marker" [stack: 0x000000a13f700000,0x000000a13f800000] [id=12036]
  0x000001bf5daaa800 ConcurrentGCThread "G1 Conc#0" [stack: 0x000000a13f800000,0x000000a13f900000] [id=8960]
  0x000001bf7a3cf800 ConcurrentGCThread "G1 Conc#1" [stack: 0x000000a141c00000,0x000000a141d00000] [id=13052]
  0x000001bf7ba74000 ConcurrentGCThread "G1 Conc#2" [stack: 0x000000a141d00000,0x000000a141e00000] [id=11644]
  0x000001bf5db2e800 ConcurrentGCThread "G1 Refine#0" [stack: 0x000000a13f900000,0x000000a13fa00000] [id=8512]
  0x000001bf7b563800 ConcurrentGCThread "G1 Refine#1" [stack: 0x000000a141f00000,0x000000a142000000] [id=1696]
  0x000001bf7815e800 ConcurrentGCThread "G1 Young RemSet Sampling" [stack: 0x000000a13fa00000,0x000000a13fb00000] [id=8748]

Threads with active compile tasks:
C2 CompilerThread02205317 21756 % !   4       com.android.ide.common.resources.DataMerger::mergeData @ 88 (611 bytes)

VM state:at safepoint (normal execution)

VM Mutex/Monitor currently owned by a thread: None

Heap address: 0x0000000080000000, size: 2048 MB, Compressed Oops mode: 32-bit
Narrow klass base: 0x0000000000000000, Narrow klass shift: 3
Compressed class space size: 1073741824 Address: 0x0000000100000000

Heap:
 garbage-first heap   total 189440K, used 154165K [0x0000000080000000, 0x0000000100000000)
  region size 1024K, 57 young (58368K), 4 survivors (4096K)
 Metaspace       used 118011K, capacity 121560K, committed 122584K, reserved 1155072K
  class space    used 14904K, capacity 16197K, committed 16896K, reserved 1048576K
Heap Regions: E=young(eden), S=young(survivor), O=old, HS=humongous(starts), HC=humongous(continues), CS=collection set, F=free, A=archive, TAMS=top-at-mark-start (previous, next)
|   0|0x0000000080000000, 0x0000000080100000, 0x0000000080100000|100%| O|  |TAMS 0x0000000080100000, 0x0000000080000000| Untracked 
|   1|0x0000000080100000, 0x0000000080200000, 0x0000000080200000|100%| O|  |TAMS 0x0000000080200000, 0x0000000080100000| Untracked 
|   2|0x0000000080200000, 0x0000000080300000, 0x0000000080300000|100%| O|  |TAMS 0x0000000080300000, 0x0000000080200000| Untracked 
|   3|0x0000000080300000, 0x0000000080400000, 0x0000000080400000|100%|HS|  |TAMS 0x0000000080400000, 0x0000000080300000| Complete 
|   4|0x0000000080400000, 0x0000000080500000, 0x0000000080500000|100%|HC|  |TAMS 0x0000000080500000, 0x0000000080400000| Complete 
|   5|0x0000000080500000, 0x0000000080600000, 0x0000000080600000|100%|HC|  |TAMS 0x0000000080600000, 0x0000000080500000| Complete 
|   6|0x0000000080600000, 0x0000000080700000, 0x0000000080700000|100%| O|  |TAMS 0x0000000080700000, 0x0000000080600000| Untracked 
|   7|0x0000000080700000, 0x0000000080800000, 0x0000000080800000|100%| O|  |TAMS 0x0000000080800000, 0x0000000080700000| Untracked 
|   8|0x0000000080800000, 0x0000000080900000, 0x0000000080900000|100%| O|  |TAMS 0x0000000080900000, 0x0000000080800000| Untracked 
|   9|0x0000000080900000, 0x0000000080a00000, 0x0000000080a00000|100%| O|  |TAMS 0x0000000080a00000, 0x0000000080900000| Untracked 
|  10|0x0000000080a00000, 0x0000000080b00000, 0x0000000080b00000|100%| O|  |TAMS 0x0000000080b00000, 0x0000000080a00000| Untracked 
|  11|0x0000000080b00000, 0x0000000080c00000, 0x0000000080c00000|100%| O|  |TAMS 0x0000000080c00000, 0x0000000080b00000| Untracked 
|  12|0x0000000080c00000, 0x0000000080d00000, 0x0000000080d00000|100%| O|  |TAMS 0x0000000080d00000, 0x0000000080c00000| Untracked 
|  13|0x0000000080d00000, 0x0000000080e00000, 0x0000000080e00000|100%| O|  |TAMS 0x0000000080e00000, 0x0000000080d00000| Complete 
|  14|0x0000000080e00000, 0x0000000080effff8, 0x0000000080f00000| 99%| O|  |TAMS 0x0000000080effff8, 0x0000000080e00000| Untracked 
|  15|0x0000000080f00000, 0x0000000081000000, 0x0000000081000000|100%| O|  |TAMS 0x0000000081000000, 0x0000000080f00000| Complete 
|  16|0x0000000081000000, 0x0000000081100000, 0x0000000081100000|100%|HS|  |TAMS 0x0000000081100000, 0x0000000081000000| Complete 
|  17|0x0000000081100000, 0x0000000081200000, 0x0000000081200000|100%| O|  |TAMS 0x0000000081200000, 0x0000000081100000| Complete 
|  18|0x0000000081200000, 0x0000000081300000, 0x0000000081300000|100%| O|  |TAMS 0x0000000081300000, 0x0000000081200000| Complete 
|  19|0x0000000081300000, 0x0000000081400000, 0x0000000081400000|100%| O|  |TAMS 0x0000000081400000, 0x0000000081300000| Complete 
|  20|0x0000000081400000, 0x0000000081500000, 0x0000000081500000|100%| O|  |TAMS 0x0000000081500000, 0x0000000081400000| Complete 
|  21|0x0000000081500000, 0x0000000081600000, 0x0000000081600000|100%| O|  |TAMS 0x0000000081600000, 0x0000000081500000| Complete 
|  22|0x0000000081600000, 0x0000000081700000, 0x0000000081700000|100%| O|  |TAMS 0x0000000081700000, 0x0000000081600000| Complete 
|  23|0x0000000081700000, 0x0000000081800000, 0x0000000081800000|100%| O|  |TAMS 0x0000000081800000, 0x0000000081700000| Complete 
|  24|0x0000000081800000, 0x0000000081900000, 0x0000000081900000|100%|HS|  |TAMS 0x0000000081900000, 0x0000000081800000| Complete 
|  25|0x0000000081900000, 0x0000000081a00000, 0x0000000081a00000|100%|HS|  |TAMS 0x0000000081a00000, 0x0000000081900000| Complete 
|  26|0x0000000081a00000, 0x0000000081b00000, 0x0000000081b00000|100%|HC|  |TAMS 0x0000000081b00000, 0x0000000081a00000| Complete 
|  27|0x0000000081b00000, 0x0000000081c00000, 0x0000000081c00000|100%| O|  |TAMS 0x0000000081c00000, 0x0000000081b00000| Untracked 
|  28|0x0000000081c00000, 0x0000000081d00000, 0x0000000081d00000|100%| O|  |TAMS 0x0000000081d00000, 0x0000000081c00000| Complete 
|  29|0x0000000081d00000, 0x0000000081e00000, 0x0000000081e00000|100%| O|  |TAMS 0x0000000081e00000, 0x0000000081d00000| Untracked 
|  30|0x0000000081e00000, 0x0000000081f00000, 0x0000000081f00000|100%| O|  |TAMS 0x0000000081f00000, 0x0000000081e00000| Complete 
|  31|0x0000000081f00000, 0x0000000082000000, 0x0000000082000000|100%| O|  |TAMS 0x0000000082000000, 0x0000000081f00000| Complete 
|  32|0x0000000082000000, 0x0000000082100000, 0x0000000082100000|100%| O|  |TAMS 0x0000000082100000, 0x0000000082000000| Untracked 
|  33|0x0000000082100000, 0x0000000082200000, 0x0000000082200000|100%| O|  |TAMS 0x0000000082200000, 0x0000000082100000| Untracked 
|  34|0x0000000082200000, 0x0000000082300000, 0x0000000082300000|100%| O|  |TAMS 0x0000000082300000, 0x0000000082200000| Untracked 
|  35|0x0000000082300000, 0x0000000082400000, 0x0000000082400000|100%| O|  |TAMS 0x0000000082400000, 0x0000000082300000| Untracked 
|  36|0x0000000082400000, 0x0000000082500000, 0x0000000082500000|100%| O|  |TAMS 0x0000000082500000, 0x0000000082400000| Complete 
|  37|0x0000000082500000, 0x0000000082600000, 0x0000000082600000|100%| O|  |TAMS 0x0000000082600000, 0x0000000082500000| Complete 
|  38|0x0000000082600000, 0x0000000082700000, 0x0000000082700000|100%| O|  |TAMS 0x0000000082700000, 0x0000000082600000| Complete 
|  39|0x0000000082700000, 0x0000000082800000, 0x0000000082800000|100%| O|  |TAMS 0x0000000082800000, 0x0000000082700000| Complete 
|  40|0x0000000082800000, 0x0000000082900000, 0x0000000082900000|100%| O|  |TAMS 0x0000000082900000, 0x0000000082800000| Complete 
|  41|0x0000000082900000, 0x0000000082a00000, 0x0000000082a00000|100%|HS|  |TAMS 0x0000000082900000, 0x0000000082900000| Complete 
|  42|0x0000000082a00000, 0x0000000082b00000, 0x0000000082b00000|100%| O|  |TAMS 0x0000000082b00000, 0x0000000082a00000| Complete 
|  43|0x0000000082b00000, 0x0000000082c00000, 0x0000000082c00000|100%| O|  |TAMS 0x0000000082c00000, 0x0000000082b00000| Complete 
|  44|0x0000000082c00000, 0x0000000082c00000, 0x0000000082d00000|  0%| F|  |TAMS 0x0000000082c00000, 0x0000000082c00000| Untracked 
|  45|0x0000000082d00000, 0x0000000082e00000, 0x0000000082e00000|100%| O|  |TAMS 0x0000000082e00000, 0x0000000082d00000| Untracked 
|  46|0x0000000082e00000, 0x0000000082f00000, 0x0000000082f00000|100%| O|  |TAMS 0x0000000082f00000, 0x0000000082e00000| Complete 
|  47|0x0000000082f00000, 0x0000000083000000, 0x0000000083000000|100%| O|  |TAMS 0x0000000083000000, 0x0000000082f00000| Complete 
|  48|0x0000000083000000, 0x0000000083100000, 0x0000000083100000|100%| O|  |TAMS 0x0000000083100000, 0x0000000083000000| Untracked 
|  49|0x0000000083100000, 0x0000000083200000, 0x0000000083200000|100%| O|  |TAMS 0x0000000083200000, 0x0000000083100000| Complete 
|  50|0x0000000083200000, 0x0000000083300000, 0x0000000083300000|100%| O|  |TAMS 0x0000000083300000, 0x0000000083200000| Untracked 
|  51|0x0000000083300000, 0x0000000083400000, 0x0000000083400000|100%|HS|  |TAMS 0x0000000083300000, 0x0000000083300000| Complete 
|  52|0x0000000083400000, 0x0000000083500000, 0x0000000083500000|100%|HC|  |TAMS 0x0000000083400000, 0x0000000083400000| Complete 
|  53|0x0000000083500000, 0x0000000083600000, 0x0000000083600000|100%|HS|  |TAMS 0x0000000083500000, 0x0000000083500000| Complete 
|  54|0x0000000083600000, 0x0000000083700000, 0x0000000083700000|100%|HC|  |TAMS 0x0000000083600000, 0x0000000083600000| Complete 
|  55|0x0000000083700000, 0x0000000083700000, 0x0000000083800000|  0%| F|  |TAMS 0x0000000083700000, 0x0000000083700000| Untracked 
|  56|0x0000000083800000, 0x0000000083900000, 0x0000000083900000|100%| O|  |TAMS 0x0000000083900000, 0x0000000083800000| Untracked 
|  57|0x0000000083900000, 0x0000000083900000, 0x0000000083a00000|  0%| F|  |TAMS 0x0000000083900000, 0x0000000083900000| Untracked 
|  58|0x0000000083a00000, 0x0000000083b00000, 0x0000000083b00000|100%| O|  |TAMS 0x0000000083b00000, 0x0000000083a00000| Untracked 
|  59|0x0000000083b00000, 0x0000000083c00000, 0x0000000083c00000|100%| O|  |TAMS 0x0000000083c00000, 0x0000000083b00000| Complete 
|  60|0x0000000083c00000, 0x0000000083d00000, 0x0000000083d00000|100%| O|  |TAMS 0x0000000083d00000, 0x0000000083c00000| Untracked 
|  61|0x0000000083d00000, 0x0000000083dd3800, 0x0000000083e00000| 82%| O|  |TAMS 0x0000000083dd3800, 0x0000000083d00000| Untracked 
|  62|0x0000000083e00000, 0x0000000083f00000, 0x0000000083f00000|100%|HS|  |TAMS 0x0000000083e00000, 0x0000000083e00000| Complete 
|  63|0x0000000083f00000, 0x0000000084000000, 0x0000000084000000|100%|HC|  |TAMS 0x0000000083f00000, 0x0000000083f00000| Complete 
|  64|0x0000000084000000, 0x0000000084100000, 0x0000000084100000|100%|HC|  |TAMS 0x0000000084000000, 0x0000000084000000| Complete 
|  65|0x0000000084100000, 0x0000000084200000, 0x0000000084200000|100%|HC|  |TAMS 0x0000000084100000, 0x0000000084100000| Complete 
|  66|0x0000000084200000, 0x0000000084200000, 0x0000000084300000|  0%| F|  |TAMS 0x0000000084200000, 0x0000000084200000| Untracked 
|  67|0x0000000084300000, 0x0000000084400000, 0x0000000084400000|100%| O|  |TAMS 0x0000000084400000, 0x0000000084300000| Complete 
|  68|0x0000000084400000, 0x0000000084500000, 0x0000000084500000|100%|HS|  |TAMS 0x0000000084400000, 0x0000000084400000| Complete 
|  69|0x0000000084500000, 0x0000000084600000, 0x0000000084600000|100%|HC|  |TAMS 0x0000000084500000, 0x0000000084500000| Complete 
|  70|0x0000000084600000, 0x0000000084700000, 0x0000000084700000|100%|HS|  |TAMS 0x0000000084600000, 0x0000000084600000| Complete 
|  71|0x0000000084700000, 0x0000000084800000, 0x0000000084800000|100%|HC|  |TAMS 0x0000000084700000, 0x0000000084700000| Complete 
|  72|0x0000000084800000, 0x0000000084900000, 0x0000000084900000|100%|HC|  |TAMS 0x0000000084800000, 0x0000000084800000| Complete 
|  73|0x0000000084900000, 0x0000000084900000, 0x0000000084a00000|  0%| F|  |TAMS 0x0000000084900000, 0x0000000084900000| Untracked 
|  74|0x0000000084a00000, 0x0000000084b00000, 0x0000000084b00000|100%| O|  |TAMS 0x0000000084b00000, 0x0000000084a00000| Complete 
|  75|0x0000000084b00000, 0x0000000084b00000, 0x0000000084c00000|  0%| F|  |TAMS 0x0000000084b00000, 0x0000000084b00000| Untracked 
|  76|0x0000000084c00000, 0x0000000084d00000, 0x0000000084d00000|100%| O|  |TAMS 0x0000000084d00000, 0x0000000084c00000| Complete 
|  77|0x0000000084d00000, 0x0000000084e00000, 0x0000000084e00000|100%| O|  |TAMS 0x0000000084e00000, 0x0000000084d00000| Untracked 
|  78|0x0000000084e00000, 0x0000000084e00000, 0x0000000084f00000|  0%| F|  |TAMS 0x0000000084e00000, 0x0000000084e00000| Untracked 
|  79|0x0000000084f00000, 0x0000000084f00000, 0x0000000085000000|  0%| F|  |TAMS 0x0000000084f00000, 0x0000000084f00000| Untracked 
|  80|0x0000000085000000, 0x0000000085100000, 0x0000000085100000|100%| O|  |TAMS 0x0000000085100000, 0x0000000085000000| Complete 
|  81|0x0000000085100000, 0x0000000085100000, 0x0000000085200000|  0%| F|  |TAMS 0x0000000085100000, 0x0000000085100000| Untracked 
|  82|0x0000000085200000, 0x0000000085300000, 0x0000000085300000|100%| O|  |TAMS 0x0000000085300000, 0x0000000085200000| Complete 
|  83|0x0000000085300000, 0x0000000085400000, 0x0000000085400000|100%| O|  |TAMS 0x0000000085400000, 0x0000000085300000| Complete 
|  84|0x0000000085400000, 0x0000000085400000, 0x0000000085500000|  0%| F|  |TAMS 0x0000000085400000, 0x0000000085400000| Untracked 
|  85|0x0000000085500000, 0x0000000085500000, 0x0000000085600000|  0%| F|  |TAMS 0x0000000085500000, 0x0000000085500000| Untracked 
|  86|0x0000000085600000, 0x0000000085700000, 0x0000000085700000|100%| O|  |TAMS 0x0000000085700000, 0x0000000085600000| Complete 
|  87|0x0000000085700000, 0x0000000085700000, 0x0000000085800000|  0%| F|  |TAMS 0x0000000085700000, 0x0000000085700000| Untracked 
|  88|0x0000000085800000, 0x0000000085900000, 0x0000000085900000|100%| O|  |TAMS 0x0000000085900000, 0x0000000085800000| Complete 
|  89|0x0000000085900000, 0x0000000085a00000, 0x0000000085a00000|100%| O|  |TAMS 0x0000000085a00000, 0x0000000085900000| Complete 
|  90|0x0000000085a00000, 0x0000000085a00000, 0x0000000085b00000|  0%| F|  |TAMS 0x0000000085a00000, 0x0000000085a00000| Untracked 
|  91|0x0000000085b00000, 0x0000000085c00000, 0x0000000085c00000|100%| O|  |TAMS 0x0000000085c00000, 0x0000000085b00000| Untracked 
|  92|0x0000000085c00000, 0x0000000085d00000, 0x0000000085d00000|100%| O|  |TAMS 0x0000000085d00000, 0x0000000085c00000| Complete 
|  93|0x0000000085d00000, 0x0000000085d00000, 0x0000000085e00000|  0%| F|  |TAMS 0x0000000085d00000, 0x0000000085d00000| Untracked 
|  94|0x0000000085e00000, 0x0000000085f00000, 0x0000000085f00000|100%| O|  |TAMS 0x0000000085f00000, 0x0000000085e00000| Complete 
|  95|0x0000000085f00000, 0x0000000085f00000, 0x0000000086000000|  0%| F|  |TAMS 0x0000000085f00000, 0x0000000085f00000| Untracked 
|  96|0x0000000086000000, 0x0000000086100000, 0x0000000086100000|100%| O|  |TAMS 0x0000000086100000, 0x0000000086000000| Complete 
|  97|0x0000000086100000, 0x0000000086100000, 0x0000000086200000|  0%| F|  |TAMS 0x0000000086100000, 0x0000000086100000| Untracked 
|  98|0x0000000086200000, 0x0000000086200000, 0x0000000086300000|  0%| F|  |TAMS 0x0000000086200000, 0x0000000086200000| Untracked 
|  99|0x0000000086300000, 0x0000000086400000, 0x0000000086400000|100%| O|  |TAMS 0x0000000086400000, 0x0000000086300000| Complete 
| 100|0x0000000086400000, 0x0000000086500000, 0x0000000086500000|100%| O|  |TAMS 0x0000000086500000, 0x0000000086400000| Complete 
| 101|0x0000000086500000, 0x0000000086600000, 0x0000000086600000|100%| O|  |TAMS 0x0000000086600000, 0x0000000086500000| Complete 
| 102|0x0000000086600000, 0x0000000086700000, 0x0000000086700000|100%| O|  |TAMS 0x0000000086700000, 0x0000000086600000| Complete 
| 103|0x0000000086700000, 0x0000000086800000, 0x0000000086800000|100%| O|  |TAMS 0x0000000086800000, 0x0000000086700000| Complete 
| 104|0x0000000086800000, 0x0000000086800000, 0x0000000086900000|  0%| F|  |TAMS 0x0000000086800000, 0x0000000086800000| Untracked 
| 105|0x0000000086900000, 0x0000000086a00000, 0x0000000086a00000|100%| O|  |TAMS 0x0000000086a00000, 0x0000000086900000| Complete 
| 106|0x0000000086a00000, 0x0000000086a00000, 0x0000000086b00000|  0%| F|  |TAMS 0x0000000086a00000, 0x0000000086a00000| Untracked 
| 107|0x0000000086b00000, 0x0000000086c00000, 0x0000000086c00000|100%| O|  |TAMS 0x0000000086c00000, 0x0000000086b00000| Complete 
| 108|0x0000000086c00000, 0x0000000086d00000, 0x0000000086d00000|100%| O|  |TAMS 0x0000000086d00000, 0x0000000086c00000| Complete 
| 109|0x0000000086d00000, 0x0000000086d00000, 0x0000000086e00000|  0%| F|  |TAMS 0x0000000086d00000, 0x0000000086d00000| Untracked 
| 110|0x0000000086e00000, 0x0000000086f00000, 0x0000000086f00000|100%| O|  |TAMS 0x0000000086f00000, 0x0000000086e00000| Complete 
| 111|0x0000000086f00000, 0x0000000086f00000, 0x0000000087000000|  0%| F|  |TAMS 0x0000000086f00000, 0x0000000086f00000| Untracked 
| 112|0x0000000087000000, 0x0000000087100000, 0x0000000087100000|100%| O|  |TAMS 0x0000000087100000, 0x0000000087000000| Untracked 
| 113|0x0000000087100000, 0x0000000087100000, 0x0000000087200000|  0%| F|  |TAMS 0x0000000087100000, 0x0000000087100000| Untracked 
| 114|0x0000000087200000, 0x0000000087200000, 0x0000000087300000|  0%| F|  |TAMS 0x0000000087200000, 0x0000000087200000| Untracked 
| 115|0x0000000087300000, 0x0000000087400000, 0x0000000087400000|100%| O|  |TAMS 0x0000000087400000, 0x0000000087300000| Complete 
| 116|0x0000000087400000, 0x0000000087500000, 0x0000000087500000|100%|HS|  |TAMS 0x0000000087400000, 0x0000000087400000| Complete 
| 117|0x0000000087500000, 0x0000000087600000, 0x0000000087600000|100%|HC|  |TAMS 0x0000000087500000, 0x0000000087500000| Complete 
| 118|0x0000000087600000, 0x0000000087700000, 0x0000000087700000|100%|HC|  |TAMS 0x0000000087600000, 0x0000000087600000| Complete 
| 119|0x0000000087700000, 0x0000000087700000, 0x0000000087800000|  0%| F|  |TAMS 0x0000000087700000, 0x0000000087700000| Untracked 
| 120|0x0000000087800000, 0x0000000087800000, 0x0000000087900000|  0%| F|  |TAMS 0x0000000087800000, 0x0000000087800000| Untracked 
| 121|0x0000000087900000, 0x00000000879b9da0, 0x0000000087a00000| 72%| S|CS|TAMS 0x0000000087900000, 0x0000000087900000| Complete 
| 122|0x0000000087a00000, 0x0000000087b00000, 0x0000000087b00000|100%| S|CS|TAMS 0x0000000087a00000, 0x0000000087a00000| Complete 
| 123|0x0000000087b00000, 0x0000000087c00000, 0x0000000087c00000|100%| S|CS|TAMS 0x0000000087b00000, 0x0000000087b00000| Complete 
| 124|0x0000000087c00000, 0x0000000087d00000, 0x0000000087d00000|100%| S|CS|TAMS 0x0000000087c00000, 0x0000000087c00000| Complete 
| 125|0x0000000087d00000, 0x0000000087d00000, 0x0000000087e00000|  0%| F|  |TAMS 0x0000000087d00000, 0x0000000087d00000| Untracked 
| 126|0x0000000087e00000, 0x0000000087e00000, 0x0000000087f00000|  0%| F|  |TAMS 0x0000000087e00000, 0x0000000087e00000| Untracked 
| 127|0x0000000087f00000, 0x0000000087f00000, 0x0000000088000000|  0%| F|  |TAMS 0x0000000087f00000, 0x0000000087f00000| Untracked 
| 128|0x0000000088000000, 0x0000000088000000, 0x0000000088100000|  0%| F|  |TAMS 0x0000000088000000, 0x0000000088000000| Untracked 
| 129|0x0000000088100000, 0x0000000088100000, 0x0000000088200000|  0%| F|  |TAMS 0x0000000088100000, 0x0000000088100000| Untracked 
| 130|0x0000000088200000, 0x0000000088200000, 0x0000000088300000|  0%| F|  |TAMS 0x0000000088200000, 0x0000000088200000| Untracked 
| 131|0x0000000088300000, 0x0000000088300000, 0x0000000088400000|  0%| F|  |TAMS 0x0000000088300000, 0x0000000088300000| Untracked 
| 132|0x0000000088400000, 0x0000000088451bc8, 0x0000000088500000| 31%| E|  |TAMS 0x0000000088400000, 0x0000000088400000| Complete 
| 133|0x0000000088500000, 0x0000000088600000, 0x0000000088600000|100%| E|CS|TAMS 0x0000000088500000, 0x0000000088500000| Complete 
| 134|0x0000000088600000, 0x0000000088700000, 0x0000000088700000|100%| E|CS|TAMS 0x0000000088600000, 0x0000000088600000| Complete 
| 135|0x0000000088700000, 0x0000000088800000, 0x0000000088800000|100%| E|CS|TAMS 0x0000000088700000, 0x0000000088700000| Complete 
| 136|0x0000000088800000, 0x0000000088900000, 0x0000000088900000|100%| E|CS|TAMS 0x0000000088800000, 0x0000000088800000| Complete 
| 137|0x0000000088900000, 0x0000000088a00000, 0x0000000088a00000|100%| E|CS|TAMS 0x0000000088900000, 0x0000000088900000| Complete 
| 138|0x0000000088a00000, 0x0000000088b00000, 0x0000000088b00000|100%| E|CS|TAMS 0x0000000088a00000, 0x0000000088a00000| Complete 
| 139|0x0000000088b00000, 0x0000000088c00000, 0x0000000088c00000|100%| E|CS|TAMS 0x0000000088b00000, 0x0000000088b00000| Complete 
| 140|0x0000000088c00000, 0x0000000088d00000, 0x0000000088d00000|100%| E|CS|TAMS 0x0000000088c00000, 0x0000000088c00000| Complete 
| 141|0x0000000088d00000, 0x0000000088e00000, 0x0000000088e00000|100%| E|CS|TAMS 0x0000000088d00000, 0x0000000088d00000| Complete 
| 142|0x0000000088e00000, 0x0000000088f00000, 0x0000000088f00000|100%| E|CS|TAMS 0x0000000088e00000, 0x0000000088e00000| Complete 
| 143|0x0000000088f00000, 0x0000000089000000, 0x0000000089000000|100%| E|CS|TAMS 0x0000000088f00000, 0x0000000088f00000| Complete 
| 144|0x0000000089000000, 0x0000000089100000, 0x0000000089100000|100%| E|CS|TAMS 0x0000000089000000, 0x0000000089000000| Complete 
| 145|0x0000000089100000, 0x0000000089200000, 0x0000000089200000|100%| E|CS|TAMS 0x0000000089100000, 0x0000000089100000| Complete 
| 146|0x0000000089200000, 0x0000000089300000, 0x0000000089300000|100%| E|CS|TAMS 0x0000000089200000, 0x0000000089200000| Complete 
| 147|0x0000000089300000, 0x0000000089400000, 0x0000000089400000|100%| E|CS|TAMS 0x0000000089300000, 0x0000000089300000| Complete 
| 148|0x0000000089400000, 0x0000000089500000, 0x0000000089500000|100%| E|  |TAMS 0x0000000089400000, 0x0000000089400000| Complete 
| 149|0x0000000089500000, 0x0000000089600000, 0x0000000089600000|100%| E|CS|TAMS 0x0000000089500000, 0x0000000089500000| Complete 
| 150|0x0000000089600000, 0x0000000089700000, 0x0000000089700000|100%| E|CS|TAMS 0x0000000089600000, 0x0000000089600000| Complete 
| 151|0x0000000089700000, 0x0000000089800000, 0x0000000089800000|100%| E|CS|TAMS 0x0000000089700000, 0x0000000089700000| Complete 
| 152|0x0000000089800000, 0x0000000089900000, 0x0000000089900000|100%| E|CS|TAMS 0x0000000089800000, 0x0000000089800000| Complete 
| 153|0x0000000089900000, 0x0000000089a00000, 0x0000000089a00000|100%| E|CS|TAMS 0x0000000089900000, 0x0000000089900000| Complete 
| 154|0x0000000089a00000, 0x0000000089b00000, 0x0000000089b00000|100%| E|CS|TAMS 0x0000000089a00000, 0x0000000089a00000| Complete 
| 155|0x0000000089b00000, 0x0000000089c00000, 0x0000000089c00000|100%| E|CS|TAMS 0x0000000089b00000, 0x0000000089b00000| Complete 
| 156|0x0000000089c00000, 0x0000000089d00000, 0x0000000089d00000|100%| E|CS|TAMS 0x0000000089c00000, 0x0000000089c00000| Complete 
| 157|0x0000000089d00000, 0x0000000089e00000, 0x0000000089e00000|100%| E|CS|TAMS 0x0000000089d00000, 0x0000000089d00000| Complete 
| 158|0x0000000089e00000, 0x0000000089f00000, 0x0000000089f00000|100%| E|CS|TAMS 0x0000000089e00000, 0x0000000089e00000| Complete 
| 159|0x0000000089f00000, 0x000000008a000000, 0x000000008a000000|100%| E|CS|TAMS 0x0000000089f00000, 0x0000000089f00000| Complete 
| 160|0x000000008a000000, 0x000000008a100000, 0x000000008a100000|100%| E|CS|TAMS 0x000000008a000000, 0x000000008a000000| Complete 
| 161|0x000000008a100000, 0x000000008a200000, 0x000000008a200000|100%| E|CS|TAMS 0x000000008a100000, 0x000000008a100000| Complete 
| 162|0x000000008a200000, 0x000000008a300000, 0x000000008a300000|100%| E|CS|TAMS 0x000000008a200000, 0x000000008a200000| Complete 
| 163|0x000000008a300000, 0x000000008a400000, 0x000000008a400000|100%| E|CS|TAMS 0x000000008a300000, 0x000000008a300000| Complete 
| 164|0x000000008a400000, 0x000000008a500000, 0x000000008a500000|100%| E|CS|TAMS 0x000000008a400000, 0x000000008a400000| Complete 
| 165|0x000000008a500000, 0x000000008a600000, 0x000000008a600000|100%| E|CS|TAMS 0x000000008a500000, 0x000000008a500000| Complete 
| 166|0x000000008a600000, 0x000000008a700000, 0x000000008a700000|100%| E|CS|TAMS 0x000000008a600000, 0x000000008a600000| Complete 
| 167|0x000000008a700000, 0x000000008a800000, 0x000000008a800000|100%| E|CS|TAMS 0x000000008a700000, 0x000000008a700000| Complete 
| 168|0x000000008a800000, 0x000000008a900000, 0x000000008a900000|100%| E|CS|TAMS 0x000000008a800000, 0x000000008a800000| Complete 
| 169|0x000000008a900000, 0x000000008aa00000, 0x000000008aa00000|100%| E|CS|TAMS 0x000000008a900000, 0x000000008a900000| Complete 
| 170|0x000000008aa00000, 0x000000008ab00000, 0x000000008ab00000|100%| E|CS|TAMS 0x000000008aa00000, 0x000000008aa00000| Complete 
| 171|0x000000008ab00000, 0x000000008ac00000, 0x000000008ac00000|100%| E|CS|TAMS 0x000000008ab00000, 0x000000008ab00000| Complete 
| 172|0x000000008ac00000, 0x000000008ad00000, 0x000000008ad00000|100%| E|CS|TAMS 0x000000008ac00000, 0x000000008ac00000| Complete 
| 173|0x000000008ad00000, 0x000000008ae00000, 0x000000008ae00000|100%| E|CS|TAMS 0x000000008ad00000, 0x000000008ad00000| Complete 
| 174|0x000000008ae00000, 0x000000008af00000, 0x000000008af00000|100%| E|CS|TAMS 0x000000008ae00000, 0x000000008ae00000| Complete 
| 175|0x000000008af00000, 0x000000008b000000, 0x000000008b000000|100%| E|CS|TAMS 0x000000008af00000, 0x000000008af00000| Complete 
| 176|0x000000008b000000, 0x000000008b100000, 0x000000008b100000|100%| E|CS|TAMS 0x000000008b000000, 0x000000008b000000| Complete 
| 177|0x000000008b100000, 0x000000008b200000, 0x000000008b200000|100%| E|CS|TAMS 0x000000008b100000, 0x000000008b100000| Complete 
| 178|0x000000008b200000, 0x000000008b300000, 0x000000008b300000|100%| E|CS|TAMS 0x000000008b200000, 0x000000008b200000| Complete 
| 179|0x000000008b300000, 0x000000008b400000, 0x000000008b400000|100%| E|CS|TAMS 0x000000008b300000, 0x000000008b300000| Complete 
| 180|0x000000008b400000, 0x000000008b500000, 0x000000008b500000|100%| E|CS|TAMS 0x000000008b400000, 0x000000008b400000| Complete 
| 181|0x000000008b500000, 0x000000008b600000, 0x000000008b600000|100%| E|CS|TAMS 0x000000008b500000, 0x000000008b500000| Complete 
| 182|0x000000008b600000, 0x000000008b700000, 0x000000008b700000|100%| E|CS|TAMS 0x000000008b600000, 0x000000008b600000| Complete 
| 183|0x000000008b700000, 0x000000008b800000, 0x000000008b800000|100%| E|CS|TAMS 0x000000008b700000, 0x000000008b700000| Complete 
| 184|0x000000008b800000, 0x000000008b900000, 0x000000008b900000|100%| E|CS|TAMS 0x000000008b800000, 0x000000008b800000| Complete 

Card table byte_map: [0x000001bf70e90000,0x000001bf71290000] _byte_map_base: 0x000001bf70a90000

Marking Bits (Prev, Next): (CMBitMap*) 0x000001bf5daa04b0, (CMBitMap*) 0x000001bf5daa0478
 Prev Bits: [0x000001bf73690000, 0x000001bf75690000)
 Next Bits: [0x000001bf71690000, 0x000001bf73690000)

Polling page: 0x000001bf5ba50000

Metaspace:

Usage:
  Non-class:    102.90 MB capacity,   100.70 MB ( 98%) used,     1.79 MB (  2%) free+waste,   424.94 KB ( <1%) overhead. 
      Class:     15.82 MB capacity,    14.56 MB ( 92%) used,     1.08 MB (  7%) free+waste,   187.25 KB (  1%) overhead. 
       Both:    118.72 MB capacity,   115.25 MB ( 97%) used,     2.87 MB (  2%) free+waste,   612.19 KB ( <1%) overhead. 

Virtual space:
  Non-class space:      104.00 MB reserved,     103.21 MB (>99%) committed 
      Class space:        1.00 GB reserved,      16.50 MB (  2%) committed 
             Both:        1.10 GB reserved,     119.71 MB ( 11%) committed 

Chunk freelists:
   Non-Class:  251.00 KB
       Class:  665.00 KB
        Both:  916.00 KB

MaxMetaspaceSize: 17179869184.00 GB
CompressedClassSpaceSize: 1.00 GB

CodeHeap 'non-profiled nmethods': size=120000Kb used=13987Kb max_used=14184Kb free=106012Kb
 bounds [0x000001bf69010000, 0x000001bf69e00000, 0x000001bf70540000]
CodeHeap 'profiled nmethods': size=120000Kb used=42460Kb max_used=43267Kb free=77539Kb
 bounds [0x000001bf61ae0000, 0x000001bf64550000, 0x000001bf69010000]
CodeHeap 'non-nmethods': size=5760Kb used=2357Kb max_used=2447Kb free=3402Kb
 bounds [0x000001bf61540000, 0x000001bf617c0000, 0x000001bf61ae0000]
 total_blobs=20971 nmethods=19997 adapters=883
 compilation: enabled
              stopped_count=0, restarted_count=0
 full_count=0

Compilation events (20 events):
Event: 2205.212 Thread 0x000001bf78b98800 nmethod 21825 0x000001bf622e5090 code [0x000001bf622e5280, 0x000001bf622e54f8]
Event: 2205.213 Thread 0x000001bf78b98800 21829       2       java.lang.Class::privateGetDeclaredConstructors (79 bytes)
Event: 2205.213 Thread 0x000001bf78b98800 nmethod 21829 0x000001bf622fcb10 code [0x000001bf622fcd00, 0x000001bf622fd068]
Event: 2205.213 Thread 0x000001bf78b98800 21826       2       java.io.ObjectOutputStream::writeNull (10 bytes)
Event: 2205.213 Thread 0x000001bf78b98800 nmethod 21826 0x000001bf622bf790 code [0x000001bf622bf940, 0x000001bf622bfaa8]
Event: 2205.213 Thread 0x000001bf78b98800 21822       2       java.util.AbstractList::listIterator (15 bytes)
Event: 2205.213 Thread 0x000001bf78b98800 nmethod 21822 0x000001bf622fc390 code [0x000001bf622fc580, 0x000001bf622fc8e8]
Event: 2205.213 Thread 0x000001bf78b98800 21823       2       java.util.AbstractList::rangeCheckForAdd (26 bytes)
Event: 2205.213 Thread 0x000001bf78b98800 nmethod 21823 0x000001bf622ff410 code [0x000001bf622ff640, 0x000001bf622ff9a8]
Event: 2205.213 Thread 0x000001bf78b98800 21824       2       java.util.AbstractList$ListItr::<init> (16 bytes)
Event: 2205.213 Thread 0x000001bf78b98800 nmethod 21824 0x000001bf622c3890 code [0x000001bf622c3a40, 0x000001bf622c3c18]
Event: 2205.214 Thread 0x000001bf78b98800 21821       2       java.lang.StackTraceElement::equals (122 bytes)
Event: 2205.214 Thread 0x000001bf78b98800 nmethod 21821 0x000001bf6230b610 code [0x000001bf6230b820, 0x000001bf6230bc98]
Event: 2205.214 Thread 0x000001bf78b98800 21828       2       java.io.ObjectOutputStream::writeShort (9 bytes)
Event: 2205.214 Thread 0x000001bf78b98800 nmethod 21828 0x000001bf62282590 code [0x000001bf62282740, 0x000001bf62282868]
Event: 2205.214 Thread 0x000001bf78b98800 21827       1       org.gradle.internal.serialize.ExceptionReplacingObjectOutputStream::getObjectTransformer (5 bytes)
Event: 2205.214 Thread 0x000001bf78b98800 nmethod 21827 0x000001bf69320290 code [0x000001bf69320440, 0x000001bf693204f8]
Event: 2205.215 Thread 0x000001bf78b98800 21830       2       java.lang.ref.SoftReference::get (29 bytes)
Event: 2205.215 Thread 0x000001bf78b98800 nmethod 21830 0x000001bf622c1d10 code [0x000001bf622c1ec0, 0x000001bf622c1ff8]
Event: 2205.216 Thread 0x000001bf78b98800 21831       2       jdk.internal.reflect.AccessorGenerator::emitBoxingContantPoolEntries (1437 bytes)

GC Heap History (20 events):
Event: 1963.143 GC heap before
{Heap before GC invocations=63 (full 0):
 garbage-first heap   total 189440K, used 113150K [0x0000000080000000, 0x0000000100000000)
  region size 1024K, 19 young (19456K), 1 survivors (1024K)
 Metaspace       used 116414K, capacity 119483K, committed 122072K, reserved 1155072K
  class space    used 14683K, capacity 15804K, committed 16896K, reserved 1048576K
}
Event: 1963.146 GC heap after
{Heap after GC invocations=64 (full 0):
 garbage-first heap   total 189440K, used 96889K [0x0000000080000000, 0x0000000100000000)
  region size 1024K, 1 young (1024K), 1 survivors (1024K)
 Metaspace       used 116414K, capacity 119483K, committed 122072K, reserved 1155072K
  class space    used 14683K, capacity 15804K, committed 16896K, reserved 1048576K
}
Event: 2122.209 GC heap before
{Heap before GC invocations=65 (full 0):
 garbage-first heap   total 189440K, used 147065K [0x0000000080000000, 0x0000000100000000)
  region size 1024K, 51 young (52224K), 1 survivors (1024K)
 Metaspace       used 116951K, capacity 120261K, committed 122072K, reserved 1155072K
  class space    used 14764K, capacity 15954K, committed 16896K, reserved 1048576K
}
Event: 2122.222 GC heap after
{Heap after GC invocations=66 (full 0):
 garbage-first heap   total 189440K, used 102023K [0x0000000080000000, 0x0000000100000000)
  region size 1024K, 7 young (7168K), 7 survivors (7168K)
 Metaspace       used 116951K, capacity 120261K, committed 122072K, reserved 1155072K
  class space    used 14764K, capacity 15954K, committed 16896K, reserved 1048576K
}
Event: 2122.228 GC heap before
{Heap before GC invocations=66 (full 0):
 garbage-first heap   total 189440K, used 104071K [0x0000000080000000, 0x0000000100000000)
  region size 1024K, 9 young (9216K), 7 survivors (7168K)
 Metaspace       used 116954K, capacity 120261K, committed 122072K, reserved 1155072K
  class space    used 14764K, capacity 15954K, committed 16896K, reserved 1048576K
}
Event: 2122.240 GC heap after
{Heap after GC invocations=67 (full 0):
 garbage-first heap   total 189440K, used 97983K [0x0000000080000000, 0x0000000100000000)
  region size 1024K, 2 young (2048K), 2 survivors (2048K)
 Metaspace       used 116954K, capacity 120261K, committed 122072K, reserved 1155072K
  class space    used 14764K, capacity 15954K, committed 16896K, reserved 1048576K
}
Event: 2122.282 GC heap before
{Heap before GC invocations=67 (full 0):
 garbage-first heap   total 189440K, used 110271K [0x0000000080000000, 0x0000000100000000)
  region size 1024K, 16 young (16384K), 2 survivors (2048K)
 Metaspace       used 116962K, capacity 120261K, committed 122072K, reserved 1155072K
  class space    used 14764K, capacity 15954K, committed 16896K, reserved 1048576K
}
Event: 2122.289 GC heap after
{Heap after GC invocations=68 (full 0):
 garbage-first heap   total 189440K, used 102966K [0x0000000080000000, 0x0000000100000000)
  region size 1024K, 6 young (6144K), 6 survivors (6144K)
 Metaspace       used 116962K, capacity 120261K, committed 122072K, reserved 1155072K
  class space    used 14764K, capacity 15954K, committed 16896K, reserved 1048576K
}
Event: 2126.518 GC heap before
{Heap before GC invocations=69 (full 0):
 garbage-first heap   total 189440K, used 160310K [0x0000000080000000, 0x0000000100000000)
  region size 1024K, 48 young (49152K), 6 survivors (6144K)
 Metaspace       used 117201K, capacity 120597K, committed 122072K, reserved 1155072K
  class space    used 14823K, capacity 16064K, committed 16896K, reserved 1048576K
}
Event: 2126.526 GC heap after
{Heap after GC invocations=70 (full 0):
 garbage-first heap   total 189440K, used 108114K [0x0000000080000000, 0x0000000100000000)
  region size 1024K, 6 young (6144K), 6 survivors (6144K)
 Metaspace       used 117201K, capacity 120597K, committed 122072K, reserved 1155072K
  class space    used 14823K, capacity 16064K, committed 16896K, reserved 1048576K
}
Event: 2126.532 GC heap before
{Heap before GC invocations=70 (full 0):
 garbage-first heap   total 189440K, used 110162K [0x0000000080000000, 0x0000000100000000)
  region size 1024K, 9 young (9216K), 6 survivors (6144K)
 Metaspace       used 117201K, capacity 120597K, committed 122072K, reserved 1155072K
  class space    used 14823K, capacity 16064K, committed 16896K, reserved 1048576K
}
Event: 2126.543 GC heap after
{Heap after GC invocations=71 (full 0):
 garbage-first heap   total 189440K, used 98175K [0x0000000080000000, 0x0000000100000000)
  region size 1024K, 1 young (1024K), 1 survivors (1024K)
 Metaspace       used 117201K, capacity 120597K, committed 122072K, reserved 1155072K
  class space    used 14823K, capacity 16064K, committed 16896K, reserved 1048576K
}
Event: 2126.905 GC heap before
{Heap before GC invocations=71 (full 0):
 garbage-first heap   total 189440K, used 117631K [0x0000000080000000, 0x0000000100000000)
  region size 1024K, 22 young (22528K), 1 survivors (1024K)
 Metaspace       used 117341K, capacity 120802K, committed 122072K, reserved 1155072K
  class space    used 14859K, capacity 16131K, committed 16896K, reserved 1048576K
}
Event: 2126.909 GC heap after
{Heap after GC invocations=72 (full 0):
 garbage-first heap   total 189440K, used 98190K [0x0000000080000000, 0x0000000100000000)
  region size 1024K, 1 young (1024K), 1 survivors (1024K)
 Metaspace       used 117341K, capacity 120802K, committed 122072K, reserved 1155072K
  class space    used 14859K, capacity 16131K, committed 16896K, reserved 1048576K
}
Event: 2163.051 GC heap before
{Heap before GC invocations=73 (full 0):
 garbage-first heap   total 189440K, used 147342K [0x0000000080000000, 0x0000000100000000)
  region size 1024K, 48 young (49152K), 1 survivors (1024K)
 Metaspace       used 117490K, capacity 120943K, committed 122328K, reserved 1155072K
  class space    used 14860K, capacity 16132K, committed 16896K, reserved 1048576K
}
Event: 2163.054 GC heap after
{Heap after GC invocations=74 (full 0):
 garbage-first heap   total 189440K, used 93278K [0x0000000080000000, 0x0000000100000000)
  region size 1024K, 1 young (1024K), 1 survivors (1024K)
 Metaspace       used 117490K, capacity 120943K, committed 122328K, reserved 1155072K
  class space    used 14860K, capacity 16132K, committed 16896K, reserved 1048576K
}
Event: 2163.102 GC heap before
{Heap before GC invocations=74 (full 0):
 garbage-first heap   total 189440K, used 100446K [0x0000000080000000, 0x0000000100000000)
  region size 1024K, 9 young (9216K), 1 survivors (1024K)
 Metaspace       used 117496K, capacity 120943K, committed 122328K, reserved 1155072K
  class space    used 14860K, capacity 16132K, committed 16896K, reserved 1048576K
}
Event: 2163.110 GC heap after
{Heap after GC invocations=75 (full 0):
 garbage-first heap   total 189440K, used 82410K [0x0000000080000000, 0x0000000100000000)
  region size 1024K, 2 young (2048K), 2 survivors (2048K)
 Metaspace       used 117496K, capacity 120943K, committed 122328K, reserved 1155072K
  class space    used 14860K, capacity 16132K, committed 16896K, reserved 1048576K
}
Event: 2204.747 GC heap before
{Heap before GC invocations=75 (full 0):
 garbage-first heap   total 189440K, used 141802K [0x0000000080000000, 0x0000000100000000)
  region size 1024K, 60 young (61440K), 2 survivors (2048K)
 Metaspace       used 117669K, capacity 121142K, committed 122328K, reserved 1155072K
  class space    used 14860K, capacity 16132K, committed 16896K, reserved 1048576K
}
Event: 2204.763 GC heap after
{Heap after GC invocations=76 (full 0):
 garbage-first heap   total 189440K, used 84533K [0x0000000080000000, 0x0000000100000000)
  region size 1024K, 4 young (4096K), 4 survivors (4096K)
 Metaspace       used 117669K, capacity 121142K, committed 122328K, reserved 1155072K
  class space    used 14860K, capacity 16132K, committed 16896K, reserved 1048576K
}

Deoptimization events (20 events):
Event: 2205.208 Thread 0x000001bf04052800 Uncommon trap: trap_request=0xffffffde fr.pc=0x000001bf69038cfc relative=0x000000000000025c
Event: 2205.208 Thread 0x000001bf04052800 Uncommon trap: reason=class_check action=maybe_recompile pc=0x000001bf69038cfc method=java.lang.String.equals(Ljava/lang/Object;)Z @ 8 c2
Event: 2205.208 Thread 0x000001bf04052800 DEOPT PACKING pc=0x000001bf69038cfc sp=0x000000a140efbda0
Event: 2205.208 Thread 0x000001bf04052800 DEOPT UNPACKING pc=0x000001bf615678af sp=0x000000a140efbd38 mode 2
Event: 2205.208 Thread 0x000001bf04052800 Uncommon trap: trap_request=0xffffffde fr.pc=0x000001bf69038cfc relative=0x000000000000025c
Event: 2205.208 Thread 0x000001bf04052800 Uncommon trap: reason=class_check action=maybe_recompile pc=0x000001bf69038cfc method=java.lang.String.equals(Ljava/lang/Object;)Z @ 8 c2
Event: 2205.208 Thread 0x000001bf04052800 DEOPT PACKING pc=0x000001bf69038cfc sp=0x000000a140efbda0
Event: 2205.208 Thread 0x000001bf04052800 DEOPT UNPACKING pc=0x000001bf615678af sp=0x000000a140efbd38 mode 2
Event: 2205.211 Thread 0x000001bf04052800 Uncommon trap: trap_request=0xffffff7e fr.pc=0x000001bf69dcead8 relative=0x0000000000000218
Event: 2205.211 Thread 0x000001bf04052800 Uncommon trap: reason=predicate action=maybe_recompile pc=0x000001bf69dcead8 method=java.util.concurrent.CopyOnWriteArrayList.indexOfRange(Ljava/lang/Object;[Ljava/lang/Object;II)I @ 38 c2
Event: 2205.211 Thread 0x000001bf04052800 DEOPT PACKING pc=0x000001bf69dcead8 sp=0x000000a140efc0d0
Event: 2205.211 Thread 0x000001bf04052800 DEOPT UNPACKING pc=0x000001bf615678af sp=0x000000a140efc050 mode 2
Event: 2205.219 Thread 0x000001bf04052800 Uncommon trap: trap_request=0xffffffc6 fr.pc=0x000001bf698f2a6c relative=0x0000000000000a8c
Event: 2205.219 Thread 0x000001bf04052800 Uncommon trap: reason=bimorphic_or_optimized_type_check action=maybe_recompile pc=0x000001bf698f2a6c method=com.google.common.cache.LocalCache$Segment.get(Ljava/lang/Object;I)Ljava/lang/Object; @ 44 c2
Event: 2205.219 Thread 0x000001bf04052800 DEOPT PACKING pc=0x000001bf698f2a6c sp=0x000000a140efc4e0
Event: 2205.219 Thread 0x000001bf04052800 DEOPT UNPACKING pc=0x000001bf615678af sp=0x000000a140efc4a8 mode 2
Event: 2205.221 Thread 0x000001bf04052800 Uncommon trap: trap_request=0xffffffc6 fr.pc=0x000001bf698f2a6c relative=0x0000000000000a8c
Event: 2205.221 Thread 0x000001bf04052800 Uncommon trap: reason=bimorphic_or_optimized_type_check action=maybe_recompile pc=0x000001bf698f2a6c method=com.google.common.cache.LocalCache$Segment.get(Ljava/lang/Object;I)Ljava/lang/Object; @ 44 c2
Event: 2205.221 Thread 0x000001bf04052800 DEOPT PACKING pc=0x000001bf698f2a6c sp=0x000000a140efbef0
Event: 2205.221 Thread 0x000001bf04052800 DEOPT UNPACKING pc=0x000001bf615678af sp=0x000000a140efbeb8 mode 2

Classes redefined (0 events):
No events

Internal exceptions (20 events):
Event: 2163.173 Thread 0x000001bf04052800 Exception <a 'sun/nio/fs/WindowsException'{0x000000008a92d880}> (0x000000008a92d880) thrown at [./src/hotspot/share/prims/jni.cpp, line 615]
Event: 2163.173 Thread 0x000001bf04052800 Exception <a 'sun/nio/fs/WindowsException'{0x000000008a92e910}> (0x000000008a92e910) thrown at [./src/hotspot/share/prims/jni.cpp, line 615]
Event: 2204.688 Thread 0x000001bf04052800 Exception <a 'sun/nio/fs/WindowsException'{0x00000000884fa898}> (0x00000000884fa898) thrown at [./src/hotspot/share/prims/jni.cpp, line 615]
Event: 2204.688 Thread 0x000001bf04052800 Exception <a 'sun/nio/fs/WindowsException'{0x00000000884fc148}> (0x00000000884fc148) thrown at [./src/hotspot/share/prims/jni.cpp, line 615]
Event: 2204.704 Thread 0x000001bf04052800 Exception <a 'java/lang/NoClassDefFoundError'{0x00000000881a4a98}: org/jetbrains/kotlin/gradle/plugin/KotlinBasePluginWrapper> (0x00000000881a4a98) thrown at [./src/hotspot/share/oops/constantPool.cpp, line 775]
Event: 2204.727 Thread 0x000001bf04052800 Exception <a 'sun/nio/fs/WindowsException'{0x0000000087fc0858}> (0x0000000087fc0858) thrown at [./src/hotspot/share/prims/jni.cpp, line 615]
Event: 2204.731 Thread 0x000001bf04052800 Exception <a 'sun/nio/fs/WindowsException'{0x0000000087e5b408}> (0x0000000087e5b408) thrown at [./src/hotspot/share/prims/jni.cpp, line 615]
Event: 2204.732 Thread 0x000001bf04052800 Exception <a 'sun/nio/fs/WindowsException'{0x0000000087e5c448}> (0x0000000087e5c448) thrown at [./src/hotspot/share/prims/jni.cpp, line 615]
Event: 2204.732 Thread 0x000001bf04052800 Exception <a 'sun/nio/fs/WindowsException'{0x0000000087e5d4d8}> (0x0000000087e5d4d8) thrown at [./src/hotspot/share/prims/jni.cpp, line 615]
Event: 2204.732 Thread 0x000001bf04052800 Exception <a 'sun/nio/fs/WindowsException'{0x0000000087e5e568}> (0x0000000087e5e568) thrown at [./src/hotspot/share/prims/jni.cpp, line 615]
Event: 2204.765 Thread 0x000001bf04052800 Implicit null exception at 0x000001bf693d5d04 to 0x000001bf693d6524
Event: 2205.077 Thread 0x000001bf7c670800 Exception <a 'java/io/IOException'{0x0000000088b572d0}> (0x0000000088b572d0) thrown at [./src/hotspot/share/prims/jni.cpp, line 615]
Event: 2205.090 Thread 0x000001bf7d65b800 Implicit null exception at 0x000001bf693b3abf to 0x000001bf693b63e8
Event: 2205.099 Thread 0x000001bf04055000 Exception <a 'java/lang/NoSuchMethodError'{0x00000000889a5908}: <clinit>> (0x00000000889a5908) thrown at [./src/hotspot/share/prims/jni.cpp, line 1362]
Event: 2205.099 Thread 0x000001bf04055000 Implicit null exception at 0x000001bf69d0e2ce to 0x000001bf69d0e920
Event: 2205.100 Thread 0x000001bf04055000 Exception <a 'java/lang/NoSuchMethodError'{0x00000000889bf958}: <clinit>> (0x00000000889bf958) thrown at [./src/hotspot/share/prims/jni.cpp, line 1362]
Event: 2205.104 Thread 0x000001bf04052800 Implicit null exception at 0x000001bf6930bc4e to 0x000001bf6930c1f4
Event: 2205.131 Thread 0x000001bf04052800 Implicit null exception at 0x000001bf693aeb3f to 0x000001bf693b1470
Event: 2205.195 Thread 0x000001bf04052800 Implicit null exception at 0x000001bf6927af0f to 0x000001bf6927b7d4
Event: 2205.195 Thread 0x000001bf04052800 Implicit null exception at 0x000001bf691ce627 to 0x000001bf691ce7a8

Events (20 events):
Event: 2205.201 loading class org/gradle/internal/serialize/ExceptionPlaceholder$1 done
Event: 2205.202 loading class org/gradle/internal/serialize/ExceptionReplacingObjectOutputStream$2
Event: 2205.202 loading class org/gradle/internal/serialize/ExceptionReplacingObjectOutputStream$2 done
Event: 2205.202 loading class org/gradle/internal/serialize/ExceptionPlaceholder$2
Event: 2205.202 loading class org/gradle/internal/serialize/ExceptionPlaceholder$2 done
Event: 2205.202 loading class org/gradle/tooling/internal/provider/serialization/DefaultPayloadClassLoaderRegistry$ClassLoaderSpecVisitor
Event: 2205.202 loading class org/gradle/tooling/internal/provider/serialization/DefaultPayloadClassLoaderRegistry$ClassLoaderSpecVisitor done
Event: 2205.203 Executing VM operation: Deoptimize
Event: 2205.205 Executing VM operation: Deoptimize done
Event: 2205.207 loading class org/gradle/internal/serialize/NestedExceptionPlaceholder
Event: 2205.207 loading class org/gradle/internal/serialize/NestedExceptionPlaceholder done
Event: 2205.207 loading class org/gradle/internal/serialize/NestedExceptionPlaceholder$Kind
Event: 2205.207 loading class org/gradle/internal/serialize/NestedExceptionPlaceholder$Kind done
Event: 2205.209 Executing VM operation: BulkRevokeBias
Event: 2205.210 Executing VM operation: BulkRevokeBias done
Event: 2205.215 loading class java/io/NotSerializableException
Event: 2205.215 loading class java/io/NotSerializableException done
Event: 2205.218 Executing VM operation: BulkRevokeBias
Event: 2205.219 Executing VM operation: BulkRevokeBias done
Event: 2205.222 loading class java/util/Collections$EmptyListIterator


Dynamic libraries:
0x00007ff6b2b20000 - 0x00007ff6b2b2a000 	E:\AndroidStudio\jre\bin\java.exe
0x00007ffcac100000 - 0x00007ffcac30f000 	C:\WINDOWS\SYSTEM32\ntdll.dll
0x00007ffcaabc0000 - 0x00007ffcaac7d000 	C:\WINDOWS\System32\KERNEL32.DLL
0x00007ffca9990000 - 0x00007ffca9d20000 	C:\WINDOWS\System32\KERNELBASE.dll
0x00007ffca9d20000 - 0x00007ffca9e31000 	C:\WINDOWS\System32\ucrtbase.dll
0x00007ffc98bc0000 - 0x00007ffc98bd9000 	E:\AndroidStudio\jre\bin\jli.dll
0x00007ffc98b50000 - 0x00007ffc98b67000 	E:\AndroidStudio\jre\bin\VCRUNTIME140.dll
0x00007ffcaa9d0000 - 0x00007ffcaab7a000 	C:\WINDOWS\System32\USER32.dll
0x00007ffca95b0000 - 0x00007ffca95d6000 	C:\WINDOWS\System32\win32u.dll
0x00007ffc8a350000 - 0x00007ffc8a5f1000 	C:\WINDOWS\WinSxS\amd64_microsoft.windows.common-controls_6595b64144ccf1df_6.0.22533.1001_none_26146f93a8efa247\COMCTL32.dll
0x00007ffcac090000 - 0x00007ffcac0b9000 	C:\WINDOWS\System32\GDI32.dll
0x00007ffcab7d0000 - 0x00007ffcab874000 	C:\WINDOWS\System32\msvcrt.dll
0x00007ffca9800000 - 0x00007ffca9917000 	C:\WINDOWS\System32\gdi32full.dll
0x00007ffca9ec0000 - 0x00007ffca9f5a000 	C:\WINDOWS\System32\msvcp_win.dll
0x00007ffcaab80000 - 0x00007ffcaabb1000 	C:\WINDOWS\System32\IMM32.DLL
0x00007ffc72f10000 - 0x00007ffc72fad000 	E:\AndroidStudio\jre\bin\msvcp140.dll
0x00007ffc5e400000 - 0x00007ffc5eecf000 	E:\AndroidStudio\jre\bin\server\jvm.dll
0x00007ffcab600000 - 0x00007ffcab6ae000 	C:\WINDOWS\System32\ADVAPI32.dll
0x00007ffcaa4e0000 - 0x00007ffcaa583000 	C:\WINDOWS\System32\sechost.dll
0x00007ffcaa7a0000 - 0x00007ffcaa8bf000 	C:\WINDOWS\System32\RPCRT4.dll
0x00007ffcaa9c0000 - 0x00007ffcaa9c8000 	C:\WINDOWS\System32\PSAPI.DLL
0x00007ffc91cb0000 - 0x00007ffc91cb9000 	C:\WINDOWS\SYSTEM32\WSOCK32.dll
0x00007ffca7420000 - 0x00007ffca742a000 	C:\WINDOWS\SYSTEM32\VERSION.dll
0x00007ffca2350000 - 0x00007ffca2384000 	C:\WINDOWS\SYSTEM32\WINMM.dll
0x00007ffcaa5a0000 - 0x00007ffcaa611000 	C:\WINDOWS\System32\WS2_32.dll
0x00007ffca8630000 - 0x00007ffca8648000 	C:\WINDOWS\SYSTEM32\kernel.appcore.dll
0x00007ffc78680000 - 0x00007ffc78691000 	E:\AndroidStudio\jre\bin\verify.dll
0x00007ffca6600000 - 0x00007ffca6824000 	C:\WINDOWS\SYSTEM32\DBGHELP.DLL
0x00007ffcabd10000 - 0x00007ffcac08c000 	C:\WINDOWS\System32\combase.dll
0x00007ffcaba20000 - 0x00007ffcabaf7000 	C:\WINDOWS\System32\OLEAUT32.dll
0x00007ffc93040000 - 0x00007ffc93071000 	C:\WINDOWS\SYSTEM32\dbgcore.DLL
0x00007ffca9e40000 - 0x00007ffca9ebb000 	C:\WINDOWS\System32\bcryptPrimitives.dll
0x00007ffc629a0000 - 0x00007ffc629c9000 	E:\AndroidStudio\jre\bin\java.dll
0x00007ffc8ce00000 - 0x00007ffc8ce0b000 	E:\AndroidStudio\jre\bin\jimage.dll
0x00007ffc71be0000 - 0x00007ffc71bf8000 	E:\AndroidStudio\jre\bin\zip.dll
0x00007ffcaae40000 - 0x00007ffcab5f9000 	C:\WINDOWS\System32\SHELL32.dll
0x00007ffca7660000 - 0x00007ffca7eb5000 	C:\WINDOWS\SYSTEM32\windows.storage.dll
0x00007ffca7520000 - 0x00007ffca765c000 	C:\WINDOWS\SYSTEM32\wintypes.dll
0x00007ffcaa3e0000 - 0x00007ffcaa4d1000 	C:\WINDOWS\System32\SHCORE.dll
0x00007ffcab9c0000 - 0x00007ffcaba1b000 	C:\WINDOWS\System32\shlwapi.dll
0x00007ffca94e0000 - 0x00007ffca9501000 	C:\WINDOWS\SYSTEM32\profapi.dll
0x00007ffc71ae0000 - 0x00007ffc71afa000 	E:\AndroidStudio\jre\bin\net.dll
0x00007ffca0d30000 - 0x00007ffca0e42000 	C:\WINDOWS\SYSTEM32\WINHTTP.dll
0x00007ffca8ab0000 - 0x00007ffca8b19000 	C:\WINDOWS\system32\mswsock.dll
0x00007ffc71100000 - 0x00007ffc71114000 	E:\AndroidStudio\jre\bin\nio.dll
0x00007ffca3c10000 - 0x00007ffca3c37000 	C:\Users\王久铭\.gradle\native\8bec1ad78214c89d9ad589b4d07fe93259594b29d510b10fafb7a158f7737e5d\windows-amd64\native-platform.dll
0x00007ffc97ab0000 - 0x00007ffc97bed000 	C:\Users\王久铭\.gradle\native\53dbd7edfb1c66fb8903c78663c9afc45aea4f116125fa6feffd364cf09443e8\windows-amd64\native-platform-file-events.dll
0x00007ffc7c600000 - 0x00007ffc7c60a000 	E:\AndroidStudio\jre\bin\management.dll
0x00007ffc7cf10000 - 0x00007ffc7cf1c000 	E:\AndroidStudio\jre\bin\management_ext.dll
0x00007ffca8d70000 - 0x00007ffca8d8b000 	C:\WINDOWS\SYSTEM32\CRYPTSP.dll
0x00007ffca8590000 - 0x00007ffca85c5000 	C:\WINDOWS\system32\rsaenh.dll
0x00007ffca8bb0000 - 0x00007ffca8bd9000 	C:\WINDOWS\SYSTEM32\USERENV.dll
0x00007ffca8f80000 - 0x00007ffca8fa8000 	C:\WINDOWS\SYSTEM32\bcrypt.dll
0x00007ffca8d90000 - 0x00007ffca8d9c000 	C:\WINDOWS\SYSTEM32\CRYPTBASE.dll
0x00007ffca8110000 - 0x00007ffca813d000 	C:\WINDOWS\SYSTEM32\IPHLPAPI.DLL
0x00007ffcaa590000 - 0x00007ffcaa599000 	C:\WINDOWS\System32\NSI.dll
0x00007ffca0d10000 - 0x00007ffca0d29000 	C:\WINDOWS\SYSTEM32\dhcpcsvc6.DLL
0x00007ffca0cf0000 - 0x00007ffca0d0e000 	C:\WINDOWS\SYSTEM32\dhcpcsvc.DLL
0x00007ffca8140000 - 0x00007ffca8238000 	C:\WINDOWS\SYSTEM32\DNSAPI.dll
0x00007ffc9f040000 - 0x00007ffc9f067000 	E:\AndroidStudio\jre\bin\sunec.dll

dbghelp: loaded successfully - version: 4.0.5 - missing functions: none
symbol engine: initialized successfully - sym options: 0x614 - pdb path: .;E:\AndroidStudio\jre\bin;C:\WINDOWS\SYSTEM32;C:\WINDOWS\WinSxS\amd64_microsoft.windows.common-controls_6595b64144ccf1df_6.0.22533.1001_none_26146f93a8efa247;E:\AndroidStudio\jre\bin\server;C:\Users\王久铭\.gradle\native\8bec1ad78214c89d9ad589b4d07fe93259594b29d510b10fafb7a158f7737e5d\windows-am;C:\Users\王久铭\.gradle\native\8bec1ad78214c89d9ad589b4d07fe93259594b29d510b10fafb7a158f7737e5d\windows-amd64;C:\Users\王久铭\.gradle\native\53dbd7edfb1c66fb8903c78663c9afc45aea4f116125fa6feffd364cf09443e8\wind;C:\Users\王久铭\.gradle\native\53dbd7edfb1c66fb8903c78663c9afc45aea4f116125fa6feffd364cf09443e8\w;C:\Users\王久铭\.gradle\native\53dbd7edfb1c66fb8903c78663c9afc45aea4f116125fa6feffd364cf09443e;C:\Users\王久铭\.gradle\native\53dbd7edfb1c66fb8903c78663c9afc45aea4f116125fa6feffd364cf094;C:\Users\王久铭\.gradle\native\53dbd7edfb1c66fb8903c78663c9afc45aea4f116125fa6feffd364cf

VM Arguments:
jvm_args: --add-opens=java.base/java.util=ALL-UNNAMED --add-opens=java.base/java.lang=ALL-UNNAMED --add-opens=java.base/java.lang.invoke=ALL-UNNAMED --add-opens=java.base/java.util=ALL-UNNAMED --add-opens=java.prefs/java.util.prefs=ALL-UNNAMED --add-opens=java.prefs/java.util.prefs=ALL-UNNAMED --add-opens=java.base/java.nio.charset=ALL-UNNAMED --add-opens=java.base/java.net=ALL-UNNAMED --add-opens=java.base/java.util.concurrent.atomic=ALL-UNNAMED -Xmx2048m -Dfile.encoding=UTF-8 -Duser.country=CN -Duser.language=zh -Duser.variant 
java_command: org.gradle.launcher.daemon.bootstrap.GradleDaemon 7.0.2
java_class_path (initial): C:\Users\王久铭\.gradle\wrapper\dists\gradle-7.0.2-bin\857tjihv64xamwrf0h14cai3r\gradle-7.0.2\lib\gradle-launcher-7.0.2.jar
Launcher Type: SUN_STANDARD

[Global flags]
     intx CICompilerCount                          = 4                                         {product} {ergonomic}
     uint ConcGCThreads                            = 3                                         {product} {ergonomic}
     uint G1ConcRefinementThreads                  = 10                                        {product} {ergonomic}
   size_t G1HeapRegionSize                         = 1048576                                   {product} {ergonomic}
    uintx GCDrainStackTargetSize                   = 64                                        {product} {ergonomic}
   size_t InitialHeapSize                          = 134217728                                 {product} {ergonomic}
   size_t MarkStackSize                            = 4194304                                   {product} {ergonomic}
   size_t MaxHeapSize                              = 2147483648                                {product} {command line}
   size_t MaxNewSize                               = 1287651328                                {product} {ergonomic}
   size_t MinHeapDeltaBytes                        = 1048576                                   {product} {ergonomic}
    uintx NonNMethodCodeHeapSize                   = 5836300                                {pd product} {ergonomic}
    uintx NonProfiledCodeHeapSize                  = 122910970                              {pd product} {ergonomic}
    uintx ProfiledCodeHeapSize                     = 122910970                              {pd product} {ergonomic}
    uintx ReservedCodeCacheSize                    = 251658240                              {pd product} {ergonomic}
     bool SegmentedCodeCache                       = true                                      {product} {ergonomic}
     bool UseCompressedClassPointers               = true                                 {lp64_product} {ergonomic}
     bool UseCompressedOops                        = true                                 {lp64_product} {ergonomic}
     bool UseG1GC                                  = true                                      {product} {ergonomic}
     bool UseLargePagesIndividualAllocation        = false                                  {pd product} {ergonomic}

Logging:
Log output configuration:
 #0: stdout all=warning uptime,level,tags
 #1: stderr all=off uptime,level,tags

Environment Variables:
JAVA_HOME=C:\Program Files (x86)\Java\jdk1.6.0_45
CLASSPATH=C:\Program Files (x86)\Java\jdk1.6.0_45\lib;C:\Program Files (x86)\Java\jdk1.6.0_45\lib\tools.jar
PATH=E:\新建文件夹\Scripts\;E:\新建文件夹\;C:\Program Files (x86)\Common Files\Oracle\Java\javapath;C:;Users\王久铭\AppData\Local\Programs\Python\Python36\;Python27\;C:\Python27\Scripts\;E:\Python\;E:\Python\Scripts\;C:\WINDOWS\system32\config\systemprofile\AppData\Local\Microsoft\WindowsApps;E:\Microsoft VS Code\bin;C:\Python27amd64\Scripts\pip.exe;C:\Users\王久铭\AppData\Roaming\Python\Python37\Scripts;E:;Git\cmd;C:\Program Files\nodejs\;C:\Program Files (x86)\Java\jdk1.6.0_45\bin;C:\Windows\system32;E:\Git\cmd;C:\Program Files (x86)\Java\jdk1.6.0_45\jre\bin;E:\MinGW\bin;C:\WINDOWS\system32;C:\WINDOWS;C:\WINDOWS\System32\Wbem;C:\WINDOWS\System32\WindowsPowerShell\v1.0\;C:\WINDOWS\System32\OpenSSH\;C:\Program Files (x86)\NetSarang\Xshell 7\;C:\Program Files\MySQL\MySQL Server 8.0\bin;C:\Program Files\MySQL\MySQL Shell 8.0\bin\;C:\Users\王久铭\AppData\Local\Microsoft\WindowsApps;E:\Microsoft VS Code\bin;E:\Python\Scripts\pip.exe;E:\Python\;E:\Python\Scripts\;C:\Users\王久铭\AppData\Roaming\npm;C:\Program Files\JetBrains\IntelliJ IDEA Community Edition 2020.2\bin;;C:\Windows\system32;C:\WINDOWS;C:\Program Files\JetBrains\PyCharm 2020.1\bin;;
USERNAME=王久铭
OS=Windows_NT
PROCESSOR_IDENTIFIER=Intel64 Family 6 Model 158 Stepping 10, GenuineIntel



---------------  S Y S T E M  ---------------

OS: Windows 10 , 64 bit Build 22533 (10.0.22533.1001)
OS uptime: 0 days 1:09 hours

CPU:total 12 (initial active 12) (6 cores per cpu, 2 threads per core) family 6 model 158 stepping 10 microcode 0xde, cmov, cx8, fxsr, mmx, sse, sse2, sse3, ssse3, sse4.1, sse4.2, popcnt, avx, avx2, aes, clmul, erms, 3dnowpref, lzcnt, ht, tsc, tscinvbit, bmi1, bmi2, adx, fma

Memory: 4k page, system-wide physical 8065M (270M free)
TotalPageFile size 23168M (AvailPageFile size 7M)
current process WorkingSet (physical memory assigned to process): 469M, peak: 497M
current process commit charge ("private bytes"): 567M, peak: 574M

vm_info: OpenJDK 64-Bit Server VM (11.0.10+0-b96-7249189) for windows-amd64 JRE (11.0.10+0-b96-7249189), built on Mar 31 2021 21:44:00 by "builder" with MS VC++ 14.0 (VS2015)

END.
